2025-01-17 21:23:53,246 - INFO - This is a event:0
2025-01-17 21:23:53,339 - INFO - -----query_current_activity start query------
2025-01-17 21:23:53,343 - INFO - To change the name of the chat with Alice to "team_discussion," you need to interact with the `ConversationDetailsActivity`. This activity is responsible for displaying and editing conversation details, including the conversation name.

### Steps to Achieve the Task:

1. **Identify the Conversation Name Element:**
   - In the `ConversationDetailsActivity`, the conversation name is displayed in a `MyTextView` with the ID `@+id/conversation_name`.
   - This element is clickable and has a drawable (edit icon) at the end, indicating that it can be edited.

2. **Edit the Conversation Name:**
   - You need to programmatically set the text of the `conversation_name` TextView to "team_discussion".
   - This can be done in the `ConversationDetailsActivity` class, likely in the `onCreate` method or a method that initializes the UI.

3. **Code Implementation:**
   - Locate the `ConversationDetailsActivity` class in the source code.
   - Find the `conversation_name` TextView and set its text to "team_discussion".

Here¡¯s a sample code snippet to achieve this:

```java
// In ConversationDetailsActivity.java
@Override
protected void onCreate(Bundle savedInstanceState) {
    super.onCreate(savedInstanceState);
    setContentView(R.layout.activity_conversation_details);

    // Find the conversation name TextView
    MyTextView conversationNameTextView = findViewById(R.id.conversation_name);

    // Set the conversation name to "team_discussion"
    conversationNameTextView.setText("team_discussion");

    // Optionally, you can add a click listener to allow editing the name
    conversationNameTextView.setOnClickListener(v -> {
        // Open a dialog or another activity to edit the conversation name
        // For simplicity, let's assume you have a method to handle this
        editConversationName();
    });
}

private void editConversationName() {
    // Implement the logic to edit the conversation name
    // This could involve showing a dialog or starting a new activity
    // For example:
    AlertDialog.Builder builder = new AlertDialog.Builder(this);
    builder.setTitle("Edit Conversation Name");

    final EditText input = new EditText(this);
    input.setText("team_discussion");
    builder.setView(input);

    builder.setPositiveButton("OK", (dialog, which) -> {
        String newName = input.getText().toString();
        MyTextView conversationNameTextView = findViewById(R.id.conversation_name);
        conversationNameTextView.setText(newName);
        // Save the new name to the database or wherever it is stored
    });

    builder.setNegativeButton("Cancel", (dialog, which) -> dialog.cancel());

    builder.show();
}
```

### Explanation:
- **Step 1:** The `conversation_name` TextView is located using `findViewById`.
- **Step 2:** The text of the `conversation_name` TextView is set to "team_discussion".
- **Step 3:** An optional click listener is added to allow the user to edit the conversation name. This opens a dialog where the user can input a new name.

### Additional Considerations:
- **Persistence:** Ensure that the new conversation name is saved to the database or wherever the conversation data is stored. This might involve updating a database entry or making an API call if the data is stored remotely.
- **Validation:** Add validation to ensure that the new conversation name is not empty or invalid.
- **UI Feedback:** Provide feedback to the user after the name is successfully changed.

By following these steps, you can programmatically change the name of the chat with Alice to "team_discussion" in the `ConversationDetailsActivity`.

 Here is the information about the screen we are currently on.
Widget(content-desc: ATX notification: UIAutomator, class: android.widget.ImageView, position: (107, 1, 165, 74))
Widget(content-desc: Android System notification: , class: android.widget.ImageView, position: (165, 1, 223, 74))
Widget(resource-id: com.simplemobiletools.smsmessenger:id/action_bar_root, class: android.widget.FrameLayout, position: (0, 0, 1080, 2277))
Widget(resource-id: com.simplemobiletools.smsmessenger:id/main_coordinator, class: android.widget.ScrollView, position: (0, 74, 1080, 2277))
Widget(resource-id: com.simplemobiletools.smsmessenger:id/main_menu, class: android.widget.LinearLayout, position: (0, 74, 1080, 242))
Widget(resource-id: com.simplemobiletools.smsmessenger:id/top_app_bar_layout, class: android.widget.LinearLayout, position: (42, 74, 1038, 242))
Widget(resource-id: com.simplemobiletools.smsmessenger:id/top_toolbar_holder, class: android.widget.RelativeLayout, position: (42, 95, 1038, 221))
Widget(resource-id: com.simplemobiletools.smsmessenger:id/top_toolbar_search_icon, content-desc: Search, class: android.widget.ImageView, position: (42, 95, 147, 221))
Widget(resource-id: com.simplemobiletools.smsmessenger:id/top_toolbar_search, text: Search, class: android.widget.EditText, position: (147, 95, 626, 221))
Widget(resource-id: com.simplemobiletools.smsmessenger:id/top_toolbar, class: android.view.ViewGroup, position: (626, 95, 1027, 221))
Widget(resource-id: com.simplemobiletools.smsmessenger:id/settings, content-desc: Settings, class: android.widget.Button, position: (668, 95, 795, 221))
Widget(resource-id: com.simplemobiletools.smsmessenger:id/about, content-desc: About, class: android.widget.Button, position: (795, 95, 922, 221))
Widget(content-desc: More options, class: android.widget.ImageView, position: (922, 95, 1027, 221))
Widget(resource-id: com.simplemobiletools.smsmessenger:id/main_nested_scrollview, class: android.widget.RelativeLayout, position: (0, 242, 1080, 2277))
Widget(resource-id: com.simplemobiletools.smsmessenger:id/main_coordinator_wrapper, class: android.view.ViewGroup, position: (0, 242, 1080, 2277))
Widget(resource-id: com.simplemobiletools.smsmessenger:id/main_holder, class: android.widget.RelativeLayout, position: (0, 242, 1080, 2277))
Widget(resource-id: com.simplemobiletools.smsmessenger:id/conversations_fastscroller, class: android.widget.RelativeLayout, position: (0, 242, 1080, 2277))
Widget(resource-id: com.simplemobiletools.smsmessenger:id/conversations_list, class: androidx.recyclerview.widget.RecyclerView, position: (0, 242, 1080, 2277))
Widget(resource-id: com.simplemobiletools.smsmessenger:id/conversation_frame, text: Alice, class: android.widget.FrameLayout, position: (0, 242, 1080, 496))
Widget(resource-id: com.simplemobiletools.smsmessenger:id/conversation_holder, class: android.widget.RelativeLayout, position: (0, 242, 1080, 496))
Widget(resource-id: com.simplemobiletools.smsmessenger:id/conversation_image, class: android.widget.ImageView, position: (43, 284, 169, 454))
Widget(resource-id: com.simplemobiletools.smsmessenger:id/pin_indicator_l, class: android.widget.RelativeLayout, position: (43, 284, 169, 454))
Widget(resource-id: com.simplemobiletools.smsmessenger:id/conversation_address, text: Alice, class: android.widget.TextView, position: (201, 284, 1048, 352))
Widget(resource-id: com.simplemobiletools.smsmessenger:id/draft_indicator, text: Draft, class: android.widget.TextView, position: (201, 352, 292, 403))
Widget(resource-id: com.simplemobiletools.smsmessenger:id/conversation_body_short, text: I-love-youI-love-you, class: android.widget.TextView, position: (292, 352, 1048, 403))
Widget(resource-id: com.simplemobiletools.smsmessenger:id/conversation_date, text: 12:42 PM, class: android.widget.TextView, position: (201, 408, 1048, 454))
Widget(resource-id: com.simplemobiletools.smsmessenger:id/conversation_frame, text: Bob, class: android.widget.FrameLayout, position: (0, 501, 1080, 755))
Widget(resource-id: com.simplemobiletools.smsmessenger:id/conversation_holder, class: android.widget.RelativeLayout, position: (0, 501, 1080, 755))
Widget(resource-id: com.simplemobiletools.smsmessenger:id/conversation_image, class: android.widget.ImageView, position: (43, 543, 169, 713))
Widget(resource-id: com.simplemobiletools.smsmessenger:id/pin_indicator_l, class: android.widget.RelativeLayout, position: (43, 543, 169, 713))
Widget(resource-id: com.simplemobiletools.smsmessenger:id/conversation_address, text: Bob, class: android.widget.TextView, position: (201, 543, 1048, 611))
Widget(resource-id: com.simplemobiletools.smsmessenger:id/conversation_body_short, text: Eee, class: android.widget.TextView, position: (201, 611, 1048, 662))
Widget(resource-id: com.simplemobiletools.smsmessenger:id/conversation_date, text: 11:29 AM, class: android.widget.TextView, position: (201, 667, 1048, 713))
Widget(resource-id: com.simplemobiletools.smsmessenger:id/trackView, class: android.widget.LinearLayout, position: (1012, 242, 1080, 2277))
Widget(resource-id: com.simplemobiletools.smsmessenger:id/conversations_fab, class: android.widget.ImageButton, position: (891, 2088, 1038, 2235))


        I would like to know which activity/fragment we are currently on.
        Please respond in the following JSON format:
        {
        "activity_or_fragment": "TestActivity",
        }
        or 
        {
        "activity_or_fragment": "TestFragment",
        }
        If can not determine the activity/fragment,just output{
        "activity_or_fragment": "Unknown"
        }
        Do not output anything else except json format result.
        
2025-01-17 21:23:55,071 - INFO - ------answer------
2025-01-17 21:23:55,071 - INFO - ```json
{
"activity_or_fragment": "Unknown"
}
```
2025-01-17 21:24:02,007 - INFO - ------query_instructions------
2025-01-17 21:24:02,008 - INFO - ```json
{
    "task": "change the name of the chat with Alice to 'team_discussion'",
    "activities_sequence": [
        {
            "activity": "MainActivity",
            "steps": [
                "1. Open the chat with Alice from the list of conversations.",
                "2. Click on the menu (three dots) in the top-right corner of the chat screen."
            ]
        },
        {
            "activity": "ThreadActivity",
            "steps": [
                "3. Select the 'Rename conversation' option from the menu.",
                "4. Enter 'team_discussion' as the new name for the chat.",
                "5. Confirm the new name by clicking 'OK' or 'Save'."
            ]
        }
    ],
    "explanation": "because the ThreadActivity contains the functionality to rename a conversation, which is accessible through the menu in the MainActivity."
}
```
