2025-01-17 00:40:58,408 - INFO - This is a event:0
2025-01-17 00:41:20,199 - INFO - -----query_current_activity start query------
2025-01-17 00:41:20,201 - INFO - To change Bob's mobile number from `'222222'` to `'12345678900'`, you need to navigate through the app's activities and modify the relevant contact information. Based on the provided activities and layouts, the process would involve the following steps:

### 1. **Navigate to the Contact List**
   - Start from the `SplashActivity`, which likely transitions to the `MainActivity`.
   - In `MainActivity`, you would typically see a list of contacts. You need to locate and select Bob's contact from this list.

### 2. **Open Bob's Contact Details**
   - Once you select Bob's contact, the app should navigate to `ViewContactActivity`, where you can view Bob's details, including his current mobile number (`'222222'`).

### 3. **Edit Bob's Contact Information**
   - To change the mobile number, you need to enter the edit mode. This is likely handled by `EditContactActivity`.
   - In `EditContactActivity`, you will find the layout `R.layout.activity_edit_contact`, which contains fields for editing contact information.

### 4. **Locate the Mobile Number Field**
   - In `EditContactActivity`, the mobile number field is part of the included layout `@layout/item_edit_phone_number`.
   - The mobile number field has the ID `@+id/contact_number`. This is where you will change the number from `'222222'` to `'12345678900'`.

### 5. **Change the Mobile Number**
   - In the `EditContactActivity`, locate the `contact_number` field (which is part of the `item_edit_phone_number` layout).
   - Update the text in this field to `'12345678900'`.

### 6. **Save the Changes**
   - After updating the mobile number, you need to save the changes. This is typically done by clicking a "Save" button, which should be present in the `EditContactActivity` layout.
   - The save action will update Bob's contact information in the app's database.

### Summary of Steps:
1. **Navigate to `MainActivity`** (from `SplashActivity`).
2. **Select Bob's contact** from the list.
3. **Open `ViewContactActivity`** to view Bob's details.
4. **Enter `EditContactActivity`** to edit Bob's contact information.
5. **Locate the `contact_number` field** in the `item_edit_phone_number` layout.
6. **Change the mobile number** from `'222222'` to `'12345678900'`.
7. **Save the changes** by clicking the save button in `EditContactActivity`.

### Code Example (if you were to automate this):
If you were to automate this process using a testing framework like Espresso, the code might look something like this:

```java
// Navigate to MainActivity
onView(withId(R.id.main_coordinator)).perform(click());

// Select Bob's contact from the list
onView(withText("Bob")).perform(click());

// Open EditContactActivity
onView(withId(R.id.contact_toolbar)).perform(click()); // Assuming there's an edit button in the toolbar

// Locate the mobile number field and change the number
onView(withId(R.id.contact_number)).perform(replaceText("12345678900"));

// Save the changes
onView(withId(R.id.save_button)).perform(click()); // Assuming there's a save button with ID save_button
```

This is a high-level overview of how you would approach the task. The exact implementation details may vary depending on the app's specific behavior and UI elements.

 Here is the information about the screen we are currently on.
Widget(resource-id: com.simplemobiletools.contacts.pro:id/action_bar_root, class: android.widget.FrameLayout, position: (0, 74, 1080, 2277))
Widget(resource-id: com.simplemobiletools.contacts.pro:id/main_coordinator, class: android.view.ViewGroup, position: (0, 74, 1080, 2277))
Widget(resource-id: com.simplemobiletools.contacts.pro:id/main_menu, class: android.widget.LinearLayout, position: (0, 74, 1080, 242))
Widget(resource-id: com.simplemobiletools.contacts.pro:id/top_app_bar_layout, class: android.widget.LinearLayout, position: (42, 74, 1038, 242))
Widget(resource-id: com.simplemobiletools.contacts.pro:id/top_toolbar_holder, class: android.widget.RelativeLayout, position: (42, 95, 1038, 221))
Widget(resource-id: com.simplemobiletools.contacts.pro:id/top_toolbar_search_icon, content-desc: Search, class: android.widget.ImageView, position: (42, 95, 147, 221))
Widget(resource-id: com.simplemobiletools.contacts.pro:id/top_toolbar_search, text: Search, class: android.widget.EditText, position: (147, 95, 626, 221))
Widget(resource-id: com.simplemobiletools.contacts.pro:id/top_toolbar, class: android.view.ViewGroup, position: (626, 95, 1027, 221))
Widget(resource-id: com.simplemobiletools.contacts.pro:id/sort, content-desc: Sort by, class: android.widget.Button, position: (668, 95, 795, 221))
Widget(resource-id: com.simplemobiletools.contacts.pro:id/filter, content-desc: Filter, class: android.widget.Button, position: (795, 95, 922, 221))
Widget(content-desc: More options, class: android.widget.ImageView, position: (922, 95, 1027, 221))
Widget(resource-id: com.simplemobiletools.contacts.pro:id/main_holder, class: android.view.ViewGroup, position: (0, 242, 1080, 2277))
Widget(resource-id: com.simplemobiletools.contacts.pro:id/view_pager, class: p4.i, position: (0, 242, 1080, 2109))
Widget(resource-id: com.simplemobiletools.contacts.pro:id/contacts_fragment, class: android.view.ViewGroup, position: (0, 242, 1080, 2109))
Widget(resource-id: com.simplemobiletools.contacts.pro:id/fragment_wrapper, class: android.widget.RelativeLayout, position: (0, 242, 1080, 2109))
Widget(resource-id: com.simplemobiletools.contacts.pro:id/fragment_list, class: androidx.recyclerview.widget.RecyclerView, position: (0, 242, 1080, 2109))
Widget(resource-id: com.simplemobiletools.contacts.pro:id/item_contact_frame, text: Alice, class: android.view.ViewGroup, position: (0, 242, 1080, 410))
Widget(resource-id: com.simplemobiletools.contacts.pro:id/item_contact_image, class: android.widget.ImageView, position: (43, 263, 169, 389))
Widget(resource-id: com.simplemobiletools.contacts.pro:id/item_contact_name, text: Alice, class: android.widget.TextView, position: (169, 298, 1048, 355))
Widget(resource-id: com.simplemobiletools.contacts.pro:id/item_contact_frame, text: Jack, class: android.view.ViewGroup, position: (0, 415, 1080, 583))
Widget(resource-id: com.simplemobiletools.contacts.pro:id/item_contact_image, class: android.widget.ImageView, position: (43, 436, 169, 562))
Widget(resource-id: com.simplemobiletools.contacts.pro:id/item_contact_name, text: Jack, class: android.widget.TextView, position: (169, 471, 1048, 528))
Widget(resource-id: com.simplemobiletools.contacts.pro:id/item_contact_frame, text: stephen.bob@example.com, class: android.view.ViewGroup, position: (0, 588, 1080, 756))
Widget(resource-id: com.simplemobiletools.contacts.pro:id/item_contact_image, class: android.widget.ImageView, position: (43, 609, 169, 735))
Widget(resource-id: com.simplemobiletools.contacts.pro:id/item_contact_name, text: stephen.bob@example.com, class: android.widget.TextView, position: (169, 644, 1048, 701))
Widget(resource-id: com.simplemobiletools.contacts.pro:id/item_contact_frame, text: 12345678900, class: android.view.ViewGroup, position: (0, 761, 1080, 929))
Widget(resource-id: com.simplemobiletools.contacts.pro:id/item_contact_image, class: android.widget.ImageView, position: (43, 782, 169, 908))
Widget(resource-id: com.simplemobiletools.contacts.pro:id/item_contact_name, text: 12345678900, class: android.widget.TextView, position: (169, 817, 1048, 874))
Widget(resource-id: com.simplemobiletools.contacts.pro:id/item_contact_frame, text: 12345678900123123456789001234567890045678900, class: android.view.ViewGroup, position: (0, 934, 1080, 1102))
Widget(resource-id: com.simplemobiletools.contacts.pro:id/item_contact_image, class: android.widget.ImageView, position: (43, 955, 169, 1081))
Widget(resource-id: com.simplemobiletools.contacts.pro:id/item_contact_name, text: 12345678900123123456789001234567890045678900, class: android.widget.TextView, position: (169, 990, 1048, 1047))
Widget(resource-id: com.simplemobiletools.contacts.pro:id/letter_fastscroller_thumb, class: android.view.ViewGroup, position: (807, 242, 954, 593))
Widget(resource-id: com.simplemobiletools.contacts.pro:id/letter_fastscroller, text: A
J
S
1, class: android.widget.LinearLayout, position: (996, 242, 1080, 593))
Widget(text: A
J
S
1, class: android.widget.TextView, position: (996, 305, 1080, 530))
Widget(resource-id: com.simplemobiletools.contacts.pro:id/fragment_fab, content-desc: Create new contact, class: android.widget.ImageButton, position: (891, 1920, 1038, 2067))
Widget(resource-id: com.simplemobiletools.contacts.pro:id/main_dialpad_button, content-desc: Dialpad, class: android.widget.ImageView, position: (461, 1909, 619, 2067))
Widget(resource-id: com.simplemobiletools.contacts.pro:id/main_tabs_holder, class: android.widget.HorizontalScrollView, position: (0, 2109, 1080, 2277))
Widget(resource-id: com.simplemobiletools.contacts.pro:id/tab_item_holder, class: android.widget.LinearLayout, position: (127, 2141, 232, 2277))
Widget(resource-id: com.simplemobiletools.contacts.pro:id/tab_item_icon, class: android.widget.ImageView, position: (142, 2141, 216, 2215))
Widget(resource-id: com.simplemobiletools.contacts.pro:id/tab_item_label, text: Contacts, class: android.widget.TextView, position: (127, 2215, 232, 2277))
Widget(text: Favorites, class: android.widget.LinearLayout, position: (360, 2109, 720, 2277))
Widget(resource-id: com.simplemobiletools.contacts.pro:id/tab_item_holder, class: android.widget.LinearLayout, position: (486, 2141, 593, 2277))
Widget(resource-id: com.simplemobiletools.contacts.pro:id/tab_item_icon, class: android.widget.ImageView, position: (502, 2141, 576, 2215))
Widget(resource-id: com.simplemobiletools.contacts.pro:id/tab_item_label, text: Favorites, class: android.widget.TextView, position: (486, 2215, 593, 2277))
Widget(text: Groups, class: android.widget.LinearLayout, position: (720, 2109, 1080, 2277))
Widget(resource-id: com.simplemobiletools.contacts.pro:id/tab_item_holder, class: android.widget.LinearLayout, position: (858, 2141, 942, 2277))
Widget(resource-id: com.simplemobiletools.contacts.pro:id/tab_item_icon, class: android.widget.ImageView, position: (863, 2141, 937, 2215))
Widget(resource-id: com.simplemobiletools.contacts.pro:id/tab_item_label, text: Groups, class: android.widget.TextView, position: (858, 2215, 942, 2277))
Widget(content-desc: Speakerphone enabled., class: android.widget.ImageView, position: (819, 8, 866, 66))


        I would like to know which activity/fragment we are currently on.
        Please respond in the following JSON format:
        {
        "activity_or_fragment": "TestActivity",
        }
        or 
        {
        "activity_or_fragment": "TestFragment",
        }
        If can not determine the activity/fragment,just output{
        "activity_or_fragment": "Unknown"
        }
        Do not output anything else except json format result.
        
2025-01-17 00:41:22,026 - INFO - ------answer------
2025-01-17 00:41:22,027 - INFO - ```json
{
"activity_or_fragment": "MainActivity"
}
```
2025-01-17 00:41:51,352 - INFO - ------query_instructions------
2025-01-17 00:41:51,353 - INFO - ```json
{
    "task": "Change Bob's mobile number from '222222' to '12345678900'",
    "activities_sequence": [
        {
            "activity": "MainActivity",
            "steps": [
                "1. Open the app and navigate to the contacts list.",
                "2. Search for 'Bob' in the contacts list.",
                "3. Click on Bob's contact to open the contact details."
            ]
        },
        {
            "activity": "ViewContactActivity",
            "steps": [
                "4. Click on the 'Edit' button to enter the edit mode for Bob's contact."
            ]
        },
        {
            "activity": "EditContactActivity",
            "steps": [
                "5. Locate the phone number field with the current number '222222'.",
                "6. Change the phone number from '222222' to '12345678900'.",
                "7. Click the 'Save' button to update the contact with the new phone number."
            ]
        }
    ],
    "explanation": "because the EditContactActivity allows users to modify contact details, including phone numbers."
}
```
