2025-01-16 18:56:15,741 - INFO - This is a event:0
2025-01-16 18:56:36,433 - INFO - -----query_current_activity start query------
2025-01-16 18:56:36,437 - INFO - To achieve the task of "go to recents and play video2.mp4," we need to break down the task into actionable steps and map them to the activities and UI elements provided in the app. Here's how you can approach this:

---

### **Step 1: Understand the Task**
1. **"Go to recents"**: This likely refers to navigating to a list of recently accessed files or activities.
2. **"Play video2.mp4"**: This involves locating and playing a specific video file (`video2.mp4`).

---

### **Step 2: Analyze the Activities**
From the list of activities provided, the most relevant ones for this task are:
- **`MainActivity`**: Likely the entry point for browsing files.
- **`MimeTypesActivity`**: Handles file types (e.g., videos, images, etc.).
- **`ReadTextActivity`**: For text files, not relevant here.
- **`PDFViewerActivity`**: For PDFs, not relevant here.
- **`DecompressActivity`**: For decompressing files, not relevant here.
- **`SaveAsActivity`**: For saving files, not relevant here.
- **`SettingsActivity`**: For app settings, not relevant here.
- **`FavoritesActivity`**: For managing favorites, not directly relevant here.

---

### **Step 3: Identify the Flow**
1. **Navigate to Recents**:
   - The `MainActivity` is likely the starting point. It contains a `MyViewPager` (`@+id/main_view_pager`) and a `TabLayout` (`@+id/main_tabs_holder`), which might include a "Recents" tab.
   - If the "Recents" tab is not explicitly visible, you may need to interact with the `MySearchMenu` (`@+id/main_menu`) to filter or search for recently accessed files.

2. **Locate and Play `video2.mp4`**:
   - Once in the "Recents" section, you need to locate the file `video2.mp4`. This might involve scrolling through a list or using a search functionality.
   - The `MimeTypesActivity` might be responsible for handling video files. If `video2.mp4` is a video file, tapping on it could launch a video player (though the video player activity is not listed in the provided activities).

---

### **Step 4: Map the Task to UI Elements**
1. **Navigate to Recents**:
   - In `MainActivity`, interact with the `MyViewPager` (`@+id/main_view_pager`) to switch to the "Recents" tab.
   - If the "Recents" tab is not visible, use the `MySearchMenu` (`@+id/main_menu`) to filter or search for recently accessed files.

2. **Locate and Play `video2.mp4`**:
   - In the "Recents" list, locate the file `video2.mp4`. This might involve scrolling through a `RecyclerView` or similar list view.
   - Tap on `video2.mp4` to open it. If the app uses an external video player, it might launch an intent to play the video.

---

### **Step 5: Handle Missing Activities**
- The app does not list a specific activity for playing videos. If `video2.mp4` is a video file, the app might rely on the system's default video player or an external app to handle playback.
- If the app has its own video player, it might be part of a third-party library or not listed in the provided activities.

---

### **Step 6: Automate the Task (if needed)**
If you're automating this task (e.g., using UI testing frameworks like Espresso or UI Automator), here¡¯s how you can approach it:
1. Launch `MainActivity`.
2. Interact with the `MyViewPager` to navigate to the "Recents" tab.
3. Locate `video2.mp4` in the list (e.g., using `onView(withText("video2.mp4"))` in Espresso).
4. Perform a click action on `video2.mp4` to play it.

---

### **Conclusion**
The task involves navigating to the "Recents" section in `MainActivity`, locating `video2.mp4`, and playing it. If the app does not have a built-in video player, it might delegate playback to an external app. If you need further clarification or assistance with specific code, let me know!

 Here is the information about the screen we are currently on.
Widget(content-desc: ATX notification: UIAutomator, class: android.widget.ImageView, position: (128, 1, 186, 74))
Widget(content-desc: Android System notification: , class: android.widget.ImageView, position: (186, 1, 244, 74))
Widget(resource-id: com.simplemobiletools.filemanager.pro:id/action_bar_root, class: android.widget.FrameLayout, position: (0, 74, 1080, 2277))
Widget(resource-id: com.simplemobiletools.filemanager.pro:id/main_coordinator, class: android.view.ViewGroup, position: (0, 74, 1080, 2277))
Widget(resource-id: com.simplemobiletools.filemanager.pro:id/main_menu, class: android.widget.LinearLayout, position: (0, 74, 1080, 242))
Widget(resource-id: com.simplemobiletools.filemanager.pro:id/top_app_bar_layout, class: android.widget.LinearLayout, position: (42, 74, 1038, 242))
Widget(resource-id: com.simplemobiletools.filemanager.pro:id/top_toolbar_holder, class: android.widget.RelativeLayout, position: (42, 95, 1038, 221))
Widget(resource-id: com.simplemobiletools.filemanager.pro:id/top_toolbar_search_icon, content-desc: Search, class: android.widget.ImageView, position: (42, 95, 147, 221))
Widget(resource-id: com.simplemobiletools.filemanager.pro:id/top_toolbar_search, text: Search, class: android.widget.EditText, position: (147, 95, 626, 221))
Widget(resource-id: com.simplemobiletools.filemanager.pro:id/top_toolbar, class: android.view.ViewGroup, position: (626, 95, 1027, 221))
Widget(resource-id: com.simplemobiletools.filemanager.pro:id/go_to_favorite, content-desc: Go to favorite, class: android.widget.Button, position: (668, 95, 795, 221))
Widget(resource-id: com.simplemobiletools.filemanager.pro:id/sort, content-desc: Sort by, class: android.widget.Button, position: (795, 95, 922, 221))
Widget(content-desc: More options, class: android.widget.ImageView, position: (922, 95, 1027, 221))
Widget(resource-id: com.simplemobiletools.filemanager.pro:id/main_holder, class: android.widget.RelativeLayout, position: (0, 242, 1080, 2277))
Widget(resource-id: com.simplemobiletools.filemanager.pro:id/main_view_pager, class: androidx.viewpager.widget.m, position: (0, 242, 1080, 2109))
Widget(resource-id: com.simplemobiletools.filemanager.pro:id/items_fragment, class: android.widget.RelativeLayout, position: (0, 242, 1080, 2109))
Widget(resource-id: com.simplemobiletools.filemanager.pro:id/items_coordinator, class: android.view.ViewGroup, position: (0, 242, 1080, 2109))
Widget(resource-id: com.simplemobiletools.filemanager.pro:id/items_wrapper, class: android.widget.RelativeLayout, position: (0, 242, 1080, 2109))
Widget(resource-id: com.simplemobiletools.filemanager.pro:id/breadcrumbs, class: android.widget.HorizontalScrollView, position: (0, 263, 1080, 411))
Widget(resource-id: com.simplemobiletools.filemanager.pro:id/breadcrumb_text, text: Internal, class: android.widget.TextView, position: (47, 274, 247, 400))
Widget(resource-id: com.simplemobiletools.filemanager.pro:id/items_swipe_refresh, class: android.view.ViewGroup, position: (0, 411, 1080, 2109))
Widget(resource-id: com.simplemobiletools.filemanager.pro:id/items_fastscroller, class: android.widget.RelativeLayout, position: (0, 411, 1080, 2109))
Widget(resource-id: com.simplemobiletools.filemanager.pro:id/items_list, class: androidx.recyclerview.widget.RecyclerView, position: (0, 411, 1080, 2109))
Widget(resource-id: com.simplemobiletools.filemanager.pro:id/item_frame, text: Alarms, class: android.widget.FrameLayout, position: (0, 411, 1080, 563))
Widget(resource-id: com.simplemobiletools.filemanager.pro:id/item_holder, class: android.view.ViewGroup, position: (0, 416, 1080, 558))
Widget(resource-id: com.simplemobiletools.filemanager.pro:id/item_icon, class: android.widget.ImageView, position: (11, 416, 153, 558))
Widget(resource-id: com.simplemobiletools.filemanager.pro:id/item_name, text: Alarms, class: android.widget.TextView, position: (153, 424, 1027, 487))
Widget(resource-id: com.simplemobiletools.filemanager.pro:id/item_details, text: 0 items, class: android.widget.TextView, position: (153, 487, 1027, 550))
Widget(resource-id: com.simplemobiletools.filemanager.pro:id/item_frame, text: Android, class: android.widget.FrameLayout, position: (0, 568, 1080, 720))
Widget(resource-id: com.simplemobiletools.filemanager.pro:id/item_holder, class: android.view.ViewGroup, position: (0, 573, 1080, 715))
Widget(resource-id: com.simplemobiletools.filemanager.pro:id/item_icon, class: android.widget.ImageView, position: (11, 573, 153, 715))
Widget(resource-id: com.simplemobiletools.filemanager.pro:id/item_name, text: Android, class: android.widget.TextView, position: (153, 581, 1027, 644))
Widget(resource-id: com.simplemobiletools.filemanager.pro:id/item_details, text: 3 items, class: android.widget.TextView, position: (153, 644, 1027, 707))
Widget(resource-id: com.simplemobiletools.filemanager.pro:id/item_frame, text: Audiobooks, class: android.widget.FrameLayout, position: (0, 725, 1080, 877))
Widget(resource-id: com.simplemobiletools.filemanager.pro:id/item_holder, class: android.view.ViewGroup, position: (0, 730, 1080, 872))
Widget(resource-id: com.simplemobiletools.filemanager.pro:id/item_icon, class: android.widget.ImageView, position: (11, 730, 153, 872))
Widget(resource-id: com.simplemobiletools.filemanager.pro:id/item_name, text: Audiobooks, class: android.widget.TextView, position: (153, 738, 1027, 801))
Widget(resource-id: com.simplemobiletools.filemanager.pro:id/item_details, text: 0 items, class: android.widget.TextView, position: (153, 801, 1027, 864))
Widget(resource-id: com.simplemobiletools.filemanager.pro:id/item_frame, text: DCIM, class: android.widget.FrameLayout, position: (0, 882, 1080, 1034))
Widget(resource-id: com.simplemobiletools.filemanager.pro:id/item_holder, class: android.view.ViewGroup, position: (0, 887, 1080, 1029))
Widget(resource-id: com.simplemobiletools.filemanager.pro:id/item_icon, class: android.widget.ImageView, position: (11, 887, 153, 1029))
Widget(resource-id: com.simplemobiletools.filemanager.pro:id/item_name, text: DCIM, class: android.widget.TextView, position: (153, 895, 1027, 958))
Widget(resource-id: com.simplemobiletools.filemanager.pro:id/item_details, text: 0 items, class: android.widget.TextView, position: (153, 958, 1027, 1021))
Widget(resource-id: com.simplemobiletools.filemanager.pro:id/item_frame, text: Documents, class: android.widget.FrameLayout, position: (0, 1039, 1080, 1191))
Widget(resource-id: com.simplemobiletools.filemanager.pro:id/item_holder, class: android.view.ViewGroup, position: (0, 1044, 1080, 1186))
Widget(resource-id: com.simplemobiletools.filemanager.pro:id/item_icon, class: android.widget.ImageView, position: (11, 1044, 153, 1186))
Widget(resource-id: com.simplemobiletools.filemanager.pro:id/item_name, text: Documents, class: android.widget.TextView, position: (153, 1052, 1027, 1115))
Widget(resource-id: com.simplemobiletools.filemanager.pro:id/item_details, text: 2 items, class: android.widget.TextView, position: (153, 1115, 1027, 1178))
Widget(resource-id: com.simplemobiletools.filemanager.pro:id/item_frame, text: Download, class: android.widget.FrameLayout, position: (0, 1196, 1080, 1348))
Widget(resource-id: com.simplemobiletools.filemanager.pro:id/item_holder, class: android.view.ViewGroup, position: (0, 1201, 1080, 1343))
Widget(resource-id: com.simplemobiletools.filemanager.pro:id/item_icon, class: android.widget.ImageView, position: (11, 1201, 153, 1343))
Widget(resource-id: com.simplemobiletools.filemanager.pro:id/item_name, text: Download, class: android.widget.TextView, position: (153, 1209, 1027, 1272))
Widget(resource-id: com.simplemobiletools.filemanager.pro:id/item_details, text: 2 items, class: android.widget.TextView, position: (153, 1272, 1027, 1335))
Widget(resource-id: com.simplemobiletools.filemanager.pro:id/item_frame, text: Movies, class: android.widget.FrameLayout, position: (0, 1353, 1080, 1505))
Widget(resource-id: com.simplemobiletools.filemanager.pro:id/item_holder, class: android.view.ViewGroup, position: (0, 1358, 1080, 1500))
Widget(resource-id: com.simplemobiletools.filemanager.pro:id/item_icon, class: android.widget.ImageView, position: (11, 1358, 153, 1500))
Widget(resource-id: com.simplemobiletools.filemanager.pro:id/item_name, text: Movies, class: android.widget.TextView, position: (153, 1366, 1027, 1429))
Widget(resource-id: com.simplemobiletools.filemanager.pro:id/item_details, text: 1 item, class: android.widget.TextView, position: (153, 1429, 1027, 1492))
Widget(resource-id: com.simplemobiletools.filemanager.pro:id/item_frame, text: Music, class: android.widget.FrameLayout, position: (0, 1510, 1080, 1662))
Widget(resource-id: com.simplemobiletools.filemanager.pro:id/item_holder, class: android.view.ViewGroup, position: (0, 1515, 1080, 1657))
Widget(resource-id: com.simplemobiletools.filemanager.pro:id/item_icon, class: android.widget.ImageView, position: (11, 1515, 153, 1657))
Widget(resource-id: com.simplemobiletools.filemanager.pro:id/item_name, text: Music, class: android.widget.TextView, position: (153, 1523, 1027, 1586))
Widget(resource-id: com.simplemobiletools.filemanager.pro:id/item_details, text: 2 items, class: android.widget.TextView, position: (153, 1586, 1027, 1649))
Widget(resource-id: com.simplemobiletools.filemanager.pro:id/item_frame, text: Notifications, class: android.widget.FrameLayout, position: (0, 1667, 1080, 1819))
Widget(resource-id: com.simplemobiletools.filemanager.pro:id/item_holder, class: android.view.ViewGroup, position: (0, 1672, 1080, 1814))
Widget(resource-id: com.simplemobiletools.filemanager.pro:id/item_icon, class: android.widget.ImageView, position: (11, 1672, 153, 1814))
Widget(resource-id: com.simplemobiletools.filemanager.pro:id/item_name, text: Notifications, class: android.widget.TextView, position: (153, 1680, 1027, 1743))
Widget(resource-id: com.simplemobiletools.filemanager.pro:id/item_details, text: 0 items, class: android.widget.TextView, position: (153, 1743, 1027, 1806))
Widget(resource-id: com.simplemobiletools.filemanager.pro:id/item_frame, text: Pictures, class: android.widget.FrameLayout, position: (0, 1824, 1080, 1976))
Widget(resource-id: com.simplemobiletools.filemanager.pro:id/item_holder, class: android.view.ViewGroup, position: (0, 1829, 1080, 1971))
Widget(resource-id: com.simplemobiletools.filemanager.pro:id/item_icon, class: android.widget.ImageView, position: (11, 1829, 153, 1971))
Widget(resource-id: com.simplemobiletools.filemanager.pro:id/item_name, text: Pictures, class: android.widget.TextView, position: (153, 1837, 1027, 1900))
Widget(resource-id: com.simplemobiletools.filemanager.pro:id/item_details, text: 1 item, class: android.widget.TextView, position: (153, 1900, 1027, 1963))
Widget(resource-id: com.simplemobiletools.filemanager.pro:id/item_frame, text: Podcasts, class: android.widget.FrameLayout, position: (0, 1981, 1080, 2109))
Widget(resource-id: com.simplemobiletools.filemanager.pro:id/item_holder, class: android.view.ViewGroup, position: (0, 1986, 1080, 2109))
Widget(resource-id: com.simplemobiletools.filemanager.pro:id/item_icon, class: android.widget.ImageView, position: (11, 1986, 153, 2109))
Widget(resource-id: com.simplemobiletools.filemanager.pro:id/item_name, text: Podcasts, class: android.widget.TextView, position: (153, 1994, 1027, 2057))
Widget(resource-id: com.simplemobiletools.filemanager.pro:id/item_details, text: 0 items, class: android.widget.TextView, position: (153, 2057, 1027, 2109))
Widget(resource-id: com.simplemobiletools.filemanager.pro:id/trackView, class: android.widget.LinearLayout, position: (1012, 411, 1080, 2109))
Widget(resource-id: com.simplemobiletools.filemanager.pro:id/items_fab, class: android.widget.ImageButton, position: (891, 1920, 1038, 2067))
Widget(resource-id: com.simplemobiletools.filemanager.pro:id/main_tabs_holder, class: android.widget.HorizontalScrollView, position: (0, 2109, 1080, 2277))
Widget(resource-id: com.simplemobiletools.filemanager.pro:id/tab_item_holder, class: android.widget.LinearLayout, position: (143, 2141, 217, 2277))
Widget(resource-id: com.simplemobiletools.filemanager.pro:id/tab_item_icon, class: android.widget.ImageView, position: (143, 2141, 217, 2215))
Widget(resource-id: com.simplemobiletools.filemanager.pro:id/tab_item_label, text: Files, class: android.widget.TextView, position: (153, 2215, 206, 2277))
Widget(text: Recents, class: android.widget.LinearLayout, position: (360, 2109, 720, 2277))
Widget(resource-id: com.simplemobiletools.filemanager.pro:id/tab_item_holder, class: android.widget.LinearLayout, position: (493, 2141, 587, 2277))
Widget(resource-id: com.simplemobiletools.filemanager.pro:id/tab_item_icon, class: android.widget.ImageView, position: (503, 2141, 577, 2215))
Widget(resource-id: com.simplemobiletools.filemanager.pro:id/tab_item_label, text: Recents, class: android.widget.TextView, position: (493, 2215, 587, 2277))
Widget(text: Storage, class: android.widget.LinearLayout, position: (720, 2109, 1080, 2277))
Widget(resource-id: com.simplemobiletools.filemanager.pro:id/tab_item_holder, class: android.widget.LinearLayout, position: (854, 2141, 945, 2277))
Widget(resource-id: com.simplemobiletools.filemanager.pro:id/tab_item_icon, class: android.widget.ImageView, position: (862, 2141, 936, 2215))
Widget(resource-id: com.simplemobiletools.filemanager.pro:id/tab_item_label, text: Storage, class: android.widget.TextView, position: (854, 2215, 945, 2277))


        I would like to know which activity/fragment we are currently on.
        Please respond in the following JSON format:
        {
        "activity_or_fragment": "TestActivity",
        }
        or 
        {
        "activity_or_fragment": "TestFragment",
        }
        If can not determine the activity/fragment,just output{
        "activity_or_fragment": "Unknown"
        }
        Do not output anything else except json format result.
        
2025-01-16 18:56:38,192 - INFO - ------answer------
2025-01-16 18:56:38,193 - INFO - ```json
{
  "activity_or_fragment": "MainActivity"
}
```
2025-01-16 18:56:51,487 - INFO - ------query_instructions------
2025-01-16 18:56:51,488 - INFO - ```json
{
    "task": "go to recents and play video2.mp4",
    "activities_sequence": [
        {
            "activity": "com.simplemobiletools.filemanager.pro.activities.SplashActivity",
            "steps": [
                "1. Launch the app, which starts with SplashActivity.",
                "2. SplashActivity checks the intent and starts MainActivity."
            ]
        },
        {
            "activity": "com.simplemobiletools.filemanager.pro.activities.MainActivity",
            "steps": [
                "3. In MainActivity, navigate to the 'Recents' tab by clicking on the 'Recent Files' tab icon (R.drawable.ic_clock_vector).",
                "4. Locate and select 'video2.mp4' from the list of recent files.",
                "5. The app will automatically play 'video2.mp4' using the default video player."
            ]
        }
    ],
    "explanation": "because the MainActivity contains the RecentsFragment, which displays recently accessed files, and selecting a video file will trigger the default video player to play it."
}
```
2025-01-18 19:38:18,504 - INFO - This is a event:0
2025-01-18 19:38:18,731 - INFO - -----query_current_activity start query------
2025-01-18 19:38:18,735 - INFO - To achieve the task of "go to recents and play video2.mp4," we need to break down the task into actionable steps and map them to the activities and UI elements provided in the app. Here's how you can approach this:

---

### **Step 1: Understand the Task**
1. **"Go to recents"**: This likely refers to navigating to a list of recently accessed files or activities.
2. **"Play video2.mp4"**: This involves locating and playing a specific video file (`video2.mp4`).

---

### **Step 2: Analyze the Activities**
From the list of activities provided, the most relevant ones for this task are:
- **`MainActivity`**: Likely the entry point for browsing files.
- **`MimeTypesActivity`**: Handles file types (e.g., videos, images, etc.).
- **`ReadTextActivity`**: For text files, not relevant here.
- **`PDFViewerActivity`**: For PDFs, not relevant here.
- **`DecompressActivity`**: For decompressing files, not relevant here.
- **`SaveAsActivity`**: For saving files, not relevant here.
- **`SettingsActivity`**: For app settings, not relevant here.
- **`FavoritesActivity`**: For managing favorites, not directly relevant here.

---

### **Step 3: Identify the Flow**
1. **Navigate to Recents**:
   - The `MainActivity` is likely the starting point. It contains a `MyViewPager` (`@+id/main_view_pager`) and a `TabLayout` (`@+id/main_tabs_holder`), which might include a "Recents" tab.
   - If the "Recents" tab is not explicitly visible, you may need to interact with the `MySearchMenu` (`@+id/main_menu`) to filter or search for recently accessed files.

2. **Locate and Play `video2.mp4`**:
   - Once in the "Recents" section, you need to locate the file `video2.mp4`. This might involve scrolling through a list or using a search functionality.
   - The `MimeTypesActivity` might be responsible for handling video files. If `video2.mp4` is a video file, tapping on it could launch a video player (though the video player activity is not listed in the provided activities).

---

### **Step 4: Map the Task to UI Elements**
1. **Navigate to Recents**:
   - In `MainActivity`, interact with the `MyViewPager` (`@+id/main_view_pager`) to switch to the "Recents" tab.
   - If the "Recents" tab is not visible, use the `MySearchMenu` (`@+id/main_menu`) to filter or search for recently accessed files.

2. **Locate and Play `video2.mp4`**:
   - In the "Recents" list, locate the file `video2.mp4`. This might involve scrolling through a `RecyclerView` or similar list view.
   - Tap on `video2.mp4` to open it. If the app uses an external video player, it might launch an intent to play the video.

---

### **Step 5: Handle Missing Activities**
- The app does not list a specific activity for playing videos. If `video2.mp4` is a video file, the app might rely on the system's default video player or an external app to handle playback.
- If the app has its own video player, it might be part of a third-party library or not listed in the provided activities.

---

### **Step 6: Automate the Task (if needed)**
If you're automating this task (e.g., using UI testing frameworks like Espresso or UI Automator), here¡¯s how you can approach it:
1. Launch `MainActivity`.
2. Interact with the `MyViewPager` to navigate to the "Recents" tab.
3. Locate `video2.mp4` in the list (e.g., using `onView(withText("video2.mp4"))` in Espresso).
4. Perform a click action on `video2.mp4` to play it.

---

### **Conclusion**
The task involves navigating to the "Recents" section in `MainActivity`, locating `video2.mp4`, and playing it. If the app does not have a built-in video player, it might delegate playback to an external app. If you need further clarification or assistance with specific code, let me know!

 Here is the information about the screen we are currently on.
Widget(content-desc: ATX notification: UIAutomator, class: android.widget.ImageView, position: (128, 1, 186, 74))
Widget(content-desc: Android System notification: , class: android.widget.ImageView, position: (186, 1, 244, 74))
Widget(resource-id: com.simplemobiletools.filemanager.pro:id/action_bar_root, class: android.widget.FrameLayout, position: (0, 74, 1080, 2277))
Widget(resource-id: com.simplemobiletools.filemanager.pro:id/main_coordinator, class: android.view.ViewGroup, position: (0, 74, 1080, 2277))
Widget(resource-id: com.simplemobiletools.filemanager.pro:id/main_menu, class: android.widget.LinearLayout, position: (0, 74, 1080, 242))
Widget(resource-id: com.simplemobiletools.filemanager.pro:id/top_app_bar_layout, class: android.widget.LinearLayout, position: (42, 74, 1038, 242))
Widget(resource-id: com.simplemobiletools.filemanager.pro:id/top_toolbar_holder, class: android.widget.RelativeLayout, position: (42, 95, 1038, 221))
Widget(resource-id: com.simplemobiletools.filemanager.pro:id/top_toolbar_search_icon, content-desc: Search, class: android.widget.ImageView, position: (42, 95, 147, 221))
Widget(resource-id: com.simplemobiletools.filemanager.pro:id/top_toolbar_search, text: Search, class: android.widget.EditText, position: (147, 95, 604, 221))
Widget(resource-id: com.simplemobiletools.filemanager.pro:id/top_toolbar, class: android.view.ViewGroup, position: (604, 95, 1027, 221))
Widget(resource-id: com.simplemobiletools.filemanager.pro:id/change_view_type, content-desc: Change view type, class: android.widget.Button, position: (646, 95, 773, 221))
Widget(resource-id: com.simplemobiletools.filemanager.pro:id/settings, content-desc: Settings, class: android.widget.Button, position: (773, 95, 900, 221))
Widget(resource-id: com.simplemobiletools.filemanager.pro:id/about, content-desc: About, class: android.widget.Button, position: (900, 95, 1027, 221))
Widget(resource-id: com.simplemobiletools.filemanager.pro:id/main_holder, class: android.widget.RelativeLayout, position: (0, 242, 1080, 2277))
Widget(resource-id: com.simplemobiletools.filemanager.pro:id/main_view_pager, class: androidx.viewpager.widget.m, position: (0, 242, 1080, 2109))
Widget(resource-id: com.simplemobiletools.filemanager.pro:id/recents_fragment, class: android.widget.RelativeLayout, position: (0, 242, 1080, 2109))
Widget(resource-id: com.simplemobiletools.filemanager.pro:id/recents_swipe_refresh, class: android.view.ViewGroup, position: (0, 242, 1080, 2109))
Widget(resource-id: com.simplemobiletools.filemanager.pro:id/recents_list, class: androidx.recyclerview.widget.RecyclerView, position: (0, 242, 1080, 2109))
Widget(resource-id: com.simplemobiletools.filemanager.pro:id/item_frame, text: video2.mp4, class: android.widget.FrameLayout, position: (0, 263, 1080, 415))
Widget(resource-id: com.simplemobiletools.filemanager.pro:id/item_holder, class: android.view.ViewGroup, position: (0, 268, 1080, 410))
Widget(resource-id: com.simplemobiletools.filemanager.pro:id/item_icon, class: android.widget.ImageView, position: (11, 268, 153, 410))
Widget(resource-id: com.simplemobiletools.filemanager.pro:id/item_name, text: video2.mp4, class: android.widget.TextView, position: (153, 276, 1027, 339))
Widget(resource-id: com.simplemobiletools.filemanager.pro:id/item_details, text: 669.2 kB, class: android.widget.TextView, position: (153, 339, 665, 402))
Widget(resource-id: com.simplemobiletools.filemanager.pro:id/item_date, text: 18.01.2025, 11:35 AM, class: android.widget.TextView, position: (665, 345, 1027, 396))
Widget(resource-id: com.simplemobiletools.filemanager.pro:id/item_frame, text: IMG_20250118_100554.jpg, class: android.widget.FrameLayout, position: (0, 420, 1080, 572))
Widget(resource-id: com.simplemobiletools.filemanager.pro:id/item_holder, class: android.view.ViewGroup, position: (0, 425, 1080, 567))
Widget(resource-id: com.simplemobiletools.filemanager.pro:id/item_icon, class: android.widget.ImageView, position: (11, 425, 153, 567))
Widget(resource-id: com.simplemobiletools.filemanager.pro:id/item_name, text: IMG_20250118_100554.jpg, class: android.widget.TextView, position: (153, 433, 1027, 496))
Widget(resource-id: com.simplemobiletools.filemanager.pro:id/item_details, text: 29.5 kB, class: android.widget.TextView, position: (153, 496, 665, 559))
Widget(resource-id: com.simplemobiletools.filemanager.pro:id/item_date, text: 18.01.2025, 10:05 AM, class: android.widget.TextView, position: (665, 502, 1027, 553))
Widget(resource-id: com.simplemobiletools.filemanager.pro:id/item_frame, text: IMG_20250118_075716.jpg, class: android.widget.FrameLayout, position: (0, 577, 1080, 729))
Widget(resource-id: com.simplemobiletools.filemanager.pro:id/item_holder, class: android.view.ViewGroup, position: (0, 582, 1080, 724))
Widget(resource-id: com.simplemobiletools.filemanager.pro:id/item_icon, class: android.widget.ImageView, position: (11, 582, 153, 724))
Widget(resource-id: com.simplemobiletools.filemanager.pro:id/item_name, text: IMG_20250118_075716.jpg, class: android.widget.TextView, position: (153, 590, 1027, 653))
Widget(resource-id: com.simplemobiletools.filemanager.pro:id/item_details, text: 29.6 kB, class: android.widget.TextView, position: (153, 653, 665, 716))
Widget(resource-id: com.simplemobiletools.filemanager.pro:id/item_date, text: 18.01.2025, 07:57 AM, class: android.widget.TextView, position: (665, 659, 1027, 710))
Widget(resource-id: com.simplemobiletools.filemanager.pro:id/item_frame, text: IMG_20250118_075658.jpg, class: android.widget.FrameLayout, position: (0, 734, 1080, 886))
Widget(resource-id: com.simplemobiletools.filemanager.pro:id/item_holder, class: android.view.ViewGroup, position: (0, 739, 1080, 881))
Widget(resource-id: com.simplemobiletools.filemanager.pro:id/item_icon, class: android.widget.ImageView, position: (11, 739, 153, 881))
Widget(resource-id: com.simplemobiletools.filemanager.pro:id/item_name, text: IMG_20250118_075658.jpg, class: android.widget.TextView, position: (153, 747, 1027, 810))
Widget(resource-id: com.simplemobiletools.filemanager.pro:id/item_details, text: 29.6 kB, class: android.widget.TextView, position: (153, 810, 665, 873))
Widget(resource-id: com.simplemobiletools.filemanager.pro:id/item_date, text: 18.01.2025, 07:56 AM, class: android.widget.TextView, position: (665, 816, 1027, 867))
Widget(resource-id: com.simplemobiletools.filemanager.pro:id/item_frame, text: IMG_20250118_072801.jpg, class: android.widget.FrameLayout, position: (0, 891, 1080, 1043))
Widget(resource-id: com.simplemobiletools.filemanager.pro:id/item_holder, class: android.view.ViewGroup, position: (0, 896, 1080, 1038))
Widget(resource-id: com.simplemobiletools.filemanager.pro:id/item_icon, class: android.widget.ImageView, position: (11, 896, 153, 1038))
Widget(resource-id: com.simplemobiletools.filemanager.pro:id/item_name, text: IMG_20250118_072801.jpg, class: android.widget.TextView, position: (153, 904, 1027, 967))
Widget(resource-id: com.simplemobiletools.filemanager.pro:id/item_details, text: 22.5 kB, class: android.widget.TextView, position: (153, 967, 665, 1030))
Widget(resource-id: com.simplemobiletools.filemanager.pro:id/item_date, text: 18.01.2025, 07:28 AM, class: android.widget.TextView, position: (665, 973, 1027, 1024))
Widget(resource-id: com.simplemobiletools.filemanager.pro:id/item_frame, text: IMG_20250118_064644.jpg, class: android.widget.FrameLayout, position: (0, 1048, 1080, 1200))
Widget(resource-id: com.simplemobiletools.filemanager.pro:id/item_holder, class: android.view.ViewGroup, position: (0, 1053, 1080, 1195))
Widget(resource-id: com.simplemobiletools.filemanager.pro:id/item_icon, class: android.widget.ImageView, position: (11, 1053, 153, 1195))
Widget(resource-id: com.simplemobiletools.filemanager.pro:id/item_name, text: IMG_20250118_064644.jpg, class: android.widget.TextView, position: (153, 1061, 1027, 1124))
Widget(resource-id: com.simplemobiletools.filemanager.pro:id/item_details, text: 22.5 kB, class: android.widget.TextView, position: (153, 1124, 665, 1187))
Widget(resource-id: com.simplemobiletools.filemanager.pro:id/item_date, text: 18.01.2025, 06:46 AM, class: android.widget.TextView, position: (665, 1130, 1027, 1181))
Widget(resource-id: com.simplemobiletools.filemanager.pro:id/item_frame, text: IMG_20250118_064631.jpg, class: android.widget.FrameLayout, position: (0, 1205, 1080, 1357))
Widget(resource-id: com.simplemobiletools.filemanager.pro:id/item_holder, class: android.view.ViewGroup, position: (0, 1210, 1080, 1352))
Widget(resource-id: com.simplemobiletools.filemanager.pro:id/item_icon, class: android.widget.ImageView, position: (11, 1210, 153, 1352))
Widget(resource-id: com.simplemobiletools.filemanager.pro:id/item_name, text: IMG_20250118_064631.jpg, class: android.widget.TextView, position: (153, 1218, 1027, 1281))
Widget(resource-id: com.simplemobiletools.filemanager.pro:id/item_details, text: 22.5 kB, class: android.widget.TextView, position: (153, 1281, 665, 1344))
Widget(resource-id: com.simplemobiletools.filemanager.pro:id/item_date, text: 18.01.2025, 06:46 AM, class: android.widget.TextView, position: (665, 1287, 1027, 1338))
Widget(resource-id: com.simplemobiletools.filemanager.pro:id/item_frame, text: IMG_20250118_025837.jpg, class: android.widget.FrameLayout, position: (0, 1362, 1080, 1514))
Widget(resource-id: com.simplemobiletools.filemanager.pro:id/item_holder, class: android.view.ViewGroup, position: (0, 1367, 1080, 1509))
Widget(resource-id: com.simplemobiletools.filemanager.pro:id/item_icon, class: android.widget.ImageView, position: (11, 1367, 153, 1509))
Widget(resource-id: com.simplemobiletools.filemanager.pro:id/item_name, text: IMG_20250118_025837.jpg, class: android.widget.TextView, position: (153, 1375, 1027, 1438))
Widget(resource-id: com.simplemobiletools.filemanager.pro:id/item_details, text: 22.1 kB, class: android.widget.TextView, position: (153, 1438, 665, 1501))
Widget(resource-id: com.simplemobiletools.filemanager.pro:id/item_date, text: 18.01.2025, 02:58 AM, class: android.widget.TextView, position: (665, 1444, 1027, 1495))
Widget(resource-id: com.simplemobiletools.filemanager.pro:id/item_frame, text: Screenshot_20250117-103100.png, class: android.widget.FrameLayout, position: (0, 1519, 1080, 1671))
Widget(resource-id: com.simplemobiletools.filemanager.pro:id/item_holder, class: android.view.ViewGroup, position: (0, 1524, 1080, 1666))
Widget(resource-id: com.simplemobiletools.filemanager.pro:id/item_icon, class: android.widget.ImageView, position: (11, 1524, 153, 1666))
Widget(resource-id: com.simplemobiletools.filemanager.pro:id/item_name, text: Screenshot_20250117-103100.png, class: android.widget.TextView, position: (153, 1532, 1027, 1595))
Widget(resource-id: com.simplemobiletools.filemanager.pro:id/item_details, text: 1.2 MB, class: android.widget.TextView, position: (153, 1595, 665, 1658))
Widget(resource-id: com.simplemobiletools.filemanager.pro:id/item_date, text: 17.01.2025, 10:31 AM, class: android.widget.TextView, position: (665, 1601, 1027, 1652))
Widget(resource-id: com.simplemobiletools.filemanager.pro:id/item_frame, text: atx-agent.log, class: android.widget.FrameLayout, position: (0, 1676, 1080, 1828))
Widget(resource-id: com.simplemobiletools.filemanager.pro:id/item_holder, class: android.view.ViewGroup, position: (0, 1681, 1080, 1823))
Widget(resource-id: com.simplemobiletools.filemanager.pro:id/item_icon, class: android.widget.ImageView, position: (11, 1681, 153, 1823))
Widget(resource-id: com.simplemobiletools.filemanager.pro:id/item_name, text: atx-agent.log, class: android.widget.TextView, position: (153, 1689, 1027, 1752))
Widget(resource-id: com.simplemobiletools.filemanager.pro:id/item_details, text: 700.9 kB, class: android.widget.TextView, position: (153, 1752, 666, 1815))
Widget(resource-id: com.simplemobiletools.filemanager.pro:id/item_date, text: 16.01.2025, 02:07 PM, class: android.widget.TextView, position: (666, 1758, 1027, 1809))
Widget(resource-id: com.simplemobiletools.filemanager.pro:id/item_frame, text: test1.m4a, class: android.widget.FrameLayout, position: (0, 1833, 1080, 1985))
Widget(resource-id: com.simplemobiletools.filemanager.pro:id/item_holder, class: android.view.ViewGroup, position: (0, 1838, 1080, 1980))
Widget(resource-id: com.simplemobiletools.filemanager.pro:id/item_icon, class: android.widget.ImageView, position: (11, 1838, 153, 1980))
Widget(resource-id: com.simplemobiletools.filemanager.pro:id/item_name, text: test1.m4a, class: android.widget.TextView, position: (153, 1846, 1027, 1909))
Widget(resource-id: com.simplemobiletools.filemanager.pro:id/item_details, text: 75.3 kB, class: android.widget.TextView, position: (153, 1909, 666, 1972))
Widget(resource-id: com.simplemobiletools.filemanager.pro:id/item_date, text: 16.01.2025, 01:14 PM, class: android.widget.TextView, position: (666, 1915, 1027, 1966))
Widget(resource-id: com.simplemobiletools.filemanager.pro:id/item_frame, text: test2.m4a, class: android.widget.FrameLayout, position: (0, 1990, 1080, 2109))
Widget(resource-id: com.simplemobiletools.filemanager.pro:id/item_holder, class: android.view.ViewGroup, position: (0, 1995, 1080, 2109))
Widget(resource-id: com.simplemobiletools.filemanager.pro:id/item_icon, class: android.widget.ImageView, position: (11, 1995, 153, 2109))
Widget(resource-id: com.simplemobiletools.filemanager.pro:id/item_name, text: test2.m4a, class: android.widget.TextView, position: (153, 2003, 1027, 2066))
Widget(resource-id: com.simplemobiletools.filemanager.pro:id/item_details, text: 70.4 kB, class: android.widget.TextView, position: (153, 2066, 666, 2109))
Widget(resource-id: com.simplemobiletools.filemanager.pro:id/item_date, text: 16.01.2025, 01:14 PM, class: android.widget.TextView, position: (666, 2072, 1027, 2109))
Widget(resource-id: com.simplemobiletools.filemanager.pro:id/main_tabs_holder, class: android.widget.HorizontalScrollView, position: (0, 2109, 1080, 2277))
Widget(text: Files, class: android.widget.LinearLayout, position: (0, 2109, 360, 2277))
Widget(resource-id: com.simplemobiletools.filemanager.pro:id/tab_item_holder, class: android.widget.LinearLayout, position: (143, 2141, 217, 2277))
Widget(resource-id: com.simplemobiletools.filemanager.pro:id/tab_item_icon, class: android.widget.ImageView, position: (143, 2141, 217, 2215))
Widget(resource-id: com.simplemobiletools.filemanager.pro:id/tab_item_label, text: Files, class: android.widget.TextView, position: (153, 2215, 206, 2277))
Widget(resource-id: com.simplemobiletools.filemanager.pro:id/tab_item_holder, class: android.widget.LinearLayout, position: (493, 2141, 587, 2277))
Widget(resource-id: com.simplemobiletools.filemanager.pro:id/tab_item_icon, class: android.widget.ImageView, position: (503, 2141, 577, 2215))
Widget(resource-id: com.simplemobiletools.filemanager.pro:id/tab_item_label, text: Recents, class: android.widget.TextView, position: (493, 2215, 587, 2277))
Widget(text: Storage, class: android.widget.LinearLayout, position: (720, 2109, 1080, 2277))
Widget(resource-id: com.simplemobiletools.filemanager.pro:id/tab_item_holder, class: android.widget.LinearLayout, position: (854, 2141, 945, 2277))
Widget(resource-id: com.simplemobiletools.filemanager.pro:id/tab_item_icon, class: android.widget.ImageView, position: (862, 2141, 936, 2215))
Widget(resource-id: com.simplemobiletools.filemanager.pro:id/tab_item_label, text: Storage, class: android.widget.TextView, position: (854, 2215, 945, 2277))


        I would like to know which activity/fragment we are currently on.
        Please respond in the following JSON format:
        {
        "activity_or_fragment": "TestActivity",
        }
        or 
        {
        "activity_or_fragment": "TestFragment",
        }
        If can not determine the activity/fragment,just output{
        "activity_or_fragment": "Unknown"
        }
        Do not output anything else except json format result.
        
2025-01-18 19:38:21,166 - INFO - ------answer------
2025-01-18 19:38:21,166 - INFO - ```json
{
  "activity_or_fragment": "MainActivity"
}
```
2025-01-18 19:38:28,446 - INFO - ------query_instructions------
2025-01-18 19:38:28,447 - INFO - ```json
{
    "task": "go to recents and play video2.mp4",
    "activities_sequence": [
        {
            "activity": "com.simplemobiletools.filemanager.pro.activities.MainActivity",
            "steps": [
                "1. Open the app and navigate to the 'Recents' tab by clicking on the 'Recent Files' tab icon (R.drawable.ic_clock_vector).",
                "2. Locate 'video2.mp4' in the list of recent files.",
                "3. Click on 'video2.mp4' to open it."
            ]
        },
        {
            "activity": "com.simplemobiletools.filemanager.pro.activities.MimeTypesActivity",
            "steps": [
                "4. The video will automatically start playing in the default video player associated with the app."
            ]
        }
    ],
    "explanation": "because the MainActivity contains the 'Recents' tab where recent files like 'video2.mp4' are listed, and the MimeTypesActivity handles the playback of video files."
}
```
