2025-01-17 11:18:58,463 - INFO - This is a event:0
2025-01-17 11:19:17,755 - INFO - -----query_current_activity start query------
2025-01-17 11:19:17,757 - INFO - To achieve the task of searching the call history with "Bob," you need to navigate through the app's activities and identify the relevant components that allow you to search the call history. Based on the provided information, here's a step-by-step approach to accomplish this:

### Step 1: Identify the Main Activity
The `MainActivity` (`com.simplemobiletools.dialer.activities.MainActivity`) is likely the starting point for interacting with the call history. This activity contains a `MySearchMenu` component (`id: @+id/main_menu`), which is probably used for searching within the app.

### Step 2: Locate the Search Functionality
The `MySearchMenu` component (`id: @+id/main_menu`) is likely the search bar or menu where you can input search queries. This component should allow you to enter text (e.g., "Bob") to search through the call history.

### Step 3: Access the Call History
The call history is likely displayed in a `RecyclerView` or similar component within the `MainActivity`. However, the provided layout details for `MainActivity` do not explicitly show a `RecyclerView` for call history. This suggests that the call history might be part of a `ViewPager` (`id: @+id/view_pager`) or another dynamically loaded fragment.

### Step 4: Perform the Search
1. **Open the App**: Start the app, which will launch the `SplashActivity` and then transition to the `MainActivity`.
2. **Access the Search Menu**: Locate the `MySearchMenu` component (`id: @+id/main_menu`) in the `MainActivity`. This is where you can input your search query.
3. **Enter the Search Query**: Type "Bob" into the search bar.
4. **View the Results**: The app should filter the call history and display only the calls related to "Bob."

### Step 5: Verify the Results
After performing the search, verify that the call history displayed only includes calls with "Bob." If the search functionality is not working as expected, you may need to inspect the app's source code further to understand how the search is implemented.

### Additional Considerations
- **Call History Storage**: The call history is likely stored in a database or some form of persistent storage. The search functionality would query this storage to filter the results.
- **Permissions**: Ensure that the app has the necessary permissions to access the call history. This is typically handled by the `READ_CALL_LOG` permission in Android.

### Example Code Snippet (Hypothetical)
If you were to implement this search functionality programmatically, it might look something like this:

```java
// Assuming you are in MainActivity
MySearchMenu searchMenu = findViewById(R.id.main_menu);
searchMenu.setOnQueryTextListener(new MySearchMenu.OnQueryTextListener() {
    @Override
    public boolean onQueryTextSubmit(String query) {
        // Perform the search with the query "Bob"
        filterCallHistory(query);
        return true;
    }

    @Override
    public boolean onQueryTextChange(String newText) {
        // Optional: Filter as you type
        return false;
    }
});

private void filterCallHistory(String query) {
    // Assuming you have a RecyclerView for call history
    CallHistoryAdapter adapter = (CallHistoryAdapter) recyclerView.getAdapter();
    adapter.getFilter().filter(query);
}
```

### Conclusion
By following these steps, you should be able to search the call history for "Bob" within the app. If the app's UI or functionality differs from the provided layout details, you may need to adapt these steps accordingly.

 Here is the information about the screen we are currently on.
Widget(resource-id: com.simplemobiletools.dialer:id/action_bar_root, class: android.widget.FrameLayout, position: (0, 74, 1080, 2277))
Widget(resource-id: com.simplemobiletools.dialer:id/main_coordinator, class: android.view.ViewGroup, position: (0, 74, 1080, 2277))
Widget(resource-id: com.simplemobiletools.dialer:id/main_menu, class: android.widget.LinearLayout, position: (0, 74, 1080, 242))
Widget(resource-id: com.simplemobiletools.dialer:id/top_app_bar_layout, class: android.widget.LinearLayout, position: (42, 74, 1038, 242))
Widget(resource-id: com.simplemobiletools.dialer:id/top_toolbar_holder, class: android.widget.RelativeLayout, position: (42, 95, 1038, 221))
Widget(resource-id: com.simplemobiletools.dialer:id/top_toolbar_search_icon, content-desc: Search, class: android.widget.ImageView, position: (42, 95, 147, 221))
Widget(resource-id: com.simplemobiletools.dialer:id/top_toolbar_search, text: Search, class: android.widget.EditText, position: (147, 95, 626, 221))
Widget(resource-id: com.simplemobiletools.dialer:id/top_toolbar, class: android.view.ViewGroup, position: (626, 95, 1027, 221))
Widget(resource-id: com.simplemobiletools.dialer:id/sort, content-desc: Sort by, class: android.widget.Button, position: (668, 95, 795, 221))
Widget(resource-id: com.simplemobiletools.dialer:id/filter, content-desc: Filter, class: android.widget.Button, position: (795, 95, 922, 221))
Widget(content-desc: More options, class: android.widget.ImageView, position: (922, 95, 1027, 221))
Widget(resource-id: com.simplemobiletools.dialer:id/main_holder, class: android.view.ViewGroup, position: (0, 242, 1080, 2277))
Widget(resource-id: com.simplemobiletools.dialer:id/view_pager, class: r4.i, position: (0, 242, 1080, 2109))
Widget(resource-id: com.simplemobiletools.dialer:id/favorites_fragment, class: android.widget.RelativeLayout, position: (0, 242, 1080, 2109))
Widget(resource-id: com.simplemobiletools.dialer:id/fragment_wrapper, class: android.widget.RelativeLayout, position: (0, 242, 1080, 2109))
Widget(resource-id: com.simplemobiletools.dialer:id/fragment_list, class: androidx.recyclerview.widget.RecyclerView, position: (0, 242, 1080, 2109))
Widget(resource-id: com.simplemobiletools.dialer:id/item_contact_frame, text: Alice, class: android.view.ViewGroup, position: (0, 242, 1080, 410))
Widget(resource-id: com.simplemobiletools.dialer:id/item_contact_image, class: android.widget.ImageView, position: (43, 263, 169, 389))
Widget(resource-id: com.simplemobiletools.dialer:id/item_contact_name, text: Alice, class: android.widget.TextView, position: (169, 295, 1048, 358))
Widget(resource-id: com.simplemobiletools.dialer:id/letter_fastscroller_thumb, class: android.view.ViewGroup, position: (807, 242, 954, 431))
Widget(resource-id: com.simplemobiletools.dialer:id/letter_fastscroller, text: A, class: android.widget.LinearLayout, position: (996, 242, 1080, 431))
Widget(text: A, class: android.widget.TextView, position: (996, 305, 1080, 368))
Widget(resource-id: com.simplemobiletools.dialer:id/main_dialpad_button, content-desc: Dialpad, class: android.widget.ImageButton, position: (880, 1920, 1027, 2067))
Widget(resource-id: com.simplemobiletools.dialer:id/main_tabs_holder, class: android.widget.HorizontalScrollView, position: (0, 2109, 1080, 2277))
Widget(text: Contacts, class: android.widget.LinearLayout, position: (0, 2109, 360, 2277))
Widget(resource-id: com.simplemobiletools.dialer:id/tab_item_holder, class: android.widget.LinearLayout, position: (127, 2141, 232, 2277))
Widget(resource-id: com.simplemobiletools.dialer:id/tab_item_icon, class: android.widget.ImageView, position: (142, 2141, 216, 2215))
Widget(resource-id: com.simplemobiletools.dialer:id/tab_item_label, text: Contacts, class: android.widget.TextView, position: (127, 2215, 232, 2277))
Widget(resource-id: com.simplemobiletools.dialer:id/tab_item_holder, class: android.widget.LinearLayout, position: (486, 2141, 593, 2277))
Widget(resource-id: com.simplemobiletools.dialer:id/tab_item_icon, class: android.widget.ImageView, position: (502, 2141, 576, 2215))
Widget(resource-id: com.simplemobiletools.dialer:id/tab_item_label, text: Favorites, class: android.widget.TextView, position: (486, 2215, 593, 2277))
Widget(text: Call History, class: android.widget.LinearLayout, position: (720, 2109, 1080, 2277))
Widget(resource-id: com.simplemobiletools.dialer:id/tab_item_holder, class: android.widget.LinearLayout, position: (834, 2141, 966, 2277))
Widget(resource-id: com.simplemobiletools.dialer:id/tab_item_icon, class: android.widget.ImageView, position: (863, 2141, 937, 2215))
Widget(resource-id: com.simplemobiletools.dialer:id/tab_item_label, text: Call History, class: android.widget.TextView, position: (834, 2215, 966, 2277))
Widget(content-desc: Speakerphone enabled., class: android.widget.ImageView, position: (819, 8, 866, 66))


        I would like to know which activity/fragment we are currently on.
        Please respond in the following JSON format:
        {
        "activity_or_fragment": "TestActivity",
        }
        or 
        {
        "activity_or_fragment": "TestFragment",
        }
        If can not determine the activity/fragment,just output{
        "activity_or_fragment": "Unknown"
        }
        Do not output anything else except json format result.
        
2025-01-17 11:19:19,015 - INFO - ------answer------
2025-01-17 11:19:19,016 - INFO - ```json
{
  "activity_or_fragment": "MainActivity"
}
```
2025-01-17 11:19:35,159 - INFO - ------query_instructions------
2025-01-17 11:19:35,159 - INFO - ```json
{
    "task": "search call history with Bob",
    "activities_sequence": [
        {
            "activity": "SplashActivity",
            "steps": [
                "1. The app starts with SplashActivity, which initializes the MainActivity and transitions to it."
            ]
        },
        {
            "activity": "MainActivity",
            "steps": [
                "2. In MainActivity, navigate to the 'Call History' tab by selecting the appropriate tab (e.g., the clock icon).",
                "3. Use the search functionality in the RecentsFragment to search for 'Bob' in the call history.",
                "4. Review the filtered call history results to find calls related to 'Bob'."
            ]
        }
    ],
    "explanation": "because the MainActivity contains the RecentsFragment, which handles the display and search functionality for call history."
}
```
