2025-01-17 00:44:40,806 - INFO - This is a event:0
2025-01-17 00:44:59,866 - INFO - -----query_current_activity start query------
2025-01-17 00:44:59,867 - INFO - To change the font size of the Contacts app to "medium," you need to identify where the font size is being set in the app's layout files and adjust it accordingly. Based on the provided layout information, the font size is typically set using the `textSize` attribute in the XML layout files.

### Steps to Change the Font Size to Medium:

1. **Identify the Relevant Layout Files:**
   - The font size is likely defined in the `activity_main.xml`, `activity_settings.xml`, and other layout files where text views are used.
   - From the provided layout information, the `textSize` attribute is used in various `TextView` and `MyTextView` elements.

2. **Locate the `textSize` Attribute:**
   - The `textSize` attribute is often set to `@dimen/bigger_text_size` or similar values. You need to find where this dimension is defined.

3. **Modify the Dimension Resource:**
   - Open the `dimens.xml` file (usually located in the `res/values` directory).
   - Look for the dimension resource `bigger_text_size` or any other dimension that defines the text size.
   - Change the value to a medium size, for example:
     ```xml
     <dimen name="bigger_text_size">16sp</dimen>
     ```
     Adjust the value (`16sp` in this case) to your desired medium size.

4. **Check for Specific Text Sizes:**
   - If some text views have specific sizes set directly in the layout files, you may need to modify those individually.
   - For example, in `activity_settings.xml`, you might find:
     ```xml
     <com.simplemobiletools.commons.views.MyTextView
         android:id="@+id/settings_font_size"
         style="@style/SettingsTextValueStyle"
         android:layout_below="@+id/settings_font_size_label"
         android:text="@string/medium"
         android:textSize="@dimen/bigger_text_size" />
     ```
     Ensure that the `textSize` attribute is set to the desired medium size.

5. **Rebuild and Test the App:**
   - After making the changes, rebuild the app and test it to ensure that the font size has been updated to medium across all relevant views.

### Example of Changing Font Size in `dimens.xml`:
If the `dimens.xml` file contains:
```xml
<dimen name="bigger_text_size">18sp</dimen>
```
Change it to:
```xml
<dimen name="bigger_text_size">16sp</dimen>
```

### Example of Changing Font Size in a Specific Layout:
If a specific `TextView` in `activity_main.xml` has:
```xml
<TextView
    android:id="@+id/some_text_view"
    android:textSize="@dimen/bigger_text_size"
    ... />
```
Ensure that `@dimen/bigger_text_size` is set to the desired medium size in `dimens.xml`.

### Conclusion:
By modifying the `textSize` attribute in the relevant layout files and ensuring that the dimension resources are set to a medium size, you can change the font size of the Contacts app to medium. Make sure to test the app thoroughly after making these changes to ensure consistency across all screens.

 Here is the information about the screen we are currently on.
Widget(resource-id: com.simplemobiletools.contacts.pro:id/action_bar_root, class: android.widget.FrameLayout, position: (0, 74, 1080, 2277))
Widget(resource-id: com.simplemobiletools.contacts.pro:id/main_coordinator, class: android.view.ViewGroup, position: (0, 74, 1080, 2277))
Widget(resource-id: com.simplemobiletools.contacts.pro:id/main_menu, class: android.widget.LinearLayout, position: (0, 74, 1080, 242))
Widget(resource-id: com.simplemobiletools.contacts.pro:id/top_app_bar_layout, class: android.widget.LinearLayout, position: (42, 74, 1038, 242))
Widget(resource-id: com.simplemobiletools.contacts.pro:id/top_toolbar_holder, class: android.widget.RelativeLayout, position: (42, 95, 1038, 221))
Widget(resource-id: com.simplemobiletools.contacts.pro:id/top_toolbar_search_icon, content-desc: Search, class: android.widget.ImageView, position: (42, 95, 147, 221))
Widget(resource-id: com.simplemobiletools.contacts.pro:id/top_toolbar_search, text: Search, class: android.widget.EditText, position: (147, 95, 626, 221))
Widget(resource-id: com.simplemobiletools.contacts.pro:id/top_toolbar, class: android.view.ViewGroup, position: (626, 95, 1027, 221))
Widget(resource-id: com.simplemobiletools.contacts.pro:id/sort, content-desc: Sort by, class: android.widget.Button, position: (668, 95, 795, 221))
Widget(resource-id: com.simplemobiletools.contacts.pro:id/filter, content-desc: Filter, class: android.widget.Button, position: (795, 95, 922, 221))
Widget(content-desc: More options, class: android.widget.ImageView, position: (922, 95, 1027, 221))
Widget(resource-id: com.simplemobiletools.contacts.pro:id/main_holder, class: android.view.ViewGroup, position: (0, 242, 1080, 2277))
Widget(resource-id: com.simplemobiletools.contacts.pro:id/view_pager, class: p4.i, position: (0, 242, 1080, 2109))
Widget(resource-id: com.simplemobiletools.contacts.pro:id/contacts_fragment, class: android.view.ViewGroup, position: (0, 242, 1080, 2109))
Widget(resource-id: com.simplemobiletools.contacts.pro:id/fragment_wrapper, class: android.widget.RelativeLayout, position: (0, 242, 1080, 2109))
Widget(resource-id: com.simplemobiletools.contacts.pro:id/fragment_list, class: androidx.recyclerview.widget.RecyclerView, position: (0, 242, 1080, 2109))
Widget(resource-id: com.simplemobiletools.contacts.pro:id/item_contact_frame, text: Alice, class: android.view.ViewGroup, position: (0, 242, 1080, 410))
Widget(resource-id: com.simplemobiletools.contacts.pro:id/item_contact_image, class: android.widget.ImageView, position: (43, 263, 169, 389))
Widget(resource-id: com.simplemobiletools.contacts.pro:id/item_contact_name, text: Alice, class: android.widget.TextView, position: (169, 298, 1048, 355))
Widget(resource-id: com.simplemobiletools.contacts.pro:id/item_contact_frame, text: Jack, class: android.view.ViewGroup, position: (0, 415, 1080, 583))
Widget(resource-id: com.simplemobiletools.contacts.pro:id/item_contact_image, class: android.widget.ImageView, position: (43, 436, 169, 562))
Widget(resource-id: com.simplemobiletools.contacts.pro:id/item_contact_name, text: Jack, class: android.widget.TextView, position: (169, 471, 1048, 528))
Widget(resource-id: com.simplemobiletools.contacts.pro:id/item_contact_frame, text: stephen.bob@example.com, class: android.view.ViewGroup, position: (0, 588, 1080, 756))
Widget(resource-id: com.simplemobiletools.contacts.pro:id/item_contact_image, class: android.widget.ImageView, position: (43, 609, 169, 735))
Widget(resource-id: com.simplemobiletools.contacts.pro:id/item_contact_name, text: stephen.bob@example.com, class: android.widget.TextView, position: (169, 644, 1048, 701))
Widget(resource-id: com.simplemobiletools.contacts.pro:id/item_contact_frame, text: 12345678900, class: android.view.ViewGroup, position: (0, 761, 1080, 929))
Widget(resource-id: com.simplemobiletools.contacts.pro:id/item_contact_image, class: android.widget.ImageView, position: (43, 782, 169, 908))
Widget(resource-id: com.simplemobiletools.contacts.pro:id/item_contact_name, text: 12345678900, class: android.widget.TextView, position: (169, 817, 1048, 874))
Widget(resource-id: com.simplemobiletools.contacts.pro:id/item_contact_frame, text: 12345678900123123456789001234567890045678900, class: android.view.ViewGroup, position: (0, 934, 1080, 1102))
Widget(resource-id: com.simplemobiletools.contacts.pro:id/item_contact_image, class: android.widget.ImageView, position: (43, 955, 169, 1081))
Widget(resource-id: com.simplemobiletools.contacts.pro:id/item_contact_name, text: 12345678900123123456789001234567890045678900, class: android.widget.TextView, position: (169, 990, 1048, 1047))
Widget(resource-id: com.simplemobiletools.contacts.pro:id/letter_fastscroller_thumb, class: android.view.ViewGroup, position: (807, 242, 954, 593))
Widget(resource-id: com.simplemobiletools.contacts.pro:id/letter_fastscroller, text: A
J
S
1, class: android.widget.LinearLayout, position: (996, 242, 1080, 593))
Widget(text: A
J
S
1, class: android.widget.TextView, position: (996, 305, 1080, 530))
Widget(resource-id: com.simplemobiletools.contacts.pro:id/fragment_fab, content-desc: Create new contact, class: android.widget.ImageButton, position: (891, 1920, 1038, 2067))
Widget(resource-id: com.simplemobiletools.contacts.pro:id/main_dialpad_button, content-desc: Dialpad, class: android.widget.ImageView, position: (461, 1909, 619, 2067))
Widget(resource-id: com.simplemobiletools.contacts.pro:id/main_tabs_holder, class: android.widget.HorizontalScrollView, position: (0, 2109, 1080, 2277))
Widget(resource-id: com.simplemobiletools.contacts.pro:id/tab_item_holder, class: android.widget.LinearLayout, position: (127, 2141, 232, 2277))
Widget(resource-id: com.simplemobiletools.contacts.pro:id/tab_item_icon, class: android.widget.ImageView, position: (142, 2141, 216, 2215))
Widget(resource-id: com.simplemobiletools.contacts.pro:id/tab_item_label, text: Contacts, class: android.widget.TextView, position: (127, 2215, 232, 2277))
Widget(text: Favorites, class: android.widget.LinearLayout, position: (360, 2109, 720, 2277))
Widget(resource-id: com.simplemobiletools.contacts.pro:id/tab_item_holder, class: android.widget.LinearLayout, position: (486, 2141, 593, 2277))
Widget(resource-id: com.simplemobiletools.contacts.pro:id/tab_item_icon, class: android.widget.ImageView, position: (502, 2141, 576, 2215))
Widget(resource-id: com.simplemobiletools.contacts.pro:id/tab_item_label, text: Favorites, class: android.widget.TextView, position: (486, 2215, 593, 2277))
Widget(text: Groups, class: android.widget.LinearLayout, position: (720, 2109, 1080, 2277))
Widget(resource-id: com.simplemobiletools.contacts.pro:id/tab_item_holder, class: android.widget.LinearLayout, position: (858, 2141, 942, 2277))
Widget(resource-id: com.simplemobiletools.contacts.pro:id/tab_item_icon, class: android.widget.ImageView, position: (863, 2141, 937, 2215))
Widget(resource-id: com.simplemobiletools.contacts.pro:id/tab_item_label, text: Groups, class: android.widget.TextView, position: (858, 2215, 942, 2277))
Widget(content-desc: Speakerphone enabled., class: android.widget.ImageView, position: (819, 8, 866, 66))


        I would like to know which activity/fragment we are currently on.
        Please respond in the following JSON format:
        {
        "activity_or_fragment": "TestActivity",
        }
        or 
        {
        "activity_or_fragment": "TestFragment",
        }
        If can not determine the activity/fragment,just output{
        "activity_or_fragment": "Unknown"
        }
        Do not output anything else except json format result.
        
2025-01-17 00:45:01,621 - INFO - ------answer------
2025-01-17 00:45:01,622 - INFO - ```json
{
"activity_or_fragment": "Unknown"
}
```
2025-01-17 00:45:25,072 - INFO - ------query_instructions------
2025-01-17 00:45:25,072 - INFO - ```json
{
    "task": "Change the font size of the Contacts app to medium",
    "activities_sequence": [
        {
            "activity": "MainActivity",
            "steps": [
                "1. Open the Contacts app.",
                "2. Tap on the 'Settings' option in the menu."
            ]
        },
        {
            "activity": "SettingsActivity",
            "steps": [
                "3. Scroll down to the 'General Settings' section.",
                "4. Tap on 'Font Size'.",
                "5. Select 'Medium' from the list of font size options."
            ]
        }
    ],
    "explanation": "because the SettingsActivity contains the option to change the font size of the app."
}
```
