2025-01-17 01:46:20,729 - INFO - This is a event:0
2025-01-17 01:46:42,977 - INFO - -----query_current_activity start query------
2025-01-17 01:46:42,979 - INFO - To disable the dial pad button on the main screen, you need to focus on the `MainActivity` and its corresponding layout file `R.layout.activity_main`. Specifically, you need to locate the `ImageView` with the ID `@+id/main_dialpad_button` in the layout file and either remove it or hide it programmatically.

### Steps to Disable the Dial Pad Button:

1. **Locate the Dial Pad Button in the Layout:**
   - In the `R.layout.activity_main` layout file, the dial pad button is defined as follows:
     ```xml
     <ImageView
         android:id="@+id/main_dialpad_button"
         android:layout_marginBottom="@dimen/activity_margin"
         android:contentDescription="@string/dialpad"
         android:elevation="@dimen/medium_margin"
         android:layout_constraintBottom_toTopOf="@+id/main_tabs_holder"
         android:layout_constraintEnd_toEndOf="parent"
         android:layout_constraintStart_toStartOf="parent" />
     ```

2. **Option 1: Remove the Button from the Layout:**
   - Simply delete the above XML snippet from the `activity_main.xml` layout file. This will remove the dial pad button from the UI.

3. **Option 2: Hide the Button Programmatically:**
   - If you want to keep the button in the layout but hide it based on certain conditions, you can do so in the `MainActivity` class.

   - In `MainActivity.java`, locate the `onCreate` method or any other appropriate lifecycle method where you want to hide the button.

   - Add the following code to hide the dial pad button:
     ```java
     ImageView dialPadButton = findViewById(R.id.main_dialpad_button);
     if (dialPadButton != null) {
         dialPadButton.setVisibility(View.GONE); // or View.INVISIBLE if you want to hide it but keep the space
     }
     ```

4. **Option 3: Disable the Button Programmatically:**
   - If you want to keep the button visible but disable its functionality, you can disable the button:
     ```java
     ImageView dialPadButton = findViewById(R.id.main_dialpad_button);
     if (dialPadButton != null) {
         dialPadButton.setEnabled(false);
         dialPadButton.setClickable(false);
     }
     ```

5. **Option 4: Modify the Settings to Hide the Button:**
   - If the app has a setting to control the visibility of the dial pad button, you can modify the settings to hide it. In the `SettingsActivity`, there is a checkbox with the ID `@+id/settings_show_dialpad_button` that controls the visibility of the dial pad button.

   - You can programmatically set this checkbox to unchecked in the `SettingsActivity` or modify the default value in the app's shared preferences.

   - Example code to uncheck the setting programmatically:
     ```java
     MyAppCompatCheckbox showDialPadButtonCheckbox = findViewById(R.id.settings_show_dialpad_button);
     if (showDialPadButtonCheckbox != null) {
         showDialPadButtonCheckbox.setChecked(false);
     }
     ```

### Summary:
- **Remove the Button:** Delete the `ImageView` with ID `@+id/main_dialpad_button` from `activity_main.xml`.
- **Hide the Button:** Use `setVisibility(View.GONE)` in `MainActivity`.
- **Disable the Button:** Use `setEnabled(false)` and `setClickable(false)` in `MainActivity`.
- **Modify Settings:** Uncheck the `settings_show_dialpad_button` checkbox in `SettingsActivity`.

Choose the approach that best fits your requirements. If you want to permanently remove the button, Option 1 is the simplest. If you want to dynamically control its visibility, consider Options 2, 3, or 4.

 Here is the information about the screen we are currently on.
Widget(resource-id: com.simplemobiletools.contacts.pro:id/action_bar_root, class: android.widget.FrameLayout, position: (0, 74, 1080, 2277))
Widget(resource-id: com.simplemobiletools.contacts.pro:id/main_coordinator, class: android.view.ViewGroup, position: (0, 74, 1080, 2277))
Widget(resource-id: com.simplemobiletools.contacts.pro:id/main_menu, class: android.widget.LinearLayout, position: (0, 74, 1080, 242))
Widget(resource-id: com.simplemobiletools.contacts.pro:id/top_app_bar_layout, class: android.widget.LinearLayout, position: (42, 74, 1038, 242))
Widget(resource-id: com.simplemobiletools.contacts.pro:id/top_toolbar_holder, class: android.widget.RelativeLayout, position: (42, 95, 1038, 221))
Widget(resource-id: com.simplemobiletools.contacts.pro:id/top_toolbar_search_icon, content-desc: Search, class: android.widget.ImageView, position: (42, 95, 147, 221))
Widget(resource-id: com.simplemobiletools.contacts.pro:id/top_toolbar_search, text: Search, class: android.widget.EditText, position: (147, 95, 626, 221))
Widget(resource-id: com.simplemobiletools.contacts.pro:id/top_toolbar, class: android.view.ViewGroup, position: (626, 95, 1027, 221))
Widget(resource-id: com.simplemobiletools.contacts.pro:id/sort, content-desc: Sort by, class: android.widget.Button, position: (668, 95, 795, 221))
Widget(resource-id: com.simplemobiletools.contacts.pro:id/filter, content-desc: Filter, class: android.widget.Button, position: (795, 95, 922, 221))
Widget(content-desc: More options, class: android.widget.ImageView, position: (922, 95, 1027, 221))
Widget(resource-id: com.simplemobiletools.contacts.pro:id/main_holder, class: android.view.ViewGroup, position: (0, 242, 1080, 2277))
Widget(resource-id: com.simplemobiletools.contacts.pro:id/view_pager, class: p4.i, position: (0, 242, 1080, 2109))
Widget(resource-id: com.simplemobiletools.contacts.pro:id/contacts_fragment, class: android.view.ViewGroup, position: (0, 242, 1080, 2109))
Widget(resource-id: com.simplemobiletools.contacts.pro:id/fragment_wrapper, class: android.widget.RelativeLayout, position: (0, 242, 1080, 2109))
Widget(resource-id: com.simplemobiletools.contacts.pro:id/fragment_list, class: androidx.recyclerview.widget.RecyclerView, position: (0, 242, 1080, 2109))
Widget(resource-id: com.simplemobiletools.contacts.pro:id/item_contact_frame, text: Alice, class: android.view.ViewGroup, position: (0, 242, 1080, 410))
Widget(resource-id: com.simplemobiletools.contacts.pro:id/item_contact_image, class: android.widget.ImageView, position: (43, 263, 169, 389))
Widget(resource-id: com.simplemobiletools.contacts.pro:id/item_contact_name, text: Alice, class: android.widget.TextView, position: (169, 269, 1048, 326))
Widget(resource-id: com.simplemobiletools.contacts.pro:id/item_contact_number, text: 12345678900, class: android.widget.TextView, position: (169, 326, 1048, 383))
Widget(resource-id: com.simplemobiletools.contacts.pro:id/item_contact_frame, text: Jack, class: android.view.ViewGroup, position: (0, 415, 1080, 583))
Widget(resource-id: com.simplemobiletools.contacts.pro:id/item_contact_image, class: android.widget.ImageView, position: (43, 436, 169, 562))
Widget(resource-id: com.simplemobiletools.contacts.pro:id/item_contact_name, text: Jack, class: android.widget.TextView, position: (169, 442, 1048, 499))
Widget(resource-id: com.simplemobiletools.contacts.pro:id/item_contact_number, class: android.widget.TextView, position: (169, 499, 1048, 556))
Widget(resource-id: com.simplemobiletools.contacts.pro:id/item_contact_frame, text: stephen.bob@example.com, class: android.view.ViewGroup, position: (0, 588, 1080, 756))
Widget(resource-id: com.simplemobiletools.contacts.pro:id/item_contact_image, class: android.widget.ImageView, position: (43, 609, 169, 735))
Widget(resource-id: com.simplemobiletools.contacts.pro:id/item_contact_name, text: stephen.bob@example.com, class: android.widget.TextView, position: (169, 615, 1048, 672))
Widget(resource-id: com.simplemobiletools.contacts.pro:id/item_contact_number, text: 12345678900, class: android.widget.TextView, position: (169, 672, 1048, 729))
Widget(resource-id: com.simplemobiletools.contacts.pro:id/item_contact_frame, text: 12345678900, class: android.view.ViewGroup, position: (0, 761, 1080, 929))
Widget(resource-id: com.simplemobiletools.contacts.pro:id/item_contact_image, class: android.widget.ImageView, position: (43, 782, 169, 908))
Widget(resource-id: com.simplemobiletools.contacts.pro:id/item_contact_name, text: 12345678900, class: android.widget.TextView, position: (169, 788, 1048, 845))
Widget(resource-id: com.simplemobiletools.contacts.pro:id/item_contact_number, text: 12345678900, class: android.widget.TextView, position: (169, 845, 1048, 902))
Widget(resource-id: com.simplemobiletools.contacts.pro:id/item_contact_frame, text: 12345678900123123456789001234567890045678900, class: android.view.ViewGroup, position: (0, 934, 1080, 1102))
Widget(resource-id: com.simplemobiletools.contacts.pro:id/item_contact_image, class: android.widget.ImageView, position: (43, 955, 169, 1081))
Widget(resource-id: com.simplemobiletools.contacts.pro:id/item_contact_name, text: 12345678900123123456789001234567890045678900, class: android.widget.TextView, position: (169, 961, 1048, 1018))
Widget(resource-id: com.simplemobiletools.contacts.pro:id/item_contact_number, text: 12345678900123123456789001234567890045678900, class: android.widget.TextView, position: (169, 1018, 1048, 1075))
Widget(resource-id: com.simplemobiletools.contacts.pro:id/letter_fastscroller_thumb, class: android.view.ViewGroup, position: (807, 242, 954, 593))
Widget(resource-id: com.simplemobiletools.contacts.pro:id/letter_fastscroller, text: A
J
S
1, class: android.widget.LinearLayout, position: (996, 242, 1080, 593))
Widget(text: A
J
S
1, class: android.widget.TextView, position: (996, 305, 1080, 530))
Widget(resource-id: com.simplemobiletools.contacts.pro:id/fragment_fab, content-desc: Create new contact, class: android.widget.ImageButton, position: (891, 1920, 1038, 2067))
Widget(resource-id: com.simplemobiletools.contacts.pro:id/main_dialpad_button, content-desc: Dialpad, class: android.widget.ImageView, position: (461, 1909, 619, 2067))
Widget(resource-id: com.simplemobiletools.contacts.pro:id/main_tabs_holder, class: android.widget.HorizontalScrollView, position: (0, 2109, 1080, 2277))
Widget(resource-id: com.simplemobiletools.contacts.pro:id/tab_item_holder, class: android.widget.LinearLayout, position: (127, 2141, 232, 2277))
Widget(resource-id: com.simplemobiletools.contacts.pro:id/tab_item_icon, class: android.widget.ImageView, position: (142, 2141, 216, 2215))
Widget(resource-id: com.simplemobiletools.contacts.pro:id/tab_item_label, text: Contacts, class: android.widget.TextView, position: (127, 2215, 232, 2277))
Widget(text: Favorites, class: android.widget.LinearLayout, position: (360, 2109, 720, 2277))
Widget(resource-id: com.simplemobiletools.contacts.pro:id/tab_item_holder, class: android.widget.LinearLayout, position: (486, 2141, 593, 2277))
Widget(resource-id: com.simplemobiletools.contacts.pro:id/tab_item_icon, class: android.widget.ImageView, position: (502, 2141, 576, 2215))
Widget(resource-id: com.simplemobiletools.contacts.pro:id/tab_item_label, text: Favorites, class: android.widget.TextView, position: (486, 2215, 593, 2277))
Widget(text: Groups, class: android.widget.LinearLayout, position: (720, 2109, 1080, 2277))
Widget(resource-id: com.simplemobiletools.contacts.pro:id/tab_item_holder, class: android.widget.LinearLayout, position: (858, 2141, 942, 2277))
Widget(resource-id: com.simplemobiletools.contacts.pro:id/tab_item_icon, class: android.widget.ImageView, position: (863, 2141, 937, 2215))
Widget(resource-id: com.simplemobiletools.contacts.pro:id/tab_item_label, text: Groups, class: android.widget.TextView, position: (858, 2215, 942, 2277))
Widget(content-desc: Speakerphone enabled., class: android.widget.ImageView, position: (819, 8, 866, 66))


        I would like to know which activity/fragment we are currently on.
        Please respond in the following JSON format:
        {
        "activity_or_fragment": "TestActivity",
        }
        or 
        {
        "activity_or_fragment": "TestFragment",
        }
        If can not determine the activity/fragment,just output{
        "activity_or_fragment": "Unknown"
        }
        Do not output anything else except json format result.
        
2025-01-17 01:46:44,803 - INFO - ------answer------
2025-01-17 01:46:44,804 - INFO - ```json
{
"activity_or_fragment": "MainActivity"
}
```
2025-01-17 01:47:10,433 - INFO - ------query_instructions------
2025-01-17 01:47:10,433 - INFO - ```json
{
    "task": "Disable showing the dial pad button on the main screen",
    "activities_sequence": [
        {
            "activity": "MainActivity",
            "steps": [
                "1. Open the app and navigate to the main screen.",
                "2. Locate the dial pad button on the main screen."
            ]
        },
        {
            "activity": "SettingsActivity",
            "steps": [
                "3. Access the settings menu from the main screen.",
                "4. Find the 'Show Dialpad Button' option in the settings.",
                "5. Toggle the 'Show Dialpad Button' option to disable it."
            ]
        }
    ],
    "explanation": "because the 'Show Dialpad Button' option in the SettingsActivity controls the visibility of the dial pad button on the main screen."
}
```
