2025-01-18 15:28:51,555 - INFO - This is a event:0
2025-01-18 15:28:51,678 - INFO - -----query_current_activity start query------
2025-01-18 15:28:51,680 - INFO - To set the photo compression quality to 50%, you need to modify the `settings_photo_quality` element in the `SettingsActivity`. This element is a `TextView` that displays the current photo compression quality, which is currently set to 80%.

Here¡¯s how you can achieve this:

### Step 1: Locate the `settings_photo_quality` element
The `settings_photo_quality` element is part of the `R.layout.activity_settings` layout. It is a `TextView` that displays the current photo compression quality.

### Step 2: Modify the `settings_photo_quality` element
You need to change the text value of the `settings_photo_quality` element from `80%` to `50%`.

### Step 3: Update the corresponding code in `SettingsActivity`
In the `SettingsActivity` class, there should be a method or a section of code that initializes or updates the `settings_photo_quality` TextView. You need to locate this code and change the value from `80%` to `50%`.

Here¡¯s an example of how you might do this:

```java
// Assuming this is the code that initializes the photo quality TextView
TextView photoQualityTextView = findViewById(R.id.settings_photo_quality);
photoQualityTextView.setText("50%");
```

### Step 4: Update the underlying logic (if necessary)
If the photo compression quality is controlled by a setting or preference, you may also need to update the corresponding preference value. For example, if the app uses `SharedPreferences` to store this setting, you would need to update the preference value as well.

```java
// Example of updating SharedPreferences
SharedPreferences sharedPreferences = getSharedPreferences("AppSettings", MODE_PRIVATE);
SharedPreferences.Editor editor = sharedPreferences.edit();
editor.putInt("photo_quality", 50); // Assuming the value is stored as an integer
editor.apply();
```

### Step 5: Rebuild and test the app
After making these changes, rebuild the app and test it to ensure that the photo compression quality is correctly set to 50%.

### Summary
- Locate the `settings_photo_quality` TextView in the `SettingsActivity`.
- Change the text value from `80%` to `50%`.
- Update any corresponding code or preferences that control the photo compression quality.
- Rebuild and test the app to confirm the change.

This should achieve your goal of setting the photo compression quality to 50%.

 Here is the information about the screen we are currently on.
Widget(resource-id: com.simplemobiletools.camera:id/action_bar_root, class: android.widget.FrameLayout, position: (0, 0, 1080, 2277))
Widget(resource-id: com.simplemobiletools.camera:id/view_holder, class: android.view.ViewGroup, position: (0, 0, 1080, 2277))
Widget(resource-id: com.simplemobiletools.camera:id/preview_view, class: android.widget.FrameLayout, position: (0, 0, 1080, 2277))
Widget(resource-id: com.simplemobiletools.camera:id/top_options, class: android.widget.FrameLayout, position: (0, 0, 1080, 147))
Widget(resource-id: com.simplemobiletools.camera:id/layout_top, class: android.widget.LinearLayout, position: (0, 0, 1080, 147))
Widget(resource-id: com.simplemobiletools.camera:id/toggle_timer, content-desc: Toggle the timer mode, class: android.widget.Button, position: (0, 0, 270, 147))
Widget(resource-id: com.simplemobiletools.camera:id/toggle_flash, content-desc: Toggle the flashlight mode, class: android.widget.Button, position: (270, 0, 540, 147))
Widget(resource-id: com.simplemobiletools.camera:id/change_resolution, content-desc: Resolution, class: android.widget.Button, position: (540, 0, 810, 147))
Widget(resource-id: com.simplemobiletools.camera:id/settings, content-desc: Settings, class: android.widget.Button, position: (810, 0, 1080, 147))
Widget(resource-id: com.simplemobiletools.camera:id/bottom_overlay, class: android.view.View, position: (0, 1825, 1080, 2277))
Widget(resource-id: com.simplemobiletools.camera:id/camera_mode_holder, class: android.widget.RelativeLayout, position: (0, 1825, 1080, 2035))
Widget(resource-id: com.simplemobiletools.camera:id/camera_mode_tab, class: android.widget.HorizontalScrollView, position: (0, 1846, 1080, 1972))
Widget(content-desc: Video, text: Video, class: android.widget.LinearLayout, position: (351, 1846, 540, 1972))
Widget(text: Video, class: android.widget.TextView, position: (397, 1883, 494, 1934))
Widget(content-desc: Photo, class: android.widget.LinearLayout, position: (540, 1846, 729, 1972))
Widget(text: Photo, class: android.widget.TextView, position: (584, 1883, 684, 1934))
Widget(resource-id: com.simplemobiletools.camera:id/toggle_camera, content-desc: Toggle front/back camera, class: android.widget.ImageView, position: (150, 2056, 297, 2203))
Widget(resource-id: com.simplemobiletools.camera:id/shutter, content-desc: Shutter, class: android.widget.ImageView, position: (446, 2035, 635, 2224))
Widget(resource-id: com.simplemobiletools.camera:id/last_photo_video_preview, content-desc: View last captured media, class: android.widget.ImageView, position: (784, 2056, 931, 2203))


        I would like to know which activity/fragment we are currently on.
        Please respond in the following JSON format:
        {
        "activity_or_fragment": "TestActivity",
        }
        or 
        {
        "activity_or_fragment": "TestFragment",
        }
        If can not determine the activity/fragment,just output{
        "activity_or_fragment": "Unknown"
        }
        Do not output anything else except json format result.
        
2025-01-18 15:28:52,862 - INFO - ------answer------
2025-01-18 15:28:52,862 - INFO - ```json
{
"activity_or_fragment": "Unknown"
}
```
2025-01-18 15:28:58,901 - INFO - ------query_instructions------
2025-01-18 15:28:58,902 - INFO - ```json
{
    "task": "set photo compression quality to 50%",
    "activities_sequence": [
        {
            "activity": "MainActivity",
            "steps": [
                "1. Open the app and navigate to the main camera interface.",
                "2. Tap on the settings button (gear icon) located in the top-right corner of the screen."
            ]
        },
        {
            "activity": "SettingsActivity",
            "steps": [
                "3. Scroll down to the 'Saving' section.",
                "4. Tap on the 'Photo Compression Quality' option.",
                "5. Select '50%' from the list of available quality options.",
                "6. Confirm the selection by tapping 'OK' or the checkmark icon."
            ]
        }
    ],
    "explanation": "because the SettingsActivity contains the option to adjust the photo compression quality, and the user can select 50% as the desired quality level."
}
```
