2025-01-16 15:03:42,286 - INFO - This is a event:0
2025-01-16 15:03:58,668 - INFO - -----query_current_activity start query------
2025-01-16 15:03:58,670 - INFO - To achieve the task of turning off the "Increase Volume Gradually" feature in the app, you need to interact with the `SettingsActivity` where this option is likely controlled. Based on the provided layout information, the `SettingsActivity` contains a checkbox with the ID `settings_increase_volume_gradually` that controls this feature.

### Steps to Turn Off "Increase Volume Gradually":

1. **Navigate to `SettingsActivity`:**
   - The `SettingsActivity` is where the app's settings are managed. You need to launch this activity to access the relevant settings.

2. **Locate the Checkbox for "Increase Volume Gradually":**
   - In the `SettingsActivity` layout, there is a `RelativeLayout` with the ID `settings_increase_volume_gradually_holder`.
   - Inside this `RelativeLayout`, there is a `MyAppCompatCheckbox` with the ID `settings_increase_volume_gradually`. This checkbox controls the "Increase Volume Gradually" feature.

3. **Uncheck the Checkbox:**
   - To turn off the "Increase Volume Gradually" feature, you need to uncheck the checkbox with the ID `settings_increase_volume_gradually`.
   - This can be done programmatically by setting the checkbox's state to `false`.

### Example Code to Turn Off "Increase Volume Gradually":

If you are writing code to interact with the UI, you can use the following approach:

```java
// Assuming you are in the SettingsActivity or have a reference to it
MyAppCompatCheckbox increaseVolumeCheckbox = findViewById(R.id.settings_increase_volume_gradually);

// Uncheck the checkbox to turn off the feature
increaseVolumeCheckbox.setChecked(false);
```

### If You Are Using UI Automation Tools:

If you are using a UI automation tool like **UI Automator** or **Appium**, you can interact with the checkbox using its resource ID:

```java
// Using UI Automator
UiDevice device = UiDevice.getInstance(getInstrumentation());
UiObject increaseVolumeCheckbox = device.findObject(new UiSelector()
        .resourceId("com.simplemobiletools.clock:id/settings_increase_volume_gradually"));

// Uncheck the checkbox
if (increaseVolumeCheckbox.exists() && increaseVolumeCheckbox.isChecked()) {
    increaseVolumeCheckbox.click();
}
```

### Summary:
- The "Increase Volume Gradually" feature is controlled by a checkbox in the `SettingsActivity`.
- The checkbox has the ID `settings_increase_volume_gradually`.
- To turn off the feature, you need to uncheck this checkbox either programmatically or through UI automation.

This should allow you to successfully turn off the "Increase Volume Gradually" feature in the app.

 Here is the information about the screen we are currently on.
Widget(content-desc: ATX notification: UIAutomator, class: android.widget.ImageView, position: (107, 1, 165, 74))
Widget(content-desc: Android System notification: , class: android.widget.ImageView, position: (165, 1, 223, 74))
Widget(resource-id: com.simplemobiletools.clock:id/action_bar_root, class: android.widget.FrameLayout, position: (0, 74, 1080, 2277))
Widget(resource-id: com.simplemobiletools.clock:id/main_coordinator, class: android.view.ViewGroup, position: (0, 74, 1080, 2277))
Widget(resource-id: com.simplemobiletools.clock:id/main_toolbar, class: android.view.ViewGroup, position: (0, 74, 1080, 242))
Widget(resource-id: com.simplemobiletools.clock:id/settings, content-desc: Settings, class: android.widget.Button, position: (826, 94, 953, 220))
Widget(resource-id: com.simplemobiletools.clock:id/about, content-desc: About, class: android.widget.Button, position: (953, 94, 1080, 220))
Widget(resource-id: com.simplemobiletools.clock:id/main_holder, class: android.widget.RelativeLayout, position: (0, 242, 1080, 2277))
Widget(resource-id: com.simplemobiletools.clock:id/view_pager, class: t4.i, position: (0, 242, 1080, 2109))
Widget(resource-id: com.simplemobiletools.clock:id/timer_fragment, class: android.view.ViewGroup, position: (0, 242, 1080, 2109))
Widget(resource-id: com.simplemobiletools.clock:id/timers_list, class: androidx.recyclerview.widget.RecyclerView, position: (0, 242, 1080, 2109))
Widget(resource-id: com.simplemobiletools.clock:id/timer_frame, text: 00:00, class: android.widget.FrameLayout, position: (0, 242, 1080, 540))
Widget(resource-id: com.simplemobiletools.clock:id/timer_time, text: 00:00, class: android.widget.TextView, position: (42, 263, 728, 449))
Widget(resource-id: com.simplemobiletools.clock:id/timer_reset, class: android.widget.ImageView, position: (749, 315, 880, 446))
Widget(resource-id: com.simplemobiletools.clock:id/timer_label, class: android.widget.TextView, position: (42, 449, 728, 498))
Widget(resource-id: com.simplemobiletools.clock:id/timer_play_pause, class: android.widget.ImageView, position: (922, 307, 1069, 454))
Widget(resource-id: com.simplemobiletools.clock:id/timer_frame, text: 05:00, class: android.widget.FrameLayout, position: (0, 540, 1080, 838))
Widget(resource-id: com.simplemobiletools.clock:id/timer_time, text: 05:00, class: android.widget.TextView, position: (42, 561, 728, 747))
Widget(resource-id: com.simplemobiletools.clock:id/timer_label, class: android.widget.TextView, position: (42, 747, 728, 796))
Widget(resource-id: com.simplemobiletools.clock:id/timer_play_pause, class: android.widget.ImageView, position: (922, 605, 1069, 752))
Widget(resource-id: com.simplemobiletools.clock:id/timer_frame, text: 05:00, class: android.widget.FrameLayout, position: (0, 838, 1080, 1136))
Widget(resource-id: com.simplemobiletools.clock:id/timer_time, text: 05:00, class: android.widget.TextView, position: (42, 859, 728, 1045))
Widget(resource-id: com.simplemobiletools.clock:id/timer_label, class: android.widget.TextView, position: (42, 1045, 728, 1094))
Widget(resource-id: com.simplemobiletools.clock:id/timer_play_pause, class: android.widget.ImageView, position: (922, 903, 1069, 1050))
Widget(resource-id: com.simplemobiletools.clock:id/timer_add, content-desc: New Timer, class: android.widget.ImageButton, position: (891, 1920, 1038, 2067))
Widget(resource-id: com.simplemobiletools.clock:id/main_tabs_holder, class: android.widget.HorizontalScrollView, position: (0, 2109, 1080, 2277))
Widget(text: Clock, class: android.widget.LinearLayout, position: (0, 2109, 270, 2277))
Widget(resource-id: com.simplemobiletools.clock:id/tab_item_holder, class: android.widget.LinearLayout, position: (98, 2141, 172, 2277))
Widget(resource-id: com.simplemobiletools.clock:id/tab_item_icon, class: android.widget.ImageView, position: (98, 2141, 172, 2215))
Widget(resource-id: com.simplemobiletools.clock:id/tab_item_label, text: Clock, class: android.widget.TextView, position: (102, 2215, 167, 2277))
Widget(text: Alarm, class: android.widget.LinearLayout, position: (270, 2109, 540, 2277))
Widget(resource-id: com.simplemobiletools.clock:id/tab_item_holder, class: android.widget.LinearLayout, position: (368, 2141, 442, 2277))
Widget(resource-id: com.simplemobiletools.clock:id/tab_item_icon, class: android.widget.ImageView, position: (368, 2141, 442, 2215))
Widget(resource-id: com.simplemobiletools.clock:id/tab_item_label, text: Alarm, class: android.widget.TextView, position: (370, 2215, 439, 2277))
Widget(text: Stopwatch, class: android.widget.LinearLayout, position: (540, 2109, 810, 2277))
Widget(resource-id: com.simplemobiletools.clock:id/tab_item_holder, class: android.widget.LinearLayout, position: (612, 2141, 737, 2277))
Widget(resource-id: com.simplemobiletools.clock:id/tab_item_icon, class: android.widget.ImageView, position: (637, 2141, 711, 2215))
Widget(resource-id: com.simplemobiletools.clock:id/tab_item_label, text: Stopwatch, class: android.widget.TextView, position: (612, 2215, 737, 2277))
Widget(resource-id: com.simplemobiletools.clock:id/tab_item_holder, class: android.widget.LinearLayout, position: (908, 2141, 982, 2277))
Widget(resource-id: com.simplemobiletools.clock:id/tab_item_icon, class: android.widget.ImageView, position: (908, 2141, 982, 2215))
Widget(resource-id: com.simplemobiletools.clock:id/tab_item_label, text: Timer, class: android.widget.TextView, position: (911, 2215, 979, 2277))


        I would like to know which activity/fragment we are currently on.
        Please respond in the following JSON format:
        {
        "activity_or_fragment": "TestActivity",
        }
        or 
        {
        "activity_or_fragment": "TestFragment",
        }
        If can not determine the activity/fragment,just output{
        "activity_or_fragment": "Unknown"
        }
        Do not output anything else except json format result.
        
2025-01-16 15:04:00,628 - INFO - ------answer------
2025-01-16 15:04:00,628 - INFO - ```json
{
"activity_or_fragment": "Unknown"
}
```
2025-01-16 15:04:09,396 - INFO - ------query_instructions------
2025-01-16 15:04:09,397 - INFO - ```json
{
    "task": "turn off increase volume gradually",
    "activities_sequence": [
        {
            "activity": "com.simplemobiletools.clock.activities.SettingsActivity",
            "steps": [
                "1. Open the SettingsActivity from the app's main menu.",
                "2. Locate the 'Increase Volume Gradually' checkbox under the Alarm tab settings.",
                "3. Click on the checkbox holder to toggle off the 'Increase Volume Gradually' setting."
            ]
        }
    ],
    "explanation": "because the 'Increase Volume Gradually' setting is located in the SettingsActivity under the Alarm tab, and it can be toggled off by interacting with the checkbox holder."
}
```
