2025-01-17 11:38:41,117 - INFO - This is a event:0
2025-01-17 11:39:00,426 - INFO - -----query_current_activity start query------
2025-01-17 11:39:00,428 - INFO - To achieve the task of sending a text message "I-love-you" to "Alice" in the given Android app, you need to navigate through the app's activities and interact with the appropriate UI elements. Based on the provided information, the app seems to be a dialer app, and it doesn't directly support sending text messages. However, I'll guide you through the steps to simulate the process of sending a text message using the available activities and UI elements.

### Steps to Simulate Sending a Text Message:

1. **Launch the App**:
   - Start with the `SplashActivity`, which is likely the entry point of the app. This activity will transition to the `MainActivity`.

2. **Navigate to the Dialpad**:
   - In the `MainActivity`, locate the `MyFloatingActionButton` with the ID `@+id/main_dialpad_button`. This button is likely used to open the dialpad.
   - Click on this button to open the `DialpadActivity`.

3. **Enter the Recipient's Number**:
   - In the `DialpadActivity`, locate the `MyEditText` with the ID `@+id/dialpad_input`. This is where you can input the phone number.
   - Enter Alice's phone number using the dialpad buttons (e.g., `2` for `ABC`, `5` for `JKL`, etc.).

4. **Simulate Sending a Text Message**:
   - Since the app doesn't directly support sending text messages, you would typically need to open the default messaging app to send the message. However, if you want to simulate this within the app, you can:
     - Locate the `ImageView` with the ID `@+id/dialpad_call_button`. This button is likely used to initiate a call.
     - Instead of clicking this button, you can simulate a long press or another gesture to open a context menu that might allow you to send a text message.
     - If such an option is not available, you would need to manually open the default messaging app and send the message there.

5. **Compose and Send the Message**:
   - If you manage to open the messaging app, compose a new message to Alice's number with the text "I-love-you".
   - Send the message.

### Example Code to Simulate the Process:

```java
// Assuming you are in the MainActivity
MyFloatingActionButton dialpadButton = findViewById(R.id.main_dialpad_button);
dialpadButton.performClick(); // Opens the DialpadActivity

// In DialpadActivity
MyEditText dialpadInput = findViewById(R.id.dialpad_input);
dialpadInput.setText("Alice's Phone Number"); // Replace with Alice's actual number

// Simulate opening the messaging app (this is a hypothetical step)
Intent sendIntent = new Intent(Intent.ACTION_VIEW);
sendIntent.setData(Uri.parse("sms:" + "Alice's Phone Number"));
sendIntent.putExtra("sms_body", "I-love-you");
startActivity(sendIntent);
```

### Important Notes:
- The app you provided doesn't seem to have built-in functionality for sending text messages. The steps above are a workaround to simulate the process.
- If the app has a hidden or undocumented feature for sending text messages, you would need to explore the app's code or documentation further.
- The example code assumes that you have access to the app's source code and can modify it to include the necessary functionality.

If you need to implement this functionality directly within the app, you would need to add a new activity or modify an existing one to handle sending text messages using Android's `SmsManager` or `Intent.ACTION_SENDTO`.

 Here is the information about the screen we are currently on.
Widget(resource-id: com.simplemobiletools.dialer:id/action_bar_root, class: android.widget.FrameLayout, position: (0, 74, 1080, 2277))
Widget(resource-id: com.simplemobiletools.dialer:id/main_coordinator, class: android.view.ViewGroup, position: (0, 74, 1080, 2277))
Widget(resource-id: com.simplemobiletools.dialer:id/main_menu, class: android.widget.LinearLayout, position: (0, 74, 1080, 242))
Widget(resource-id: com.simplemobiletools.dialer:id/top_app_bar_layout, class: android.widget.LinearLayout, position: (42, 74, 1038, 242))
Widget(resource-id: com.simplemobiletools.dialer:id/top_toolbar_holder, class: android.widget.RelativeLayout, position: (42, 95, 1038, 221))
Widget(resource-id: com.simplemobiletools.dialer:id/top_toolbar_search_icon, content-desc: Search, class: android.widget.ImageView, position: (42, 95, 147, 221))
Widget(resource-id: com.simplemobiletools.dialer:id/top_toolbar_search, text: Search, class: android.widget.EditText, position: (147, 95, 626, 221))
Widget(resource-id: com.simplemobiletools.dialer:id/top_toolbar, class: android.view.ViewGroup, position: (626, 95, 1027, 221))
Widget(resource-id: com.simplemobiletools.dialer:id/sort, content-desc: Sort by, class: android.widget.Button, position: (668, 95, 795, 221))
Widget(resource-id: com.simplemobiletools.dialer:id/filter, content-desc: Filter, class: android.widget.Button, position: (795, 95, 922, 221))
Widget(content-desc: More options, class: android.widget.ImageView, position: (922, 95, 1027, 221))
Widget(resource-id: com.simplemobiletools.dialer:id/main_holder, class: android.view.ViewGroup, position: (0, 242, 1080, 2277))
Widget(resource-id: com.simplemobiletools.dialer:id/view_pager, class: r4.i, position: (0, 242, 1080, 2109))
Widget(resource-id: com.simplemobiletools.dialer:id/favorites_fragment, class: android.widget.RelativeLayout, position: (0, 242, 1080, 2109))
Widget(resource-id: com.simplemobiletools.dialer:id/fragment_wrapper, class: android.widget.RelativeLayout, position: (0, 242, 1080, 2109))
Widget(resource-id: com.simplemobiletools.dialer:id/fragment_list, class: androidx.recyclerview.widget.RecyclerView, position: (0, 242, 1080, 2109))
Widget(resource-id: com.simplemobiletools.dialer:id/item_contact_frame, text: Alice, class: android.view.ViewGroup, position: (0, 242, 1080, 410))
Widget(resource-id: com.simplemobiletools.dialer:id/item_contact_image, class: android.widget.ImageView, position: (43, 263, 169, 389))
Widget(resource-id: com.simplemobiletools.dialer:id/item_contact_name, text: Alice, class: android.widget.TextView, position: (169, 298, 1048, 355))
Widget(resource-id: com.simplemobiletools.dialer:id/letter_fastscroller_thumb, class: android.view.ViewGroup, position: (807, 242, 954, 431))
Widget(resource-id: com.simplemobiletools.dialer:id/letter_fastscroller, text: A, class: android.widget.LinearLayout, position: (996, 242, 1080, 431))
Widget(text: A, class: android.widget.TextView, position: (996, 305, 1080, 368))
Widget(resource-id: com.simplemobiletools.dialer:id/main_dialpad_button, content-desc: Dialpad, class: android.widget.ImageButton, position: (880, 1920, 1027, 2067))
Widget(resource-id: com.simplemobiletools.dialer:id/main_tabs_holder, class: android.widget.HorizontalScrollView, position: (0, 2109, 1080, 2277))
Widget(text: Contacts, class: android.widget.LinearLayout, position: (0, 2109, 360, 2277))
Widget(resource-id: com.simplemobiletools.dialer:id/tab_item_holder, class: android.widget.LinearLayout, position: (127, 2141, 232, 2277))
Widget(resource-id: com.simplemobiletools.dialer:id/tab_item_icon, class: android.widget.ImageView, position: (142, 2141, 216, 2215))
Widget(resource-id: com.simplemobiletools.dialer:id/tab_item_label, text: Contacts, class: android.widget.TextView, position: (127, 2215, 232, 2277))
Widget(resource-id: com.simplemobiletools.dialer:id/tab_item_holder, class: android.widget.LinearLayout, position: (486, 2141, 593, 2277))
Widget(resource-id: com.simplemobiletools.dialer:id/tab_item_icon, class: android.widget.ImageView, position: (502, 2141, 576, 2215))
Widget(resource-id: com.simplemobiletools.dialer:id/tab_item_label, text: Favorites, class: android.widget.TextView, position: (486, 2215, 593, 2277))
Widget(text: Call History, class: android.widget.LinearLayout, position: (720, 2109, 1080, 2277))
Widget(resource-id: com.simplemobiletools.dialer:id/tab_item_holder, class: android.widget.LinearLayout, position: (834, 2141, 966, 2277))
Widget(resource-id: com.simplemobiletools.dialer:id/tab_item_icon, class: android.widget.ImageView, position: (863, 2141, 937, 2215))
Widget(resource-id: com.simplemobiletools.dialer:id/tab_item_label, text: Call History, class: android.widget.TextView, position: (834, 2215, 966, 2277))
Widget(content-desc: Speakerphone enabled., class: android.widget.ImageView, position: (819, 8, 866, 66))


        I would like to know which activity/fragment we are currently on.
        Please respond in the following JSON format:
        {
        "activity_or_fragment": "TestActivity",
        }
        or 
        {
        "activity_or_fragment": "TestFragment",
        }
        If can not determine the activity/fragment,just output{
        "activity_or_fragment": "Unknown"
        }
        Do not output anything else except json format result.
        
2025-01-17 11:39:02,036 - INFO - ------answer------
2025-01-17 11:39:02,036 - INFO - ```json
{
"activity_or_fragment": "Unknown"
}
```
2025-01-17 11:39:18,388 - INFO - ------query_instructions------
2025-01-17 11:39:18,389 - INFO - ```json
{
    "task": "text Alice that I-love-you",
    "activities_sequence": [
        {
            "activity": "MainActivity",
            "steps": [
                "1. Open the app and navigate to the Contacts tab.",
                "2. Search for 'Alice' in the contact list.",
                "3. Select Alice's contact to open the contact details."
            ]
        },
        {
            "activity": "DialpadActivity",
            "steps": [
                "4. Tap on the message icon or the option to send a message.",
                "5. Type 'I-love-you' in the message input field.",
                "6. Send the message to Alice."
            ]
        }
    ],
    "explanation": "because the MainActivity allows you to search and select contacts, and the DialpadActivity provides the functionality to send messages."
}
```
