2025-01-18 15:27:49,145 - INFO - This is a event:0
2025-01-18 15:27:49,314 - INFO - -----query_current_activity start query------
2025-01-18 15:27:49,317 - INFO - To implement the "use volume button as shutter" functionality in your Android app, you need to modify the `MainActivity` to listen for volume button presses and trigger the shutter action accordingly. Here's a step-by-step guide on how to achieve this:

### Step 1: Modify `MainActivity` to Listen for Volume Button Presses

1. **Override `onKeyDown` Method**:
   In your `MainActivity`, override the `onKeyDown` method to detect volume button presses.

   ```java
   @Override
   public boolean onKeyDown(int keyCode, KeyEvent event) {
       if (keyCode == KeyEvent.KEYCODE_VOLUME_UP || keyCode == KeyEvent.KEYCODE_VOLUME_DOWN) {
           // Trigger the shutter action
           triggerShutter();
           return true; // Consume the event
       }
       return super.onKeyDown(keyCode, event);
   }
   ```

2. **Implement `triggerShutter` Method**:
   Create a method `triggerShutter` that will handle the shutter action. This method should call the same logic that is triggered when the shutter button is pressed.

   ```java
   private void triggerShutter() {
       // Assuming you have a method that handles the shutter action
       // For example, if you have a method called `takePhoto()` or `startRecording()`
       if (isInPhotoMode()) {
           takePhoto();
       } else {
           startRecording();
       }
   }
   ```

   Replace `takePhoto()` and `startRecording()` with the actual methods that handle photo capture and video recording in your app.

### Step 2: Ensure the Setting is Enabled

1. **Check the Setting**:
   Before triggering the shutter action, check if the "use volume button as shutter" setting is enabled. You can retrieve this setting from your app's preferences.

   ```java
   private boolean isVolumeButtonAsShutterEnabled() {
       SharedPreferences preferences = PreferenceManager.getDefaultSharedPreferences(this);
       return preferences.getBoolean("volume_buttons_as_shutter", false);
   }
   ```

2. **Modify `onKeyDown` to Check the Setting**:
   Update the `onKeyDown` method to check if the setting is enabled before triggering the shutter.

   ```java
   @Override
   public boolean onKeyDown(int keyCode, KeyEvent event) {
       if (isVolumeButtonAsShutterEnabled() && 
           (keyCode == KeyEvent.KEYCODE_VOLUME_UP || keyCode == KeyEvent.KEYCODE_VOLUME_DOWN)) {
           triggerShutter();
           return true;
       }
       return super.onKeyDown(keyCode, event);
   }
   ```

### Step 3: Update `SettingsActivity` to Include the Setting

1. **Add the Setting to `SettingsActivity`**:
   Ensure that the `SettingsActivity` includes a checkbox or toggle for enabling/disabling the "use volume button as shutter" feature. This setting should be saved in the app's preferences.

   ```xml
   <RelativeLayout
       android:id="@+id/settings_volume_buttons_as_shutter_holder"
       style="@style/SettingsHolderCheckboxStyle">
       <com.simplemobiletools.commons.views.MyAppCompatCheckbox
           android:id="@+id/settings_volume_buttons_as_shutter"
           style="@style/SettingsCheckboxStyle"
           android:text="@string/volume_buttons_as_shutter" />
   </RelativeLayout>
   ```

2. **Save the Setting**:
   In your `SettingsActivity`, ensure that the setting is saved when the user changes it.

   ```java
   CheckBox volumeButtonAsShutterCheckbox = findViewById(R.id.settings_volume_buttons_as_shutter);
   volumeButtonAsShutterCheckbox.setOnCheckedChangeListener((buttonView, isChecked) -> {
       SharedPreferences preferences = PreferenceManager.getDefaultSharedPreferences(this);
       SharedPreferences.Editor editor = preferences.edit();
       editor.putBoolean("volume_buttons_as_shutter", isChecked);
       editor.apply();
   });
   ```

### Step 4: Handle Edge Cases

1. **Prevent Double Triggers**:
   Ensure that the volume button press doesn't trigger multiple shutter actions in quick succession. You can implement a debounce mechanism to handle this.

   ```java
   private long lastShutterTriggerTime = 0;
   private static final long DEBOUNCE_TIME = 500; // 500ms

   private void triggerShutter() {
       long currentTime = System.currentTimeMillis();
       if (currentTime - lastShutterTriggerTime > DEBOUNCE_TIME) {
           lastShutterTriggerTime = currentTime;
           // Trigger the shutter action
           if (isInPhotoMode()) {
               takePhoto();
           } else {
               startRecording();
           }
       }
   }
   ```

2. **Handle Volume Button Long Press**:
   If you want to handle long presses on the volume buttons differently, you can override the `onKeyLongPress` method.

   ```java
   @Override
   public boolean onKeyLongPress(int keyCode, KeyEvent event) {
       if (keyCode == KeyEvent.KEYCODE_VOLUME_UP || keyCode == KeyEvent.KEYCODE_VOLUME_DOWN) {
           // Handle long press if needed
           return true;
       }
       return super.onKeyLongPress(keyCode, event);
   }
   ```

### Conclusion

By following these steps, you can implement the "use volume button as shutter" functionality in your app. This will allow users to take photos or start/stop video recording using the volume buttons, providing a more convenient and accessible way to capture media.

 Here is the information about the screen we are currently on.
Widget(resource-id: com.simplemobiletools.camera:id/action_bar_root, class: android.widget.FrameLayout, position: (0, 0, 1080, 2277))
Widget(resource-id: com.simplemobiletools.camera:id/view_holder, class: android.view.ViewGroup, position: (0, 0, 1080, 2277))
Widget(resource-id: com.simplemobiletools.camera:id/preview_view, class: android.widget.FrameLayout, position: (0, 0, 1080, 2277))
Widget(resource-id: com.simplemobiletools.camera:id/top_options, class: android.widget.FrameLayout, position: (0, 0, 1080, 147))
Widget(resource-id: com.simplemobiletools.camera:id/layout_top, class: android.widget.LinearLayout, position: (0, 0, 1080, 147))
Widget(resource-id: com.simplemobiletools.camera:id/toggle_timer, content-desc: Toggle the timer mode, class: android.widget.Button, position: (0, 0, 270, 147))
Widget(resource-id: com.simplemobiletools.camera:id/toggle_flash, content-desc: Toggle the flashlight mode, class: android.widget.Button, position: (270, 0, 540, 147))
Widget(resource-id: com.simplemobiletools.camera:id/change_resolution, content-desc: Resolution, class: android.widget.Button, position: (540, 0, 810, 147))
Widget(resource-id: com.simplemobiletools.camera:id/settings, content-desc: Settings, class: android.widget.Button, position: (810, 0, 1080, 147))
Widget(resource-id: com.simplemobiletools.camera:id/bottom_overlay, class: android.view.View, position: (0, 1825, 1080, 2277))
Widget(resource-id: com.simplemobiletools.camera:id/camera_mode_holder, class: android.widget.RelativeLayout, position: (0, 1825, 1080, 2035))
Widget(resource-id: com.simplemobiletools.camera:id/camera_mode_tab, class: android.widget.HorizontalScrollView, position: (0, 1846, 1080, 1972))
Widget(content-desc: Video, text: Video, class: android.widget.LinearLayout, position: (351, 1846, 540, 1972))
Widget(text: Video, class: android.widget.TextView, position: (397, 1883, 494, 1934))
Widget(content-desc: Photo, class: android.widget.LinearLayout, position: (540, 1846, 729, 1972))
Widget(text: Photo, class: android.widget.TextView, position: (584, 1883, 684, 1934))
Widget(resource-id: com.simplemobiletools.camera:id/toggle_camera, content-desc: Toggle front/back camera, class: android.widget.ImageView, position: (150, 2056, 297, 2203))
Widget(resource-id: com.simplemobiletools.camera:id/shutter, content-desc: Shutter, class: android.widget.ImageView, position: (446, 2035, 635, 2224))
Widget(resource-id: com.simplemobiletools.camera:id/last_photo_video_preview, content-desc: View last captured media, class: android.widget.ImageView, position: (784, 2056, 931, 2203))


        I would like to know which activity/fragment we are currently on.
        Please respond in the following JSON format:
        {
        "activity_or_fragment": "TestActivity",
        }
        or 
        {
        "activity_or_fragment": "TestFragment",
        }
        If can not determine the activity/fragment,just output{
        "activity_or_fragment": "Unknown"
        }
        Do not output anything else except json format result.
        
2025-01-18 15:27:50,730 - INFO - ------answer------
2025-01-18 15:27:50,730 - INFO - ```json
{
"activity_or_fragment": "MainActivity"
}
```
2025-01-18 15:27:58,243 - INFO - ------query_instructions------
2025-01-18 15:27:58,244 - INFO - ```json
{
    "task": "use volume button as shutter",
    "activities_sequence": [
        {
            "activity": "com.simplemobiletools.camera.activities.MainActivity",
            "steps": [
                "1. Open the camera app.",
                "2. Navigate to the settings menu by clicking the settings button (gear icon)."
            ]
        },
        {
            "activity": "com.simplemobiletools.camera.activities.SettingsActivity",
            "steps": [
                "3. Scroll down to the 'Shutter' section.",
                "4. Locate the 'Volume buttons as shutter' option.",
                "5. Toggle the checkbox next to 'Volume buttons as shutter' to enable it."
            ]
        },
        {
            "activity": "com.simplemobiletools.camera.activities.MainActivity",
            "steps": [
                "6. Return to the camera view.",
                "7. Use the volume buttons to take photos or start/stop video recording."
            ]
        }
    ],
    "explanation": "because the 'Volume buttons as shutter' setting in the SettingsActivity allows the user to configure the volume buttons to act as the shutter button for taking photos or recording videos."
}
```
