2025-01-18 16:21:54,192 - INFO - This is a event:0
2025-01-18 16:21:54,326 - INFO - -----query_current_activity start query------
2025-01-18 16:21:54,333 - INFO - To rename the last photo to "sunset" in the given Android app, you need to interact with the `MainActivity` and specifically with the `last_photo_video_preview` element, which is an `ImageView` that likely represents the last captured photo or video.

Here¡¯s a step-by-step approach to achieve this task:

### 1. **Identify the Last Photo**
   - The `last_photo_video_preview` element in the `MainActivity` layout is likely the thumbnail of the last captured photo or video. You need to find the corresponding file in the storage.

### 2. **Access the File System**
   - The app likely saves photos in a specific directory, which could be either internal storage or external storage (e.g., `DCIM` folder). You need to access this directory to find the last photo.

### 3. **Rename the Last Photo**
   - Once you have identified the last photo, you can rename it to "sunset". This involves:
     - Finding the file path of the last photo.
     - Renaming the file using Java/Kotlin file operations.

### 4. **Update the UI**
   - After renaming the file, you may need to update the UI to reflect the new name, especially if the file name is displayed anywhere in the app.

### Implementation Steps:

#### Step 1: Find the Last Photo
- The app likely saves photos in a directory like `Environment.getExternalStoragePublicDirectory(Environment.DIRECTORY_DCIM)` or a custom directory specified in the app's settings.
- You can list the files in this directory and find the most recent one based on the file's last modified timestamp.

#### Step 2: Rename the File
- Use Java/Kotlin to rename the file. Here¡¯s a sample code snippet:

```java
File lastPhotoFile = new File(lastPhotoPath);
File newPhotoFile = new File(lastPhotoFile.getParent(), "sunset.jpg");

if (lastPhotoFile.renameTo(newPhotoFile)) {
    // Successfully renamed
    Log.d("Rename", "File renamed to sunset.jpg");
} else {
    // Failed to rename
    Log.e("Rename", "Failed to rename file");
}
```

#### Step 3: Update the UI
- If the file name is displayed in the UI, you need to update the corresponding `TextView` or `ImageView` to reflect the new name.

### Example Code in `MainActivity`:

```java
public class MainActivity extends AppCompatActivity {
    private ImageView lastPhotoPreview;
    private String lastPhotoPath;

    @Override
    protected void onCreate(Bundle savedInstanceState) {
        super.onCreate(savedInstanceState);
        setContentView(R.layout.activity_main);

        lastPhotoPreview = findViewById(R.id.last_photo_video_preview);

        // Assuming you have a method to get the last photo path
        lastPhotoPath = getLastPhotoPath();

        // Rename the last photo to "sunset"
        renameLastPhotoToSunset();
    }

    private String getLastPhotoPath() {
        // Implement logic to get the path of the last photo
        // For example, list files in the DCIM directory and find the most recent one
        File dcimDir = Environment.getExternalStoragePublicDirectory(Environment.DIRECTORY_DCIM);
        File[] files = dcimDir.listFiles();
        if (files != null && files.length > 0) {
            File lastPhoto = files[0];
            for (File file : files) {
                if (file.lastModified() > lastPhoto.lastModified()) {
                    lastPhoto = file;
                }
            }
            return lastPhoto.getAbsolutePath();
        }
        return null;
    }

    private void renameLastPhotoToSunset() {
        if (lastPhotoPath != null) {
            File lastPhotoFile = new File(lastPhotoPath);
            File newPhotoFile = new File(lastPhotoFile.getParent(), "sunset.jpg");

            if (lastPhotoFile.renameTo(newPhotoFile)) {
                // Successfully renamed
                Log.d("Rename", "File renamed to sunset.jpg");
                // Optionally, update the UI
                lastPhotoPreview.setImageURI(Uri.fromFile(newPhotoFile));
            } else {
                // Failed to rename
                Log.e("Rename", "Failed to rename file");
            }
        }
    }
}
```

### Notes:
- **Permissions**: Ensure that the app has the necessary permissions to read and write to external storage (`READ_EXTERNAL_STORAGE` and `WRITE_EXTERNAL_STORAGE`).
- **File Path**: The method `getLastPhotoPath()` is a placeholder. You need to implement the logic to find the last photo based on your app's file storage strategy.
- **UI Update**: If the file name is displayed in the UI, make sure to update the corresponding UI element after renaming the file.

This approach should help you rename the last photo to "sunset" in the given Android app.

 Here is the information about the screen we are currently on.
Widget(resource-id: com.simplemobiletools.camera:id/action_bar_root, class: android.widget.FrameLayout, position: (0, 0, 1080, 2277))
Widget(resource-id: com.simplemobiletools.camera:id/view_holder, class: android.view.ViewGroup, position: (0, 0, 1080, 2277))
Widget(resource-id: com.simplemobiletools.camera:id/preview_view, class: android.widget.FrameLayout, position: (0, 0, 1080, 2277))
Widget(resource-id: com.simplemobiletools.camera:id/top_options, class: android.widget.FrameLayout, position: (0, 0, 1080, 147))
Widget(resource-id: com.simplemobiletools.camera:id/layout_top, class: android.widget.LinearLayout, position: (0, 0, 1080, 147))
Widget(resource-id: com.simplemobiletools.camera:id/toggle_timer, content-desc: Toggle the timer mode, class: android.widget.Button, position: (0, 0, 360, 147))
Widget(resource-id: com.simplemobiletools.camera:id/change_resolution, content-desc: Resolution, class: android.widget.Button, position: (360, 0, 720, 147))
Widget(resource-id: com.simplemobiletools.camera:id/settings, content-desc: Settings, class: android.widget.Button, position: (720, 0, 1080, 147))
Widget(resource-id: com.simplemobiletools.camera:id/bottom_overlay, class: android.view.View, position: (0, 1825, 1080, 2277))
Widget(resource-id: com.simplemobiletools.camera:id/camera_mode_holder, class: android.widget.RelativeLayout, position: (0, 1825, 1080, 2035))
Widget(resource-id: com.simplemobiletools.camera:id/camera_mode_tab, class: android.widget.HorizontalScrollView, position: (0, 1846, 1080, 1972))
Widget(content-desc: Video, text: Video, class: android.widget.LinearLayout, position: (351, 1846, 540, 1972))
Widget(text: Video, class: android.widget.TextView, position: (397, 1883, 494, 1934))
Widget(content-desc: Photo, class: android.widget.LinearLayout, position: (540, 1846, 729, 1972))
Widget(text: Photo, class: android.widget.TextView, position: (584, 1883, 684, 1934))
Widget(resource-id: com.simplemobiletools.camera:id/toggle_camera, content-desc: Toggle front/back camera, class: android.widget.ImageView, position: (150, 2056, 297, 2203))
Widget(resource-id: com.simplemobiletools.camera:id/shutter, content-desc: Shutter, class: android.widget.ImageView, position: (446, 2035, 635, 2224))
Widget(resource-id: com.simplemobiletools.camera:id/last_photo_video_preview, content-desc: View last captured media, class: android.widget.ImageView, position: (784, 2056, 931, 2203))


        I would like to know which activity/fragment we are currently on.
        Please respond in the following JSON format:
        {
        "activity_or_fragment": "TestActivity",
        }
        or 
        {
        "activity_or_fragment": "TestFragment",
        }
        If can not determine the activity/fragment,just output{
        "activity_or_fragment": "Unknown"
        }
        Do not output anything else except json format result.
        
2025-01-18 16:21:55,747 - INFO - ------answer------
2025-01-18 16:21:55,748 - INFO - ```json
{
"activity_or_fragment": "MainActivity"
}
```
2025-01-18 16:22:02,362 - INFO - ------query_instructions------
2025-01-18 16:22:02,364 - INFO - ```json
{
    "task": "rename the last photo to 'sunset'",
    "activities_sequence": [
        {
            "activity": "MainActivity",
            "steps": [
                "1. Open the app and navigate to the 'MainActivity'.",
                "2. Locate the 'last_photo_video_preview' ImageView, which displays the last captured photo.",
                "3. Tap on the 'last_photo_video_preview' ImageView to view the last photo.",
                "4. Long press on the photo to bring up the rename option.",
                "5. Enter the new name 'sunset' and confirm the rename action."
            ]
        }
    ],
    "explanation": "because the 'MainActivity' contains the 'last_photo_video_preview' ImageView, which allows the user to interact with the last captured photo and rename it."
}
```
