2025-01-16 13:30:58,049 - INFO - This is a event:0
2025-01-16 13:30:58,205 - INFO - -----query_current_activity start query------
2025-01-16 13:30:58,207 - INFO - To achieve the task of searching for the "Clock" app and opening it, you need to interact with the `MainActivity` of the App Launcher app. Based on the provided layout and activity information, here's how you can approach the task:

### Steps to Search and Open the "Clock" App:

1. **Launch the App Launcher App**:
   - The app starts with `SplashActivity`, which likely transitions to `MainActivity` after a brief delay or initialization.

2. **Interact with the Search Menu**:
   - In `MainActivity`, there is a `MySearchMenu` element with the ID `@+id/main_menu`. This is likely the search bar where you can type the name of the app you want to search for.
   - Use the `MySearchMenu` to input the text "Clock".

3. **Search for the "Clock" App**:
   - After typing "Clock" in the search bar, the app should filter the list of apps displayed in the `MyRecyclerView` with the ID `@+id/launchers_grid`.
   - The `MyRecyclerView` is likely populated with app icons and names, and it should now only show apps that match the search term "Clock".

4. **Open the "Clock" App**:
   - Once the "Clock" app appears in the filtered list, you need to click on its corresponding item in the `MyRecyclerView`.
   - The `MyRecyclerView` is managed by a `MyGridLayoutManager`, so you can interact with the item at the appropriate position (likely position 0 if only one app matches the search).

### Implementation Details:

- **Search Menu Interaction**:
  ```java
  MySearchMenu searchMenu = findViewById(R.id.main_menu);
  searchMenu.setQuery("Clock", true);  // Set the search query to "Clock"
  ```

- **RecyclerView Interaction**:
  ```java
  MyRecyclerView launchersGrid = findViewById(R.id.launchers_grid);
  launchersGrid.getAdapter().getItem(0).performClick();  // Click the first item in the filtered list
  ```

- **Handling the Click**:
  - The click on the RecyclerView item should trigger an intent to open the "Clock" app. Ensure that the app launcher has the necessary permissions to launch other apps.

### Summary:
- Use the `MySearchMenu` to input "Clock".
- Wait for the `MyRecyclerView` to filter and display the "Clock" app.
- Click on the "Clock" app in the RecyclerView to open it.

This approach assumes that the app launcher is designed to filter and display apps based on the search query and that clicking an app in the list will open it. If the app launcher behaves differently, you may need to adjust the steps accordingly.

 Here is the information about the screen we are currently on.
Widget(content-desc: ATX notification: UIAutomator, class: android.widget.ImageView, position: (107, 1, 165, 74))
Widget(content-desc: Android System notification: , class: android.widget.ImageView, position: (165, 1, 223, 74))
Widget(resource-id: com.simplemobiletools.applauncher:id/action_bar_root, class: android.widget.FrameLayout, position: (0, 0, 1080, 2277))
Widget(resource-id: com.simplemobiletools.applauncher:id/main_coordinator, class: android.view.ViewGroup, position: (0, 74, 1080, 2277))
Widget(resource-id: com.simplemobiletools.applauncher:id/main_menu, class: android.widget.LinearLayout, position: (0, 74, 1080, 242))
Widget(resource-id: com.simplemobiletools.applauncher:id/top_app_bar_layout, class: android.widget.LinearLayout, position: (42, 74, 1038, 242))
Widget(resource-id: com.simplemobiletools.applauncher:id/top_toolbar_holder, class: android.widget.RelativeLayout, position: (42, 95, 1038, 221))
Widget(resource-id: com.simplemobiletools.applauncher:id/top_toolbar_search_icon, content-desc: Search, class: android.widget.ImageView, position: (42, 95, 147, 221))
Widget(resource-id: com.simplemobiletools.applauncher:id/top_toolbar_search, text: Search, class: android.widget.EditText, position: (147, 95, 626, 221))
Widget(resource-id: com.simplemobiletools.applauncher:id/top_toolbar, class: android.view.ViewGroup, position: (626, 95, 1027, 221))
Widget(resource-id: com.simplemobiletools.applauncher:id/sort, content-desc: Sort by, class: android.widget.Button, position: (668, 95, 795, 221))
Widget(resource-id: com.simplemobiletools.applauncher:id/toggle_app_name, content-desc: Toggle app name visibility, class: android.widget.Button, position: (795, 95, 922, 221))
Widget(content-desc: More options, class: android.widget.ImageView, position: (922, 95, 1027, 221))
Widget(resource-id: com.simplemobiletools.applauncher:id/main_relative_layout, class: android.widget.RelativeLayout, position: (0, 242, 1080, 2277))
Widget(resource-id: com.simplemobiletools.applauncher:id/coordinator_layout, class: android.view.ViewGroup, position: (0, 242, 1080, 2277))
Widget(resource-id: com.simplemobiletools.applauncher:id/launchers_holder, class: android.widget.RelativeLayout, position: (0, 242, 1080, 2277))
Widget(resource-id: com.simplemobiletools.applauncher:id/launchers_fastscroller, class: android.widget.RelativeLayout, position: (0, 242, 1080, 2277))
Widget(resource-id: com.simplemobiletools.applauncher:id/launchers_grid, class: androidx.recyclerview.widget.RecyclerView, position: (0, 242, 1080, 2277))
Widget(resource-id: com.simplemobiletools.applauncher:id/launcher_holder, text: 5miles, class: android.widget.RelativeLayout, position: (0, 242, 360, 655))
Widget(resource-id: com.simplemobiletools.applauncher:id/launcher_icon, class: android.widget.ImageView, position: (11, 263, 349, 601))
Widget(resource-id: com.simplemobiletools.applauncher:id/launcher_label, text: 5miles, class: android.widget.TextView, position: (11, 601, 349, 644))
Widget(resource-id: com.simplemobiletools.applauncher:id/launcher_holder, text: AOL, class: android.widget.RelativeLayout, position: (360, 242, 720, 655))
Widget(resource-id: com.simplemobiletools.applauncher:id/launcher_icon, class: android.widget.ImageView, position: (371, 263, 709, 601))
Widget(resource-id: com.simplemobiletools.applauncher:id/launcher_label, text: AOL, class: android.widget.TextView, position: (371, 601, 709, 644))
Widget(resource-id: com.simplemobiletools.applauncher:id/launcher_holder, text: ATX, class: android.widget.RelativeLayout, position: (720, 242, 1080, 655))
Widget(resource-id: com.simplemobiletools.applauncher:id/launcher_icon, class: android.widget.ImageView, position: (731, 263, 1069, 601))
Widget(resource-id: com.simplemobiletools.applauncher:id/launcher_label, text: ATX, class: android.widget.TextView, position: (731, 601, 1069, 644))
Widget(resource-id: com.simplemobiletools.applauncher:id/launcher_holder, text: Calendar, class: android.widget.RelativeLayout, position: (0, 655, 360, 1068))
Widget(resource-id: com.simplemobiletools.applauncher:id/launcher_icon, class: android.widget.ImageView, position: (11, 676, 349, 1014))
Widget(resource-id: com.simplemobiletools.applauncher:id/launcher_label, text: Calendar, class: android.widget.TextView, position: (11, 1014, 349, 1057))
Widget(resource-id: com.simplemobiletools.applauncher:id/launcher_holder, text: Calendar, class: android.widget.RelativeLayout, position: (360, 655, 720, 1068))
Widget(resource-id: com.simplemobiletools.applauncher:id/launcher_icon, class: android.widget.ImageView, position: (371, 676, 709, 1014))
Widget(resource-id: com.simplemobiletools.applauncher:id/launcher_label, text: Calendar, class: android.widget.TextView, position: (371, 1014, 709, 1057))
Widget(resource-id: com.simplemobiletools.applauncher:id/launcher_holder, text: Camera, class: android.widget.RelativeLayout, position: (720, 655, 1080, 1068))
Widget(resource-id: com.simplemobiletools.applauncher:id/launcher_icon, class: android.widget.ImageView, position: (731, 676, 1069, 1014))
Widget(resource-id: com.simplemobiletools.applauncher:id/launcher_label, text: Camera, class: android.widget.TextView, position: (731, 1014, 1069, 1057))
Widget(resource-id: com.simplemobiletools.applauncher:id/launcher_holder, text: Camera, class: android.widget.RelativeLayout, position: (0, 1068, 360, 1481))
Widget(resource-id: com.simplemobiletools.applauncher:id/launcher_icon, class: android.widget.ImageView, position: (11, 1089, 349, 1427))
Widget(resource-id: com.simplemobiletools.applauncher:id/launcher_label, text: Camera, class: android.widget.TextView, position: (11, 1427, 349, 1470))
Widget(resource-id: com.simplemobiletools.applauncher:id/launcher_holder, text: Chrome, class: android.widget.RelativeLayout, position: (360, 1068, 720, 1481))
Widget(resource-id: com.simplemobiletools.applauncher:id/launcher_icon, class: android.widget.ImageView, position: (371, 1089, 709, 1427))
Widget(resource-id: com.simplemobiletools.applauncher:id/launcher_label, text: Chrome, class: android.widget.TextView, position: (371, 1427, 709, 1470))
Widget(resource-id: com.simplemobiletools.applauncher:id/launcher_holder, text: Clock, class: android.widget.RelativeLayout, position: (720, 1068, 1080, 1481))
Widget(resource-id: com.simplemobiletools.applauncher:id/launcher_icon, class: android.widget.ImageView, position: (731, 1089, 1069, 1427))
Widget(resource-id: com.simplemobiletools.applauncher:id/launcher_label, text: Clock, class: android.widget.TextView, position: (731, 1427, 1069, 1470))
Widget(resource-id: com.simplemobiletools.applauncher:id/launcher_holder, text: Clock, class: android.widget.RelativeLayout, position: (0, 1481, 360, 1894))
Widget(resource-id: com.simplemobiletools.applauncher:id/launcher_icon, class: android.widget.ImageView, position: (11, 1502, 349, 1840))
Widget(resource-id: com.simplemobiletools.applauncher:id/launcher_label, text: Clock, class: android.widget.TextView, position: (11, 1840, 349, 1883))
Widget(resource-id: com.simplemobiletools.applauncher:id/trackView, class: android.widget.LinearLayout, position: (1012, 242, 1080, 2277))
Widget(resource-id: com.simplemobiletools.applauncher:id/fab, class: android.widget.ImageButton, position: (891, 2088, 1038, 2235))


        I would like to know which activity/fragment we are currently on.
        Please respond in the following JSON format:
        {
        "activity_or_fragment": "TestActivity",
        }
        or 
        {
        "activity_or_fragment": "TestFragment",
        }
        If can not determine the activity/fragment,just output{
        "activity_or_fragment": "Unknown"
        }
        Do not output anything else except json format result.
        
2025-01-16 13:30:59,820 - INFO - ------answer------
2025-01-16 13:30:59,821 - INFO - ```json
{
  "activity_or_fragment": "MainActivity"
}
```
2025-01-16 13:45:56,937 - INFO - ------query_instructions------
2025-01-16 13:45:56,937 - INFO - ```json
{
    "task": "search 'Clock' app and open it",
    "activities_sequence": [
        {
            "activity": "com.simplemobiletools.applauncher.activities.SplashActivity",
            "steps": [
                "1. Wait for the SplashActivity to initialize and transition to MainActivity."
            ]
        },
        {
            "activity": "com.simplemobiletools.applauncher.activities.MainActivity",
            "steps": [
                "2. Locate the search bar in the MainActivity.",
                "3. Enter 'Clock' in the search bar to filter the list of apps.",
                "4. Identify the 'Clock' app from the filtered list.",
                "5. Click on the 'Clock' app to open it."
            ]
        }
    ],
    "explanation": "because the MainActivity contains the search functionality and the list of apps, allowing the user to search for and open the 'Clock' app."
}
```
