2025-01-16 22:17:30,058 - INFO - This is a event:0
2025-01-16 22:17:49,152 - INFO - -----query_current_activity start query------
2025-01-16 22:17:49,154 - INFO - To change the theme of the Music Player app to a light theme and save it, you need to modify the app's theme settings. Based on the provided information, the `SettingsActivity` is the most relevant activity for this task, as it typically handles app customization, including theme changes.

### Steps to Change the Theme to Light and Save It:

1. **Identify the Theme Setting in `SettingsActivity`:**
   - The `SettingsActivity` layout (`R.layout.activity_settings`) contains a section for color customization, which is likely where the theme settings are managed.
   - Look for the `settings_color_customization_holder` or similar elements that might control the theme.

2. **Modify the Theme Setting:**
   - If the app uses a predefined set of themes (e.g., light, dark, system default), you need to locate the code that handles theme selection.
   - In the `SettingsActivity` class, search for methods or variables related to theme changes. For example, look for `setTheme()` or `applyTheme()` methods.

3. **Change the Theme to Light:**
   - If the app uses a `SharedPreferences` or similar mechanism to save theme preferences, you need to update the preference to the light theme.
   - For example, if the theme is stored as a string (e.g., `"light"`, `"dark"`), you would set it to `"light"`.

4. **Save the Theme Preference:**
   - After changing the theme, ensure the preference is saved using `SharedPreferences.Editor` or a similar method.
   - For example:
     ```java
     SharedPreferences preferences = getSharedPreferences("app_settings", MODE_PRIVATE);
     SharedPreferences.Editor editor = preferences.edit();
     editor.putString("theme", "light");
     editor.apply();
     ```

5. **Apply the Theme Immediately:**
   - To apply the theme immediately, you might need to restart the activity or recreate it.
   - For example:
     ```java
     recreate();
     ```

### Example Code Snippet:

Here¡¯s an example of how you might implement the theme change in `SettingsActivity`:

```java
public class SettingsActivity extends AppCompatActivity {
    private SharedPreferences preferences;

    @Override
    protected void onCreate(Bundle savedInstanceState) {
        super.onCreate(savedInstanceState);
        setContentView(R.layout.activity_settings);

        preferences = getSharedPreferences("app_settings", MODE_PRIVATE);

        // Assuming you have a button or switch to change the theme
        Button lightThemeButton = findViewById(R.id.light_theme_button);
        lightThemeButton.setOnClickListener(v -> setLightTheme());
    }

    private void setLightTheme() {
        // Save the light theme preference
        SharedPreferences.Editor editor = preferences.edit();
        editor.putString("theme", "light");
        editor.apply();

        // Apply the theme immediately
        recreate();
    }
}
```

### Layout Example:

If you want to add a button to switch to the light theme in `activity_settings.xml`, you can add something like this:

```xml
<Button
    android:id="@+id/light_theme_button"
    android:layout_width="wrap_content"
    android:layout_height="wrap_content"
    android:text="Set Light Theme"
    android:layout_below="@+id/settings_color_customization_label"
    android:layout_marginTop="16dp"/>
```

### Notes:
- The exact implementation may vary depending on how the app is structured and how themes are managed.
- If the app uses a third-party library for theme management, you may need to refer to the library's documentation for specific instructions.
- Ensure that the light theme is properly defined in the app's `styles.xml` or `themes.xml` file.

By following these steps, you should be able to change the theme of the Music Player app to a light theme and save the preference.

 Here is the information about the screen we are currently on.
Widget(resource-id: com.simplemobiletools.musicplayer:id/action_bar_root, class: android.widget.FrameLayout, position: (0, 74, 1080, 2277))
Widget(resource-id: com.simplemobiletools.musicplayer:id/main_coordinator, class: android.view.ViewGroup, position: (0, 74, 1080, 2277))
Widget(resource-id: com.simplemobiletools.musicplayer:id/main_menu, class: android.widget.LinearLayout, position: (0, 74, 1080, 242))
Widget(resource-id: com.simplemobiletools.musicplayer:id/top_app_bar_layout, class: android.widget.LinearLayout, position: (42, 74, 1038, 242))
Widget(resource-id: com.simplemobiletools.musicplayer:id/top_toolbar_holder, class: android.widget.RelativeLayout, position: (42, 95, 1038, 221))
Widget(resource-id: com.simplemobiletools.musicplayer:id/top_toolbar_search_icon, content-desc: Search, class: android.widget.ImageView, position: (42, 95, 147, 221))
Widget(resource-id: com.simplemobiletools.musicplayer:id/top_toolbar_search, text: Search, class: android.widget.EditText, position: (147, 95, 626, 221))
Widget(resource-id: com.simplemobiletools.musicplayer:id/top_toolbar, class: android.view.ViewGroup, position: (626, 95, 1027, 221))
Widget(resource-id: com.simplemobiletools.musicplayer:id/sort, content-desc: Sort by, class: android.widget.Button, position: (668, 95, 795, 221))
Widget(resource-id: com.simplemobiletools.musicplayer:id/equalizer, content-desc: Equalizer, class: android.widget.Button, position: (795, 95, 922, 221))
Widget(content-desc: More options, class: android.widget.ImageView, position: (922, 95, 1027, 221))
Widget(resource-id: com.simplemobiletools.musicplayer:id/main_nested_scrollview, class: android.widget.RelativeLayout, position: (0, 242, 1080, 2277))
Widget(resource-id: com.simplemobiletools.musicplayer:id/main_holder, class: android.view.ViewGroup, position: (0, 242, 1080, 2277))
Widget(resource-id: com.simplemobiletools.musicplayer:id/view_pager, class: t6.i, position: (0, 242, 1080, 1940))
Widget(resource-id: com.simplemobiletools.musicplayer:id/folders_fragment_holder, class: android.widget.RelativeLayout, position: (0, 242, 1080, 1940))
Widget(resource-id: com.simplemobiletools.musicplayer:id/folders_fastscroller, class: android.widget.RelativeLayout, position: (0, 242, 1080, 1940))
Widget(resource-id: com.simplemobiletools.musicplayer:id/folders_list, class: androidx.recyclerview.widget.RecyclerView, position: (0, 242, 1080, 1940))
Widget(resource-id: com.simplemobiletools.musicplayer:id/folder_frame, text: Recordings, class: android.view.ViewGroup, position: (0, 242, 1080, 440))
Widget(resource-id: com.simplemobiletools.musicplayer:id/folder_title, text: Recordings, class: android.widget.TextView, position: (21, 284, 1038, 347))
Widget(resource-id: com.simplemobiletools.musicplayer:id/folder_tracks, text: 5 Tracks, class: android.widget.TextView, position: (21, 347, 1038, 398))
Widget(resource-id: com.simplemobiletools.musicplayer:id/trackView, class: android.widget.LinearLayout, position: (1012, 242, 1080, 1940))
Widget(resource-id: com.simplemobiletools.musicplayer:id/current_track_bar, text: 2025_01_16_12_56_04, class: android.widget.RelativeLayout, position: (0, 1940, 1080, 2109))
Widget(resource-id: com.simplemobiletools.musicplayer:id/current_track_divider, class: android.widget.ImageView, position: (0, 1940, 1080, 1941))
Widget(resource-id: com.simplemobiletools.musicplayer:id/current_track_image, class: android.widget.ImageView, position: (32, 1972, 137, 2077))
Widget(resource-id: com.simplemobiletools.musicplayer:id/current_track_label, text: 2025_01_16_12_56_04, class: android.widget.TextView, position: (169, 1972, 953, 2077))
Widget(resource-id: com.simplemobiletools.musicplayer:id/current_track_play_pause, class: android.widget.ImageView, position: (953, 1972, 1048, 2077))
Widget(resource-id: com.simplemobiletools.musicplayer:id/main_tabs_holder, class: android.widget.HorizontalScrollView, position: (0, 2109, 1080, 2277))
Widget(text: Playlists, class: android.widget.LinearLayout, position: (0, 2109, 216, 2277))
Widget(resource-id: com.simplemobiletools.musicplayer:id/tab_item_holder, class: android.widget.LinearLayout, position: (60, 2141, 155, 2277))
Widget(resource-id: com.simplemobiletools.musicplayer:id/tab_item_icon, class: android.widget.ImageView, position: (70, 2141, 144, 2215))
Widget(resource-id: com.simplemobiletools.musicplayer:id/tab_item_label, text: Playlists, class: android.widget.TextView, position: (60, 2215, 155, 2277))
Widget(resource-id: com.simplemobiletools.musicplayer:id/tab_item_holder, class: android.widget.LinearLayout, position: (281, 2141, 367, 2277))
Widget(resource-id: com.simplemobiletools.musicplayer:id/tab_item_icon, class: android.widget.ImageView, position: (287, 2141, 361, 2215))
Widget(resource-id: com.simplemobiletools.musicplayer:id/tab_item_label, text: Folders, class: android.widget.TextView, position: (281, 2215, 367, 2277))
Widget(text: Artists, class: android.widget.LinearLayout, position: (432, 2109, 648, 2277))
Widget(resource-id: com.simplemobiletools.musicplayer:id/tab_item_holder, class: android.widget.LinearLayout, position: (501, 2141, 578, 2277))
Widget(resource-id: com.simplemobiletools.musicplayer:id/tab_item_icon, class: android.widget.ImageView, position: (502, 2141, 576, 2215))
Widget(resource-id: com.simplemobiletools.musicplayer:id/tab_item_label, text: Artists, class: android.widget.TextView, position: (501, 2215, 578, 2277))
Widget(text: Albums, class: android.widget.LinearLayout, position: (648, 2109, 864, 2277))
Widget(resource-id: com.simplemobiletools.musicplayer:id/tab_item_holder, class: android.widget.LinearLayout, position: (712, 2141, 800, 2277))
Widget(resource-id: com.simplemobiletools.musicplayer:id/tab_item_icon, class: android.widget.ImageView, position: (719, 2141, 793, 2215))
Widget(resource-id: com.simplemobiletools.musicplayer:id/tab_item_label, text: Albums, class: android.widget.TextView, position: (712, 2215, 800, 2277))
Widget(text: Tracks, class: android.widget.LinearLayout, position: (864, 2109, 1080, 2277))
Widget(resource-id: com.simplemobiletools.musicplayer:id/tab_item_holder, class: android.widget.LinearLayout, position: (933, 2141, 1011, 2277))
Widget(resource-id: com.simplemobiletools.musicplayer:id/tab_item_icon, class: android.widget.ImageView, position: (935, 2141, 1009, 2215))
Widget(resource-id: com.simplemobiletools.musicplayer:id/tab_item_label, text: Tracks, class: android.widget.TextView, position: (933, 2215, 1011, 2277))
Widget(content-desc: ATX notification: UIAutomator, class: android.widget.ImageView, position: (107, 1, 165, 74))
Widget(content-desc: Android System notification: , class: android.widget.ImageView, position: (165, 1, 223, 74))


        I would like to know which activity/fragment we are currently on.
        Please respond in the following JSON format:
        {
        "activity_or_fragment": "TestActivity",
        }
        or 
        {
        "activity_or_fragment": "TestFragment",
        }
        If can not determine the activity/fragment,just output{
        "activity_or_fragment": "Unknown"
        }
        Do not output anything else except json format result.
        
2025-01-16 22:17:50,763 - INFO - ------answer------
2025-01-16 22:17:50,764 - INFO - ```json
{
"activity_or_fragment": "Unknown"
}
```
2025-01-16 22:18:03,727 - INFO - ------query_instructions------
2025-01-16 22:18:03,728 - INFO - ```json
{
    "task": "change the theme of the Music player app to light and save it",
    "activities_sequence": [
        {
            "activity": "MainActivity",
            "steps": [
                "1. Open the Music player app.",
                "2. Navigate to the settings menu by clicking on the settings icon (usually represented by a gear or three dots)."
            ]
        },
        {
            "activity": "SettingsActivity",
            "steps": [
                "3. Scroll through the settings options to find the 'Color Customization' section.",
                "4. Click on the 'Customize Colors' option to open the color customization settings.",
                "5. Select the 'Light' theme from the available theme options.",
                "6. Save the changes by clicking on the 'Save' or 'Apply' button."
            ]
        }
    ],
    "explanation": "because the SettingsActivity contains the options to customize the theme and save the changes."
}
```
