2025-01-17 00:48:29,945 - INFO - This is a event:0
2025-01-17 00:48:54,323 - INFO - -----query_current_activity start query------
2025-01-17 00:48:54,325 - INFO - To sort contacts based on the "Date created" in descending order, you need to modify the logic in the `MainActivity` where the contacts are displayed. Here¡¯s a step-by-step guide on how to achieve this:

### Step 1: Identify the Data Source
First, identify where the contacts are being fetched from. This is typically done in the `MainActivity` or a related data source class. The contacts are likely stored in a list or a database.

### Step 2: Modify the Query or Sorting Logic
If the contacts are stored in a database, you need to modify the query to sort the contacts by the "Date created" field in descending order. If the contacts are stored in a list, you need to sort the list before displaying it.

#### Example for Database Query:
If you are using SQLite, your query might look something like this:

```java
String query = "SELECT * FROM contacts ORDER BY date_created DESC";
Cursor cursor = database.rawQuery(query, null);
```

#### Example for Sorting a List:
If you have a list of contacts, you can sort it using `Collections.sort` with a custom comparator:

```java
Collections.sort(contacts, new Comparator<Contact>() {
    @Override
    public int compare(Contact c1, Contact c2) {
        return c2.getDateCreated().compareTo(c1.getDateCreated());
    }
});
```

### Step 3: Update the RecyclerView Adapter
After sorting the contacts, update the RecyclerView adapter to reflect the sorted list:

```java
adapter.setContacts(sortedContacts);
adapter.notifyDataSetChanged();
```

### Step 4: Ensure the "Date Created" Field is Available
Make sure that each contact object has a "Date created" field and that it is properly set when the contact is created.

### Step 5: Test the Implementation
Run the app and verify that the contacts are displayed in the correct order.

### Example Code Snippet
Here¡¯s a more detailed example assuming you have a `Contact` class and a `MainActivity`:

```java
public class MainActivity extends AppCompatActivity {
    private List<Contact> contacts;
    private ContactAdapter adapter;

    @Override
    protected void onCreate(Bundle savedInstanceState) {
        super.onCreate(savedInstanceState);
        setContentView(R.layout.activity_main);

        // Initialize the contacts list
        contacts = getContactsFromDatabase();

        // Sort the contacts by date created in descending order
        Collections.sort(contacts, new Comparator<Contact>() {
            @Override
            public int compare(Contact c1, Contact c2) {
                return c2.getDateCreated().compareTo(c1.getDateCreated());
            }
        });

        // Initialize the RecyclerView and adapter
        RecyclerView recyclerView = findViewById(R.id.contacts_recycler_view);
        adapter = new ContactAdapter(contacts);
        recyclerView.setAdapter(adapter);
        recyclerView.setLayoutManager(new LinearLayoutManager(this));
    }

    private List<Contact> getContactsFromDatabase() {
        // Fetch contacts from the database
        // This is just a placeholder, replace with actual database query
        List<Contact> contacts = new ArrayList<>();
        // Add contacts to the list
        return contacts;
    }
}

public class Contact {
    private String name;
    private Date dateCreated;

    // Getters and setters
    public Date getDateCreated() {
        return dateCreated;
    }

    public void setDateCreated(Date dateCreated) {
        this.dateCreated = dateCreated;
    }
}

public class ContactAdapter extends RecyclerView.Adapter<ContactAdapter.ViewHolder> {
    private List<Contact> contacts;

    public ContactAdapter(List<Contact> contacts) {
        this.contacts = contacts;
    }

    @Override
    public ViewHolder onCreateViewHolder(ViewGroup parent, int viewType) {
        View view = LayoutInflater.from(parent.getContext()).inflate(R.layout.contact_item, parent, false);
        return new ViewHolder(view);
    }

    @Override
    public void onBindViewHolder(ViewHolder holder, int position) {
        Contact contact = contacts.get(position);
        holder.nameTextView.setText(contact.getName());
        // Bind other views
    }

    @Override
    public int getItemCount() {
        return contacts.size();
    }

    public static class ViewHolder extends RecyclerView.ViewHolder {
        public TextView nameTextView;

        public ViewHolder(View itemView) {
            super(itemView);
            nameTextView = itemView.findViewById(R.id.contact_name);
        }
    }

    public void setContacts(List<Contact> contacts) {
        this.contacts = contacts;
    }
}
```

This example assumes you have a `Contact` class with a `dateCreated` field, and a `ContactAdapter` for displaying the contacts in a RecyclerView. Adjust the code according to your actual implementation.

 Here is the information about the screen we are currently on.
Widget(resource-id: com.simplemobiletools.contacts.pro:id/action_bar_root, class: android.widget.FrameLayout, position: (0, 74, 1080, 2277))
Widget(resource-id: com.simplemobiletools.contacts.pro:id/main_coordinator, class: android.view.ViewGroup, position: (0, 74, 1080, 2277))
Widget(resource-id: com.simplemobiletools.contacts.pro:id/main_menu, class: android.widget.LinearLayout, position: (0, 74, 1080, 242))
Widget(resource-id: com.simplemobiletools.contacts.pro:id/top_app_bar_layout, class: android.widget.LinearLayout, position: (42, 74, 1038, 242))
Widget(resource-id: com.simplemobiletools.contacts.pro:id/top_toolbar_holder, class: android.widget.RelativeLayout, position: (42, 95, 1038, 221))
Widget(resource-id: com.simplemobiletools.contacts.pro:id/top_toolbar_search_icon, content-desc: Search, class: android.widget.ImageView, position: (42, 95, 147, 221))
Widget(resource-id: com.simplemobiletools.contacts.pro:id/top_toolbar_search, text: Search, class: android.widget.EditText, position: (147, 95, 626, 221))
Widget(resource-id: com.simplemobiletools.contacts.pro:id/top_toolbar, class: android.view.ViewGroup, position: (626, 95, 1027, 221))
Widget(resource-id: com.simplemobiletools.contacts.pro:id/sort, content-desc: Sort by, class: android.widget.Button, position: (668, 95, 795, 221))
Widget(resource-id: com.simplemobiletools.contacts.pro:id/filter, content-desc: Filter, class: android.widget.Button, position: (795, 95, 922, 221))
Widget(content-desc: More options, class: android.widget.ImageView, position: (922, 95, 1027, 221))
Widget(resource-id: com.simplemobiletools.contacts.pro:id/main_holder, class: android.view.ViewGroup, position: (0, 242, 1080, 2277))
Widget(resource-id: com.simplemobiletools.contacts.pro:id/view_pager, class: p4.i, position: (0, 242, 1080, 2109))
Widget(resource-id: com.simplemobiletools.contacts.pro:id/contacts_fragment, class: android.view.ViewGroup, position: (0, 242, 1080, 2109))
Widget(resource-id: com.simplemobiletools.contacts.pro:id/fragment_wrapper, class: android.widget.RelativeLayout, position: (0, 242, 1080, 2109))
Widget(resource-id: com.simplemobiletools.contacts.pro:id/fragment_list, class: androidx.recyclerview.widget.RecyclerView, position: (0, 242, 1080, 2109))
Widget(resource-id: com.simplemobiletools.contacts.pro:id/item_contact_frame, text: Alice, class: android.view.ViewGroup, position: (0, 242, 1080, 410))
Widget(resource-id: com.simplemobiletools.contacts.pro:id/item_contact_image, class: android.widget.ImageView, position: (43, 263, 169, 389))
Widget(resource-id: com.simplemobiletools.contacts.pro:id/item_contact_name, text: Alice, class: android.widget.TextView, position: (169, 298, 1048, 355))
Widget(resource-id: com.simplemobiletools.contacts.pro:id/item_contact_frame, text: Jack, class: android.view.ViewGroup, position: (0, 415, 1080, 583))
Widget(resource-id: com.simplemobiletools.contacts.pro:id/item_contact_image, class: android.widget.ImageView, position: (43, 436, 169, 562))
Widget(resource-id: com.simplemobiletools.contacts.pro:id/item_contact_name, text: Jack, class: android.widget.TextView, position: (169, 471, 1048, 528))
Widget(resource-id: com.simplemobiletools.contacts.pro:id/item_contact_frame, text: stephen.bob@example.com, class: android.view.ViewGroup, position: (0, 588, 1080, 756))
Widget(resource-id: com.simplemobiletools.contacts.pro:id/item_contact_image, class: android.widget.ImageView, position: (43, 609, 169, 735))
Widget(resource-id: com.simplemobiletools.contacts.pro:id/item_contact_name, text: stephen.bob@example.com, class: android.widget.TextView, position: (169, 644, 1048, 701))
Widget(resource-id: com.simplemobiletools.contacts.pro:id/item_contact_frame, text: 12345678900, class: android.view.ViewGroup, position: (0, 761, 1080, 929))
Widget(resource-id: com.simplemobiletools.contacts.pro:id/item_contact_image, class: android.widget.ImageView, position: (43, 782, 169, 908))
Widget(resource-id: com.simplemobiletools.contacts.pro:id/item_contact_name, text: 12345678900, class: android.widget.TextView, position: (169, 817, 1048, 874))
Widget(resource-id: com.simplemobiletools.contacts.pro:id/item_contact_frame, text: 12345678900123123456789001234567890045678900, class: android.view.ViewGroup, position: (0, 934, 1080, 1102))
Widget(resource-id: com.simplemobiletools.contacts.pro:id/item_contact_image, class: android.widget.ImageView, position: (43, 955, 169, 1081))
Widget(resource-id: com.simplemobiletools.contacts.pro:id/item_contact_name, text: 12345678900123123456789001234567890045678900, class: android.widget.TextView, position: (169, 990, 1048, 1047))
Widget(resource-id: com.simplemobiletools.contacts.pro:id/letter_fastscroller_thumb, class: android.view.ViewGroup, position: (807, 242, 954, 593))
Widget(resource-id: com.simplemobiletools.contacts.pro:id/letter_fastscroller, text: A
J
S
1, class: android.widget.LinearLayout, position: (996, 242, 1080, 593))
Widget(text: A
J
S
1, class: android.widget.TextView, position: (996, 305, 1080, 530))
Widget(resource-id: com.simplemobiletools.contacts.pro:id/fragment_fab, content-desc: Create new contact, class: android.widget.ImageButton, position: (891, 1920, 1038, 2067))
Widget(resource-id: com.simplemobiletools.contacts.pro:id/main_dialpad_button, content-desc: Dialpad, class: android.widget.ImageView, position: (461, 1909, 619, 2067))
Widget(resource-id: com.simplemobiletools.contacts.pro:id/main_tabs_holder, class: android.widget.HorizontalScrollView, position: (0, 2109, 1080, 2277))
Widget(resource-id: com.simplemobiletools.contacts.pro:id/tab_item_holder, class: android.widget.LinearLayout, position: (127, 2141, 232, 2277))
Widget(resource-id: com.simplemobiletools.contacts.pro:id/tab_item_icon, class: android.widget.ImageView, position: (142, 2141, 216, 2215))
Widget(resource-id: com.simplemobiletools.contacts.pro:id/tab_item_label, text: Contacts, class: android.widget.TextView, position: (127, 2215, 232, 2277))
Widget(text: Favorites, class: android.widget.LinearLayout, position: (360, 2109, 720, 2277))
Widget(resource-id: com.simplemobiletools.contacts.pro:id/tab_item_holder, class: android.widget.LinearLayout, position: (486, 2141, 593, 2277))
Widget(resource-id: com.simplemobiletools.contacts.pro:id/tab_item_icon, class: android.widget.ImageView, position: (502, 2141, 576, 2215))
Widget(resource-id: com.simplemobiletools.contacts.pro:id/tab_item_label, text: Favorites, class: android.widget.TextView, position: (486, 2215, 593, 2277))
Widget(text: Groups, class: android.widget.LinearLayout, position: (720, 2109, 1080, 2277))
Widget(resource-id: com.simplemobiletools.contacts.pro:id/tab_item_holder, class: android.widget.LinearLayout, position: (858, 2141, 942, 2277))
Widget(resource-id: com.simplemobiletools.contacts.pro:id/tab_item_icon, class: android.widget.ImageView, position: (863, 2141, 937, 2215))
Widget(resource-id: com.simplemobiletools.contacts.pro:id/tab_item_label, text: Groups, class: android.widget.TextView, position: (858, 2215, 942, 2277))
Widget(content-desc: Speakerphone enabled., class: android.widget.ImageView, position: (819, 8, 866, 66))


        I would like to know which activity/fragment we are currently on.
        Please respond in the following JSON format:
        {
        "activity_or_fragment": "TestActivity",
        }
        or 
        {
        "activity_or_fragment": "TestFragment",
        }
        If can not determine the activity/fragment,just output{
        "activity_or_fragment": "Unknown"
        }
        Do not output anything else except json format result.
        
2025-01-17 00:48:55,927 - INFO - ------answer------
2025-01-17 00:48:55,928 - INFO - ```json
{
"activity_or_fragment": "Unknown"
}
```
2025-01-17 00:49:22,103 - INFO - ------query_instructions------
2025-01-17 00:49:22,103 - INFO - ```json
{
    "task": "Sort contacts based on 'Date created' in descending order",
    "activities_sequence": [
        {
            "activity": "MainActivity",
            "steps": [
                "1. Open the app and navigate to the MainActivity.",
                "2. Click on the 'Sort' menu item in the toolbar.",
                "3. Select the 'Date created' option from the sorting dialog.",
                "4. Choose 'Descending' order to sort the contacts."
            ]
        }
    ],
    "explanation": "because the MainActivity contains the sorting functionality through the 'Sort' menu item, which allows users to sort contacts based on 'Date created' in descending order."
}
```
