2025-01-16 20:27:37,375 - INFO - This is a event:0
2025-01-16 20:27:37,714 - INFO - -----query_current_activity start query------
2025-01-16 20:27:37,722 - INFO - To change the theme to a light theme in the app, you need to modify the app's theme settings. Based on the provided activities and layouts, it seems that the app uses a custom theme defined in the `AppTheme` style, which is referenced in various activities (e.g., `titleTextAppearance:@style/AppTheme.ActionBar.TitleTextStyle`).

Here¡¯s how you can approach this task:

### Step 1: Locate the App Theme
The app's theme is likely defined in the `res/values/styles.xml` file. Look for a style named `AppTheme` or something similar. It might look like this:

```xml
<style name="AppTheme" parent="Theme.MaterialComponents.DayNight.NoActionBar">
    <!-- Customize your theme here. -->
    <item name="colorPrimary">@color/colorPrimary</item>
    <item name="colorPrimaryDark">@color/colorPrimaryDark</item>
    <item name="colorAccent">@color/colorAccent</item>
    <item name="android:windowBackground">@color/windowBackground</item>
    <!-- Other theme attributes -->
</style>
```

### Step 2: Modify the Theme to Light
To change the theme to a light theme, you need to ensure that the parent theme is a light variant. For example, you can change the parent theme to `Theme.MaterialComponents.Light.NoActionBar`:

```xml
<style name="AppTheme" parent="Theme.MaterialComponents.Light.NoActionBar">
    <!-- Customize your theme here. -->
    <item name="colorPrimary">@color/colorPrimary</item>
    <item name="colorPrimaryDark">@color/colorPrimaryDark</item>
    <item name="colorAccent">@color/colorAccent</item>
    <item name="android:windowBackground">@color/windowBackground</item>
    <!-- Other theme attributes -->
</style>
```

### Step 3: Update Colors (Optional)
If you want to ensure that the colors used in the app are appropriate for a light theme, you may need to update the color resources in `res/values/colors.xml`. For example:

```xml
<color name="colorPrimary">#6200EE</color>
<color name="colorPrimaryDark">#3700B3</color>
<color name="colorAccent">#03DAC5</color>
<color name="windowBackground">#FFFFFF</color>
```

### Step 4: Apply the Theme in the Manifest
Ensure that the `AppTheme` is applied in the `AndroidManifest.xml` file. It should be applied to the `<application>` tag or individual `<activity>` tags:

```xml
<application
    android:theme="@style/AppTheme">
    <!-- Activities -->
</application>
```

### Step 5: Rebuild and Test
After making these changes, rebuild the app and test it to ensure that the theme has been successfully changed to a light theme.

### Additional Considerations
- **Dynamic Theme Change**: If you want to allow users to switch between light and dark themes dynamically, you might need to implement a theme-switching mechanism in the `SettingsActivity`.
- **Third-Party Libraries**: If the app uses third-party libraries (like `AboutActivity` and `CustomizationActivity`), ensure that these libraries support the light theme or provide their own theme configurations.

### Example of Dynamic Theme Change
If you want to implement a dynamic theme change, you can add a preference in the `SettingsActivity` to toggle between light and dark themes. Here¡¯s a basic example:

1. **Add a Preference in `SettingsActivity`**:
   ```xml
   <SwitchPreference
       android:key="theme_preference"
       android:title="Light Theme"
       android:summary="Enable light theme"
       android:defaultValue="false" />
   ```

2. **Handle Theme Change in Code**:
   ```java
   SharedPreferences sharedPreferences = PreferenceManager.getDefaultSharedPreferences(this);
   boolean isLightTheme = sharedPreferences.getBoolean("theme_preference", false);

   if (isLightTheme) {
       setTheme(R.style.AppTheme_Light);
   } else {
       setTheme(R.style.AppTheme_Dark);
   }
   ```

3. **Define Light and Dark Themes in `styles.xml`**:
   ```xml
   <style name="AppTheme_Light" parent="Theme.MaterialComponents.Light.NoActionBar">
       <!-- Light theme attributes -->
   </style>

   <style name="AppTheme_Dark" parent="Theme.MaterialComponents.DayNight.NoActionBar">
       <!-- Dark theme attributes -->
   </style>
   ```

By following these steps, you should be able to change the app's theme to a light theme successfully.

 Here is the information about the screen we are currently on.
Widget(content-desc: ATX notification: UIAutomator, class: android.widget.ImageView, position: (128, 1, 186, 74))
Widget(content-desc: Android System notification: , class: android.widget.ImageView, position: (186, 1, 244, 74))
Widget(resource-id: com.simplemobiletools.filemanager.pro:id/action_bar_root, class: android.widget.FrameLayout, position: (0, 74, 1080, 2277))
Widget(resource-id: com.simplemobiletools.filemanager.pro:id/main_coordinator, class: android.view.ViewGroup, position: (0, 74, 1080, 2277))
Widget(resource-id: com.simplemobiletools.filemanager.pro:id/main_menu, class: android.widget.LinearLayout, position: (0, 74, 1080, 242))
Widget(resource-id: com.simplemobiletools.filemanager.pro:id/top_app_bar_layout, class: android.widget.LinearLayout, position: (42, 74, 1038, 242))
Widget(resource-id: com.simplemobiletools.filemanager.pro:id/top_toolbar_holder, class: android.widget.RelativeLayout, position: (42, 95, 1038, 221))
Widget(resource-id: com.simplemobiletools.filemanager.pro:id/top_toolbar_search_icon, content-desc: Search, class: android.widget.ImageView, position: (42, 95, 147, 221))
Widget(resource-id: com.simplemobiletools.filemanager.pro:id/top_toolbar_search, text: Search, class: android.widget.EditText, position: (147, 95, 604, 221))
Widget(resource-id: com.simplemobiletools.filemanager.pro:id/top_toolbar, class: android.view.ViewGroup, position: (604, 95, 1027, 221))
Widget(resource-id: com.simplemobiletools.filemanager.pro:id/change_view_type, content-desc: Change view type, class: android.widget.Button, position: (646, 95, 773, 221))
Widget(resource-id: com.simplemobiletools.filemanager.pro:id/settings, content-desc: Settings, class: android.widget.Button, position: (773, 95, 900, 221))
Widget(resource-id: com.simplemobiletools.filemanager.pro:id/about, content-desc: About, class: android.widget.Button, position: (900, 95, 1027, 221))
Widget(resource-id: com.simplemobiletools.filemanager.pro:id/main_holder, class: android.widget.RelativeLayout, position: (0, 242, 1080, 2277))
Widget(resource-id: com.simplemobiletools.filemanager.pro:id/main_view_pager, class: androidx.viewpager.widget.m, position: (0, 242, 1080, 2109))
Widget(resource-id: com.simplemobiletools.filemanager.pro:id/recents_fragment, class: android.widget.RelativeLayout, position: (0, 242, 1080, 2109))
Widget(resource-id: com.simplemobiletools.filemanager.pro:id/recents_swipe_refresh, class: android.view.ViewGroup, position: (0, 242, 1080, 2109))
Widget(resource-id: com.simplemobiletools.filemanager.pro:id/recents_list, class: androidx.recyclerview.widget.RecyclerView, position: (0, 242, 1080, 2109))
Widget(resource-id: com.simplemobiletools.filemanager.pro:id/item_frame, text: atx-agent.log, class: android.widget.FrameLayout, position: (0, 263, 1080, 415))
Widget(resource-id: com.simplemobiletools.filemanager.pro:id/item_holder, class: android.view.ViewGroup, position: (0, 268, 1080, 410))
Widget(resource-id: com.simplemobiletools.filemanager.pro:id/item_icon, class: android.widget.ImageView, position: (11, 268, 153, 410))
Widget(resource-id: com.simplemobiletools.filemanager.pro:id/item_name, text: atx-agent.log, class: android.widget.TextView, position: (153, 276, 1027, 339))
Widget(resource-id: com.simplemobiletools.filemanager.pro:id/item_details, text: 687.5 kB, class: android.widget.TextView, position: (153, 339, 665, 402))
Widget(resource-id: com.simplemobiletools.filemanager.pro:id/item_date, text: 16.01.2025, 04:43 AM, class: android.widget.TextView, position: (665, 345, 1027, 396))
Widget(resource-id: com.simplemobiletools.filemanager.pro:id/item_frame, text: atx-agent.daemon.log, class: android.widget.FrameLayout, position: (0, 420, 1080, 572))
Widget(resource-id: com.simplemobiletools.filemanager.pro:id/item_holder, class: android.view.ViewGroup, position: (0, 425, 1080, 567))
Widget(resource-id: com.simplemobiletools.filemanager.pro:id/item_icon, class: android.widget.ImageView, position: (11, 425, 153, 567))
Widget(resource-id: com.simplemobiletools.filemanager.pro:id/item_name, text: atx-agent.daemon.log, class: android.widget.TextView, position: (153, 433, 1027, 496))
Widget(resource-id: com.simplemobiletools.filemanager.pro:id/item_details, text: 1.3 kB, class: android.widget.TextView, position: (153, 496, 665, 559))
Widget(resource-id: com.simplemobiletools.filemanager.pro:id/item_date, text: 16.01.2025, 04:29 AM, class: android.widget.TextView, position: (665, 502, 1027, 553))
Widget(resource-id: com.simplemobiletools.filemanager.pro:id/item_frame, text: Diary.pdf, class: android.widget.FrameLayout, position: (0, 577, 1080, 729))
Widget(resource-id: com.simplemobiletools.filemanager.pro:id/item_holder, class: android.view.ViewGroup, position: (0, 582, 1080, 724))
Widget(resource-id: com.simplemobiletools.filemanager.pro:id/item_icon, class: android.widget.ImageView, position: (11, 582, 153, 724))
Widget(resource-id: com.simplemobiletools.filemanager.pro:id/item_name, text: Diary.pdf, class: android.widget.TextView, position: (153, 590, 1027, 653))
Widget(resource-id: com.simplemobiletools.filemanager.pro:id/item_details, text: 5.4 kB, class: android.widget.TextView, position: (153, 653, 665, 716))
Widget(resource-id: com.simplemobiletools.filemanager.pro:id/item_date, text: 15.01.2025, 10:36 AM, class: android.widget.TextView, position: (665, 659, 1027, 710))
Widget(resource-id: com.simplemobiletools.filemanager.pro:id/item_frame, text: 01_15_01_00.txt, class: android.widget.FrameLayout, position: (0, 734, 1080, 886))
Widget(resource-id: com.simplemobiletools.filemanager.pro:id/item_holder, class: android.view.ViewGroup, position: (0, 739, 1080, 881))
Widget(resource-id: com.simplemobiletools.filemanager.pro:id/item_icon, class: android.widget.ImageView, position: (11, 739, 153, 881))
Widget(resource-id: com.simplemobiletools.filemanager.pro:id/item_name, text: 01_15_01_00.txt, class: android.widget.TextView, position: (153, 747, 1027, 810))
Widget(resource-id: com.simplemobiletools.filemanager.pro:id/item_details, text: 891 B, class: android.widget.TextView, position: (153, 810, 665, 873))
Widget(resource-id: com.simplemobiletools.filemanager.pro:id/item_date, text: 15.01.2025, 01:37 AM, class: android.widget.TextView, position: (665, 816, 1027, 867))
Widget(resource-id: com.simplemobiletools.filemanager.pro:id/item_frame, text: 01_14_11_00.txt, class: android.widget.FrameLayout, position: (0, 891, 1080, 1043))
Widget(resource-id: com.simplemobiletools.filemanager.pro:id/item_holder, class: android.view.ViewGroup, position: (0, 896, 1080, 1038))
Widget(resource-id: com.simplemobiletools.filemanager.pro:id/item_icon, class: android.widget.ImageView, position: (11, 896, 153, 1038))
Widget(resource-id: com.simplemobiletools.filemanager.pro:id/item_name, text: 01_14_11_00.txt, class: android.widget.TextView, position: (153, 904, 1027, 967))
Widget(resource-id: com.simplemobiletools.filemanager.pro:id/item_details, text: 891 B, class: android.widget.TextView, position: (153, 967, 665, 1030))
Widget(resource-id: com.simplemobiletools.filemanager.pro:id/item_date, text: 14.01.2025, 11:44 AM, class: android.widget.TextView, position: (665, 973, 1027, 1024))
Widget(resource-id: com.simplemobiletools.filemanager.pro:id/item_frame, text: 01_07_13_00.txt, class: android.widget.FrameLayout, position: (0, 1048, 1080, 1200))
Widget(resource-id: com.simplemobiletools.filemanager.pro:id/item_holder, class: android.view.ViewGroup, position: (0, 1053, 1080, 1195))
Widget(resource-id: com.simplemobiletools.filemanager.pro:id/item_icon, class: android.widget.ImageView, position: (11, 1053, 153, 1195))
Widget(resource-id: com.simplemobiletools.filemanager.pro:id/item_name, text: 01_07_13_00.txt, class: android.widget.TextView, position: (153, 1061, 1027, 1124))
Widget(resource-id: com.simplemobiletools.filemanager.pro:id/item_details, text: 891 B, class: android.widget.TextView, position: (153, 1124, 666, 1187))
Widget(resource-id: com.simplemobiletools.filemanager.pro:id/item_date, text: 07.01.2025, 01:53 PM, class: android.widget.TextView, position: (666, 1130, 1027, 1181))
Widget(resource-id: com.simplemobiletools.filemanager.pro:id/item_frame, text: 12_30_12_00.txt, class: android.widget.FrameLayout, position: (0, 1205, 1080, 1357))
Widget(resource-id: com.simplemobiletools.filemanager.pro:id/item_holder, class: android.view.ViewGroup, position: (0, 1210, 1080, 1352))
Widget(resource-id: com.simplemobiletools.filemanager.pro:id/item_icon, class: android.widget.ImageView, position: (11, 1210, 153, 1352))
Widget(resource-id: com.simplemobiletools.filemanager.pro:id/item_name, text: 12_30_12_00.txt, class: android.widget.TextView, position: (153, 1218, 1027, 1281))
Widget(resource-id: com.simplemobiletools.filemanager.pro:id/item_details, text: 891 B, class: android.widget.TextView, position: (153, 1281, 666, 1344))
Widget(resource-id: com.simplemobiletools.filemanager.pro:id/item_date, text: 30.12.2024, 12:15 PM, class: android.widget.TextView, position: (666, 1287, 1027, 1338))
Widget(resource-id: com.simplemobiletools.filemanager.pro:id/item_frame, text: 12_28_12_00.txt, class: android.widget.FrameLayout, position: (0, 1362, 1080, 1514))
Widget(resource-id: com.simplemobiletools.filemanager.pro:id/item_holder, class: android.view.ViewGroup, position: (0, 1367, 1080, 1509))
Widget(resource-id: com.simplemobiletools.filemanager.pro:id/item_icon, class: android.widget.ImageView, position: (11, 1367, 153, 1509))
Widget(resource-id: com.simplemobiletools.filemanager.pro:id/item_name, text: 12_28_12_00.txt, class: android.widget.TextView, position: (153, 1375, 1027, 1438))
Widget(resource-id: com.simplemobiletools.filemanager.pro:id/item_details, text: 235 B, class: android.widget.TextView, position: (153, 1438, 666, 1501))
Widget(resource-id: com.simplemobiletools.filemanager.pro:id/item_date, text: 28.12.2024, 12:57 PM, class: android.widget.TextView, position: (666, 1444, 1027, 1495))
Widget(resource-id: com.simplemobiletools.filemanager.pro:id/item_frame, text: 12_28_06_00.txt, class: android.widget.FrameLayout, position: (0, 1519, 1080, 1671))
Widget(resource-id: com.simplemobiletools.filemanager.pro:id/item_holder, class: android.view.ViewGroup, position: (0, 1524, 1080, 1666))
Widget(resource-id: com.simplemobiletools.filemanager.pro:id/item_icon, class: android.widget.ImageView, position: (11, 1524, 153, 1666))
Widget(resource-id: com.simplemobiletools.filemanager.pro:id/item_name, text: 12_28_06_00.txt, class: android.widget.TextView, position: (153, 1532, 1027, 1595))
Widget(resource-id: com.simplemobiletools.filemanager.pro:id/item_details, text: 4.8 kB, class: android.widget.TextView, position: (153, 1595, 665, 1658))
Widget(resource-id: com.simplemobiletools.filemanager.pro:id/item_date, text: 28.12.2024, 06:28 AM, class: android.widget.TextView, position: (665, 1601, 1027, 1652))
Widget(resource-id: com.simplemobiletools.filemanager.pro:id/item_frame, text: General note.txt, class: android.widget.FrameLayout, position: (0, 1676, 1080, 1828))
Widget(resource-id: com.simplemobiletools.filemanager.pro:id/item_holder, class: android.view.ViewGroup, position: (0, 1681, 1080, 1823))
Widget(resource-id: com.simplemobiletools.filemanager.pro:id/item_icon, class: android.widget.ImageView, position: (11, 1681, 153, 1823))
Widget(resource-id: com.simplemobiletools.filemanager.pro:id/item_name, text: General note.txt, class: android.widget.TextView, position: (153, 1689, 1027, 1752))
Widget(resource-id: com.simplemobiletools.filemanager.pro:id/item_details, text: 0 B, class: android.widget.TextView, position: (153, 1752, 665, 1815))
Widget(resource-id: com.simplemobiletools.filemanager.pro:id/item_date, text: 19.12.2024, 06:27 AM, class: android.widget.TextView, position: (665, 1758, 1027, 1809))
Widget(resource-id: com.simplemobiletools.filemanager.pro:id/item_frame, text: 12_19_02_00.txt, class: android.widget.FrameLayout, position: (0, 1833, 1080, 1985))
Widget(resource-id: com.simplemobiletools.filemanager.pro:id/item_holder, class: android.view.ViewGroup, position: (0, 1838, 1080, 1980))
Widget(resource-id: com.simplemobiletools.filemanager.pro:id/item_icon, class: android.widget.ImageView, position: (11, 1838, 153, 1980))
Widget(resource-id: com.simplemobiletools.filemanager.pro:id/item_name, text: 12_19_02_00.txt, class: android.widget.TextView, position: (153, 1846, 1027, 1909))
Widget(resource-id: com.simplemobiletools.filemanager.pro:id/item_details, text: 891 B, class: android.widget.TextView, position: (153, 1909, 665, 1972))
Widget(resource-id: com.simplemobiletools.filemanager.pro:id/item_date, text: 19.12.2024, 02:42 AM, class: android.widget.TextView, position: (665, 1915, 1027, 1966))
Widget(resource-id: com.simplemobiletools.filemanager.pro:id/item_frame, text: 12_18_13_00.txt, class: android.widget.FrameLayout, position: (0, 1990, 1080, 2109))
Widget(resource-id: com.simplemobiletools.filemanager.pro:id/item_holder, class: android.view.ViewGroup, position: (0, 1995, 1080, 2109))
Widget(resource-id: com.simplemobiletools.filemanager.pro:id/item_icon, class: android.widget.ImageView, position: (11, 1995, 153, 2109))
Widget(resource-id: com.simplemobiletools.filemanager.pro:id/item_name, text: 12_18_13_00.txt, class: android.widget.TextView, position: (153, 2003, 1027, 2066))
Widget(resource-id: com.simplemobiletools.filemanager.pro:id/item_details, text: 2.1 kB, class: android.widget.TextView, position: (153, 2066, 666, 2109))
Widget(resource-id: com.simplemobiletools.filemanager.pro:id/item_date, text: 18.12.2024, 01:50 PM, class: android.widget.TextView, position: (666, 2072, 1027, 2109))
Widget(resource-id: com.simplemobiletools.filemanager.pro:id/main_tabs_holder, class: android.widget.HorizontalScrollView, position: (0, 2109, 1080, 2277))
Widget(text: Files, class: android.widget.LinearLayout, position: (0, 2109, 360, 2277))
Widget(resource-id: com.simplemobiletools.filemanager.pro:id/tab_item_holder, class: android.widget.LinearLayout, position: (143, 2141, 217, 2277))
Widget(resource-id: com.simplemobiletools.filemanager.pro:id/tab_item_icon, class: android.widget.ImageView, position: (143, 2141, 217, 2215))
Widget(resource-id: com.simplemobiletools.filemanager.pro:id/tab_item_label, text: Files, class: android.widget.TextView, position: (153, 2215, 206, 2277))
Widget(resource-id: com.simplemobiletools.filemanager.pro:id/tab_item_holder, class: android.widget.LinearLayout, position: (493, 2141, 587, 2277))
Widget(resource-id: com.simplemobiletools.filemanager.pro:id/tab_item_icon, class: android.widget.ImageView, position: (503, 2141, 577, 2215))
Widget(resource-id: com.simplemobiletools.filemanager.pro:id/tab_item_label, text: Recents, class: android.widget.TextView, position: (493, 2215, 587, 2277))
Widget(text: Storage, class: android.widget.LinearLayout, position: (720, 2109, 1080, 2277))
Widget(resource-id: com.simplemobiletools.filemanager.pro:id/tab_item_holder, class: android.widget.LinearLayout, position: (854, 2141, 945, 2277))
Widget(resource-id: com.simplemobiletools.filemanager.pro:id/tab_item_icon, class: android.widget.ImageView, position: (862, 2141, 936, 2215))
Widget(resource-id: com.simplemobiletools.filemanager.pro:id/tab_item_label, text: Storage, class: android.widget.TextView, position: (854, 2215, 945, 2277))


        I would like to know which activity/fragment we are currently on.
        Please respond in the following JSON format:
        {
        "activity_or_fragment": "TestActivity",
        }
        or 
        {
        "activity_or_fragment": "TestFragment",
        }
        If can not determine the activity/fragment,just output{
        "activity_or_fragment": "Unknown"
        }
        Do not output anything else except json format result.
        
2025-01-16 20:27:39,464 - INFO - ------answer------
2025-01-16 20:27:39,465 - INFO - ```json
{
  "activity_or_fragment": "Unknown"
}
```
2025-01-16 20:27:47,041 - INFO - ------query_instructions------
2025-01-16 20:27:47,041 - INFO - ```json
{
    "task": "change the theme to light",
    "activities_sequence": [
        {
            "activity": "MainActivity",
            "steps": [
                "1. Open the app and navigate to the MainActivity.",
                "2. Access the settings menu by clicking on the settings icon in the toolbar."
            ]
        },
        {
            "activity": "SettingsActivity",
            "steps": [
                "3. In the SettingsActivity, locate the 'Color Customization' section.",
                "4. Click on the 'Customize Colors' option to open the color customization settings.",
                "5. Select the 'Light' theme from the available theme options.",
                "6. Confirm the theme change by saving the settings."
            ]
        }
    ],
    "explanation": "because the SettingsActivity contains the options to customize the app's theme, including changing it to a light theme."
}
```
