2025-01-16 20:39:45,466 - INFO - This is a event:0
2025-01-16 20:40:05,874 - INFO - -----query_current_activity start query------
2025-01-16 20:40:05,876 - INFO - To change the theme color to white and save it, you will need to modify the app's theme settings. Since the `CustomizationActivity` and `AboutActivity` are from a third-party library, you may not have direct control over their themes unless the library provides customization options.

Here¡¯s how you can approach this task:

### 1. **Identify the Theme in the App**
   - The theme is usually defined in the `res/values/styles.xml` file. Look for the app's base theme, which might be something like `AppTheme` or `Theme.SimpleMobileTools.VoiceRecorder`.

   ```xml
   <resources>
       <style name="AppTheme" parent="Theme.MaterialComponents.Light.NoActionBar">
           <!-- Customize your theme here. -->
           <item name="colorPrimary">@color/colorPrimary</item>
           <item name="colorPrimaryDark">@color/colorPrimaryDark</item>
           <item name="colorAccent">@color/colorAccent</item>
           <item name="android:windowBackground">@color/white</item>
       </style>
   </resources>
   ```

   - Change the `android:windowBackground` and other color attributes to white (`#FFFFFF`).

### 2. **Modify the Colors**
   - In the `res/values/colors.xml` file, define the white color if it¡¯s not already defined.

   ```xml
   <resources>
       <color name="white">#FFFFFF</color>
       <color name="colorPrimary">#FFFFFF</color>
       <color name="colorPrimaryDark">#F5F5F5</color>
       <color name="colorAccent">#FFFFFF</color>
   </resources>
   ```

   - Update the color values to white or shades of white as needed.

### 3. **Apply the Theme to Activities**
   - Ensure that all activities in your app are using the modified theme. This is typically done in the `AndroidManifest.xml` file.

   ```xml
   <application
       android:theme="@style/AppTheme">
       <activity android:name=".activities.MainActivity" />
       <activity android:name=".activities.SettingsActivity" />
       <activity android:name=".activities.SplashActivity" />
       <activity android:name=".activities.BackgroundRecordActivity" />
       <activity android:name=".activities.WidgetRecordDisplayConfigureActivity" />
   </application>
   ```

   - If any activity uses a different theme, change it to `AppTheme`.

### 4. **Handle Third-Party Activities**
   - For `CustomizationActivity` and `AboutActivity`, check if the third-party library allows theme customization. If it does, follow the library's documentation to apply your custom theme.
   - If the library does not support theme customization, you may need to fork the library and modify it yourself, or request the feature from the library maintainers.

### 5. **Save the Theme Settings**
   - If the app has a settings screen (`SettingsActivity`), you might want to add an option to allow users to switch between themes. This would involve saving the user's preference in `SharedPreferences` and applying the theme dynamically when the app starts.

   ```java
   // In SettingsActivity
   SharedPreferences preferences = PreferenceManager.getDefaultSharedPreferences(this);
   SharedPreferences.Editor editor = preferences.edit();
   editor.putString("theme", "white");
   editor.apply();
   ```

   - In your `MainActivity` or `SplashActivity`, apply the theme based on the saved preference:

   ```java
   SharedPreferences preferences = PreferenceManager.getDefaultSharedPreferences(this);
   String theme = preferences.getString("theme", "default");

   if (theme.equals("white")) {
       setTheme(R.style.AppTheme_White);
   } else {
       setTheme(R.style.AppTheme);
   }
   ```

### 6. **Test the Changes**
   - Run the app and navigate through all activities to ensure the theme is applied consistently.
   - Pay special attention to the third-party activities to ensure they don¡¯t break or look out of place.

### 7. **Commit and Push Changes**
   - Once you¡¯re satisfied with the changes, commit them to your version control system and push them to your repository.

### Summary
- Modify the theme in `styles.xml` and `colors.xml`.
- Apply the theme to all activities in `AndroidManifest.xml`.
- Handle third-party activities by checking for customization options or forking the library.
- Save the theme preference in `SharedPreferences` if needed.
- Test thoroughly and commit your changes.

This should help you achieve the task of changing the theme color to white and saving it.

 Here is the information about the screen we are currently on.
Widget(content-desc: ATX notification: UIAutomator, class: android.widget.ImageView, position: (128, 1, 186, 74))
Widget(content-desc: Android System notification: , class: android.widget.ImageView, position: (186, 1, 244, 74))
Widget(resource-id: com.simplemobiletools.voicerecorder:id/action_bar_root, class: android.widget.FrameLayout, position: (0, 74, 1080, 2277))
Widget(resource-id: com.simplemobiletools.voicerecorder:id/main_coordinator, class: android.view.ViewGroup, position: (0, 74, 1080, 2277))
Widget(resource-id: com.simplemobiletools.voicerecorder:id/main_menu, class: android.widget.LinearLayout, position: (0, 74, 1080, 242))
Widget(resource-id: com.simplemobiletools.voicerecorder:id/top_app_bar_layout, class: android.widget.LinearLayout, position: (42, 74, 1038, 242))
Widget(resource-id: com.simplemobiletools.voicerecorder:id/top_toolbar_holder, class: android.widget.RelativeLayout, position: (42, 95, 1038, 221))
Widget(resource-id: com.simplemobiletools.voicerecorder:id/top_toolbar_search_icon, content-desc: Search, class: android.widget.ImageView, position: (42, 95, 147, 221))
Widget(resource-id: com.simplemobiletools.voicerecorder:id/top_toolbar_search, text: Search, class: android.widget.EditText, position: (147, 95, 731, 221))
Widget(resource-id: com.simplemobiletools.voicerecorder:id/top_toolbar, class: android.view.ViewGroup, position: (731, 95, 1027, 221))
Widget(resource-id: com.simplemobiletools.voicerecorder:id/settings, content-desc: Settings, class: android.widget.Button, position: (773, 95, 900, 221))
Widget(resource-id: com.simplemobiletools.voicerecorder:id/about, content-desc: About, class: android.widget.Button, position: (900, 95, 1027, 221))
Widget(resource-id: com.simplemobiletools.voicerecorder:id/main_holder, class: android.widget.RelativeLayout, position: (0, 242, 1080, 2277))
Widget(resource-id: com.simplemobiletools.voicerecorder:id/view_pager, class: f4.i, position: (0, 242, 1080, 2109))
Widget(resource-id: com.simplemobiletools.voicerecorder:id/trash_holder, class: android.view.ViewGroup, position: (0, 242, 1080, 2109))
Widget(resource-id: com.simplemobiletools.voicerecorder:id/trash_fastscroller, class: android.widget.RelativeLayout, position: (0, 242, 1080, 2109))
Widget(resource-id: com.simplemobiletools.voicerecorder:id/trash_list, class: androidx.recyclerview.widget.RecyclerView, position: (0, 242, 1080, 2109))
Widget(resource-id: com.simplemobiletools.voicerecorder:id/recording_frame, text: test1.mp3, class: android.widget.FrameLayout, position: (0, 242, 1080, 411))
Widget(resource-id: com.simplemobiletools.voicerecorder:id/item_holder, class: android.view.ViewGroup, position: (0, 242, 1080, 411))
Widget(resource-id: com.simplemobiletools.voicerecorder:id/recording_title, text: test1.mp3, class: android.widget.TextView, position: (42, 274, 840, 329))
Widget(resource-id: com.simplemobiletools.voicerecorder:id/recording_duration, text: 00:13, class: android.widget.TextView, position: (840, 276, 933, 327))
Widget(resource-id: com.simplemobiletools.voicerecorder:id/recording_date, text: 19.12.2024, 03:08 AM, class: android.widget.TextView, position: (42, 329, 788, 380))
Widget(resource-id: com.simplemobiletools.voicerecorder:id/recording_size, text: 157.3 kB, class: android.widget.TextView, position: (788, 329, 933, 380))
Widget(resource-id: com.simplemobiletools.voicerecorder:id/overflow_menu_icon, class: android.widget.ImageView, position: (933, 263, 1080, 390))
Widget(resource-id: com.simplemobiletools.voicerecorder:id/trackView, class: android.widget.LinearLayout, position: (1012, 242, 1080, 2109))
Widget(resource-id: com.simplemobiletools.voicerecorder:id/main_tabs_holder, class: android.widget.HorizontalScrollView, position: (0, 2109, 1080, 2277))
Widget(text: Recorder, class: android.widget.LinearLayout, position: (0, 2109, 360, 2277))
Widget(resource-id: com.simplemobiletools.voicerecorder:id/tab_item_holder, class: android.widget.LinearLayout, position: (127, 2141, 233, 2277))
Widget(resource-id: com.simplemobiletools.voicerecorder:id/tab_item_icon, class: android.widget.ImageView, position: (143, 2141, 217, 2215))
Widget(resource-id: com.simplemobiletools.voicerecorder:id/tab_item_label, text: Recorder, class: android.widget.TextView, position: (127, 2215, 233, 2277))
Widget(text: Player, class: android.widget.LinearLayout, position: (360, 2109, 720, 2277))
Widget(resource-id: com.simplemobiletools.voicerecorder:id/tab_item_holder, class: android.widget.LinearLayout, position: (503, 2141, 577, 2277))
Widget(resource-id: com.simplemobiletools.voicerecorder:id/tab_item_icon, class: android.widget.ImageView, position: (503, 2141, 577, 2215))
Widget(resource-id: com.simplemobiletools.voicerecorder:id/tab_item_label, text: Player, class: android.widget.TextView, position: (504, 2215, 575, 2277))
Widget(resource-id: com.simplemobiletools.voicerecorder:id/tab_item_holder, class: android.widget.LinearLayout, position: (834, 2141, 966, 2277))
Widget(resource-id: com.simplemobiletools.voicerecorder:id/tab_item_icon, class: android.widget.ImageView, position: (863, 2141, 937, 2215))
Widget(resource-id: com.simplemobiletools.voicerecorder:id/tab_item_label, text: Recycle Bin, class: android.widget.TextView, position: (834, 2215, 966, 2277))


        I would like to know which activity/fragment we are currently on.
        Please respond in the following JSON format:
        {
        "activity_or_fragment": "TestActivity",
        }
        or 
        {
        "activity_or_fragment": "TestFragment",
        }
        If can not determine the activity/fragment,just output{
        "activity_or_fragment": "Unknown"
        }
        Do not output anything else except json format result.
        
2025-01-16 20:40:09,083 - INFO - ------answer------
2025-01-16 20:40:09,084 - INFO - ```json
{
  "activity_or_fragment": "Unknown"
}
```
2025-01-16 20:40:16,786 - INFO - ------query_instructions------
2025-01-16 20:40:16,786 - INFO - ```json
{
    "task": "change the theme color to white and save it",
    "activities_sequence": [
        {
            "activity": "com.simplemobiletools.voicerecorder.activities.MainActivity",
            "steps": [
                "1. Open the app and navigate to the MainActivity.",
                "2. Click on the settings menu item (R.id.settings) in the toolbar to open the SettingsActivity."
            ]
        },
        {
            "activity": "com.simplemobiletools.voicerecorder.activities.SettingsActivity",
            "steps": [
                "3. In the SettingsActivity, locate the 'Color Customization' section.",
                "4. Click on the 'Color Customization' holder (R.id.settingsColorCustomizationHolder) to open the CustomizationActivity."
            ]
        },
        {
            "activity": "com.simplemobiletools.commons.activities.CustomizationActivity",
            "steps": [
                "5. In the CustomizationActivity, select the option to change the theme color.",
                "6. Choose the color white from the color picker.",
                "7. Save the changes by clicking the save button or equivalent action."
            ]
        }
    ],
    "explanation": "because the CustomizationActivity allows users to change the theme color and save it."
}
```
