2025-01-17 22:32:59,022 - INFO - This is a event:0
2025-01-17 22:33:22,071 - INFO - -----query_current_activity start query------
2025-01-17 22:33:22,078 - INFO - To implement the functionality of sending a message by pressing the Enter key, you need to focus on the `ThreadActivity` and its associated layout `R.layout.activity_thread`. Specifically, you need to handle the `MyEditText` view with the ID `@+id/thread_type_message`, which is the input field where the user types their message.

Here¡¯s how you can achieve this:

### Step 1: Identify the Relevant View
The `MyEditText` view with the ID `@+id/thread_type_message` is the input field where the user types their message. This is the view where you need to listen for the Enter key press.

### Step 2: Implement the Key Listener
You need to set an `OnKeyListener` on the `MyEditText` view to detect when the Enter key is pressed. When the Enter key is pressed, you will trigger the send message action.

### Step 3: Trigger the Send Message Action
When the Enter key is pressed, you should trigger the same action that is triggered when the send button (`@+id/thread_send_message`) is clicked. This typically involves sending the message text to the recipient.

### Code Implementation
Here¡¯s how you can implement this in the `ThreadActivity`:

```java
public class ThreadActivity extends AppCompatActivity {

    private MyEditText messageInput;
    private MyButton sendButton;

    @Override
    protected void onCreate(Bundle savedInstanceState) {
        super.onCreate(savedInstanceState);
        setContentView(R.layout.activity_thread);

        messageInput = findViewById(R.id.thread_type_message);
        sendButton = findViewById(R.id.thread_send_message);

        // Set the OnKeyListener for the message input field
        messageInput.setOnKeyListener(new View.OnKeyListener() {
            @Override
            public boolean onKey(View v, int keyCode, KeyEvent event) {
                if (event.getAction() == KeyEvent.ACTION_DOWN && keyCode == KeyEvent.KEYCODE_ENTER) {
                    // Trigger the send message action
                    sendMessage();
                    return true;
                }
                return false;
            }
        });

        // Set the OnClickListener for the send button
        sendButton.setOnClickListener(new View.OnClickListener() {
            @Override
            public void onClick(View v) {
                sendMessage();
            }
        });
    }

    private void sendMessage() {
        String message = messageInput.getText().toString().trim();
        if (!message.isEmpty()) {
            // TODO: Implement the logic to send the message
            // For example, you might call a method to send the message via SMS or another messaging protocol.

            // Clear the input field after sending the message
            messageInput.setText("");
        }
    }
}
```

### Explanation:
1. **OnKeyListener**: The `OnKeyListener` is set on the `messageInput` field. When the Enter key (`KEYCODE_ENTER`) is pressed, the `sendMessage()` method is called.
2. **sendMessage()**: This method retrieves the text from the input field, checks if it¡¯s not empty, and then sends the message. After sending, it clears the input field.
3. **sendButton**: The send button also triggers the `sendMessage()` method when clicked, ensuring consistency in behavior whether the user presses Enter or clicks the send button.

### Additional Considerations:
- **Multiline Input**: If you want to allow multiline input and only send the message when the user presses Enter (without Shift), you might need to handle the `KeyEvent` more carefully or use a different approach.
- **Shift + Enter**: If you want to allow the user to insert a newline when Shift + Enter is pressed, you can modify the `onKey` method to check for the Shift key state.

### Example for Multiline Input:
```java
messageInput.setOnKeyListener(new View.OnKeyListener() {
    @Override
    public boolean onKey(View v, int keyCode, KeyEvent event) {
        if (event.getAction() == KeyEvent.ACTION_DOWN && keyCode == KeyEvent.KEYCODE_ENTER) {
            if (!event.isShiftPressed()) {
                // Send the message if Shift is not pressed
                sendMessage();
                return true;
            } else {
                // Insert a newline if Shift is pressed
                messageInput.append("\n");
            }
        }
        return false;
    }
});
```

This approach ensures that the Enter key sends the message, while Shift + Enter inserts a newline, providing a better user experience for multiline input.

 Here is the information about the screen we are currently on.
Widget(resource-id: com.simplemobiletools.smsmessenger:id/action_bar_root, class: android.widget.FrameLayout, position: (0, 0, 1080, 2277))
Widget(resource-id: com.simplemobiletools.smsmessenger:id/main_coordinator, class: android.widget.ScrollView, position: (0, 74, 1080, 2277))
Widget(resource-id: com.simplemobiletools.smsmessenger:id/main_menu, class: android.widget.LinearLayout, position: (0, 74, 1080, 242))
Widget(resource-id: com.simplemobiletools.smsmessenger:id/top_app_bar_layout, class: android.widget.LinearLayout, position: (42, 74, 1038, 242))
Widget(resource-id: com.simplemobiletools.smsmessenger:id/top_toolbar_holder, class: android.widget.RelativeLayout, position: (42, 95, 1038, 221))
Widget(resource-id: com.simplemobiletools.smsmessenger:id/top_toolbar_search_icon, content-desc: Search, class: android.widget.ImageView, position: (42, 95, 147, 221))
Widget(resource-id: com.simplemobiletools.smsmessenger:id/top_toolbar_search, text: Search, class: android.widget.EditText, position: (147, 95, 626, 221))
Widget(resource-id: com.simplemobiletools.smsmessenger:id/top_toolbar, class: android.view.ViewGroup, position: (626, 95, 1027, 221))
Widget(resource-id: com.simplemobiletools.smsmessenger:id/settings, content-desc: Settings, class: android.widget.Button, position: (668, 95, 795, 221))
Widget(resource-id: com.simplemobiletools.smsmessenger:id/about, content-desc: About, class: android.widget.Button, position: (795, 95, 922, 221))
Widget(content-desc: More options, class: android.widget.ImageView, position: (922, 95, 1027, 221))
Widget(resource-id: com.simplemobiletools.smsmessenger:id/main_nested_scrollview, class: android.widget.RelativeLayout, position: (0, 242, 1080, 2277))
Widget(resource-id: com.simplemobiletools.smsmessenger:id/main_coordinator_wrapper, class: android.view.ViewGroup, position: (0, 242, 1080, 2277))
Widget(resource-id: com.simplemobiletools.smsmessenger:id/main_holder, class: android.widget.RelativeLayout, position: (0, 242, 1080, 2277))
Widget(resource-id: com.simplemobiletools.smsmessenger:id/conversations_fastscroller, class: android.widget.RelativeLayout, position: (0, 242, 1080, 2277))
Widget(resource-id: com.simplemobiletools.smsmessenger:id/conversations_list, class: androidx.recyclerview.widget.RecyclerView, position: (0, 242, 1080, 2277))
Widget(resource-id: com.simplemobiletools.smsmessenger:id/conversation_frame, text: Alice, class: android.widget.FrameLayout, position: (0, 242, 1080, 496))
Widget(resource-id: com.simplemobiletools.smsmessenger:id/conversation_holder, class: android.widget.RelativeLayout, position: (0, 242, 1080, 496))
Widget(resource-id: com.simplemobiletools.smsmessenger:id/conversation_image, class: android.widget.ImageView, position: (43, 284, 169, 454))
Widget(resource-id: com.simplemobiletools.smsmessenger:id/pin_indicator_l, class: android.widget.RelativeLayout, position: (43, 284, 169, 454))
Widget(resource-id: com.simplemobiletools.smsmessenger:id/conversation_address, text: Alice, class: android.widget.TextView, position: (201, 284, 1048, 352))
Widget(resource-id: com.simplemobiletools.smsmessenger:id/draft_indicator, text: Draft, class: android.widget.TextView, position: (201, 352, 292, 403))
Widget(resource-id: com.simplemobiletools.smsmessenger:id/conversation_body_short, text: I-love-youI-love-you, class: android.widget.TextView, position: (292, 352, 1048, 403))
Widget(resource-id: com.simplemobiletools.smsmessenger:id/conversation_date, text: 02:31 PM, class: android.widget.TextView, position: (201, 408, 1048, 454))
Widget(resource-id: com.simplemobiletools.smsmessenger:id/conversation_frame, text: Bob, class: android.widget.FrameLayout, position: (0, 501, 1080, 755))
Widget(resource-id: com.simplemobiletools.smsmessenger:id/conversation_holder, class: android.widget.RelativeLayout, position: (0, 501, 1080, 755))
Widget(resource-id: com.simplemobiletools.smsmessenger:id/conversation_image, class: android.widget.ImageView, position: (43, 543, 169, 713))
Widget(resource-id: com.simplemobiletools.smsmessenger:id/pin_indicator_l, class: android.widget.RelativeLayout, position: (43, 543, 169, 713))
Widget(resource-id: com.simplemobiletools.smsmessenger:id/conversation_address, text: Bob, class: android.widget.TextView, position: (201, 543, 1048, 611))
Widget(resource-id: com.simplemobiletools.smsmessenger:id/conversation_body_short, text: Eee, class: android.widget.TextView, position: (201, 611, 1048, 662))
Widget(resource-id: com.simplemobiletools.smsmessenger:id/conversation_date, text: 11:29 AM, class: android.widget.TextView, position: (201, 667, 1048, 713))
Widget(resource-id: com.simplemobiletools.smsmessenger:id/trackView, class: android.widget.LinearLayout, position: (1012, 242, 1080, 2277))
Widget(resource-id: com.simplemobiletools.smsmessenger:id/conversations_fab, class: android.widget.ImageButton, position: (891, 2088, 1038, 2235))
Widget(content-desc: ATX notification: UIAutomator, class: android.widget.ImageView, position: (107, 1, 165, 74))
Widget(content-desc: Android System notification: , class: android.widget.ImageView, position: (165, 1, 223, 74))


        I would like to know which activity/fragment we are currently on.
        Please respond in the following JSON format:
        {
        "activity_or_fragment": "TestActivity",
        }
        or 
        {
        "activity_or_fragment": "TestFragment",
        }
        If can not determine the activity/fragment,just output{
        "activity_or_fragment": "Unknown"
        }
        Do not output anything else except json format result.
        
2025-01-17 22:33:23,331 - INFO - ------answer------
2025-01-17 22:33:23,331 - INFO - ```json
{
  "activity_or_fragment": "Unknown"
}
```
2025-01-17 22:33:41,017 - INFO - ------query_instructions------
2025-01-17 22:33:41,018 - INFO - ```json
{
    "task": "Send message by pressing Enter",
    "activities_sequence": [
        {
            "activity": "SplashActivity",
            "steps": [
                "1. The app starts and initializes the SplashActivity.",
                "2. The SplashActivity transitions to the MainActivity after a brief delay."
            ]
        },
        {
            "activity": "MainActivity",
            "steps": [
                "3. The MainActivity is displayed, showing the list of conversations.",
                "4. Select a conversation to open the ThreadActivity."
            ]
        },
        {
            "activity": "ThreadActivity",
            "steps": [
                "5. The ThreadActivity is displayed, showing the message thread.",
                "6. Type your message in the message input field.",
                "7. Press the Enter key to send the message."
            ]
        }
    ],
    "explanation": "because the ThreadActivity contains the message input field and handles the sending of messages when the Enter key is pressed."
}
```
