2025-01-17 19:32:28,184 - INFO - This is a event:0
2025-01-17 19:32:28,298 - INFO - -----query_current_activity start query------
2025-01-17 19:32:28,299 - INFO - To achieve the task of sending a text message "Morning" to Alice, you will need to interact with the `MainActivity` and `ThreadActivity` of the app. Here's a step-by-step guide on how to accomplish this:

### Step 1: Launch the App
- Start by launching the app, which will open the `SplashActivity` and then transition to the `MainActivity`.

### Step 2: Navigate to the MainActivity
- Once the app is launched, you will be in the `MainActivity`. This is the main screen where you can see your conversations.

### Step 3: Start a New Conversation
- To start a new conversation, you need to click on the Floating Action Button (FAB) with the ID `@+id/conversations_fab`. This will open the `NewConversationActivity`.

### Step 4: Enter Alice's Contact Information
- In the `NewConversationActivity`, you will see an `EditText` with the ID `@+id/new_conversation_address`. Enter Alice's phone number or select her from the contacts list if available.

### Step 5: Confirm the Contact
- After entering Alice's contact information, click on the `ImageView` with the ID `@+id/new_conversation_confirm` to confirm the contact. This will open the `ThreadActivity` for the new conversation.

### Step 6: Type the Message
- In the `ThreadActivity`, locate the `EditText` with the ID `@+id/thread_type_message`. Type the message "Morning" into this field.

### Step 7: Send the Message
- After typing the message, click on the `MyButton` with the ID `@+id/thread_send_message` to send the message. This button is labeled "SMS" and has a send icon.

### Summary of Actions:
1. **Launch the App**: Opens `SplashActivity` and transitions to `MainActivity`.
2. **Click on FAB**: In `MainActivity`, click on `@+id/conversations_fab` to open `NewConversationActivity`.
3. **Enter Contact Info**: In `NewConversationActivity`, enter Alice's contact info in `@+id/new_conversation_address`.
4. **Confirm Contact**: Click on `@+id/new_conversation_confirm` to open `ThreadActivity`.
5. **Type Message**: In `ThreadActivity`, type "Morning" in `@+id/thread_type_message`.
6. **Send Message**: Click on `@+id/thread_send_message` to send the message.

### Code Example (Pseudocode):
```java
// Launch the app
launchApp("com.simplemobiletools.smsmessenger");

// Wait for MainActivity to load
waitForActivity("com.simplemobiletools.smsmessenger.activities.MainActivity");

// Click on the FAB to start a new conversation
clickOnView("com.simplemobiletools.smsmessenger.activities.MainActivity", "@+id/conversations_fab");

// Wait for NewConversationActivity to load
waitForActivity("com.simplemobiletools.smsmessenger.activities.NewConversationActivity");

// Enter Alice's contact information
enterText("com.simplemobiletools.smsmessenger.activities.NewConversationActivity", "@+id/new_conversation_address", "Alice");

// Confirm the contact
clickOnView("com.simplemobiletools.smsmessenger.activities.NewConversationActivity", "@+id/new_conversation_confirm");

// Wait for ThreadActivity to load
waitForActivity("com.simplemobiletools.smsmessenger.activities.ThreadActivity");

// Type the message "Morning"
enterText("com.simplemobiletools.smsmessenger.activities.ThreadActivity", "@+id/thread_type_message", "Morning");

// Send the message
clickOnView("com.simplemobiletools.smsmessenger.activities.ThreadActivity", "@+id/thread_send_message");
```

This pseudocode outlines the steps you would take to automate the process of sending a text message "Morning" to Alice using the app's UI elements. Adjust the code as necessary to fit the specific automation framework or testing tool you are using.

 Here is the information about the screen we are currently on.
Widget(resource-id: com.simplemobiletools.smsmessenger:id/action_bar_root, class: android.widget.FrameLayout, position: (0, 0, 1080, 2277))
Widget(resource-id: com.simplemobiletools.smsmessenger:id/main_coordinator, class: android.widget.ScrollView, position: (0, 74, 1080, 2277))
Widget(resource-id: com.simplemobiletools.smsmessenger:id/main_menu, class: android.widget.LinearLayout, position: (0, 74, 1080, 242))
Widget(resource-id: com.simplemobiletools.smsmessenger:id/top_app_bar_layout, class: android.widget.LinearLayout, position: (42, 74, 1038, 242))
Widget(resource-id: com.simplemobiletools.smsmessenger:id/top_toolbar_holder, class: android.widget.RelativeLayout, position: (42, 95, 1038, 221))
Widget(resource-id: com.simplemobiletools.smsmessenger:id/top_toolbar_search_icon, content-desc: Search, class: android.widget.ImageView, position: (42, 95, 147, 221))
Widget(resource-id: com.simplemobiletools.smsmessenger:id/top_toolbar_search, text: Search, class: android.widget.EditText, position: (147, 95, 626, 221))
Widget(resource-id: com.simplemobiletools.smsmessenger:id/top_toolbar, class: android.view.ViewGroup, position: (626, 95, 1027, 221))
Widget(resource-id: com.simplemobiletools.smsmessenger:id/settings, content-desc: Settings, class: android.widget.Button, position: (668, 95, 795, 221))
Widget(resource-id: com.simplemobiletools.smsmessenger:id/about, content-desc: About, class: android.widget.Button, position: (795, 95, 922, 221))
Widget(content-desc: More options, class: android.widget.ImageView, position: (922, 95, 1027, 221))
Widget(resource-id: com.simplemobiletools.smsmessenger:id/main_nested_scrollview, class: android.widget.RelativeLayout, position: (0, 242, 1080, 2277))
Widget(resource-id: com.simplemobiletools.smsmessenger:id/main_coordinator_wrapper, class: android.view.ViewGroup, position: (0, 242, 1080, 2277))
Widget(resource-id: com.simplemobiletools.smsmessenger:id/main_holder, class: android.widget.RelativeLayout, position: (0, 242, 1080, 2277))
Widget(resource-id: com.simplemobiletools.smsmessenger:id/conversations_fastscroller, class: android.widget.RelativeLayout, position: (0, 242, 1080, 2277))
Widget(resource-id: com.simplemobiletools.smsmessenger:id/conversations_list, class: androidx.recyclerview.widget.RecyclerView, position: (0, 242, 1080, 2277))
Widget(resource-id: com.simplemobiletools.smsmessenger:id/conversation_frame, text: Bob, class: android.widget.FrameLayout, position: (0, 242, 1080, 496))
Widget(resource-id: com.simplemobiletools.smsmessenger:id/conversation_holder, class: android.widget.RelativeLayout, position: (0, 242, 1080, 496))
Widget(resource-id: com.simplemobiletools.smsmessenger:id/conversation_image, class: android.widget.ImageView, position: (43, 284, 169, 454))
Widget(resource-id: com.simplemobiletools.smsmessenger:id/pin_indicator_l, class: android.widget.RelativeLayout, position: (43, 284, 169, 454))
Widget(resource-id: com.simplemobiletools.smsmessenger:id/conversation_address, text: Bob, class: android.widget.TextView, position: (201, 284, 1048, 352))
Widget(resource-id: com.simplemobiletools.smsmessenger:id/conversation_body_short, text: Eee, class: android.widget.TextView, position: (201, 352, 1048, 403))
Widget(resource-id: com.simplemobiletools.smsmessenger:id/conversation_date, text: 11:29 AM, class: android.widget.TextView, position: (201, 408, 1048, 454))
Widget(resource-id: com.simplemobiletools.smsmessenger:id/conversation_frame, text: Alice, class: android.widget.FrameLayout, position: (0, 501, 1080, 755))
Widget(resource-id: com.simplemobiletools.smsmessenger:id/conversation_holder, class: android.widget.RelativeLayout, position: (0, 501, 1080, 755))
Widget(resource-id: com.simplemobiletools.smsmessenger:id/conversation_image, class: android.widget.ImageView, position: (43, 543, 169, 713))
Widget(resource-id: com.simplemobiletools.smsmessenger:id/pin_indicator_l, class: android.widget.RelativeLayout, position: (43, 543, 169, 713))
Widget(resource-id: com.simplemobiletools.smsmessenger:id/conversation_address, text: Alice, class: android.widget.TextView, position: (201, 543, 1048, 611))
Widget(resource-id: com.simplemobiletools.smsmessenger:id/draft_indicator, text: Draft, class: android.widget.TextView, position: (201, 611, 292, 662))
Widget(resource-id: com.simplemobiletools.smsmessenger:id/conversation_body_short, text: I-love-youI-love-you, class: android.widget.TextView, position: (292, 611, 1048, 662))
Widget(resource-id: com.simplemobiletools.smsmessenger:id/conversation_date, text: 01:24 AM, class: android.widget.TextView, position: (201, 667, 1048, 713))
Widget(resource-id: com.simplemobiletools.smsmessenger:id/trackView, class: android.widget.LinearLayout, position: (1012, 242, 1080, 2277))
Widget(resource-id: com.simplemobiletools.smsmessenger:id/conversations_fab, class: android.widget.ImageButton, position: (891, 2088, 1038, 2235))
Widget(content-desc: ATX notification: UIAutomator, class: android.widget.ImageView, position: (128, 1, 186, 74))
Widget(content-desc: Android System notification: , class: android.widget.ImageView, position: (186, 1, 244, 74))


        I would like to know which activity/fragment we are currently on.
        Please respond in the following JSON format:
        {
        "activity_or_fragment": "TestActivity",
        }
        or 
        {
        "activity_or_fragment": "TestFragment",
        }
        If can not determine the activity/fragment,just output{
        "activity_or_fragment": "Unknown"
        }
        Do not output anything else except json format result.
        
2025-01-17 19:32:29,905 - INFO - ------answer------
2025-01-17 19:32:29,906 - INFO - ```json
{
"activity_or_fragment": "MainActivity"
}
```
2025-01-17 19:32:40,024 - INFO - ------query_instructions------
2025-01-17 19:32:40,025 - INFO - ```json
{
    "task": "Send a text message 'Morning' to Alice",
    "activities_sequence": [
        {
            "activity": "SplashActivity",
            "steps": [
                "1. The app starts and initializes the SplashActivity.",
                "2. The SplashActivity transitions to the MainActivity after a brief delay."
            ]
        },
        {
            "activity": "MainActivity",
            "steps": [
                "3. In the MainActivity, click on the 'New Conversation' button to start a new message.",
                "4. Search for 'Alice' in the contacts list or enter Alice's phone number manually."
            ]
        },
        {
            "activity": "NewConversationActivity",
            "steps": [
                "5. Select Alice from the contacts list or confirm the entered phone number.",
                "6. The app transitions to the ThreadActivity to start the conversation with Alice."
            ]
        },
        {
            "activity": "ThreadActivity",
            "steps": [
                "7. In the ThreadActivity, type 'Morning' in the message input field.",
                "8. Click the send button to send the message to Alice."
            ]
        }
    ],
    "explanation": "because the ThreadActivity is where the user can type and send messages to a selected contact."
}
```
