2025-01-18 16:12:16,803 - INFO - This is a event:0
2025-01-18 16:12:16,894 - INFO - -----query_current_activity start query------
2025-01-18 16:12:16,895 - INFO - To achieve the task of checking the size of the last photo taken, you need to interact with the `MainActivity` of the app, specifically with the `last_photo_video_preview` element, which is an `ImageView` that likely displays the last photo or video taken. Here's a step-by-step approach to accomplish this:

### Step 1: Identify the Last Photo
The `last_photo_video_preview` element in the `MainActivity` layout is likely used to display the last photo or video taken. This element has the ID `@+id/last_photo_video_preview`.

### Step 2: Access the Last Photo
To access the last photo, you need to:
1. **Locate the `last_photo_video_preview` element** in the `MainActivity`.
2. **Retrieve the image** displayed in this `ImageView`.

### Step 3: Check the Size of the Last Photo
Once you have access to the image, you can check its size. This involves:
1. **Getting the bitmap** from the `ImageView`.
2. **Calculating the size** of the bitmap in bytes.

### Step 4: Implement the Code
Here¡¯s a sample implementation in Kotlin:

```kotlin
// Assuming you are in the MainActivity
val lastPhotoPreview: ImageView = findViewById(R.id.last_photo_video_preview)

// Get the drawable from the ImageView
val drawable = lastPhotoPreview.drawable

if (drawable is BitmapDrawable) {
    val bitmap = drawable.bitmap

    // Calculate the size of the bitmap in bytes
    val sizeInBytes = bitmap.allocationByteCount

    // Convert the size to a more readable format (e.g., KB or MB)
    val sizeInKB = sizeInBytes / 1024
    val sizeInMB = sizeInKB / 1024

    // Display the size (you can use a Toast, Log, or any other method)
    Toast.makeText(this, "Last photo size: $sizeInKB KB ($sizeInMB MB)", Toast.LENGTH_LONG).show()
} else {
    Toast.makeText(this, "No photo found", Toast.LENGTH_SHORT).show()
}
```

### Step 5: Handle Edge Cases
- **No Photo Available**: If the `last_photo_video_preview` does not contain any image, handle this case gracefully by displaying a message or logging an error.
- **Different Image Formats**: Ensure that the image is in a format that can be converted to a `Bitmap`. If the image is a video thumbnail, you might need to handle it differently.

### Step 6: Test the Implementation
- **Take a Photo**: Use the app to take a photo and then run the code to check if the size is correctly calculated.
- **Edge Cases**: Test scenarios where no photo is available or where the image is not a bitmap.

### Additional Considerations
- **Permissions**: Ensure that the app has the necessary permissions to access the photo storage.
- **Performance**: If the photo is large, consider running the size calculation on a background thread to avoid blocking the UI.

By following these steps, you should be able to check the size of the last photo taken using the `MainActivity` and the `last_photo_video_preview` element.

 Here is the information about the screen we are currently on.
Widget(resource-id: com.simplemobiletools.camera:id/action_bar_root, class: android.widget.FrameLayout, position: (0, 0, 1080, 2277))
Widget(resource-id: com.simplemobiletools.camera:id/view_holder, class: android.view.ViewGroup, position: (0, 0, 1080, 2277))
Widget(resource-id: com.simplemobiletools.camera:id/preview_view, class: android.widget.FrameLayout, position: (0, 0, 1080, 2277))
Widget(resource-id: com.simplemobiletools.camera:id/top_options, class: android.widget.FrameLayout, position: (0, 0, 1080, 147))
Widget(resource-id: com.simplemobiletools.camera:id/layout_top, class: android.widget.LinearLayout, position: (0, 0, 1080, 147))
Widget(resource-id: com.simplemobiletools.camera:id/toggle_timer, content-desc: Toggle the timer mode, class: android.widget.Button, position: (0, 0, 360, 147))
Widget(resource-id: com.simplemobiletools.camera:id/change_resolution, content-desc: Resolution, class: android.widget.Button, position: (360, 0, 720, 147))
Widget(resource-id: com.simplemobiletools.camera:id/settings, content-desc: Settings, class: android.widget.Button, position: (720, 0, 1080, 147))
Widget(resource-id: com.simplemobiletools.camera:id/bottom_overlay, class: android.view.View, position: (0, 1825, 1080, 2277))
Widget(resource-id: com.simplemobiletools.camera:id/camera_mode_holder, class: android.widget.RelativeLayout, position: (0, 1825, 1080, 2035))
Widget(resource-id: com.simplemobiletools.camera:id/camera_mode_tab, class: android.widget.HorizontalScrollView, position: (0, 1846, 1080, 1972))
Widget(content-desc: Video, text: Video, class: android.widget.LinearLayout, position: (351, 1846, 540, 1972))
Widget(text: Video, class: android.widget.TextView, position: (397, 1883, 494, 1934))
Widget(content-desc: Photo, class: android.widget.LinearLayout, position: (540, 1846, 729, 1972))
Widget(text: Photo, class: android.widget.TextView, position: (584, 1883, 684, 1934))
Widget(resource-id: com.simplemobiletools.camera:id/toggle_camera, content-desc: Toggle front/back camera, class: android.widget.ImageView, position: (150, 2056, 297, 2203))
Widget(resource-id: com.simplemobiletools.camera:id/shutter, content-desc: Shutter, class: android.widget.ImageView, position: (446, 2035, 635, 2224))
Widget(resource-id: com.simplemobiletools.camera:id/last_photo_video_preview, content-desc: View last captured media, class: android.widget.ImageView, position: (784, 2056, 931, 2203))


        I would like to know which activity/fragment we are currently on.
        Please respond in the following JSON format:
        {
        "activity_or_fragment": "TestActivity",
        }
        or 
        {
        "activity_or_fragment": "TestFragment",
        }
        If can not determine the activity/fragment,just output{
        "activity_or_fragment": "Unknown"
        }
        Do not output anything else except json format result.
        
2025-01-18 16:12:18,622 - INFO - ------answer------
2025-01-18 16:12:18,622 - INFO - ```json
{
"activity_or_fragment": "Unknown"
}
```
2025-01-18 16:12:24,535 - INFO - ------query_instructions------
2025-01-18 16:12:24,536 - INFO - ```json
{
    "task": "check the size of the last photo I took",
    "activities_sequence": [
        {
            "activity": "com.simplemobiletools.camera.activities.MainActivity",
            "steps": [
                "1. Open the camera app.",
                "2. Locate the 'last photo/video preview' button (ImageView with id: R.id.lastPhotoVideoPreview).",
                "3. Tap on the 'last photo/video preview' button to view the last photo taken.",
                "4. After viewing the photo, check the file size using the device's file manager or gallery app."
            ]
        }
    ],
    "explanation": "because the MainActivity contains the 'last photo/video preview' button, which allows the user to view the last photo taken. The user can then check the size of the photo using the device's file manager or gallery app."
}
```
2025-01-18 16:19:33,431 - INFO - This is a event:0
2025-01-18 16:19:33,543 - INFO - -----query_current_activity start query------
2025-01-18 16:19:33,555 - INFO - To achieve the task of checking the size of the last photo taken, you need to interact with the `MainActivity` of the app, specifically with the `last_photo_video_preview` element, which is an `ImageView` that likely displays the last photo or video taken. Here's a step-by-step approach to accomplish this:

### Step 1: Identify the Last Photo
The `last_photo_video_preview` element in the `MainActivity` layout is likely used to display the last photo or video taken. This element has the ID `@+id/last_photo_video_preview`.

### Step 2: Access the Last Photo
To access the last photo, you need to:
1. **Locate the `last_photo_video_preview` element** in the `MainActivity`.
2. **Retrieve the image** displayed in this `ImageView`.

### Step 3: Check the Size of the Last Photo
Once you have access to the image, you can check its size. This involves:
1. **Getting the bitmap** from the `ImageView`.
2. **Calculating the size** of the bitmap in bytes.

### Step 4: Implement the Code
Here¡¯s a sample implementation in Kotlin:

```kotlin
// Assuming you are in the MainActivity
val lastPhotoPreview: ImageView = findViewById(R.id.last_photo_video_preview)

// Get the drawable from the ImageView
val drawable = lastPhotoPreview.drawable

if (drawable is BitmapDrawable) {
    val bitmap = drawable.bitmap

    // Calculate the size of the bitmap in bytes
    val sizeInBytes = bitmap.allocationByteCount

    // Convert the size to a more readable format (e.g., KB or MB)
    val sizeInKB = sizeInBytes / 1024
    val sizeInMB = sizeInKB / 1024

    // Display the size (you can use a Toast, Log, or any other method)
    Toast.makeText(this, "Last photo size: $sizeInKB KB ($sizeInMB MB)", Toast.LENGTH_LONG).show()
} else {
    Toast.makeText(this, "No photo found", Toast.LENGTH_SHORT).show()
}
```

### Step 5: Handle Edge Cases
- **No Photo Available**: If the `last_photo_video_preview` does not contain any image, handle this case gracefully by displaying a message or logging an error.
- **Different Image Formats**: Ensure that the image is in a format that can be converted to a `Bitmap`. If the image is a video thumbnail, you might need to handle it differently.

### Step 6: Test the Implementation
- **Take a Photo**: Use the app to take a photo and then run the code to check if the size is correctly calculated.
- **Edge Cases**: Test scenarios where no photo is available or where the image is not a bitmap.

### Additional Considerations
- **Permissions**: Ensure that the app has the necessary permissions to access the photo storage.
- **Performance**: If the photo is large, consider running the size calculation on a background thread to avoid blocking the UI.

By following these steps, you should be able to check the size of the last photo taken using the `MainActivity` and the `last_photo_video_preview` element.

 Here is the information about the screen we are currently on.
Widget(resource-id: com.simplemobiletools.camera:id/action_bar_root, class: android.widget.FrameLayout, position: (0, 0, 1080, 2277))
Widget(resource-id: com.simplemobiletools.camera:id/view_holder, class: android.view.ViewGroup, position: (0, 0, 1080, 2277))
Widget(resource-id: com.simplemobiletools.camera:id/preview_view, class: android.widget.FrameLayout, position: (0, 0, 1080, 2277))
Widget(resource-id: com.simplemobiletools.camera:id/top_options, class: android.widget.FrameLayout, position: (0, 0, 1080, 147))
Widget(resource-id: com.simplemobiletools.camera:id/layout_top, class: android.widget.LinearLayout, position: (0, 0, 1080, 147))
Widget(resource-id: com.simplemobiletools.camera:id/toggle_timer, content-desc: Toggle the timer mode, class: android.widget.Button, position: (0, 0, 360, 147))
Widget(resource-id: com.simplemobiletools.camera:id/change_resolution, content-desc: Resolution, class: android.widget.Button, position: (360, 0, 720, 147))
Widget(resource-id: com.simplemobiletools.camera:id/settings, content-desc: Settings, class: android.widget.Button, position: (720, 0, 1080, 147))
Widget(resource-id: com.simplemobiletools.camera:id/bottom_overlay, class: android.view.View, position: (0, 1825, 1080, 2277))
Widget(resource-id: com.simplemobiletools.camera:id/camera_mode_holder, class: android.widget.RelativeLayout, position: (0, 1825, 1080, 2035))
Widget(resource-id: com.simplemobiletools.camera:id/camera_mode_tab, class: android.widget.HorizontalScrollView, position: (0, 1846, 1080, 1972))
Widget(content-desc: Video, text: Video, class: android.widget.LinearLayout, position: (351, 1846, 540, 1972))
Widget(text: Video, class: android.widget.TextView, position: (397, 1883, 494, 1934))
Widget(content-desc: Photo, class: android.widget.LinearLayout, position: (540, 1846, 729, 1972))
Widget(text: Photo, class: android.widget.TextView, position: (584, 1883, 684, 1934))
Widget(resource-id: com.simplemobiletools.camera:id/toggle_camera, content-desc: Toggle front/back camera, class: android.widget.ImageView, position: (150, 2056, 297, 2203))
Widget(resource-id: com.simplemobiletools.camera:id/shutter, content-desc: Shutter, class: android.widget.ImageView, position: (446, 2035, 635, 2224))
Widget(resource-id: com.simplemobiletools.camera:id/last_photo_video_preview, content-desc: View last captured media, class: android.widget.ImageView, position: (784, 2056, 931, 2203))


        I would like to know which activity/fragment we are currently on.
        Please respond in the following JSON format:
        {
        "activity_or_fragment": "TestActivity",
        }
        or 
        {
        "activity_or_fragment": "TestFragment",
        }
        If can not determine the activity/fragment,just output{
        "activity_or_fragment": "Unknown"
        }
        Do not output anything else except json format result.
        
2025-01-18 16:19:34,964 - INFO - ------answer------
2025-01-18 16:19:34,964 - INFO - ```json
{
"activity_or_fragment": "Unknown"
}
```
2025-01-18 16:19:41,281 - INFO - ------query_instructions------
2025-01-18 16:19:41,281 - INFO - ```json
{
    "task": "check the size of the last photo I took",
    "activities_sequence": [
        {
            "activity": "com.simplemobiletools.camera.activities.MainActivity",
            "steps": [
                "1. Open the camera app.",
                "2. Locate the 'last photo/video preview' button (ImageView with id: last_photo_video_preview).",
                "3. Tap on the 'last photo/video preview' button to view the last photo taken.",
                "4. After viewing the photo, check the file size using the device's file manager or gallery app."
            ]
        }
    ],
    "explanation": "because the MainActivity contains the 'last photo/video preview' button, which allows the user to view the last photo taken. The user can then check the size of the photo using the device's file manager or gallery app."
}
```
2025-01-18 16:20:58,744 - INFO - This is a event:0
2025-01-18 16:20:58,862 - INFO - -----query_current_activity start query------
2025-01-18 16:20:58,866 - INFO - To achieve the task of checking the size of the last photo taken, you need to interact with the `MainActivity` of the app, specifically with the `last_photo_video_preview` element, which is an `ImageView` that likely displays the last photo or video taken. Here's a step-by-step approach to accomplish this:

### Step 1: Identify the Last Photo
The `last_photo_video_preview` element in the `MainActivity` layout is likely used to display the last photo or video taken. This element has the ID `@+id/last_photo_video_preview`.

### Step 2: Access the Last Photo
To access the last photo, you need to:
1. **Locate the `last_photo_video_preview` element** in the `MainActivity`.
2. **Retrieve the image** displayed in this `ImageView`.

### Step 3: Check the Size of the Last Photo
Once you have access to the image, you can check its size. This involves:
1. **Getting the bitmap** from the `ImageView`.
2. **Calculating the size** of the bitmap in bytes.

### Step 4: Implement the Code
Here¡¯s a sample implementation in Kotlin:

```kotlin
// Assuming you are in the MainActivity
val lastPhotoPreview: ImageView = findViewById(R.id.last_photo_video_preview)

// Get the drawable from the ImageView
val drawable = lastPhotoPreview.drawable

if (drawable is BitmapDrawable) {
    val bitmap = drawable.bitmap

    // Calculate the size of the bitmap in bytes
    val sizeInBytes = bitmap.allocationByteCount

    // Convert the size to a more readable format (e.g., KB or MB)
    val sizeInKB = sizeInBytes / 1024
    val sizeInMB = sizeInKB / 1024

    // Display the size (you can use a Toast, Log, or any other method)
    Toast.makeText(this, "Last photo size: $sizeInKB KB ($sizeInMB MB)", Toast.LENGTH_LONG).show()
} else {
    Toast.makeText(this, "No photo found", Toast.LENGTH_SHORT).show()
}
```

### Step 5: Handle Edge Cases
- **No Photo Available**: If the `last_photo_video_preview` does not contain any image, handle this case gracefully by displaying a message or logging an error.
- **Different Image Formats**: Ensure that the image is in a format that can be converted to a `Bitmap`. If the image is a video thumbnail, you might need to handle it differently.

### Step 6: Test the Implementation
- **Take a Photo**: Use the app to take a photo and then run the code to check if the size is correctly calculated.
- **Edge Cases**: Test scenarios where no photo is available or where the image is not a bitmap.

### Additional Considerations
- **Permissions**: Ensure that the app has the necessary permissions to access the photo storage.
- **Performance**: If the photo is large, consider running the size calculation on a background thread to avoid blocking the UI.

By following these steps, you should be able to check the size of the last photo taken using the `MainActivity` and the `last_photo_video_preview` element.

 Here is the information about the screen we are currently on.
Widget(resource-id: com.simplemobiletools.camera:id/action_bar_root, class: android.widget.FrameLayout, position: (0, 0, 1080, 2277))
Widget(resource-id: com.simplemobiletools.camera:id/view_holder, class: android.view.ViewGroup, position: (0, 0, 1080, 2277))
Widget(resource-id: com.simplemobiletools.camera:id/preview_view, class: android.widget.FrameLayout, position: (0, 0, 1080, 2277))
Widget(resource-id: com.simplemobiletools.camera:id/top_options, class: android.widget.FrameLayout, position: (0, 0, 1080, 147))
Widget(resource-id: com.simplemobiletools.camera:id/layout_top, class: android.widget.LinearLayout, position: (0, 0, 1080, 147))
Widget(resource-id: com.simplemobiletools.camera:id/toggle_timer, content-desc: Toggle the timer mode, class: android.widget.Button, position: (0, 0, 360, 147))
Widget(resource-id: com.simplemobiletools.camera:id/change_resolution, content-desc: Resolution, class: android.widget.Button, position: (360, 0, 720, 147))
Widget(resource-id: com.simplemobiletools.camera:id/settings, content-desc: Settings, class: android.widget.Button, position: (720, 0, 1080, 147))
Widget(resource-id: com.simplemobiletools.camera:id/bottom_overlay, class: android.view.View, position: (0, 1825, 1080, 2277))
Widget(resource-id: com.simplemobiletools.camera:id/camera_mode_holder, class: android.widget.RelativeLayout, position: (0, 1825, 1080, 2035))
Widget(resource-id: com.simplemobiletools.camera:id/camera_mode_tab, class: android.widget.HorizontalScrollView, position: (0, 1846, 1080, 1972))
Widget(content-desc: Video, text: Video, class: android.widget.LinearLayout, position: (351, 1846, 540, 1972))
Widget(text: Video, class: android.widget.TextView, position: (397, 1883, 494, 1934))
Widget(content-desc: Photo, class: android.widget.LinearLayout, position: (540, 1846, 729, 1972))
Widget(text: Photo, class: android.widget.TextView, position: (584, 1883, 684, 1934))
Widget(resource-id: com.simplemobiletools.camera:id/toggle_camera, content-desc: Toggle front/back camera, class: android.widget.ImageView, position: (150, 2056, 297, 2203))
Widget(resource-id: com.simplemobiletools.camera:id/shutter, content-desc: Shutter, class: android.widget.ImageView, position: (446, 2035, 635, 2224))
Widget(resource-id: com.simplemobiletools.camera:id/last_photo_video_preview, content-desc: View last captured media, class: android.widget.ImageView, position: (784, 2056, 931, 2203))


        I would like to know which activity/fragment we are currently on.
        Please respond in the following JSON format:
        {
        "activity_or_fragment": "TestActivity",
        }
        or 
        {
        "activity_or_fragment": "TestFragment",
        }
        If can not determine the activity/fragment,just output{
        "activity_or_fragment": "Unknown"
        }
        Do not output anything else except json format result.
        
2025-01-18 16:21:00,409 - INFO - ------answer------
2025-01-18 16:21:00,411 - INFO - ```json
{
"activity_or_fragment": "Unknown"
}
```
2025-01-18 16:21:07,450 - INFO - ------query_instructions------
2025-01-18 16:21:07,451 - INFO - ```json
{
    "task": "check the size of the last photo I took",
    "activities_sequence": [
        {
            "activity": "com.simplemobiletools.camera.activities.MainActivity",
            "steps": [
                "1. Open the camera app.",
                "2. Locate the 'last photo/video preview' button (ImageView with id: R.id.lastPhotoVideoPreview).",
                "3. Tap on the 'last photo/video preview' button to view the last photo taken.",
                "4. After viewing the photo, check the photo's size using the device's file manager or gallery app."
            ]
        }
    ],
    "explanation": "because the MainActivity contains the 'last photo/video preview' button, which allows the user to view the last photo taken. The size of the photo can then be checked using the device's file manager or gallery app."
}
```
