2025-01-16 20:59:49,979 - INFO - This is a event:0
2025-01-16 21:00:07,099 - INFO - -----query_current_activity start query------
2025-01-16 21:00:07,099 - INFO - To set the audio source to the microphone in your app, you should focus on the activities that are directly related to recording functionality. Based on the list of activities you provided, the most relevant activities are:

1. **`com.simplemobiletools.voicerecorder.activities.MainActivity`**: This is likely the main activity where the recording functionality is initiated or controlled.
2. **`com.simplemobiletools.voicerecorder.activities.BackgroundRecordActivity`**: This activity might handle background recording, which would involve setting the audio source to the microphone.
3. **`com.simplemobiletools.voicerecorder.activities.WidgetRecordDisplayConfigureActivity`**: This activity might be related to configuring widgets for recording, which could involve setting the audio source.

### Steps to Set Audio Source to Microphone:

1. **Identify the Recording Logic**:
   - Look for code in `MainActivity` or `BackgroundRecordActivity` where the `MediaRecorder` or `AudioRecord` is initialized.
   - The audio source is typically set using `MediaRecorder.setAudioSource()` or `AudioRecord.Builder.setAudioSource()`.

2. **Set the Audio Source**:
   - In the `MediaRecorder` or `AudioRecord` initialization code, ensure that the audio source is set to `MediaRecorder.AudioSource.MIC` or `MediaRecorder.AudioSource.VOICE_RECOGNITION` if you want to use the microphone.
   - Example:
     ```java
     MediaRecorder recorder = new MediaRecorder();
     recorder.setAudioSource(MediaRecorder.AudioSource.MIC);
     recorder.setOutputFormat(MediaRecorder.OutputFormat.THREE_GPP);
     recorder.setAudioEncoder(MediaRecorder.AudioEncoder.AMR_NB);
     recorder.setOutputFile(outputFile);
     ```

3. **Check Permissions**:
   - Ensure that the app has the necessary permissions to record audio. This includes the `RECORD_AUDIO` permission in the `AndroidManifest.xml`:
     ```xml
     <uses-permission android:name="android.permission.RECORD_AUDIO" />
     ```
   - Also, make sure to request this permission at runtime if targeting Android 6.0 (API level 23) or higher.

4. **Test the Functionality**:
   - Run the app and test the recording functionality to ensure that the audio source is correctly set to the microphone.

### Relevant Activities:

- **`MainActivity`**: Likely contains the main recording logic.
- **`BackgroundRecordActivity`**: Might handle background recording, which would involve setting the audio source.
- **`WidgetRecordDisplayConfigureActivity`**: Could be related to configuring widgets for recording, which might involve setting the audio source.

### Third-Party Activities:
- **`AboutActivity`** and **`CustomizationActivity`** are likely not relevant to setting the audio source, as they are related to app information and customization settings.

By focusing on the activities related to recording, you should be able to locate and modify the code to set the audio source to the microphone.

 Here is the information about the screen we are currently on.
Widget(content-desc: ATX notification: UIAutomator, class: android.widget.ImageView, position: (128, 1, 186, 74))
Widget(content-desc: Android System notification: , class: android.widget.ImageView, position: (186, 1, 244, 74))
Widget(resource-id: com.simplemobiletools.voicerecorder:id/action_bar_root, class: android.widget.FrameLayout, position: (0, 74, 1080, 2277))
Widget(resource-id: com.simplemobiletools.voicerecorder:id/main_coordinator, class: android.view.ViewGroup, position: (0, 74, 1080, 2277))
Widget(resource-id: com.simplemobiletools.voicerecorder:id/main_menu, class: android.widget.LinearLayout, position: (0, 74, 1080, 242))
Widget(resource-id: com.simplemobiletools.voicerecorder:id/top_app_bar_layout, class: android.widget.LinearLayout, position: (42, 74, 1038, 242))
Widget(resource-id: com.simplemobiletools.voicerecorder:id/top_toolbar_holder, class: android.widget.RelativeLayout, position: (42, 95, 1038, 221))
Widget(resource-id: com.simplemobiletools.voicerecorder:id/top_toolbar_search_icon, content-desc: Search, class: android.widget.ImageView, position: (42, 95, 147, 221))
Widget(resource-id: com.simplemobiletools.voicerecorder:id/top_toolbar_search, text: Search, class: android.widget.EditText, position: (147, 95, 731, 221))
Widget(resource-id: com.simplemobiletools.voicerecorder:id/top_toolbar, class: android.view.ViewGroup, position: (731, 95, 1027, 221))
Widget(resource-id: com.simplemobiletools.voicerecorder:id/settings, content-desc: Settings, class: android.widget.Button, position: (773, 95, 900, 221))
Widget(resource-id: com.simplemobiletools.voicerecorder:id/about, content-desc: About, class: android.widget.Button, position: (900, 95, 1027, 221))
Widget(resource-id: com.simplemobiletools.voicerecorder:id/main_holder, class: android.widget.RelativeLayout, position: (0, 242, 1080, 2277))
Widget(resource-id: com.simplemobiletools.voicerecorder:id/view_pager, class: f4.i, position: (0, 242, 1080, 2109))
Widget(resource-id: com.simplemobiletools.voicerecorder:id/recorder_holder, class: android.view.ViewGroup, position: (0, 242, 1080, 2109))
Widget(resource-id: com.simplemobiletools.voicerecorder:id/recorder_visualizer, class: android.view.View, position: (63, 305, 1017, 1684))
Widget(resource-id: com.simplemobiletools.voicerecorder:id/recording_duration, text: 00:00, class: android.widget.TextView, position: (467, 1747, 613, 1825))
Widget(resource-id: com.simplemobiletools.voicerecorder:id/toggle_recording_button, class: android.widget.ImageView, position: (456, 1878, 624, 2046))
Widget(resource-id: com.simplemobiletools.voicerecorder:id/main_tabs_holder, class: android.widget.HorizontalScrollView, position: (0, 2109, 1080, 2277))
Widget(resource-id: com.simplemobiletools.voicerecorder:id/tab_item_holder, class: android.widget.LinearLayout, position: (127, 2141, 233, 2277))
Widget(resource-id: com.simplemobiletools.voicerecorder:id/tab_item_icon, class: android.widget.ImageView, position: (143, 2141, 217, 2215))
Widget(resource-id: com.simplemobiletools.voicerecorder:id/tab_item_label, text: Recorder, class: android.widget.TextView, position: (127, 2215, 233, 2277))
Widget(text: Player, class: android.widget.LinearLayout, position: (360, 2109, 720, 2277))
Widget(resource-id: com.simplemobiletools.voicerecorder:id/tab_item_holder, class: android.widget.LinearLayout, position: (503, 2141, 577, 2277))
Widget(resource-id: com.simplemobiletools.voicerecorder:id/tab_item_icon, class: android.widget.ImageView, position: (503, 2141, 577, 2215))
Widget(resource-id: com.simplemobiletools.voicerecorder:id/tab_item_label, text: Player, class: android.widget.TextView, position: (504, 2215, 575, 2277))
Widget(text: Recycle Bin, class: android.widget.LinearLayout, position: (720, 2109, 1080, 2277))
Widget(resource-id: com.simplemobiletools.voicerecorder:id/tab_item_holder, class: android.widget.LinearLayout, position: (834, 2141, 966, 2277))
Widget(resource-id: com.simplemobiletools.voicerecorder:id/tab_item_icon, class: android.widget.ImageView, position: (863, 2141, 937, 2215))
Widget(resource-id: com.simplemobiletools.voicerecorder:id/tab_item_label, text: Recycle Bin, class: android.widget.TextView, position: (834, 2215, 966, 2277))


        I would like to know which activity/fragment we are currently on.
        Please respond in the following JSON format:
        {
        "activity_or_fragment": "TestActivity",
        }
        or 
        {
        "activity_or_fragment": "TestFragment",
        }
        If can not determine the activity/fragment,just output{
        "activity_or_fragment": "Unknown"
        }
        Do not output anything else except json format result.
        
2025-01-16 21:00:08,425 - INFO - ------answer------
2025-01-16 21:00:08,425 - INFO - ```json
{
"activity_or_fragment": "MainActivity"
}
```
2025-01-16 21:00:17,814 - INFO - ------query_instructions------
2025-01-16 21:00:17,815 - INFO - ```json
{
    "task": "set audio source to microphone",
    "activities_sequence": [
        {
            "activity": "com.simplemobiletools.voicerecorder.activities.MainActivity",
            "steps": [
                "1. Open the app and navigate to the MainActivity.",
                "2. Click on the settings icon (usually represented by a gear or three dots) in the toolbar to access the settings."
            ]
        },
        {
            "activity": "com.simplemobiletools.voicerecorder.activities.SettingsActivity",
            "steps": [
                "3. In the SettingsActivity, scroll down to find the 'Audio Source' section.",
                "4. Click on the 'Audio Source' option to open the audio source selection dialog.",
                "5. From the list of available audio sources, select 'Microphone' as the audio source.",
                "6. Confirm the selection by clicking 'OK' or a similar confirmation button."
            ]
        }
    ],
    "explanation": "because the SettingsActivity contains the functionality to change the audio source, and the 'Microphone' option is available in the list of audio sources."
}
```
