2025-02-07 22:33:44,954 - INFO - This is a event:0
2025-02-07 22:34:48,403 - INFO - -----query_current_activity start query------
2025-02-07 22:34:48,406 - INFO - Error: 502, 

 Here is the information about the screen we are currently on.
Widget(content-desc: Clock notification: 30:21:44, class: android.widget.ImageView, position: (107, 1, 165, 74))
Widget(content-desc: Android System notification: , class: android.widget.ImageView, position: (165, 1, 223, 74))
Widget(resource-id: com.simplemobiletools.applauncher:id/action_bar_root, class: android.widget.FrameLayout, position: (0, 0, 1080, 2277))
Widget(resource-id: com.simplemobiletools.applauncher:id/main_coordinator, class: android.view.ViewGroup, position: (0, 74, 1080, 2277))
Widget(resource-id: com.simplemobiletools.applauncher:id/main_menu, class: android.widget.LinearLayout, position: (0, 74, 1080, 242))
Widget(resource-id: com.simplemobiletools.applauncher:id/top_app_bar_layout, class: android.widget.LinearLayout, position: (42, 74, 1038, 242))
Widget(resource-id: com.simplemobiletools.applauncher:id/top_toolbar_holder, class: android.widget.RelativeLayout, position: (42, 95, 1038, 221))
Widget(resource-id: com.simplemobiletools.applauncher:id/top_toolbar_search_icon, content-desc: Search, class: android.widget.ImageView, position: (42, 95, 147, 221))
Widget(resource-id: com.simplemobiletools.applauncher:id/top_toolbar_search, text: Search, class: android.widget.EditText, position: (147, 95, 626, 221))
Widget(resource-id: com.simplemobiletools.applauncher:id/top_toolbar, class: android.view.ViewGroup, position: (626, 95, 1027, 221))
Widget(resource-id: com.simplemobiletools.applauncher:id/sort, content-desc: Sort by, class: android.widget.Button, position: (668, 95, 795, 221))
Widget(resource-id: com.simplemobiletools.applauncher:id/toggle_app_name, content-desc: Toggle app name visibility, class: android.widget.Button, position: (795, 95, 922, 221))
Widget(content-desc: More options, class: android.widget.ImageView, position: (922, 95, 1027, 221))
Widget(resource-id: com.simplemobiletools.applauncher:id/main_relative_layout, class: android.widget.RelativeLayout, position: (0, 242, 1080, 2277))
Widget(resource-id: com.simplemobiletools.applauncher:id/coordinator_layout, class: android.view.ViewGroup, position: (0, 242, 1080, 2277))
Widget(resource-id: com.simplemobiletools.applauncher:id/launchers_holder, class: android.widget.RelativeLayout, position: (0, 242, 1080, 2277))
Widget(resource-id: com.simplemobiletools.applauncher:id/launchers_fastscroller, class: android.widget.RelativeLayout, position: (0, 242, 1080, 2277))
Widget(resource-id: com.simplemobiletools.applauncher:id/launchers_grid, class: androidx.recyclerview.widget.RecyclerView, position: (0, 242, 1080, 2277))
Widget(resource-id: com.simplemobiletools.applauncher:id/launcher_holder, text: Clock, class: android.widget.RelativeLayout, position: (0, 242, 360, 655))
Widget(resource-id: com.simplemobiletools.applauncher:id/launcher_icon, class: android.widget.ImageView, position: (11, 263, 349, 601))
Widget(resource-id: com.simplemobiletools.applauncher:id/launcher_label, text: Clock, class: android.widget.TextView, position: (11, 601, 349, 644))
Widget(resource-id: com.simplemobiletools.applauncher:id/launcher_holder, text: Clock, class: android.widget.RelativeLayout, position: (360, 242, 720, 655))
Widget(resource-id: com.simplemobiletools.applauncher:id/launcher_icon, class: android.widget.ImageView, position: (371, 263, 709, 601))
Widget(resource-id: com.simplemobiletools.applauncher:id/launcher_label, text: Clock, class: android.widget.TextView, position: (371, 601, 709, 644))
Widget(resource-id: com.simplemobiletools.applauncher:id/launcher_holder, text: Chrome, class: android.widget.RelativeLayout, position: (720, 242, 1080, 655))
Widget(resource-id: com.simplemobiletools.applauncher:id/launcher_icon, class: android.widget.ImageView, position: (731, 263, 1069, 601))
Widget(resource-id: com.simplemobiletools.applauncher:id/launcher_label, text: Chrome, class: android.widget.TextView, position: (731, 601, 1069, 644))
Widget(resource-id: com.simplemobiletools.applauncher:id/launcher_holder, text: Camera, class: android.widget.RelativeLayout, position: (0, 655, 360, 1068))
Widget(resource-id: com.simplemobiletools.applauncher:id/launcher_icon, class: android.widget.ImageView, position: (11, 676, 349, 1014))
Widget(resource-id: com.simplemobiletools.applauncher:id/launcher_label, text: Camera, class: android.widget.TextView, position: (11, 1014, 349, 1057))
Widget(resource-id: com.simplemobiletools.applauncher:id/launcher_holder, text: Camera, class: android.widget.RelativeLayout, position: (360, 655, 720, 1068))
Widget(resource-id: com.simplemobiletools.applauncher:id/launcher_icon, class: android.widget.ImageView, position: (371, 676, 709, 1014))
Widget(resource-id: com.simplemobiletools.applauncher:id/launcher_label, text: Camera, class: android.widget.TextView, position: (371, 1014, 709, 1057))
Widget(resource-id: com.simplemobiletools.applauncher:id/launcher_holder, text: Calendar, class: android.widget.RelativeLayout, position: (720, 655, 1080, 1068))
Widget(resource-id: com.simplemobiletools.applauncher:id/launcher_icon, class: android.widget.ImageView, position: (731, 676, 1069, 1014))
Widget(resource-id: com.simplemobiletools.applauncher:id/launcher_label, text: Calendar, class: android.widget.TextView, position: (731, 1014, 1069, 1057))
Widget(resource-id: com.simplemobiletools.applauncher:id/launcher_holder, text: Calendar, class: android.widget.RelativeLayout, position: (0, 1068, 360, 1481))
Widget(resource-id: com.simplemobiletools.applauncher:id/launcher_icon, class: android.widget.ImageView, position: (11, 1089, 349, 1427))
Widget(resource-id: com.simplemobiletools.applauncher:id/launcher_label, text: Calendar, class: android.widget.TextView, position: (11, 1427, 349, 1470))
Widget(resource-id: com.simplemobiletools.applauncher:id/launcher_holder, text: ATX, class: android.widget.RelativeLayout, position: (360, 1068, 720, 1481))
Widget(resource-id: com.simplemobiletools.applauncher:id/launcher_icon, class: android.widget.ImageView, position: (371, 1089, 709, 1427))
Widget(resource-id: com.simplemobiletools.applauncher:id/launcher_label, text: ATX, class: android.widget.TextView, position: (371, 1427, 709, 1470))
Widget(resource-id: com.simplemobiletools.applauncher:id/launcher_holder, text: AOL, class: android.widget.RelativeLayout, position: (720, 1068, 1080, 1481))
Widget(resource-id: com.simplemobiletools.applauncher:id/launcher_icon, class: android.widget.ImageView, position: (731, 1089, 1069, 1427))
Widget(resource-id: com.simplemobiletools.applauncher:id/launcher_label, text: AOL, class: android.widget.TextView, position: (731, 1427, 1069, 1470))
Widget(resource-id: com.simplemobiletools.applauncher:id/launcher_holder, text: 5miles, class: android.widget.RelativeLayout, position: (0, 1481, 360, 1894))
Widget(resource-id: com.simplemobiletools.applauncher:id/launcher_icon, class: android.widget.ImageView, position: (11, 1502, 349, 1840))
Widget(resource-id: com.simplemobiletools.applauncher:id/launcher_label, text: 5miles, class: android.widget.TextView, position: (11, 1840, 349, 1883))
Widget(resource-id: com.simplemobiletools.applauncher:id/trackView, class: android.widget.LinearLayout, position: (1012, 242, 1080, 2277))
Widget(resource-id: com.simplemobiletools.applauncher:id/fab, class: android.widget.ImageButton, position: (891, 2088, 1038, 2235))


        I would like to know which activity/fragment we are currently on.
        Please respond in the following JSON format:
        {
        "activity_or_fragment": "TestActivity",
        }
        or 
        {
        "activity_or_fragment": "TestFragment",
        }
        If can not determine the activity/fragment,just output{
        "activity_or_fragment": "Unknown"
        }
        Do not output anything else except json format result.
        
2025-02-07 22:34:53,190 - INFO - ------answer------
2025-02-07 22:34:53,191 - INFO - ``````json
{
"activity_or_fragment": "Unknown"
}
```
2025-02-07 22:36:15,827 - INFO - This is a event:0
2025-02-07 22:38:22,349 - INFO - This is a event:0
2025-02-07 22:40:01,740 - INFO - -----query_current_activity start query------
2025-02-07 22:40:01,744 - INFO - 

 Here is the information about the screen we are currently on.
Widget(content-desc: Clock notification: 30:26:21, class: android.widget.ImageView, position: (107, 1, 165, 74))
Widget(content-desc: Android System notification: , class: android.widget.ImageView, position: (165, 1, 223, 74))
Widget(resource-id: com.simplemobiletools.applauncher:id/action_bar_root, class: android.widget.FrameLayout, position: (0, 0, 1080, 2277))
Widget(resource-id: com.simplemobiletools.applauncher:id/main_coordinator, class: android.view.ViewGroup, position: (0, 74, 1080, 2277))
Widget(resource-id: com.simplemobiletools.applauncher:id/main_menu, class: android.widget.LinearLayout, position: (0, 74, 1080, 242))
Widget(resource-id: com.simplemobiletools.applauncher:id/top_app_bar_layout, class: android.widget.LinearLayout, position: (42, 74, 1038, 242))
Widget(resource-id: com.simplemobiletools.applauncher:id/top_toolbar_holder, class: android.widget.RelativeLayout, position: (42, 95, 1038, 221))
Widget(resource-id: com.simplemobiletools.applauncher:id/top_toolbar_search_icon, content-desc: Search, class: android.widget.ImageView, position: (42, 95, 147, 221))
Widget(resource-id: com.simplemobiletools.applauncher:id/top_toolbar_search, text: Search, class: android.widget.EditText, position: (147, 95, 626, 221))
Widget(resource-id: com.simplemobiletools.applauncher:id/top_toolbar, class: android.view.ViewGroup, position: (626, 95, 1027, 221))
Widget(resource-id: com.simplemobiletools.applauncher:id/sort, content-desc: Sort by, class: android.widget.Button, position: (668, 95, 795, 221))
Widget(resource-id: com.simplemobiletools.applauncher:id/toggle_app_name, content-desc: Toggle app name visibility, class: android.widget.Button, position: (795, 95, 922, 221))
Widget(content-desc: More options, class: android.widget.ImageView, position: (922, 95, 1027, 221))
Widget(resource-id: com.simplemobiletools.applauncher:id/main_relative_layout, class: android.widget.RelativeLayout, position: (0, 242, 1080, 2277))
Widget(resource-id: com.simplemobiletools.applauncher:id/coordinator_layout, class: android.view.ViewGroup, position: (0, 242, 1080, 2277))
Widget(resource-id: com.simplemobiletools.applauncher:id/launchers_holder, class: android.widget.RelativeLayout, position: (0, 242, 1080, 2277))
Widget(resource-id: com.simplemobiletools.applauncher:id/launchers_fastscroller, class: android.widget.RelativeLayout, position: (0, 242, 1080, 2277))
Widget(resource-id: com.simplemobiletools.applauncher:id/launchers_grid, class: androidx.recyclerview.widget.RecyclerView, position: (0, 242, 1080, 2277))
Widget(resource-id: com.simplemobiletools.applauncher:id/launcher_holder, text: Clock, class: android.widget.RelativeLayout, position: (0, 242, 360, 655))
Widget(resource-id: com.simplemobiletools.applauncher:id/launcher_icon, class: android.widget.ImageView, position: (11, 263, 349, 601))
Widget(resource-id: com.simplemobiletools.applauncher:id/launcher_label, text: Clock, class: android.widget.TextView, position: (11, 601, 349, 644))
Widget(resource-id: com.simplemobiletools.applauncher:id/launcher_holder, text: Clock, class: android.widget.RelativeLayout, position: (360, 242, 720, 655))
Widget(resource-id: com.simplemobiletools.applauncher:id/launcher_icon, class: android.widget.ImageView, position: (371, 263, 709, 601))
Widget(resource-id: com.simplemobiletools.applauncher:id/launcher_label, text: Clock, class: android.widget.TextView, position: (371, 601, 709, 644))
Widget(resource-id: com.simplemobiletools.applauncher:id/launcher_holder, text: Chrome, class: android.widget.RelativeLayout, position: (720, 242, 1080, 655))
Widget(resource-id: com.simplemobiletools.applauncher:id/launcher_icon, class: android.widget.ImageView, position: (731, 263, 1069, 601))
Widget(resource-id: com.simplemobiletools.applauncher:id/launcher_label, text: Chrome, class: android.widget.TextView, position: (731, 601, 1069, 644))
Widget(resource-id: com.simplemobiletools.applauncher:id/launcher_holder, text: Camera, class: android.widget.RelativeLayout, position: (0, 655, 360, 1068))
Widget(resource-id: com.simplemobiletools.applauncher:id/launcher_icon, class: android.widget.ImageView, position: (11, 676, 349, 1014))
Widget(resource-id: com.simplemobiletools.applauncher:id/launcher_label, text: Camera, class: android.widget.TextView, position: (11, 1014, 349, 1057))
Widget(resource-id: com.simplemobiletools.applauncher:id/launcher_holder, text: Camera, class: android.widget.RelativeLayout, position: (360, 655, 720, 1068))
Widget(resource-id: com.simplemobiletools.applauncher:id/launcher_icon, class: android.widget.ImageView, position: (371, 676, 709, 1014))
Widget(resource-id: com.simplemobiletools.applauncher:id/launcher_label, text: Camera, class: android.widget.TextView, position: (371, 1014, 709, 1057))
Widget(resource-id: com.simplemobiletools.applauncher:id/launcher_holder, text: Calendar, class: android.widget.RelativeLayout, position: (720, 655, 1080, 1068))
Widget(resource-id: com.simplemobiletools.applauncher:id/launcher_icon, class: android.widget.ImageView, position: (731, 676, 1069, 1014))
Widget(resource-id: com.simplemobiletools.applauncher:id/launcher_label, text: Calendar, class: android.widget.TextView, position: (731, 1014, 1069, 1057))
Widget(resource-id: com.simplemobiletools.applauncher:id/launcher_holder, text: Calendar, class: android.widget.RelativeLayout, position: (0, 1068, 360, 1481))
Widget(resource-id: com.simplemobiletools.applauncher:id/launcher_icon, class: android.widget.ImageView, position: (11, 1089, 349, 1427))
Widget(resource-id: com.simplemobiletools.applauncher:id/launcher_label, text: Calendar, class: android.widget.TextView, position: (11, 1427, 349, 1470))
Widget(resource-id: com.simplemobiletools.applauncher:id/launcher_holder, text: ATX, class: android.widget.RelativeLayout, position: (360, 1068, 720, 1481))
Widget(resource-id: com.simplemobiletools.applauncher:id/launcher_icon, class: android.widget.ImageView, position: (371, 1089, 709, 1427))
Widget(resource-id: com.simplemobiletools.applauncher:id/launcher_label, text: ATX, class: android.widget.TextView, position: (371, 1427, 709, 1470))
Widget(resource-id: com.simplemobiletools.applauncher:id/launcher_holder, text: AOL, class: android.widget.RelativeLayout, position: (720, 1068, 1080, 1481))
Widget(resource-id: com.simplemobiletools.applauncher:id/launcher_icon, class: android.widget.ImageView, position: (731, 1089, 1069, 1427))
Widget(resource-id: com.simplemobiletools.applauncher:id/launcher_label, text: AOL, class: android.widget.TextView, position: (731, 1427, 1069, 1470))
Widget(resource-id: com.simplemobiletools.applauncher:id/launcher_holder, text: 5miles, class: android.widget.RelativeLayout, position: (0, 1481, 360, 1894))
Widget(resource-id: com.simplemobiletools.applauncher:id/launcher_icon, class: android.widget.ImageView, position: (11, 1502, 349, 1840))
Widget(resource-id: com.simplemobiletools.applauncher:id/launcher_label, text: 5miles, class: android.widget.TextView, position: (11, 1840, 349, 1883))
Widget(resource-id: com.simplemobiletools.applauncher:id/trackView, class: android.widget.LinearLayout, position: (1012, 242, 1080, 2277))
Widget(resource-id: com.simplemobiletools.applauncher:id/fab, class: android.widget.ImageButton, position: (891, 2088, 1038, 2235))


        I would like to know which activity/fragment we are currently on.
        Please respond in the following JSON format:
        {
        "activity_or_fragment": "TestActivity",
        }
        or 
        {
        "activity_or_fragment": "TestFragment",
        }
        If can not determine the activity/fragment,just output{
        "activity_or_fragment": "Unknown"
        }
        Do not output anything else except json format result.
        
2025-02-07 22:40:08,515 - INFO - ------answer------
2025-02-07 22:40:08,516 - INFO - ``````json
{
"activity_or_fragment": "Unknown"
}
```
2025-02-07 22:47:21,834 - INFO - ------query_instructions------
2025-02-07 22:47:21,835 - INFO - Error: 502, 
2025-02-07 22:49:55,183 - INFO - This is a event:0
2025-02-07 22:49:55,344 - INFO - -----query_current_activity start query------
2025-02-07 22:49:55,346 - INFO - 

 Here is the information about the screen we are currently on.
Widget(content-desc: Clock notification: 30:37:54, class: android.widget.ImageView, position: (107, 1, 165, 74))
Widget(content-desc: ATX notification: UIAutomator, class: android.widget.ImageView, position: (165, 1, 223, 74))
Widget(content-desc: Android System notification: , class: android.widget.ImageView, position: (223, 1, 281, 74))
Widget(resource-id: com.simplemobiletools.applauncher:id/action_bar_root, class: android.widget.FrameLayout, position: (0, 0, 1080, 2277))
Widget(resource-id: com.simplemobiletools.applauncher:id/main_coordinator, class: android.view.ViewGroup, position: (0, 74, 1080, 2277))
Widget(resource-id: com.simplemobiletools.applauncher:id/main_menu, class: android.widget.LinearLayout, position: (0, 74, 1080, 242))
Widget(resource-id: com.simplemobiletools.applauncher:id/top_app_bar_layout, class: android.widget.LinearLayout, position: (42, 74, 1038, 242))
Widget(resource-id: com.simplemobiletools.applauncher:id/top_toolbar_holder, class: android.widget.RelativeLayout, position: (42, 95, 1038, 221))
Widget(resource-id: com.simplemobiletools.applauncher:id/top_toolbar_search_icon, content-desc: Search, class: android.widget.ImageView, position: (42, 95, 147, 221))
Widget(resource-id: com.simplemobiletools.applauncher:id/top_toolbar_search, text: Search, class: android.widget.EditText, position: (147, 95, 626, 221))
Widget(resource-id: com.simplemobiletools.applauncher:id/top_toolbar, class: android.view.ViewGroup, position: (626, 95, 1027, 221))
Widget(resource-id: com.simplemobiletools.applauncher:id/sort, content-desc: Sort by, class: android.widget.Button, position: (668, 95, 795, 221))
Widget(resource-id: com.simplemobiletools.applauncher:id/toggle_app_name, content-desc: Toggle app name visibility, class: android.widget.Button, position: (795, 95, 922, 221))
Widget(content-desc: More options, class: android.widget.ImageView, position: (922, 95, 1027, 221))
Widget(resource-id: com.simplemobiletools.applauncher:id/main_relative_layout, class: android.widget.RelativeLayout, position: (0, 242, 1080, 2277))
Widget(resource-id: com.simplemobiletools.applauncher:id/coordinator_layout, class: android.view.ViewGroup, position: (0, 242, 1080, 2277))
Widget(resource-id: com.simplemobiletools.applauncher:id/launchers_holder, class: android.widget.RelativeLayout, position: (0, 242, 1080, 2277))
Widget(resource-id: com.simplemobiletools.applauncher:id/launchers_fastscroller, class: android.widget.RelativeLayout, position: (0, 242, 1080, 2277))
Widget(resource-id: com.simplemobiletools.applauncher:id/launchers_grid, class: androidx.recyclerview.widget.RecyclerView, position: (0, 242, 1080, 2277))
Widget(resource-id: com.simplemobiletools.applauncher:id/launcher_holder, text: Clock, class: android.widget.RelativeLayout, position: (0, 242, 360, 655))
Widget(resource-id: com.simplemobiletools.applauncher:id/launcher_icon, class: android.widget.ImageView, position: (11, 263, 349, 601))
Widget(resource-id: com.simplemobiletools.applauncher:id/launcher_label, text: Clock, class: android.widget.TextView, position: (11, 601, 349, 644))
Widget(resource-id: com.simplemobiletools.applauncher:id/launcher_holder, text: Clock, class: android.widget.RelativeLayout, position: (360, 242, 720, 655))
Widget(resource-id: com.simplemobiletools.applauncher:id/launcher_icon, class: android.widget.ImageView, position: (371, 263, 709, 601))
Widget(resource-id: com.simplemobiletools.applauncher:id/launcher_label, text: Clock, class: android.widget.TextView, position: (371, 601, 709, 644))
Widget(resource-id: com.simplemobiletools.applauncher:id/launcher_holder, text: Chrome, class: android.widget.RelativeLayout, position: (720, 242, 1080, 655))
Widget(resource-id: com.simplemobiletools.applauncher:id/launcher_icon, class: android.widget.ImageView, position: (731, 263, 1069, 601))
Widget(resource-id: com.simplemobiletools.applauncher:id/launcher_label, text: Chrome, class: android.widget.TextView, position: (731, 601, 1069, 644))
Widget(resource-id: com.simplemobiletools.applauncher:id/launcher_holder, text: Camera, class: android.widget.RelativeLayout, position: (0, 655, 360, 1068))
Widget(resource-id: com.simplemobiletools.applauncher:id/launcher_icon, class: android.widget.ImageView, position: (11, 676, 349, 1014))
Widget(resource-id: com.simplemobiletools.applauncher:id/launcher_label, text: Camera, class: android.widget.TextView, position: (11, 1014, 349, 1057))
Widget(resource-id: com.simplemobiletools.applauncher:id/launcher_holder, text: Camera, class: android.widget.RelativeLayout, position: (360, 655, 720, 1068))
Widget(resource-id: com.simplemobiletools.applauncher:id/launcher_icon, class: android.widget.ImageView, position: (371, 676, 709, 1014))
Widget(resource-id: com.simplemobiletools.applauncher:id/launcher_label, text: Camera, class: android.widget.TextView, position: (371, 1014, 709, 1057))
Widget(resource-id: com.simplemobiletools.applauncher:id/launcher_holder, text: Calendar, class: android.widget.RelativeLayout, position: (720, 655, 1080, 1068))
Widget(resource-id: com.simplemobiletools.applauncher:id/launcher_icon, class: android.widget.ImageView, position: (731, 676, 1069, 1014))
Widget(resource-id: com.simplemobiletools.applauncher:id/launcher_label, text: Calendar, class: android.widget.TextView, position: (731, 1014, 1069, 1057))
Widget(resource-id: com.simplemobiletools.applauncher:id/launcher_holder, text: Calendar, class: android.widget.RelativeLayout, position: (0, 1068, 360, 1481))
Widget(resource-id: com.simplemobiletools.applauncher:id/launcher_icon, class: android.widget.ImageView, position: (11, 1089, 349, 1427))
Widget(resource-id: com.simplemobiletools.applauncher:id/launcher_label, text: Calendar, class: android.widget.TextView, position: (11, 1427, 349, 1470))
Widget(resource-id: com.simplemobiletools.applauncher:id/launcher_holder, text: ATX, class: android.widget.RelativeLayout, position: (360, 1068, 720, 1481))
Widget(resource-id: com.simplemobiletools.applauncher:id/launcher_icon, class: android.widget.ImageView, position: (371, 1089, 709, 1427))
Widget(resource-id: com.simplemobiletools.applauncher:id/launcher_label, text: ATX, class: android.widget.TextView, position: (371, 1427, 709, 1470))
Widget(resource-id: com.simplemobiletools.applauncher:id/launcher_holder, text: AOL, class: android.widget.RelativeLayout, position: (720, 1068, 1080, 1481))
Widget(resource-id: com.simplemobiletools.applauncher:id/launcher_icon, class: android.widget.ImageView, position: (731, 1089, 1069, 1427))
Widget(resource-id: com.simplemobiletools.applauncher:id/launcher_label, text: AOL, class: android.widget.TextView, position: (731, 1427, 1069, 1470))
Widget(resource-id: com.simplemobiletools.applauncher:id/launcher_holder, text: 5miles, class: android.widget.RelativeLayout, position: (0, 1481, 360, 1894))
Widget(resource-id: com.simplemobiletools.applauncher:id/launcher_icon, class: android.widget.ImageView, position: (11, 1502, 349, 1840))
Widget(resource-id: com.simplemobiletools.applauncher:id/launcher_label, text: 5miles, class: android.widget.TextView, position: (11, 1840, 349, 1883))
Widget(resource-id: com.simplemobiletools.applauncher:id/trackView, class: android.widget.LinearLayout, position: (1012, 242, 1080, 2277))
Widget(resource-id: com.simplemobiletools.applauncher:id/fab, class: android.widget.ImageButton, position: (891, 2088, 1038, 2235))


        I would like to know which activity/fragment we are currently on.
        Please respond in the following JSON format:
        {
        "activity_or_fragment": "TestActivity",
        }
        or 
        {
        "activity_or_fragment": "TestFragment",
        }
        If can not determine the activity/fragment,just output{
        "activity_or_fragment": "Unknown"
        }
        Do not output anything else except json format result.
        
2025-02-07 22:50:00,518 - INFO - ------answer------
2025-02-07 22:50:00,520 - INFO - ``````json
{
"activity_or_fragment": "Unknown"
}
```
2025-02-07 22:50:34,166 - INFO - ------query_instructions------
2025-02-07 22:50:34,170 - INFO - ``````json
{
    "task": "go to aboutActivity",
    "activities_sequence": [
        {
            "activity": "SplashActivity",
            "steps": [
                "1. Wait for the SplashActivity to initialize and transition to MainActivity."
            ]
        },
        {
            "activity": "MainActivity",
            "steps": [
                "2. Open the options menu by clicking on the menu icon.",
                "3. Select the 'About' option from the menu to launch the AboutActivity."
            ]
        },
        {
            "activity": "AboutActivity",
            "steps": [                "4. View the information provided in the AboutActivity."
            ]
        }
    ],
    "explanation": "because the MainActivity has a menu item 'About' that launches the AboutActivity."
}
```
2025-02-07 22:54:38,498 - INFO - This is a event:0
2025-02-07 22:54:38,674 - INFO - -----query_current_activity start query------
2025-02-07 22:54:38,677 - INFO - 

 Here is the information about the screen we are currently on.
Widget(content-desc: Clock notification: 30:42:37, class: android.widget.ImageView, position: (107, 1, 165, 74))
Widget(content-desc: ATX notification: UIAutomator, class: android.widget.ImageView, position: (165, 1, 223, 74))
Widget(content-desc: Android System notification: , class: android.widget.ImageView, position: (223, 1, 281, 74))
Widget(resource-id: com.simplemobiletools.applauncher:id/action_bar_root, class: android.widget.FrameLayout, position: (0, 0, 1080, 2277))
Widget(resource-id: com.simplemobiletools.applauncher:id/main_coordinator, class: android.view.ViewGroup, position: (0, 74, 1080, 2277))
Widget(resource-id: com.simplemobiletools.applauncher:id/main_menu, class: android.widget.LinearLayout, position: (0, 74, 1080, 242))
Widget(resource-id: com.simplemobiletools.applauncher:id/top_app_bar_layout, class: android.widget.LinearLayout, position: (42, 74, 1038, 242))
Widget(resource-id: com.simplemobiletools.applauncher:id/top_toolbar_holder, class: android.widget.RelativeLayout, position: (42, 95, 1038, 221))
Widget(resource-id: com.simplemobiletools.applauncher:id/top_toolbar_search_icon, content-desc: Search, class: android.widget.ImageView, position: (42, 95, 147, 221))
Widget(resource-id: com.simplemobiletools.applauncher:id/top_toolbar_search, text: Search, class: android.widget.EditText, position: (147, 95, 626, 221))
Widget(resource-id: com.simplemobiletools.applauncher:id/top_toolbar, class: android.view.ViewGroup, position: (626, 95, 1027, 221))
Widget(resource-id: com.simplemobiletools.applauncher:id/sort, content-desc: Sort by, class: android.widget.Button, position: (668, 95, 795, 221))
Widget(resource-id: com.simplemobiletools.applauncher:id/toggle_app_name, content-desc: Toggle app name visibility, class: android.widget.Button, position: (795, 95, 922, 221))
Widget(content-desc: More options, class: android.widget.ImageView, position: (922, 95, 1027, 221))
Widget(resource-id: com.simplemobiletools.applauncher:id/main_relative_layout, class: android.widget.RelativeLayout, position: (0, 242, 1080, 2277))
Widget(resource-id: com.simplemobiletools.applauncher:id/coordinator_layout, class: android.view.ViewGroup, position: (0, 242, 1080, 2277))
Widget(resource-id: com.simplemobiletools.applauncher:id/launchers_holder, class: android.widget.RelativeLayout, position: (0, 242, 1080, 2277))
Widget(resource-id: com.simplemobiletools.applauncher:id/launchers_fastscroller, class: android.widget.RelativeLayout, position: (0, 242, 1080, 2277))
Widget(resource-id: com.simplemobiletools.applauncher:id/launchers_grid, class: androidx.recyclerview.widget.RecyclerView, position: (0, 242, 1080, 2277))
Widget(resource-id: com.simplemobiletools.applauncher:id/launcher_holder, text: Clock, class: android.widget.RelativeLayout, position: (0, 242, 360, 655))
Widget(resource-id: com.simplemobiletools.applauncher:id/launcher_icon, class: android.widget.ImageView, position: (11, 263, 349, 601))
Widget(resource-id: com.simplemobiletools.applauncher:id/launcher_label, text: Clock, class: android.widget.TextView, position: (11, 601, 349, 644))
Widget(resource-id: com.simplemobiletools.applauncher:id/launcher_holder, text: Clock, class: android.widget.RelativeLayout, position: (360, 242, 720, 655))
Widget(resource-id: com.simplemobiletools.applauncher:id/launcher_icon, class: android.widget.ImageView, position: (371, 263, 709, 601))
Widget(resource-id: com.simplemobiletools.applauncher:id/launcher_label, text: Clock, class: android.widget.TextView, position: (371, 601, 709, 644))
Widget(resource-id: com.simplemobiletools.applauncher:id/launcher_holder, text: Chrome, class: android.widget.RelativeLayout, position: (720, 242, 1080, 655))
Widget(resource-id: com.simplemobiletools.applauncher:id/launcher_icon, class: android.widget.ImageView, position: (731, 263, 1069, 601))
Widget(resource-id: com.simplemobiletools.applauncher:id/launcher_label, text: Chrome, class: android.widget.TextView, position: (731, 601, 1069, 644))
Widget(resource-id: com.simplemobiletools.applauncher:id/launcher_holder, text: Camera, class: android.widget.RelativeLayout, position: (0, 655, 360, 1068))
Widget(resource-id: com.simplemobiletools.applauncher:id/launcher_icon, class: android.widget.ImageView, position: (11, 676, 349, 1014))
Widget(resource-id: com.simplemobiletools.applauncher:id/launcher_label, text: Camera, class: android.widget.TextView, position: (11, 1014, 349, 1057))
Widget(resource-id: com.simplemobiletools.applauncher:id/launcher_holder, text: Camera, class: android.widget.RelativeLayout, position: (360, 655, 720, 1068))
Widget(resource-id: com.simplemobiletools.applauncher:id/launcher_icon, class: android.widget.ImageView, position: (371, 676, 709, 1014))
Widget(resource-id: com.simplemobiletools.applauncher:id/launcher_label, text: Camera, class: android.widget.TextView, position: (371, 1014, 709, 1057))
Widget(resource-id: com.simplemobiletools.applauncher:id/launcher_holder, text: Calendar, class: android.widget.RelativeLayout, position: (720, 655, 1080, 1068))
Widget(resource-id: com.simplemobiletools.applauncher:id/launcher_icon, class: android.widget.ImageView, position: (731, 676, 1069, 1014))
Widget(resource-id: com.simplemobiletools.applauncher:id/launcher_label, text: Calendar, class: android.widget.TextView, position: (731, 1014, 1069, 1057))
Widget(resource-id: com.simplemobiletools.applauncher:id/launcher_holder, text: Calendar, class: android.widget.RelativeLayout, position: (0, 1068, 360, 1481))
Widget(resource-id: com.simplemobiletools.applauncher:id/launcher_icon, class: android.widget.ImageView, position: (11, 1089, 349, 1427))
Widget(resource-id: com.simplemobiletools.applauncher:id/launcher_label, text: Calendar, class: android.widget.TextView, position: (11, 1427, 349, 1470))
Widget(resource-id: com.simplemobiletools.applauncher:id/launcher_holder, text: ATX, class: android.widget.RelativeLayout, position: (360, 1068, 720, 1481))
Widget(resource-id: com.simplemobiletools.applauncher:id/launcher_icon, class: android.widget.ImageView, position: (371, 1089, 709, 1427))
Widget(resource-id: com.simplemobiletools.applauncher:id/launcher_label, text: ATX, class: android.widget.TextView, position: (371, 1427, 709, 1470))
Widget(resource-id: com.simplemobiletools.applauncher:id/launcher_holder, text: AOL, class: android.widget.RelativeLayout, position: (720, 1068, 1080, 1481))
Widget(resource-id: com.simplemobiletools.applauncher:id/launcher_icon, class: android.widget.ImageView, position: (731, 1089, 1069, 1427))
Widget(resource-id: com.simplemobiletools.applauncher:id/launcher_label, text: AOL, class: android.widget.TextView, position: (731, 1427, 1069, 1470))
Widget(resource-id: com.simplemobiletools.applauncher:id/launcher_holder, text: 5miles, class: android.widget.RelativeLayout, position: (0, 1481, 360, 1894))
Widget(resource-id: com.simplemobiletools.applauncher:id/launcher_icon, class: android.widget.ImageView, position: (11, 1502, 349, 1840))
Widget(resource-id: com.simplemobiletools.applauncher:id/launcher_label, text: 5miles, class: android.widget.TextView, position: (11, 1840, 349, 1883))
Widget(resource-id: com.simplemobiletools.applauncher:id/trackView, class: android.widget.LinearLayout, position: (1012, 242, 1080, 2277))
Widget(resource-id: com.simplemobiletools.applauncher:id/fab, class: android.widget.ImageButton, position: (891, 2088, 1038, 2235))


        I would like to know which activity/fragment we are currently on.
        Please respond in the following JSON format:
        {
        "activity_or_fragment": "TestActivity",
        }
        or 
        {
        "activity_or_fragment": "TestFragment",
        }
        If can not determine the activity/fragment,just output{
        "activity_or_fragment": "Unknown"
        }
        Do not output anything else except json format result.
        
2025-02-07 22:54:43,975 - INFO - ------answer------
2025-02-07 22:54:43,975 - INFO - ``````json
{
"activity_or_fragment": "Unknown"
}
```
2025-02-07 22:55:01,668 - INFO - ------query_instructions------
2025-02-07 22:55:01,672 - INFO - ``````json
{
    "task": "go to aboutActivity",
    "activities_sequence": [
        {
            "activity": "SplashActivity",
            "steps": [
                "1. Open the app and wait for the SplashActivity to start.",
                "2. The SplashActivity automatically transitions to MainActivity after a brief delay or initialization."
            ]
        },        {
            "activity": "MainActivity",
            "steps": [
                "3. In the MainActivity, open the options menu.",
                "4. Select the 'About' menu item to launch the AboutActivity."
            ]
        }
    ],
    "explanation": "because the MainActivity has a menu item that directly launches the AboutActivity."
}
```
2025-02-07 22:58:56,855 - INFO - This is a event:0
2025-02-07 22:58:57,035 - INFO - -----query_current_activity start query------
2025-02-07 22:58:57,037 - INFO - 

 Here is the information about the screen we are currently on.
Widget(resource-id: com.simplemobiletools.applauncher:id/action_bar_root, class: android.widget.FrameLayout, position: (0, 0, 1080, 2277))
Widget(resource-id: com.simplemobiletools.applauncher:id/main_coordinator, class: android.view.ViewGroup, position: (0, 74, 1080, 2277))
Widget(resource-id: com.simplemobiletools.applauncher:id/main_menu, class: android.widget.LinearLayout, position: (0, 74, 1080, 242))
Widget(resource-id: com.simplemobiletools.applauncher:id/top_app_bar_layout, class: android.widget.LinearLayout, position: (42, 74, 1038, 242))
Widget(resource-id: com.simplemobiletools.applauncher:id/top_toolbar_holder, class: android.widget.RelativeLayout, position: (42, 95, 1038, 221))
Widget(resource-id: com.simplemobiletools.applauncher:id/top_toolbar_search_icon, content-desc: Search, class: android.widget.ImageView, position: (42, 95, 147, 221))
Widget(resource-id: com.simplemobiletools.applauncher:id/top_toolbar_search, text: Search, class: android.widget.EditText, position: (147, 95, 626, 221))
Widget(resource-id: com.simplemobiletools.applauncher:id/top_toolbar, class: android.view.ViewGroup, position: (626, 95, 1027, 221))
Widget(resource-id: com.simplemobiletools.applauncher:id/sort, content-desc: Sort by, class: android.widget.Button, position: (668, 95, 795, 221))
Widget(resource-id: com.simplemobiletools.applauncher:id/toggle_app_name, content-desc: Toggle app name visibility, class: android.widget.Button, position: (795, 95, 922, 221))
Widget(content-desc: More options, class: android.widget.ImageView, position: (922, 95, 1027, 221))
Widget(resource-id: com.simplemobiletools.applauncher:id/main_relative_layout, class: android.widget.RelativeLayout, position: (0, 242, 1080, 2277))
Widget(resource-id: com.simplemobiletools.applauncher:id/coordinator_layout, class: android.view.ViewGroup, position: (0, 242, 1080, 2277))
Widget(resource-id: com.simplemobiletools.applauncher:id/launchers_holder, class: android.widget.RelativeLayout, position: (0, 242, 1080, 2277))
Widget(resource-id: com.simplemobiletools.applauncher:id/launchers_fastscroller, class: android.widget.RelativeLayout, position: (0, 242, 1080, 2277))
Widget(resource-id: com.simplemobiletools.applauncher:id/launchers_grid, class: androidx.recyclerview.widget.RecyclerView, position: (0, 242, 1080, 2277))
Widget(resource-id: com.simplemobiletools.applauncher:id/launcher_holder, text: Clock, class: android.widget.RelativeLayout, position: (0, 242, 360, 655))
Widget(resource-id: com.simplemobiletools.applauncher:id/launcher_icon, class: android.widget.ImageView, position: (11, 263, 349, 601))
Widget(resource-id: com.simplemobiletools.applauncher:id/launcher_label, text: Clock, class: android.widget.TextView, position: (11, 601, 349, 644))
Widget(resource-id: com.simplemobiletools.applauncher:id/launcher_holder, text: Clock, class: android.widget.RelativeLayout, position: (360, 242, 720, 655))
Widget(resource-id: com.simplemobiletools.applauncher:id/launcher_icon, class: android.widget.ImageView, position: (371, 263, 709, 601))
Widget(resource-id: com.simplemobiletools.applauncher:id/launcher_label, text: Clock, class: android.widget.TextView, position: (371, 601, 709, 644))
Widget(resource-id: com.simplemobiletools.applauncher:id/launcher_holder, text: Chrome, class: android.widget.RelativeLayout, position: (720, 242, 1080, 655))
Widget(resource-id: com.simplemobiletools.applauncher:id/launcher_icon, class: android.widget.ImageView, position: (731, 263, 1069, 601))
Widget(resource-id: com.simplemobiletools.applauncher:id/launcher_label, text: Chrome, class: android.widget.TextView, position: (731, 601, 1069, 644))
Widget(resource-id: com.simplemobiletools.applauncher:id/launcher_holder, text: Camera, class: android.widget.RelativeLayout, position: (0, 655, 360, 1068))
Widget(resource-id: com.simplemobiletools.applauncher:id/launcher_icon, class: android.widget.ImageView, position: (11, 676, 349, 1014))
Widget(resource-id: com.simplemobiletools.applauncher:id/launcher_label, text: Camera, class: android.widget.TextView, position: (11, 1014, 349, 1057))
Widget(resource-id: com.simplemobiletools.applauncher:id/launcher_holder, text: Camera, class: android.widget.RelativeLayout, position: (360, 655, 720, 1068))
Widget(resource-id: com.simplemobiletools.applauncher:id/launcher_icon, class: android.widget.ImageView, position: (371, 676, 709, 1014))
Widget(resource-id: com.simplemobiletools.applauncher:id/launcher_label, text: Camera, class: android.widget.TextView, position: (371, 1014, 709, 1057))
Widget(resource-id: com.simplemobiletools.applauncher:id/launcher_holder, text: Calendar, class: android.widget.RelativeLayout, position: (720, 655, 1080, 1068))
Widget(resource-id: com.simplemobiletools.applauncher:id/launcher_icon, class: android.widget.ImageView, position: (731, 676, 1069, 1014))
Widget(resource-id: com.simplemobiletools.applauncher:id/launcher_label, text: Calendar, class: android.widget.TextView, position: (731, 1014, 1069, 1057))
Widget(resource-id: com.simplemobiletools.applauncher:id/launcher_holder, text: Calendar, class: android.widget.RelativeLayout, position: (0, 1068, 360, 1481))
Widget(resource-id: com.simplemobiletools.applauncher:id/launcher_icon, class: android.widget.ImageView, position: (11, 1089, 349, 1427))
Widget(resource-id: com.simplemobiletools.applauncher:id/launcher_label, text: Calendar, class: android.widget.TextView, position: (11, 1427, 349, 1470))
Widget(resource-id: com.simplemobiletools.applauncher:id/launcher_holder, text: ATX, class: android.widget.RelativeLayout, position: (360, 1068, 720, 1481))
Widget(resource-id: com.simplemobiletools.applauncher:id/launcher_icon, class: android.widget.ImageView, position: (371, 1089, 709, 1427))
Widget(resource-id: com.simplemobiletools.applauncher:id/launcher_label, text: ATX, class: android.widget.TextView, position: (371, 1427, 709, 1470))
Widget(resource-id: com.simplemobiletools.applauncher:id/launcher_holder, text: AOL, class: android.widget.RelativeLayout, position: (720, 1068, 1080, 1481))
Widget(resource-id: com.simplemobiletools.applauncher:id/launcher_icon, class: android.widget.ImageView, position: (731, 1089, 1069, 1427))
Widget(resource-id: com.simplemobiletools.applauncher:id/launcher_label, text: AOL, class: android.widget.TextView, position: (731, 1427, 1069, 1470))
Widget(resource-id: com.simplemobiletools.applauncher:id/launcher_holder, text: 5miles, class: android.widget.RelativeLayout, position: (0, 1481, 360, 1894))
Widget(resource-id: com.simplemobiletools.applauncher:id/launcher_icon, class: android.widget.ImageView, position: (11, 1502, 349, 1840))
Widget(resource-id: com.simplemobiletools.applauncher:id/launcher_label, text: 5miles, class: android.widget.TextView, position: (11, 1840, 349, 1883))
Widget(resource-id: com.simplemobiletools.applauncher:id/trackView, class: android.widget.LinearLayout, position: (1012, 242, 1080, 2277))
Widget(resource-id: com.simplemobiletools.applauncher:id/fab, class: android.widget.ImageButton, position: (891, 2088, 1038, 2235))
Widget(content-desc: Clock notification: 30:46:56, class: android.widget.ImageView, position: (107, 1, 165, 74))
Widget(content-desc: ATX notification: UIAutomator, class: android.widget.ImageView, position: (165, 1, 223, 74))
Widget(content-desc: Android System notification: , class: android.widget.ImageView, position: (223, 1, 281, 74))


        I would like to know which activity/fragment we are currently on.
        Please respond in the following JSON format:
        {
        "activity_or_fragment": "TestActivity",
        }
        or 
        {
        "activity_or_fragment": "TestFragment",
        }
        If can not determine the activity/fragment,just output{
        "activity_or_fragment": "Unknown"
        }
        Do not output anything else except json format result.
        
2025-02-07 22:59:02,136 - INFO - ------answer------
2025-02-07 22:59:02,137 - INFO - ``````json
{
"activity_or_fragment": "Unknown"
}
```
2025-02-07 22:59:19,233 - INFO - ------query_instructions------
2025-02-07 22:59:19,234 - INFO - ``````json
{
    "task": "go to aboutActivity",
    "activities_sequence": [
        {
            "activity": "SplashActivity",
            "steps": [
                "1. Wait for the SplashActivity to initialize.",
                "2. The app automatically transitions to MainActivity."
            ]        },
        {
            "activity": "MainActivity",
            "steps": [
                "3. Locate the options menu in the MainActivity.",
                "4. Click on the 'About' menu item to launch the AboutActivity."
            ]
        }
    ],
    "explanation": "because the 'About' menu item in MainActivity triggers the launch of AboutActivity."
}
```
2025-02-07 23:03:34,354 - INFO - This is a event:0
2025-02-07 23:03:34,551 - INFO - -----query_current_activity start query------
2025-02-07 23:03:34,553 - INFO - 

 Here is the information about the screen we are currently on.
Widget(resource-id: com.simplemobiletools.applauncher:id/action_bar_root, class: android.widget.FrameLayout, position: (0, 0, 1080, 2277))
Widget(resource-id: com.simplemobiletools.applauncher:id/main_coordinator, class: android.view.ViewGroup, position: (0, 74, 1080, 2277))
Widget(resource-id: com.simplemobiletools.applauncher:id/main_menu, class: android.widget.LinearLayout, position: (0, 74, 1080, 242))
Widget(resource-id: com.simplemobiletools.applauncher:id/top_app_bar_layout, class: android.widget.LinearLayout, position: (42, 74, 1038, 242))
Widget(resource-id: com.simplemobiletools.applauncher:id/top_toolbar_holder, class: android.widget.RelativeLayout, position: (42, 95, 1038, 221))
Widget(resource-id: com.simplemobiletools.applauncher:id/top_toolbar_search_icon, content-desc: Search, class: android.widget.ImageView, position: (42, 95, 147, 221))
Widget(resource-id: com.simplemobiletools.applauncher:id/top_toolbar_search, text: Search, class: android.widget.EditText, position: (147, 95, 626, 221))
Widget(resource-id: com.simplemobiletools.applauncher:id/top_toolbar, class: android.view.ViewGroup, position: (626, 95, 1027, 221))
Widget(resource-id: com.simplemobiletools.applauncher:id/sort, content-desc: Sort by, class: android.widget.Button, position: (668, 95, 795, 221))
Widget(resource-id: com.simplemobiletools.applauncher:id/toggle_app_name, content-desc: Toggle app name visibility, class: android.widget.Button, position: (795, 95, 922, 221))
Widget(content-desc: More options, class: android.widget.ImageView, position: (922, 95, 1027, 221))
Widget(resource-id: com.simplemobiletools.applauncher:id/main_relative_layout, class: android.widget.RelativeLayout, position: (0, 242, 1080, 2277))
Widget(resource-id: com.simplemobiletools.applauncher:id/coordinator_layout, class: android.view.ViewGroup, position: (0, 242, 1080, 2277))
Widget(resource-id: com.simplemobiletools.applauncher:id/launchers_holder, class: android.widget.RelativeLayout, position: (0, 242, 1080, 2277))
Widget(resource-id: com.simplemobiletools.applauncher:id/launchers_fastscroller, class: android.widget.RelativeLayout, position: (0, 242, 1080, 2277))
Widget(resource-id: com.simplemobiletools.applauncher:id/launchers_grid, class: androidx.recyclerview.widget.RecyclerView, position: (0, 242, 1080, 2277))
Widget(resource-id: com.simplemobiletools.applauncher:id/launcher_holder, text: Clock, class: android.widget.RelativeLayout, position: (0, 242, 360, 655))
Widget(resource-id: com.simplemobiletools.applauncher:id/launcher_icon, class: android.widget.ImageView, position: (11, 263, 349, 601))
Widget(resource-id: com.simplemobiletools.applauncher:id/launcher_label, text: Clock, class: android.widget.TextView, position: (11, 601, 349, 644))
Widget(resource-id: com.simplemobiletools.applauncher:id/launcher_holder, text: Clock, class: android.widget.RelativeLayout, position: (360, 242, 720, 655))
Widget(resource-id: com.simplemobiletools.applauncher:id/launcher_icon, class: android.widget.ImageView, position: (371, 263, 709, 601))
Widget(resource-id: com.simplemobiletools.applauncher:id/launcher_label, text: Clock, class: android.widget.TextView, position: (371, 601, 709, 644))
Widget(resource-id: com.simplemobiletools.applauncher:id/launcher_holder, text: Chrome, class: android.widget.RelativeLayout, position: (720, 242, 1080, 655))
Widget(resource-id: com.simplemobiletools.applauncher:id/launcher_icon, class: android.widget.ImageView, position: (731, 263, 1069, 601))
Widget(resource-id: com.simplemobiletools.applauncher:id/launcher_label, text: Chrome, class: android.widget.TextView, position: (731, 601, 1069, 644))
Widget(resource-id: com.simplemobiletools.applauncher:id/launcher_holder, text: Camera, class: android.widget.RelativeLayout, position: (0, 655, 360, 1068))
Widget(resource-id: com.simplemobiletools.applauncher:id/launcher_icon, class: android.widget.ImageView, position: (11, 676, 349, 1014))
Widget(resource-id: com.simplemobiletools.applauncher:id/launcher_label, text: Camera, class: android.widget.TextView, position: (11, 1014, 349, 1057))
Widget(resource-id: com.simplemobiletools.applauncher:id/launcher_holder, text: Camera, class: android.widget.RelativeLayout, position: (360, 655, 720, 1068))
Widget(resource-id: com.simplemobiletools.applauncher:id/launcher_icon, class: android.widget.ImageView, position: (371, 676, 709, 1014))
Widget(resource-id: com.simplemobiletools.applauncher:id/launcher_label, text: Camera, class: android.widget.TextView, position: (371, 1014, 709, 1057))
Widget(resource-id: com.simplemobiletools.applauncher:id/launcher_holder, text: Calendar, class: android.widget.RelativeLayout, position: (720, 655, 1080, 1068))
Widget(resource-id: com.simplemobiletools.applauncher:id/launcher_icon, class: android.widget.ImageView, position: (731, 676, 1069, 1014))
Widget(resource-id: com.simplemobiletools.applauncher:id/launcher_label, text: Calendar, class: android.widget.TextView, position: (731, 1014, 1069, 1057))
Widget(resource-id: com.simplemobiletools.applauncher:id/launcher_holder, text: Calendar, class: android.widget.RelativeLayout, position: (0, 1068, 360, 1481))
Widget(resource-id: com.simplemobiletools.applauncher:id/launcher_icon, class: android.widget.ImageView, position: (11, 1089, 349, 1427))
Widget(resource-id: com.simplemobiletools.applauncher:id/launcher_label, text: Calendar, class: android.widget.TextView, position: (11, 1427, 349, 1470))
Widget(resource-id: com.simplemobiletools.applauncher:id/launcher_holder, text: ATX, class: android.widget.RelativeLayout, position: (360, 1068, 720, 1481))
Widget(resource-id: com.simplemobiletools.applauncher:id/launcher_icon, class: android.widget.ImageView, position: (371, 1089, 709, 1427))
Widget(resource-id: com.simplemobiletools.applauncher:id/launcher_label, text: ATX, class: android.widget.TextView, position: (371, 1427, 709, 1470))
Widget(resource-id: com.simplemobiletools.applauncher:id/launcher_holder, text: AOL, class: android.widget.RelativeLayout, position: (720, 1068, 1080, 1481))
Widget(resource-id: com.simplemobiletools.applauncher:id/launcher_icon, class: android.widget.ImageView, position: (731, 1089, 1069, 1427))
Widget(resource-id: com.simplemobiletools.applauncher:id/launcher_label, text: AOL, class: android.widget.TextView, position: (731, 1427, 1069, 1470))
Widget(resource-id: com.simplemobiletools.applauncher:id/launcher_holder, text: 5miles, class: android.widget.RelativeLayout, position: (0, 1481, 360, 1894))
Widget(resource-id: com.simplemobiletools.applauncher:id/launcher_icon, class: android.widget.ImageView, position: (11, 1502, 349, 1840))
Widget(resource-id: com.simplemobiletools.applauncher:id/launcher_label, text: 5miles, class: android.widget.TextView, position: (11, 1840, 349, 1883))
Widget(resource-id: com.simplemobiletools.applauncher:id/trackView, class: android.widget.LinearLayout, position: (1012, 242, 1080, 2277))
Widget(resource-id: com.simplemobiletools.applauncher:id/fab, class: android.widget.ImageButton, position: (891, 2088, 1038, 2235))
Widget(content-desc: Clock notification: 30:51:33, class: android.widget.ImageView, position: (107, 1, 165, 74))
Widget(content-desc: ATX notification: UIAutomator, class: android.widget.ImageView, position: (165, 1, 223, 74))
Widget(content-desc: Android System notification: , class: android.widget.ImageView, position: (223, 1, 281, 74))


        I would like to know which activity/fragment we are currently on.
        Please respond in the following JSON format:
        {
        "activity_or_fragment": "TestActivity",
        }
        or 
        {
        "activity_or_fragment": "TestFragment",
        }
        If can not determine the activity/fragment,just output{
        "activity_or_fragment": "Unknown"
        }
        Do not output anything else except json format result.
        
2025-02-07 23:03:37,006 - INFO - ------answer------
2025-02-07 23:03:37,007 - INFO - ``````json
{
"activity_or_fragment": "Unknown"
}
```
2025-02-07 23:03:59,386 - INFO - ------query_instructions------
2025-02-07 23:03:59,386 - INFO - ``````json
{
    "task": "go to aboutActivity",
    "activities_sequence": [
        {
            "activity": "SplashActivity",            "steps": [
                "1. Launch the app, which starts with the SplashActivity."
            ]
        },
        {
            "activity": "MainActivity",
            "steps": [
                "2. After the SplashActivity initializes, the MainActivity is launched.",
                "3. In the MainActivity, open the options menu by tapping the menu icon.",
                "4. Select the 'About' option from the menu."
            ]
        },
        {
            "activity": "AboutActivity",
            "steps": [
                "5. The AboutActivity is launched, displaying information about the app."
            ]
        }
    ],
    "explanation": "because the MainActivity contains a menu item that starts the AboutActivity."
}
```
2025-02-07 23:07:02,805 - INFO - This is a event:0
2025-02-07 23:07:02,963 - INFO - -----query_current_activity start query------
2025-02-07 23:07:02,967 - INFO - 

 Here is the information about the screen we are currently on.
Widget(resource-id: com.simplemobiletools.applauncher:id/action_bar_root, class: android.widget.FrameLayout, position: (0, 0, 1080, 2277))
Widget(resource-id: com.simplemobiletools.applauncher:id/main_coordinator, class: android.view.ViewGroup, position: (0, 74, 1080, 2277))
Widget(resource-id: com.simplemobiletools.applauncher:id/main_menu, class: android.widget.LinearLayout, position: (0, 74, 1080, 242))
Widget(resource-id: com.simplemobiletools.applauncher:id/top_app_bar_layout, class: android.widget.LinearLayout, position: (42, 74, 1038, 242))
Widget(resource-id: com.simplemobiletools.applauncher:id/top_toolbar_holder, class: android.widget.RelativeLayout, position: (42, 95, 1038, 221))
Widget(resource-id: com.simplemobiletools.applauncher:id/top_toolbar_search_icon, content-desc: Search, class: android.widget.ImageView, position: (42, 95, 147, 221))
Widget(resource-id: com.simplemobiletools.applauncher:id/top_toolbar_search, text: Search, class: android.widget.EditText, position: (147, 95, 626, 221))
Widget(resource-id: com.simplemobiletools.applauncher:id/top_toolbar, class: android.view.ViewGroup, position: (626, 95, 1027, 221))
Widget(resource-id: com.simplemobiletools.applauncher:id/sort, content-desc: Sort by, class: android.widget.Button, position: (668, 95, 795, 221))
Widget(resource-id: com.simplemobiletools.applauncher:id/toggle_app_name, content-desc: Toggle app name visibility, class: android.widget.Button, position: (795, 95, 922, 221))
Widget(content-desc: More options, class: android.widget.ImageView, position: (922, 95, 1027, 221))
Widget(resource-id: com.simplemobiletools.applauncher:id/main_relative_layout, class: android.widget.RelativeLayout, position: (0, 242, 1080, 2277))
Widget(resource-id: com.simplemobiletools.applauncher:id/coordinator_layout, class: android.view.ViewGroup, position: (0, 242, 1080, 2277))
Widget(resource-id: com.simplemobiletools.applauncher:id/launchers_holder, class: android.widget.RelativeLayout, position: (0, 242, 1080, 2277))
Widget(resource-id: com.simplemobiletools.applauncher:id/launchers_fastscroller, class: android.widget.RelativeLayout, position: (0, 242, 1080, 2277))
Widget(resource-id: com.simplemobiletools.applauncher:id/launchers_grid, class: androidx.recyclerview.widget.RecyclerView, position: (0, 242, 1080, 2277))
Widget(resource-id: com.simplemobiletools.applauncher:id/launcher_holder, text: Clock, class: android.widget.RelativeLayout, position: (0, 242, 360, 655))
Widget(resource-id: com.simplemobiletools.applauncher:id/launcher_icon, class: android.widget.ImageView, position: (11, 263, 349, 601))
Widget(resource-id: com.simplemobiletools.applauncher:id/launcher_label, text: Clock, class: android.widget.TextView, position: (11, 601, 349, 644))
Widget(resource-id: com.simplemobiletools.applauncher:id/launcher_holder, text: Clock, class: android.widget.RelativeLayout, position: (360, 242, 720, 655))
Widget(resource-id: com.simplemobiletools.applauncher:id/launcher_icon, class: android.widget.ImageView, position: (371, 263, 709, 601))
Widget(resource-id: com.simplemobiletools.applauncher:id/launcher_label, text: Clock, class: android.widget.TextView, position: (371, 601, 709, 644))
Widget(resource-id: com.simplemobiletools.applauncher:id/launcher_holder, text: Chrome, class: android.widget.RelativeLayout, position: (720, 242, 1080, 655))
Widget(resource-id: com.simplemobiletools.applauncher:id/launcher_icon, class: android.widget.ImageView, position: (731, 263, 1069, 601))
Widget(resource-id: com.simplemobiletools.applauncher:id/launcher_label, text: Chrome, class: android.widget.TextView, position: (731, 601, 1069, 644))
Widget(resource-id: com.simplemobiletools.applauncher:id/launcher_holder, text: Camera, class: android.widget.RelativeLayout, position: (0, 655, 360, 1068))
Widget(resource-id: com.simplemobiletools.applauncher:id/launcher_icon, class: android.widget.ImageView, position: (11, 676, 349, 1014))
Widget(resource-id: com.simplemobiletools.applauncher:id/launcher_label, text: Camera, class: android.widget.TextView, position: (11, 1014, 349, 1057))
Widget(resource-id: com.simplemobiletools.applauncher:id/launcher_holder, text: Camera, class: android.widget.RelativeLayout, position: (360, 655, 720, 1068))
Widget(resource-id: com.simplemobiletools.applauncher:id/launcher_icon, class: android.widget.ImageView, position: (371, 676, 709, 1014))
Widget(resource-id: com.simplemobiletools.applauncher:id/launcher_label, text: Camera, class: android.widget.TextView, position: (371, 1014, 709, 1057))
Widget(resource-id: com.simplemobiletools.applauncher:id/launcher_holder, text: Calendar, class: android.widget.RelativeLayout, position: (720, 655, 1080, 1068))
Widget(resource-id: com.simplemobiletools.applauncher:id/launcher_icon, class: android.widget.ImageView, position: (731, 676, 1069, 1014))
Widget(resource-id: com.simplemobiletools.applauncher:id/launcher_label, text: Calendar, class: android.widget.TextView, position: (731, 1014, 1069, 1057))
Widget(resource-id: com.simplemobiletools.applauncher:id/launcher_holder, text: Calendar, class: android.widget.RelativeLayout, position: (0, 1068, 360, 1481))
Widget(resource-id: com.simplemobiletools.applauncher:id/launcher_icon, class: android.widget.ImageView, position: (11, 1089, 349, 1427))
Widget(resource-id: com.simplemobiletools.applauncher:id/launcher_label, text: Calendar, class: android.widget.TextView, position: (11, 1427, 349, 1470))
Widget(resource-id: com.simplemobiletools.applauncher:id/launcher_holder, text: ATX, class: android.widget.RelativeLayout, position: (360, 1068, 720, 1481))
Widget(resource-id: com.simplemobiletools.applauncher:id/launcher_icon, class: android.widget.ImageView, position: (371, 1089, 709, 1427))
Widget(resource-id: com.simplemobiletools.applauncher:id/launcher_label, text: ATX, class: android.widget.TextView, position: (371, 1427, 709, 1470))
Widget(resource-id: com.simplemobiletools.applauncher:id/launcher_holder, text: AOL, class: android.widget.RelativeLayout, position: (720, 1068, 1080, 1481))
Widget(resource-id: com.simplemobiletools.applauncher:id/launcher_icon, class: android.widget.ImageView, position: (731, 1089, 1069, 1427))
Widget(resource-id: com.simplemobiletools.applauncher:id/launcher_label, text: AOL, class: android.widget.TextView, position: (731, 1427, 1069, 1470))
Widget(resource-id: com.simplemobiletools.applauncher:id/launcher_holder, text: 5miles, class: android.widget.RelativeLayout, position: (0, 1481, 360, 1894))
Widget(resource-id: com.simplemobiletools.applauncher:id/launcher_icon, class: android.widget.ImageView, position: (11, 1502, 349, 1840))
Widget(resource-id: com.simplemobiletools.applauncher:id/launcher_label, text: 5miles, class: android.widget.TextView, position: (11, 1840, 349, 1883))
Widget(resource-id: com.simplemobiletools.applauncher:id/trackView, class: android.widget.LinearLayout, position: (1012, 242, 1080, 2277))
Widget(resource-id: com.simplemobiletools.applauncher:id/fab, class: android.widget.ImageButton, position: (891, 2088, 1038, 2235))
Widget(content-desc: Clock notification: 30:55:02, class: android.widget.ImageView, position: (107, 1, 165, 74))
Widget(content-desc: ATX notification: UIAutomator, class: android.widget.ImageView, position: (165, 1, 223, 74))
Widget(content-desc: Android System notification: , class: android.widget.ImageView, position: (223, 1, 281, 74))


        I would like to know which activity/fragment we are currently on.
        Please respond in the following JSON format:
        {
        "activity_or_fragment": "TestActivity",
        }
        or 
        {
        "activity_or_fragment": "TestFragment",
        }
        If can not determine the activity/fragment,just output{
        "activity_or_fragment": "Unknown"
        }
        Do not output anything else except json format result.
        
2025-02-07 23:07:05,633 - INFO - ------answer------
2025-02-07 23:07:05,634 - INFO - ``````json
{
"activity_or_fragment": "Unknown"
}
```
2025-02-07 23:07:28,201 - INFO - ------query_instructions------
2025-02-07 23:07:28,201 - INFO - ``````json
{
    "task": "go to aboutActivity",
    "activities_sequence": [
        {
            "activity": "SplashActivity",
            "steps": [
                "1. The app starts and displays the SplashActivity."
            ]
        },
        {
            "activity": "MainActivity",
            "steps": [
                "2. The SplashActivity transitions to the MainActivity automatically.",
                "3. Tap on the menu icon (usually represented by three dots or lines) in the MainActivity.",
                "4. Select the 'About' option from the menu."
            ]
        },
        {            "activity": "AboutActivity",
            "steps": [
                "5. The AboutActivity will be displayed, showing information about the app."
            ]
        }
    ],
    "explanation": "because the 'About' option in the MainActivity's menu is designed to navigate to the AboutActivity."
}
```
2025-02-07 23:11:41,222 - INFO - This is a event:0
2025-02-07 23:11:41,387 - INFO - -----query_current_activity start query------
2025-02-07 23:11:41,392 - INFO - 

 Here is the information about the screen we are currently on.
Widget(content-desc: Clock notification: 30:59:40, class: android.widget.ImageView, position: (107, 1, 165, 74))
Widget(content-desc: ATX notification: UIAutomator, class: android.widget.ImageView, position: (165, 1, 223, 74))
Widget(content-desc: Android System notification: , class: android.widget.ImageView, position: (223, 1, 281, 74))
Widget(resource-id: com.simplemobiletools.applauncher:id/action_bar_root, class: android.widget.FrameLayout, position: (0, 0, 1080, 2277))
Widget(resource-id: com.simplemobiletools.applauncher:id/main_coordinator, class: android.view.ViewGroup, position: (0, 74, 1080, 2277))
Widget(resource-id: com.simplemobiletools.applauncher:id/main_menu, class: android.widget.LinearLayout, position: (0, 74, 1080, 242))
Widget(resource-id: com.simplemobiletools.applauncher:id/top_app_bar_layout, class: android.widget.LinearLayout, position: (42, 74, 1038, 242))
Widget(resource-id: com.simplemobiletools.applauncher:id/top_toolbar_holder, class: android.widget.RelativeLayout, position: (42, 95, 1038, 221))
Widget(resource-id: com.simplemobiletools.applauncher:id/top_toolbar_search_icon, content-desc: Search, class: android.widget.ImageView, position: (42, 95, 147, 221))
Widget(resource-id: com.simplemobiletools.applauncher:id/top_toolbar_search, text: Search, class: android.widget.EditText, position: (147, 95, 626, 221))
Widget(resource-id: com.simplemobiletools.applauncher:id/top_toolbar, class: android.view.ViewGroup, position: (626, 95, 1027, 221))
Widget(resource-id: com.simplemobiletools.applauncher:id/sort, content-desc: Sort by, class: android.widget.Button, position: (668, 95, 795, 221))
Widget(resource-id: com.simplemobiletools.applauncher:id/toggle_app_name, content-desc: Toggle app name visibility, class: android.widget.Button, position: (795, 95, 922, 221))
Widget(content-desc: More options, class: android.widget.ImageView, position: (922, 95, 1027, 221))
Widget(resource-id: com.simplemobiletools.applauncher:id/main_relative_layout, class: android.widget.RelativeLayout, position: (0, 242, 1080, 2277))
Widget(resource-id: com.simplemobiletools.applauncher:id/coordinator_layout, class: android.view.ViewGroup, position: (0, 242, 1080, 2277))
Widget(resource-id: com.simplemobiletools.applauncher:id/launchers_holder, class: android.widget.RelativeLayout, position: (0, 242, 1080, 2277))
Widget(resource-id: com.simplemobiletools.applauncher:id/launchers_fastscroller, class: android.widget.RelativeLayout, position: (0, 242, 1080, 2277))
Widget(resource-id: com.simplemobiletools.applauncher:id/launchers_grid, class: androidx.recyclerview.widget.RecyclerView, position: (0, 242, 1080, 2277))
Widget(resource-id: com.simplemobiletools.applauncher:id/launcher_holder, text: Clock, class: android.widget.RelativeLayout, position: (0, 242, 360, 655))
Widget(resource-id: com.simplemobiletools.applauncher:id/launcher_icon, class: android.widget.ImageView, position: (11, 263, 349, 601))
Widget(resource-id: com.simplemobiletools.applauncher:id/launcher_label, text: Clock, class: android.widget.TextView, position: (11, 601, 349, 644))
Widget(resource-id: com.simplemobiletools.applauncher:id/launcher_holder, text: Clock, class: android.widget.RelativeLayout, position: (360, 242, 720, 655))
Widget(resource-id: com.simplemobiletools.applauncher:id/launcher_icon, class: android.widget.ImageView, position: (371, 263, 709, 601))
Widget(resource-id: com.simplemobiletools.applauncher:id/launcher_label, text: Clock, class: android.widget.TextView, position: (371, 601, 709, 644))
Widget(resource-id: com.simplemobiletools.applauncher:id/launcher_holder, text: Chrome, class: android.widget.RelativeLayout, position: (720, 242, 1080, 655))
Widget(resource-id: com.simplemobiletools.applauncher:id/launcher_icon, class: android.widget.ImageView, position: (731, 263, 1069, 601))
Widget(resource-id: com.simplemobiletools.applauncher:id/launcher_label, text: Chrome, class: android.widget.TextView, position: (731, 601, 1069, 644))
Widget(resource-id: com.simplemobiletools.applauncher:id/launcher_holder, text: Camera, class: android.widget.RelativeLayout, position: (0, 655, 360, 1068))
Widget(resource-id: com.simplemobiletools.applauncher:id/launcher_icon, class: android.widget.ImageView, position: (11, 676, 349, 1014))
Widget(resource-id: com.simplemobiletools.applauncher:id/launcher_label, text: Camera, class: android.widget.TextView, position: (11, 1014, 349, 1057))
Widget(resource-id: com.simplemobiletools.applauncher:id/launcher_holder, text: Camera, class: android.widget.RelativeLayout, position: (360, 655, 720, 1068))
Widget(resource-id: com.simplemobiletools.applauncher:id/launcher_icon, class: android.widget.ImageView, position: (371, 676, 709, 1014))
Widget(resource-id: com.simplemobiletools.applauncher:id/launcher_label, text: Camera, class: android.widget.TextView, position: (371, 1014, 709, 1057))
Widget(resource-id: com.simplemobiletools.applauncher:id/launcher_holder, text: Calendar, class: android.widget.RelativeLayout, position: (720, 655, 1080, 1068))
Widget(resource-id: com.simplemobiletools.applauncher:id/launcher_icon, class: android.widget.ImageView, position: (731, 676, 1069, 1014))
Widget(resource-id: com.simplemobiletools.applauncher:id/launcher_label, text: Calendar, class: android.widget.TextView, position: (731, 1014, 1069, 1057))
Widget(resource-id: com.simplemobiletools.applauncher:id/launcher_holder, text: Calendar, class: android.widget.RelativeLayout, position: (0, 1068, 360, 1481))
Widget(resource-id: com.simplemobiletools.applauncher:id/launcher_icon, class: android.widget.ImageView, position: (11, 1089, 349, 1427))
Widget(resource-id: com.simplemobiletools.applauncher:id/launcher_label, text: Calendar, class: android.widget.TextView, position: (11, 1427, 349, 1470))
Widget(resource-id: com.simplemobiletools.applauncher:id/launcher_holder, text: ATX, class: android.widget.RelativeLayout, position: (360, 1068, 720, 1481))
Widget(resource-id: com.simplemobiletools.applauncher:id/launcher_icon, class: android.widget.ImageView, position: (371, 1089, 709, 1427))
Widget(resource-id: com.simplemobiletools.applauncher:id/launcher_label, text: ATX, class: android.widget.TextView, position: (371, 1427, 709, 1470))
Widget(resource-id: com.simplemobiletools.applauncher:id/launcher_holder, text: AOL, class: android.widget.RelativeLayout, position: (720, 1068, 1080, 1481))
Widget(resource-id: com.simplemobiletools.applauncher:id/launcher_icon, class: android.widget.ImageView, position: (731, 1089, 1069, 1427))
Widget(resource-id: com.simplemobiletools.applauncher:id/launcher_label, text: AOL, class: android.widget.TextView, position: (731, 1427, 1069, 1470))
Widget(resource-id: com.simplemobiletools.applauncher:id/launcher_holder, text: 5miles, class: android.widget.RelativeLayout, position: (0, 1481, 360, 1894))
Widget(resource-id: com.simplemobiletools.applauncher:id/launcher_icon, class: android.widget.ImageView, position: (11, 1502, 349, 1840))
Widget(resource-id: com.simplemobiletools.applauncher:id/launcher_label, text: 5miles, class: android.widget.TextView, position: (11, 1840, 349, 1883))
Widget(resource-id: com.simplemobiletools.applauncher:id/trackView, class: android.widget.LinearLayout, position: (1012, 242, 1080, 2277))
Widget(resource-id: com.simplemobiletools.applauncher:id/fab, class: android.widget.ImageButton, position: (891, 2088, 1038, 2235))


        I would like to know which activity/fragment we are currently on.
        Please respond in the following JSON format:
        {
        "activity_or_fragment": "TestActivity",
        }
        or 
        {
        "activity_or_fragment": "TestFragment",
        }
        If can not determine the activity/fragment,just output{
        "activity_or_fragment": "Unknown"
        }
        Do not output anything else except json format result.
        
2025-02-07 23:11:46,219 - INFO - ------answer------
2025-02-07 23:11:46,220 - INFO - ``````json
{
"activity_or_fragment": "Unknown"
}
```
2025-02-07 23:12:15,401 - INFO - ------query_instructions------
2025-02-07 23:12:15,402 - INFO - ``````json
{
    "task": "go to aboutActivity",
    "activities_sequence": [
        {
            "activity": "SplashActivity",
            "steps": [
                "1. Wait for the `initActivity` method to start the `MainActivity`."
            ]
        },
        {
            "activity": "MainActivity",
            "steps": [
                "2. Locate the options menu in the `MainActivity`.",
                "3. Click on the menu item with ID `R.id.about` to trigger the `launchAbout` method.",
                "4. The `launchAbout` method will start the `AboutActivity`."
            ]        },
        {
            "activity": "AboutActivity",
            "steps": [
                "5. View the about information displayed in the `AboutActivity`."
            ]
        }
    ],
    "explanation": "because the `AboutActivity` is launched via the `launchAbout` method in `MainActivity`."
}
```
2025-02-07 23:17:19,557 - INFO - This is a event:0
2025-02-07 23:17:19,746 - INFO - -----query_current_activity start query------
2025-02-07 23:17:19,747 - INFO - 

 Here is the information about the screen we are currently on.
Widget(content-desc: Clock notification: 31:05:19, class: android.widget.ImageView, position: (107, 1, 165, 74))
Widget(content-desc: ATX notification: UIAutomator, class: android.widget.ImageView, position: (165, 1, 223, 74))
Widget(content-desc: Android System notification: , class: android.widget.ImageView, position: (223, 1, 281, 74))
Widget(resource-id: com.simplemobiletools.applauncher:id/action_bar_root, class: android.widget.FrameLayout, position: (0, 0, 1080, 2277))
Widget(resource-id: com.simplemobiletools.applauncher:id/main_coordinator, class: android.view.ViewGroup, position: (0, 74, 1080, 2277))
Widget(resource-id: com.simplemobiletools.applauncher:id/main_menu, class: android.widget.LinearLayout, position: (0, 74, 1080, 242))
Widget(resource-id: com.simplemobiletools.applauncher:id/top_app_bar_layout, class: android.widget.LinearLayout, position: (42, 74, 1038, 242))
Widget(resource-id: com.simplemobiletools.applauncher:id/top_toolbar_holder, class: android.widget.RelativeLayout, position: (42, 95, 1038, 221))
Widget(resource-id: com.simplemobiletools.applauncher:id/top_toolbar_search_icon, content-desc: Search, class: android.widget.ImageView, position: (42, 95, 147, 221))
Widget(resource-id: com.simplemobiletools.applauncher:id/top_toolbar_search, text: Search, class: android.widget.EditText, position: (147, 95, 626, 221))
Widget(resource-id: com.simplemobiletools.applauncher:id/top_toolbar, class: android.view.ViewGroup, position: (626, 95, 1027, 221))
Widget(resource-id: com.simplemobiletools.applauncher:id/sort, content-desc: Sort by, class: android.widget.Button, position: (668, 95, 795, 221))
Widget(resource-id: com.simplemobiletools.applauncher:id/toggle_app_name, content-desc: Toggle app name visibility, class: android.widget.Button, position: (795, 95, 922, 221))
Widget(content-desc: More options, class: android.widget.ImageView, position: (922, 95, 1027, 221))
Widget(resource-id: com.simplemobiletools.applauncher:id/main_relative_layout, class: android.widget.RelativeLayout, position: (0, 242, 1080, 2277))
Widget(resource-id: com.simplemobiletools.applauncher:id/coordinator_layout, class: android.view.ViewGroup, position: (0, 242, 1080, 2277))
Widget(resource-id: com.simplemobiletools.applauncher:id/launchers_holder, class: android.widget.RelativeLayout, position: (0, 242, 1080, 2277))
Widget(resource-id: com.simplemobiletools.applauncher:id/launchers_fastscroller, class: android.widget.RelativeLayout, position: (0, 242, 1080, 2277))
Widget(resource-id: com.simplemobiletools.applauncher:id/launchers_grid, class: androidx.recyclerview.widget.RecyclerView, position: (0, 242, 1080, 2277))
Widget(resource-id: com.simplemobiletools.applauncher:id/launcher_holder, text: Clock, class: android.widget.RelativeLayout, position: (0, 242, 360, 655))
Widget(resource-id: com.simplemobiletools.applauncher:id/launcher_icon, class: android.widget.ImageView, position: (11, 263, 349, 601))
Widget(resource-id: com.simplemobiletools.applauncher:id/launcher_label, text: Clock, class: android.widget.TextView, position: (11, 601, 349, 644))
Widget(resource-id: com.simplemobiletools.applauncher:id/launcher_holder, text: Clock, class: android.widget.RelativeLayout, position: (360, 242, 720, 655))
Widget(resource-id: com.simplemobiletools.applauncher:id/launcher_icon, class: android.widget.ImageView, position: (371, 263, 709, 601))
Widget(resource-id: com.simplemobiletools.applauncher:id/launcher_label, text: Clock, class: android.widget.TextView, position: (371, 601, 709, 644))
Widget(resource-id: com.simplemobiletools.applauncher:id/launcher_holder, text: Chrome, class: android.widget.RelativeLayout, position: (720, 242, 1080, 655))
Widget(resource-id: com.simplemobiletools.applauncher:id/launcher_icon, class: android.widget.ImageView, position: (731, 263, 1069, 601))
Widget(resource-id: com.simplemobiletools.applauncher:id/launcher_label, text: Chrome, class: android.widget.TextView, position: (731, 601, 1069, 644))
Widget(resource-id: com.simplemobiletools.applauncher:id/launcher_holder, text: Camera, class: android.widget.RelativeLayout, position: (0, 655, 360, 1068))
Widget(resource-id: com.simplemobiletools.applauncher:id/launcher_icon, class: android.widget.ImageView, position: (11, 676, 349, 1014))
Widget(resource-id: com.simplemobiletools.applauncher:id/launcher_label, text: Camera, class: android.widget.TextView, position: (11, 1014, 349, 1057))
Widget(resource-id: com.simplemobiletools.applauncher:id/launcher_holder, text: Camera, class: android.widget.RelativeLayout, position: (360, 655, 720, 1068))
Widget(resource-id: com.simplemobiletools.applauncher:id/launcher_icon, class: android.widget.ImageView, position: (371, 676, 709, 1014))
Widget(resource-id: com.simplemobiletools.applauncher:id/launcher_label, text: Camera, class: android.widget.TextView, position: (371, 1014, 709, 1057))
Widget(resource-id: com.simplemobiletools.applauncher:id/launcher_holder, text: Calendar, class: android.widget.RelativeLayout, position: (720, 655, 1080, 1068))
Widget(resource-id: com.simplemobiletools.applauncher:id/launcher_icon, class: android.widget.ImageView, position: (731, 676, 1069, 1014))
Widget(resource-id: com.simplemobiletools.applauncher:id/launcher_label, text: Calendar, class: android.widget.TextView, position: (731, 1014, 1069, 1057))
Widget(resource-id: com.simplemobiletools.applauncher:id/launcher_holder, text: Calendar, class: android.widget.RelativeLayout, position: (0, 1068, 360, 1481))
Widget(resource-id: com.simplemobiletools.applauncher:id/launcher_icon, class: android.widget.ImageView, position: (11, 1089, 349, 1427))
Widget(resource-id: com.simplemobiletools.applauncher:id/launcher_label, text: Calendar, class: android.widget.TextView, position: (11, 1427, 349, 1470))
Widget(resource-id: com.simplemobiletools.applauncher:id/launcher_holder, text: ATX, class: android.widget.RelativeLayout, position: (360, 1068, 720, 1481))
Widget(resource-id: com.simplemobiletools.applauncher:id/launcher_icon, class: android.widget.ImageView, position: (371, 1089, 709, 1427))
Widget(resource-id: com.simplemobiletools.applauncher:id/launcher_label, text: ATX, class: android.widget.TextView, position: (371, 1427, 709, 1470))
Widget(resource-id: com.simplemobiletools.applauncher:id/launcher_holder, text: AOL, class: android.widget.RelativeLayout, position: (720, 1068, 1080, 1481))
Widget(resource-id: com.simplemobiletools.applauncher:id/launcher_icon, class: android.widget.ImageView, position: (731, 1089, 1069, 1427))
Widget(resource-id: com.simplemobiletools.applauncher:id/launcher_label, text: AOL, class: android.widget.TextView, position: (731, 1427, 1069, 1470))
Widget(resource-id: com.simplemobiletools.applauncher:id/launcher_holder, text: 5miles, class: android.widget.RelativeLayout, position: (0, 1481, 360, 1894))
Widget(resource-id: com.simplemobiletools.applauncher:id/launcher_icon, class: android.widget.ImageView, position: (11, 1502, 349, 1840))
Widget(resource-id: com.simplemobiletools.applauncher:id/launcher_label, text: 5miles, class: android.widget.TextView, position: (11, 1840, 349, 1883))
Widget(resource-id: com.simplemobiletools.applauncher:id/trackView, class: android.widget.LinearLayout, position: (1012, 242, 1080, 2277))
Widget(resource-id: com.simplemobiletools.applauncher:id/fab, class: android.widget.ImageButton, position: (891, 2088, 1038, 2235))


        I would like to know which activity/fragment we are currently on.
        Please respond in the following JSON format:
        {
        "activity_or_fragment": "TestActivity",
        }
        or 
        {
        "activity_or_fragment": "TestFragment",
        }
        If can not determine the activity/fragment,just output{
        "activity_or_fragment": "Unknown"
        }
        Do not output anything else except json format result.
        
2025-02-07 23:17:25,581 - INFO - ------answer------
2025-02-07 23:17:25,582 - INFO - ``````json
{
"activity_or_fragment": "Unknown"
}
```
2025-02-07 23:18:07,239 - INFO - ------query_instructions------
2025-02-07 23:18:07,239 - INFO - ``````json
{
    "task": "go to aboutActivity",
    "activities_sequence": [
        {
            "activity": "SplashActivity",
            "steps": [
                "1. Launch the app, which starts with SplashActivity."
            ]
        },
        {
            "activity": "MainActivity",
            "steps": [
                "2. After the splash screen, the app transitions to MainActivity.",
                "3. In MainActivity, open the options menu.",
                "4. Select the 'About' menu item to launch AboutActivity."
            ]
        },
        {
            "activity": "AboutActivity",
            "steps": [
                "5. The AboutActivity is displayed, showing information about the app."            ]
        }
    ],
    "explanation": "because the MainActivity has a menu item to launch AboutActivity."
}
```
2025-02-07 23:22:33,202 - INFO - This is a event:0
2025-02-07 23:23:30,880 - INFO - ------query_instructions------
2025-02-07 23:23:30,882 - INFO - ``````json
{
    "task": "go to aboutActivity",
    "activities_sequence": [
        {
            "activity": "SplashActivity",
            "steps": [
                "1. Open the app, which starts with SplashActivity."
            ]
        },
        {
            "activity": "MainActivity",
            "steps": [
                "2. Navigate to MainActivity from SplashActivity.",
                "3. Click on the 'About' menu item in the options menu to launch AboutActivity."
            ]        },
        {
            "activity": "AboutActivity",
            "steps": [
                "4. View the About section in AboutActivity."
            ]
        }
    ],
    "explanation": "because the AboutActivity is launched from the MainActivity's 'About' menu item."
}
```
2025-02-07 23:29:09,894 - INFO - This is a event:0
2025-02-07 23:29:59,194 - INFO - ------query_instructions------
2025-02-07 23:29:59,195 - INFO - ``````json
{
    "task": "go to aboutActivity",
    "activities_sequence": [
        {
            "activity": "SplashActivity",
            "steps": [
                "1. Wait for the splash screen to finish initializing.",
                "2. The app automatically transitions to MainActivity."
            ]
        },
        {
            "activity": "MainActivity",            "steps": [
                "3. Open the options menu by clicking on the menu icon (three dots) in the toolbar.",
                "4. Select the 'About' option from the menu."
            ]
        },
        {
            "activity": "AboutActivity",
            "steps": [
                "5. View the about information provided in the AboutActivity."
            ]
        }
    ],
    "explanation": "The AboutActivity is accessed through the MainActivity's options menu, which is the standard navigation path for viewing 'About' information in the app."
}
```
2025-02-08 09:45:01,784 - INFO - This is a event:0
2025-02-08 09:45:47,056 - INFO - ------query_instructions------
2025-02-08 09:45:47,057 - INFO - ``````json
{
    "task": "go to aboutActivity",
    "activities_sequence": [
        {
            "activity": "SplashActivity",
            "steps": [
                "1. Wait for the SplashActivity to initialize and automatically transition to MainActivity."
            ]
        },
        {
            "activity": "MainActivity",
            "steps": [
                "2. Locate and click on the menu button (three dots or similar) in the top-right corner of the MainActivity.",
                "3. From the menu options, select 'About' to launch the AboutActivity."
            ]
        }
    ],
    "explanation": "because the MainActivity contains a menu item that triggers the launch of the AboutActivity."
}
```
2025-02-08 09:50:07,759 - INFO - This is a event:0
2025-02-08 09:50:46,159 - INFO - ------query_instructions------
2025-02-08 09:50:46,159 - INFO - ``````json
{
    "task": "go to aboutActivity",
    "activities_sequence": [
        {
            "activity": "SplashActivity",
            "steps": [
                "1. Launch the app, which starts with the SplashActivity.",
                "2. Wait for the SplashActivity to finish and transition to the MainActivity."
            ]
        },
        {
            "activity": "MainActivity",
            "steps": [
                "3. On the MainActivity, open the options menu.",
                "4. Click on the 'About' menu item to launch the AboutActivity."
            ]
        },
        {
            "activity": "AboutActivity",
            "steps": [
                "5. The AboutActivity will display information about the app."
            ]
        }
    ],
    "explanation": "because the 'About' menu item in the MainActivity is responsible for launching the AboutActivity."}
```
2025-02-08 09:52:34,515 - INFO - This is a event:0
2025-02-08 09:53:07,929 - INFO - ------query_instructions------
2025-02-08 09:53:07,929 - INFO - ``````json
{
    "task": "go to aboutActivity",
    "activities_sequence": [
        {
            "activity": "SplashActivity",
            "steps": [
                "1. The app starts with SplashActivity.",
                "2. The `initActivity` method is called, which transitions to MainActivity."
            ]
        },
        {
            "activity": "MainActivity",
            "steps": [
                "3. Once in MainActivity, open the options menu by clicking the menu icon.",
                "4. From the options menu, select the 'About' item.",
                "5. This triggers the `launchAbout` method, which starts the AboutActivity."
            ]
        },
        {
            "activity": "AboutActivity",
            "steps": [
                "6. The AboutActivity is now displayed, showing information about the app."
            ]
        }
    ],
    "explanation": "The task 'go to aboutActivity' involves navigating from the initial SplashActivity to MainActivity, where the user can access the 'About' option in the menu to launch the AboutActivity."
}
```
2025-02-08 09:57:35,325 - INFO - This is a event:0
2025-02-08 09:58:32,044 - INFO - ------query_instructions------
2025-02-08 09:58:32,045 - INFO - ``````json
{
    "task": "go to aboutActivity",
    "activities_sequence": [
        {
            "activity": "SplashActivity",
            "steps": [
                "1. Wait for the SplashActivity to initialize and automatically transition to MainActivity."
            ]
        },
        {
            "activity": "MainActivity",
            "steps": [
                "2. Open the options menu by clicking on the menu icon (usually represented by three dots or lines).",                "3. Select the 'About' option from the menu to launch the AboutActivity."
            ]
        },
        {
            "activity": "AboutActivity",
            "steps": [
                "4. View the information presented in the AboutActivity."
            ]
        }
    ],
    "explanation": "because the MainActivity has a menu option to launch the AboutActivity."
}
```
2025-02-08 10:06:13,728 - INFO - This is a event:0
2025-02-08 10:06:41,235 - INFO - ------query_instructions------
2025-02-08 10:06:41,236 - INFO - ``````json
{
    "task": "go to aboutActivity",
    "activities_sequence": [
        {
            "activity": "SplashActivity",
            "steps": [                "1. Wait for the `initActivity` method to automatically transition from SplashActivity to MainActivity."
            ]
        },
        {
            "activity": "MainActivity",
            "steps": [
                "2. Open the options menu by tapping the menu icon (three dots or hamburger icon).",
                "3. Select the 'About' option from the menu, which triggers the `launchAbout` method.",
                "4. The `launchAbout` method starts the AboutActivity, transitioning you to the About section."
            ]
        }
    ],
    "explanation": "because the MainActivity has a menu item that triggers the 'About' activity via the `launchAbout` method."
}
```
2025-02-08 10:09:16,683 - INFO - This is a event:0
2025-02-08 10:09:43,933 - INFO - ------query_instructions------
2025-02-08 10:09:43,934 - INFO - ``````json
{
    "task": "go to aboutActivity",
    "activities_sequence": [
        {            "activity": "SplashActivity",
            "steps": [
                "1. Launch the app to start at SplashActivity.",
                "2. SplashActivity initializes and transitions to MainActivity."
            ]
        },
        {
            "activity": "MainActivity",
            "steps": [
                "3. Navigate to the options menu in MainActivity.",
                "4. Select the 'About' menu item to trigger the 'launchAbout' method."
            ]
        },
        {
            "activity": "AboutActivity",
            "steps": [
                "5. AboutActivity is launched, displaying the 'About' section of the app."
            ]
        }
    ],
    "explanation": "because the 'About' menu item in MainActivity triggers the launch of AboutActivity."
}
```
