2025-01-16 23:51:51,033 - INFO - This is a event:0
2025-01-16 23:51:51,216 - INFO - -----query_current_activity start query------
2025-01-16 23:51:51,218 - INFO - To change the theme color to light in the app, you need to modify the theme settings in the app's resources and possibly update the UI elements to reflect the new theme. Here's a step-by-step guide to achieve this:

### Step 1: Identify the Current Theme
First, you need to identify the current theme being used in the app. This is typically defined in the `styles.xml` file located in the `res/values` directory.

### Step 2: Create a Light Theme
If a light theme is not already defined, you need to create one. You can do this by adding a new style in the `styles.xml` file. Here¡¯s an example of how you might define a light theme:

```xml
<!-- res/values/styles.xml -->
<resources>
    <!-- Existing theme -->
    <style name="AppTheme" parent="Theme.AppCompat.Light.DarkActionBar">
        <!-- Customize your theme here. -->
        <item name="colorPrimary">@color/colorPrimary</item>
        <item name="colorPrimaryDark">@color/colorPrimaryDark</item>
        <item name="colorAccent">@color/colorAccent</item>
    </style>

    <!-- New light theme -->
    <style name="AppTheme.Light" parent="Theme.AppCompat.Light.NoActionBar">
        <item name="colorPrimary">@color/lightColorPrimary</item>
        <item name="colorPrimaryDark">@color/lightColorPrimaryDark</item>
        <item name="colorAccent">@color/lightColorAccent</item>
        <item name="android:windowBackground">@color/lightBackground</item>
        <item name="android:textColorPrimary">@color/lightTextColorPrimary</item>
        <item name="android:textColorSecondary">@color/lightTextColorSecondary</item>
    </style>
</resources>
```

### Step 3: Define Colors for the Light Theme
Define the colors for the light theme in the `colors.xml` file:

```xml
<!-- res/values/colors.xml -->
<resources>
    <!-- Existing colors -->
    <color name="colorPrimary">#6200EE</color>
    <color name="colorPrimaryDark">#3700B3</color>
    <color name="colorAccent">#03DAC5</color>

    <!-- Light theme colors -->
    <color name="lightColorPrimary">#FFFFFF</color>
    <color name="lightColorPrimaryDark">#CCCCCC</color>
    <color name="lightColorAccent">#FF4081</color>
    <color name="lightBackground">#F5F5F5</color>
    <color name="lightTextColorPrimary">#000000</color>
    <color name="lightTextColorSecondary">#757575</color>
</resources>
```

### Step 4: Apply the Light Theme
To apply the light theme, you need to set it in the `AndroidManifest.xml` file or programmatically in your activities.

#### Option 1: Apply Theme in `AndroidManifest.xml`
You can set the theme for the entire application or specific activities in the `AndroidManifest.xml` file:

```xml
<application
    android:theme="@style/AppTheme.Light">
    <!-- Activities -->
    <activity android:name=".activities.SplashActivity" />
    <activity android:name=".activities.MainActivity" />
    <activity android:name=".activities.SettingsActivity" />
</application>
```

#### Option 2: Apply Theme Programmatically
If you want to change the theme dynamically, you can do so in the `onCreate` method of your activities:

```java
@Override
protected void onCreate(Bundle savedInstanceState) {
    setTheme(R.style.AppTheme_Light);
    super.onCreate(savedInstanceState);
    setContentView(R.layout.activity_main);
}
```

### Step 5: Update UI Elements
Ensure that all UI elements are compatible with the light theme. For example, if you have custom views or text colors, make sure they adapt to the light theme.

### Step 6: Test the Changes
Finally, test the app to ensure that the light theme is applied correctly and that all UI elements are visible and properly styled.

### Example: Updating `MainActivity`
If you want to update the `MainActivity` to use the light theme, you can do something like this:

```java
public class MainActivity extends AppCompatActivity {
    @Override
    protected void onCreate(Bundle savedInstanceState) {
        setTheme(R.style.AppTheme_Light);
        super.onCreate(savedInstanceState);
        setContentView(R.layout.activity_main);

        // Your existing code...
    }
}
```

### Conclusion
By following these steps, you should be able to change the theme color to light in your app. Make sure to test thoroughly to ensure that all parts of the app look good with the new theme.

 Here is the information about the screen we are currently on.
Widget(resource-id: com.simplemobiletools.contacts.pro:id/action_bar_root, class: android.widget.FrameLayout, position: (0, 74, 1080, 2277))
Widget(resource-id: com.simplemobiletools.contacts.pro:id/main_coordinator, class: android.view.ViewGroup, position: (0, 74, 1080, 2277))
Widget(resource-id: com.simplemobiletools.contacts.pro:id/main_menu, class: android.widget.LinearLayout, position: (0, 74, 1080, 242))
Widget(resource-id: com.simplemobiletools.contacts.pro:id/top_app_bar_layout, class: android.widget.LinearLayout, position: (42, 74, 1038, 242))
Widget(resource-id: com.simplemobiletools.contacts.pro:id/top_toolbar_holder, class: android.widget.RelativeLayout, position: (42, 95, 1038, 221))
Widget(resource-id: com.simplemobiletools.contacts.pro:id/top_toolbar_search_icon, content-desc: Search, class: android.widget.ImageView, position: (42, 95, 147, 221))
Widget(resource-id: com.simplemobiletools.contacts.pro:id/top_toolbar_search, text: Search, class: android.widget.EditText, position: (147, 95, 626, 221))
Widget(resource-id: com.simplemobiletools.contacts.pro:id/top_toolbar, class: android.view.ViewGroup, position: (626, 95, 1027, 221))
Widget(resource-id: com.simplemobiletools.contacts.pro:id/sort, content-desc: Sort by, class: android.widget.Button, position: (668, 95, 795, 221))
Widget(resource-id: com.simplemobiletools.contacts.pro:id/filter, content-desc: Filter, class: android.widget.Button, position: (795, 95, 922, 221))
Widget(content-desc: More options, class: android.widget.ImageView, position: (922, 95, 1027, 221))
Widget(resource-id: com.simplemobiletools.contacts.pro:id/main_holder, class: android.view.ViewGroup, position: (0, 242, 1080, 2277))
Widget(resource-id: com.simplemobiletools.contacts.pro:id/view_pager, class: p4.i, position: (0, 242, 1080, 2109))
Widget(resource-id: com.simplemobiletools.contacts.pro:id/contacts_fragment, class: android.view.ViewGroup, position: (0, 242, 1080, 2109))
Widget(resource-id: com.simplemobiletools.contacts.pro:id/fragment_wrapper, class: android.widget.RelativeLayout, position: (0, 242, 1080, 2109))
Widget(resource-id: com.simplemobiletools.contacts.pro:id/fragment_list, class: androidx.recyclerview.widget.RecyclerView, position: (0, 242, 1080, 2109))
Widget(resource-id: com.simplemobiletools.contacts.pro:id/item_contact_frame, text: Alice, class: android.view.ViewGroup, position: (0, 242, 1080, 410))
Widget(resource-id: com.simplemobiletools.contacts.pro:id/item_contact_image, class: android.widget.ImageView, position: (43, 263, 169, 389))
Widget(resource-id: com.simplemobiletools.contacts.pro:id/item_contact_name, text: Alice, class: android.widget.TextView, position: (169, 298, 1048, 355))
Widget(resource-id: com.simplemobiletools.contacts.pro:id/item_contact_frame, text: Jack, class: android.view.ViewGroup, position: (0, 415, 1080, 583))
Widget(resource-id: com.simplemobiletools.contacts.pro:id/item_contact_image, class: android.widget.ImageView, position: (43, 436, 169, 562))
Widget(resource-id: com.simplemobiletools.contacts.pro:id/item_contact_name, text: Jack, class: android.widget.TextView, position: (169, 471, 1048, 528))
Widget(resource-id: com.simplemobiletools.contacts.pro:id/item_contact_frame, text: stephen.bob@example.com, class: android.view.ViewGroup, position: (0, 588, 1080, 756))
Widget(resource-id: com.simplemobiletools.contacts.pro:id/item_contact_image, class: android.widget.ImageView, position: (43, 609, 169, 735))
Widget(resource-id: com.simplemobiletools.contacts.pro:id/item_contact_name, text: stephen.bob@example.com, class: android.widget.TextView, position: (169, 644, 1048, 701))
Widget(resource-id: com.simplemobiletools.contacts.pro:id/item_contact_frame, text: 12345678900, class: android.view.ViewGroup, position: (0, 761, 1080, 929))
Widget(resource-id: com.simplemobiletools.contacts.pro:id/item_contact_image, class: android.widget.ImageView, position: (43, 782, 169, 908))
Widget(resource-id: com.simplemobiletools.contacts.pro:id/item_contact_name, text: 12345678900, class: android.widget.TextView, position: (169, 817, 1048, 874))
Widget(resource-id: com.simplemobiletools.contacts.pro:id/item_contact_frame, text: 12345678900123123456789001234567890045678900, class: android.view.ViewGroup, position: (0, 934, 1080, 1102))
Widget(resource-id: com.simplemobiletools.contacts.pro:id/item_contact_image, class: android.widget.ImageView, position: (43, 955, 169, 1081))
Widget(resource-id: com.simplemobiletools.contacts.pro:id/item_contact_name, text: 12345678900123123456789001234567890045678900, class: android.widget.TextView, position: (169, 990, 1048, 1047))
Widget(resource-id: com.simplemobiletools.contacts.pro:id/letter_fastscroller_thumb, class: android.view.ViewGroup, position: (807, 242, 954, 593))
Widget(resource-id: com.simplemobiletools.contacts.pro:id/letter_fastscroller, text: A
J
S
1, class: android.widget.LinearLayout, position: (996, 242, 1080, 593))
Widget(text: A
J
S
1, class: android.widget.TextView, position: (996, 305, 1080, 530))
Widget(resource-id: com.simplemobiletools.contacts.pro:id/fragment_fab, content-desc: Create new contact, class: android.widget.ImageButton, position: (891, 1920, 1038, 2067))
Widget(resource-id: com.simplemobiletools.contacts.pro:id/main_dialpad_button, content-desc: Dialpad, class: android.widget.ImageView, position: (461, 1909, 619, 2067))
Widget(resource-id: com.simplemobiletools.contacts.pro:id/main_tabs_holder, class: android.widget.HorizontalScrollView, position: (0, 2109, 1080, 2277))
Widget(resource-id: com.simplemobiletools.contacts.pro:id/tab_item_holder, class: android.widget.LinearLayout, position: (127, 2141, 232, 2277))
Widget(resource-id: com.simplemobiletools.contacts.pro:id/tab_item_icon, class: android.widget.ImageView, position: (142, 2141, 216, 2215))
Widget(resource-id: com.simplemobiletools.contacts.pro:id/tab_item_label, text: Contacts, class: android.widget.TextView, position: (127, 2215, 232, 2277))
Widget(text: Favorites, class: android.widget.LinearLayout, position: (360, 2109, 720, 2277))
Widget(resource-id: com.simplemobiletools.contacts.pro:id/tab_item_holder, class: android.widget.LinearLayout, position: (486, 2141, 593, 2277))
Widget(resource-id: com.simplemobiletools.contacts.pro:id/tab_item_icon, class: android.widget.ImageView, position: (502, 2141, 576, 2215))
Widget(resource-id: com.simplemobiletools.contacts.pro:id/tab_item_label, text: Favorites, class: android.widget.TextView, position: (486, 2215, 593, 2277))
Widget(text: Groups, class: android.widget.LinearLayout, position: (720, 2109, 1080, 2277))
Widget(resource-id: com.simplemobiletools.contacts.pro:id/tab_item_holder, class: android.widget.LinearLayout, position: (858, 2141, 942, 2277))
Widget(resource-id: com.simplemobiletools.contacts.pro:id/tab_item_icon, class: android.widget.ImageView, position: (863, 2141, 937, 2215))
Widget(resource-id: com.simplemobiletools.contacts.pro:id/tab_item_label, text: Groups, class: android.widget.TextView, position: (858, 2215, 942, 2277))
Widget(content-desc: ATX notification: UIAutomator, class: android.widget.ImageView, position: (107, 1, 165, 74))
Widget(content-desc: Android System notification: , class: android.widget.ImageView, position: (165, 1, 223, 74))


        I would like to know which activity/fragment we are currently on.
        Please respond in the following JSON format:
        {
        "activity_or_fragment": "TestActivity",
        }
        or 
        {
        "activity_or_fragment": "TestFragment",
        }
        If can not determine the activity/fragment,just output{
        "activity_or_fragment": "Unknown"
        }
        Do not output anything else except json format result.
        
2025-01-16 23:51:52,649 - INFO - ------answer------
2025-01-16 23:51:52,650 - INFO - ```json
{
"activity_or_fragment": "Unknown"
}
```
2025-01-16 23:52:18,552 - INFO - ------query_instructions------
2025-01-16 23:52:18,552 - INFO - ```json
{
    "task": "Change theme color to light",
    "activities_sequence": [
        {
            "activity": "MainActivity",
            "steps": [
                "1. Open the app and navigate to the MainActivity.",
                "2. Click on the 'Settings' menu item in the toolbar."
            ]
        },
        {
            "activity": "SettingsActivity",
            "steps": [
                "3. In the SettingsActivity, scroll to the 'Color Customization' section.",
                "4. Click on the 'Customize Colors' option.",
                "5. Select the 'Light' theme from the available options.",
                "6. Confirm the selection to apply the light theme."
            ]
        }
    ],
    "explanation": "because the SettingsActivity contains the option to customize the theme color, including the light theme."
}
```
