2025-01-18 18:24:30,865 - INFO - This is a event:0
2025-01-18 18:24:31,003 - INFO - -----query_current_activity start query------
2025-01-18 18:24:31,005 - INFO - To achieve the task of searching for a contact named "Alice" and checking her information, you need to interact with the `MainActivity` of the app, as it is the primary activity where you can search for contacts and view their details. Here's a step-by-step guide on how to accomplish this:

### Step 1: Launch the App
- The app starts with `SplashActivity`, which is likely a loading screen. Wait for it to transition to `MainActivity`.

### Step 2: Access the Search Functionality
- In `MainActivity`, locate the search element. Based on the layout description, the search element is likely the `MySearchMenu` with the ID `@+id/main_menu`.
- Click on the search element to activate the search functionality.

### Step 3: Enter the Contact Name
- Once the search bar is active, type "Alice" into the search field. This will filter the contacts to show only those matching the name "Alice".

### Step 4: Select the Contact
- After the search results are displayed, locate the contact named "Alice" in the list. This list is likely displayed within a `RecyclerView` or a similar component.
- Click on the contact "Alice" to view her detailed information.

### Step 5: View Contact Information
- Upon selecting "Alice", the app should navigate to a detailed view of her contact information. This could be within the same `MainActivity` or a different activity, depending on the app's design.
- Review the displayed information, which may include her phone number, email, and other details.

### Summary of Actions:
1. **Launch the App**: Start from `SplashActivity` and wait for `MainActivity` to load.
2. **Access Search**: Click on the search element (`@+id/main_menu`) in `MainActivity`.
3. **Enter Name**: Type "Alice" in the search bar.
4. **Select Contact**: Click on "Alice" from the filtered list.
5. **View Info**: Review the detailed contact information displayed.

### Notes:
- If the app uses a different activity to display contact details, you may need to navigate to that activity after selecting the contact.
- Ensure that the contact "Alice" exists in your contact list for the search to yield results.

By following these steps, you should be able to search for the contact "Alice" and check her information within the app.

 Here is the information about the screen we are currently on.
Widget(resource-id: com.simplemobiletools.dialer:id/action_bar_root, class: android.widget.FrameLayout, position: (0, 74, 1080, 2277))
Widget(resource-id: com.simplemobiletools.dialer:id/main_coordinator, class: android.view.ViewGroup, position: (0, 74, 1080, 2277))
Widget(resource-id: com.simplemobiletools.dialer:id/main_menu, class: android.widget.LinearLayout, position: (0, 74, 1080, 242))
Widget(resource-id: com.simplemobiletools.dialer:id/top_app_bar_layout, class: android.widget.LinearLayout, position: (42, 74, 1038, 242))
Widget(resource-id: com.simplemobiletools.dialer:id/top_toolbar_holder, class: android.widget.RelativeLayout, position: (42, 95, 1038, 221))
Widget(resource-id: com.simplemobiletools.dialer:id/top_toolbar_search_icon, content-desc: Search, class: android.widget.ImageView, position: (42, 95, 147, 221))
Widget(resource-id: com.simplemobiletools.dialer:id/top_toolbar_search, text: Search, class: android.widget.EditText, position: (147, 95, 499, 221))
Widget(resource-id: com.simplemobiletools.dialer:id/top_toolbar, class: android.view.ViewGroup, position: (499, 95, 1027, 221))
Widget(resource-id: com.simplemobiletools.dialer:id/sort, content-desc: Sort by, class: android.widget.Button, position: (541, 95, 668, 221))
Widget(resource-id: com.simplemobiletools.dialer:id/filter, content-desc: Filter, class: android.widget.Button, position: (668, 95, 795, 221))
Widget(resource-id: com.simplemobiletools.dialer:id/create_new_contact, content-desc: Create new contact, class: android.widget.Button, position: (795, 95, 922, 221))
Widget(content-desc: More options, class: android.widget.ImageView, position: (922, 95, 1027, 221))
Widget(resource-id: com.simplemobiletools.dialer:id/main_holder, class: android.view.ViewGroup, position: (0, 242, 1080, 2277))
Widget(resource-id: com.simplemobiletools.dialer:id/view_pager, class: r4.i, position: (0, 242, 1080, 2109))
Widget(resource-id: com.simplemobiletools.dialer:id/contacts_fragment, class: android.widget.RelativeLayout, position: (0, 242, 1080, 2109))
Widget(resource-id: com.simplemobiletools.dialer:id/fragment_wrapper, class: android.widget.RelativeLayout, position: (0, 242, 1080, 2109))
Widget(resource-id: com.simplemobiletools.dialer:id/fragment_list, class: androidx.recyclerview.widget.RecyclerView, position: (0, 242, 1080, 2109))
Widget(resource-id: com.simplemobiletools.dialer:id/item_contact_frame, text: Alice, class: android.view.ViewGroup, position: (0, 242, 1080, 410))
Widget(resource-id: com.simplemobiletools.dialer:id/item_contact_image, class: android.widget.ImageView, position: (43, 263, 169, 389))
Widget(resource-id: com.simplemobiletools.dialer:id/item_contact_name, text: Alice, class: android.widget.TextView, position: (169, 298, 1048, 355))
Widget(resource-id: com.simplemobiletools.dialer:id/item_contact_frame, text: Bob, class: android.view.ViewGroup, position: (0, 415, 1080, 583))
Widget(resource-id: com.simplemobiletools.dialer:id/item_contact_image, class: android.widget.ImageView, position: (43, 436, 169, 562))
Widget(resource-id: com.simplemobiletools.dialer:id/item_contact_name, text: Bob, class: android.widget.TextView, position: (169, 471, 1048, 528))
Widget(resource-id: com.simplemobiletools.dialer:id/item_contact_frame, text: 12345678900, class: android.view.ViewGroup, position: (0, 588, 1080, 756))
Widget(resource-id: com.simplemobiletools.dialer:id/item_contact_image, class: android.widget.ImageView, position: (43, 609, 169, 735))
Widget(resource-id: com.simplemobiletools.dialer:id/item_contact_name, text: 12345678900, class: android.widget.TextView, position: (169, 644, 1048, 701))
Widget(resource-id: com.simplemobiletools.dialer:id/item_contact_frame, text: 12345678900123123456789001234567890045678900, class: android.view.ViewGroup, position: (0, 761, 1080, 929))
Widget(resource-id: com.simplemobiletools.dialer:id/item_contact_image, class: android.widget.ImageView, position: (43, 782, 169, 908))
Widget(resource-id: com.simplemobiletools.dialer:id/item_contact_name, text: 12345678900123123456789001234567890045678900, class: android.widget.TextView, position: (169, 817, 1048, 874))
Widget(resource-id: com.simplemobiletools.dialer:id/letter_fastscroller_thumb, class: android.view.ViewGroup, position: (807, 242, 954, 539))
Widget(resource-id: com.simplemobiletools.dialer:id/letter_fastscroller, text: A
B
1, class: android.widget.LinearLayout, position: (996, 242, 1080, 539))
Widget(text: A
B
1, class: android.widget.TextView, position: (996, 305, 1080, 476))
Widget(resource-id: com.simplemobiletools.dialer:id/main_dialpad_button, content-desc: Dialpad, class: android.widget.ImageButton, position: (880, 1920, 1027, 2067))
Widget(resource-id: com.simplemobiletools.dialer:id/main_tabs_holder, class: android.widget.HorizontalScrollView, position: (0, 2109, 1080, 2277))
Widget(resource-id: com.simplemobiletools.dialer:id/tab_item_holder, class: android.widget.LinearLayout, position: (127, 2141, 232, 2277))
Widget(resource-id: com.simplemobiletools.dialer:id/tab_item_icon, class: android.widget.ImageView, position: (142, 2141, 216, 2215))
Widget(resource-id: com.simplemobiletools.dialer:id/tab_item_label, text: Contacts, class: android.widget.TextView, position: (127, 2215, 232, 2277))
Widget(text: Favorites, class: android.widget.LinearLayout, position: (360, 2109, 720, 2277))
Widget(resource-id: com.simplemobiletools.dialer:id/tab_item_holder, class: android.widget.LinearLayout, position: (486, 2141, 593, 2277))
Widget(resource-id: com.simplemobiletools.dialer:id/tab_item_icon, class: android.widget.ImageView, position: (502, 2141, 576, 2215))
Widget(resource-id: com.simplemobiletools.dialer:id/tab_item_label, text: Favorites, class: android.widget.TextView, position: (486, 2215, 593, 2277))
Widget(text: Call History, class: android.widget.LinearLayout, position: (720, 2109, 1080, 2277))
Widget(resource-id: com.simplemobiletools.dialer:id/tab_item_holder, class: android.widget.LinearLayout, position: (834, 2141, 966, 2277))
Widget(resource-id: com.simplemobiletools.dialer:id/tab_item_icon, class: android.widget.ImageView, position: (863, 2141, 937, 2215))
Widget(resource-id: com.simplemobiletools.dialer:id/tab_item_label, text: Call History, class: android.widget.TextView, position: (834, 2215, 966, 2277))
Widget(content-desc: ATX notification: UIAutomator, class: android.widget.ImageView, position: (128, 1, 186, 74))
Widget(content-desc: Android System notification: , class: android.widget.ImageView, position: (186, 1, 244, 74))


        I would like to know which activity/fragment we are currently on.
        Please respond in the following JSON format:
        {
        "activity_or_fragment": "TestActivity",
        }
        or 
        {
        "activity_or_fragment": "TestFragment",
        }
        If can not determine the activity/fragment,just output{
        "activity_or_fragment": "Unknown"
        }
        Do not output anything else except json format result.
        
2025-01-18 18:24:32,344 - INFO - ------answer------
2025-01-18 18:24:32,344 - INFO - ```json
{
  "activity_or_fragment": "MainActivity"
}
```
2025-01-18 18:24:40,663 - INFO - ------query_instructions------
2025-01-18 18:24:40,663 - INFO - ```json
{
    "task": "search contact Alice and check her info",
    "activities_sequence": [
        {
            "activity": "SplashActivity",
            "steps": [
                "1. Wait for the app to initialize and transition to the MainActivity."
            ]
        },
        {
            "activity": "MainActivity",
            "steps": [
                "2. Navigate to the Contacts tab by selecting the appropriate tab in the bottom navigation.",
                "3. Use the search bar at the top of the screen to type 'Alice'.",
                "4. Select the contact 'Alice' from the search results."
            ]
        },
        {
            "activity": "ContactsFragment",
            "steps": [
                "5. View the contact details of 'Alice', including her name, phone number, and any other available information."
            ]
        }
    ],
    "explanation": "because the ContactsFragment within MainActivity allows users to search and view contact details."
}
```
