2024-12-31 16:15:13,662 - INFO - This is a event:0
2024-12-31 16:15:13,665 - INFO - -----query_current_activity start query------
2024-12-31 16:15:13,667 - INFO - To achieve the task of deleting the note titled "Diary" in the app, you need to interact with the `MainActivity` and its associated fragments, particularly the `NoteFragment` and `TextFragment`. Here¡¯s a step-by-step breakdown of how you can approach this task:

### 1. **Understand the Structure**
   - **MainActivity**: This is the main activity where the notes are displayed and managed.
   - **NotesPagerAdapter**: This adapter likely manages the different fragments (e.g., `NoteFragment`, `TextFragment`) that display the notes.
   - **NoteFragment**: This fragment probably represents a single note or a list of notes.
   - **TextFragment**: This fragment might be responsible for displaying the content of a note.

### 2. **Locate the Note**
   - The note titled "Diary" is likely stored in a data structure (e.g., a list or database) within the `MainActivity` or `NoteFragment`.
   - You need to find the code where the notes are loaded and displayed. This could be in the `onCreate` method of `MainActivity` or in the `onCreateView` method of `NoteFragment`.

### 3. **Identify the Deletion Mechanism**
   - Look for a method that handles the deletion of a note. This method might be triggered by a button click or a long-press event on a note.
   - The deletion method likely removes the note from the data structure and updates the UI accordingly.

### 4. **Implement the Deletion**
   - Once you¡¯ve identified the method responsible for deleting a note, you can modify it to specifically target the note titled "Diary".
   - You might need to iterate through the list of notes, find the one with the title "Diary", and then call the deletion method on that note.

### 5. **Update the UI**
   - After deleting the note, ensure that the UI is updated to reflect the change. This might involve notifying the adapter that the data set has changed.

### Example Code Snippet
Here¡¯s a hypothetical example of how you might implement the deletion:

```java
// Assuming you have a list of notes in MainActivity
List<Note> notes = loadNotes(); // Load notes from storage

// Iterate through the list to find the note titled "Diary"
for (Note note : notes) {
    if (note.getTitle().equals("Diary")) {
        notes.remove(note); // Remove the note from the list
        saveNotes(notes); // Save the updated list back to storage
        break;
    }
}

// Notify the adapter that the data set has changed
notesAdapter.notifyDataSetChanged();
```

### 6. **Testing**
   - After implementing the deletion, test the app to ensure that the note titled "Diary" is successfully deleted and that the UI updates correctly.

### 7. **Consider Edge Cases**
   - What happens if there are multiple notes titled "Diary"? Should all of them be deleted, or just the first one?
   - What if the note titled "Diary" doesn¡¯t exist? Ensure your code handles these cases gracefully.

### 8. **Review and Refactor**
   - Review your code to ensure it¡¯s efficient and follows best practices.
   - Consider refactoring if there are any redundant or overly complex parts.

By following these steps, you should be able to successfully delete the note titled "Diary" from the app.

 Here is the information about the screen we are currently on.
Widget(content-desc: More options, class: android.widget.ImageView, position: (975, 94, 1080, 220))
Widget(text: create a checklist named 'test' and sort the items by creating date, class: android.widget.TextView, position: (0, 245, 310, 320))
Widget(text: Diary, class: android.widget.TextView, position: (478, 245, 603, 320))
Widget(text: diaryevents, class: android.widget.TextView, position: (800, 245, 1080, 320))
Widget(content-desc: Security & privacy notification: Set a screen lock, class: android.widget.ImageView, position: (107, 1, 165, 74))
Widget(content-desc: ATX notification: UIAutomator, class: android.widget.ImageView, position: (165, 1, 223, 74))
Widget(content-desc: Settings notification: Virtual SD card, class: android.widget.ImageView, position: (223, 1, 281, 74))
Widget(content-desc: Android System notification: , class: android.widget.ImageView, position: (281, 1, 339, 74))


        I would like to know which activity/fragment we are currently on.
        Please respond in the following JSON format:
        {
        "activity_or_fragment": "TestActivity",
        }
        or 
        {
        "activity_or_fragment": "TestFragment",
        }
        If can not determine the activity/fragment,just output{
        "activity_or_fragment": "Unknown"
        }
        Do not output anything else except json format result.
        
2024-12-31 16:15:14,925 - INFO - ------answer------
2024-12-31 16:15:14,925 - INFO - ```json
{
"activity_or_fragment": "Unknown"
}
```
2024-12-31 16:15:21,497 - INFO - ------query_instructions------
2024-12-31 16:15:21,497 - INFO - ```json
{
    "task": "Delete the note 'Diary'",
    "activities_sequence": [
        {
            "activity": "com.simplemobiletools.notes.pro.activities.MainActivity",
            "steps": [
                "1. Open the app and navigate to the note titled 'Diary'.",
                "2. Tap on the note to open it.",
                "3. Tap on the menu or options button (usually represented by three dots or lines).",
                "4. Select the 'Delete' option from the menu.",
                "5. Confirm the deletion when prompted."
            ]
        }
    ],
    "explanation": "because the MainActivity contains the functionality to delete a note, including the methods 'deleteNote' and 'displayDeleteNotePrompt' which handle the deletion process."
}
```
