2025-01-16 20:56:14,558 - INFO - This is a event:0
2025-01-16 20:56:36,415 - INFO - -----query_current_activity start query------
2025-01-16 20:56:36,421 - INFO - To achieve the task of "Start recording automatically after launching the app," you need to identify the appropriate activity where the recording logic is implemented and modify it to start recording automatically when the app is launched.

### Analysis of Activities:
1. **`com.simplemobiletools.voicerecorder.activities.WidgetRecordDisplayConfigureActivity`**:
   - This activity is likely related to configuring widgets for recording. It may not be the best place to implement automatic recording on app launch.

2. **`com.simplemobiletools.voicerecorder.activities.BackgroundRecordActivity`**:
   - This activity is likely responsible for handling background recording. If the app supports background recording, this activity might be relevant, but it may not be the entry point for the app.

3. **`com.simplemobiletools.voicerecorder.activities.SplashActivity`**:
   - This is likely the first activity that is launched when the app starts. It is typically used to display a splash screen while the app initializes. This could be a good place to trigger automatic recording after the splash screen.

4. **`com.simplemobiletools.voicerecorder.activities.MainActivity`**:
   - This is likely the main activity where the user interacts with the app. If the app does not have a splash screen, this might be the entry point. You can modify this activity to start recording automatically when it is launched.

5. **`com.simplemobiletools.voicerecorder.activities.SettingsActivity`**:
   - This activity is likely for configuring app settings. It is not relevant to starting recording automatically.

6. **`com.simplemobiletools.commons.activities.AboutActivity`**:
   - This activity is from a third-party library and is likely for displaying information about the app. It is not relevant to your task.

7. **`com.simplemobiletools.commons.activities.CustomizationActivity`**:
   - This activity is from a third-party library and is likely for customizing the app's appearance or behavior. It is not relevant to your task.

### Recommended Approach:
- **If the app has a `SplashActivity`**:
  - Modify the `SplashActivity` to start recording automatically after the splash screen is displayed. You can add a delay if needed to ensure the splash screen is visible for a certain amount of time before starting the recording.

- **If the app does not have a `SplashActivity`**:
  - Modify the `MainActivity` to start recording automatically when it is launched.

### Implementation Steps:
1. **Identify the Recording Logic**:
   - Locate the method or service responsible for starting the recording. This could be a method like `startRecording()` or a service that handles audio recording.

2. **Modify the Entry Point Activity**:
   - If using `SplashActivity`, add the recording logic in the `onCreate()` or `onResume()` method after the splash screen delay.
   - If using `MainActivity`, add the recording logic in the `onCreate()` or `onResume()` method.

3. **Handle Permissions**:
   - Ensure that the app has the necessary permissions to record audio. You may need to request permissions at runtime if they are not already granted.

4. **Test the Changes**:
   - Build and run the app to ensure that recording starts automatically after launching the app.

### Example Code (SplashActivity):
```java
@Override
protected void onCreate(Bundle savedInstanceState) {
    super.onCreate(savedInstanceState);
    setContentView(R.layout.activity_splash);

    // Simulate a delay for the splash screen
    new Handler().postDelayed(new Runnable() {
        @Override
        public void run() {
            // Start recording automatically
            startRecording();

            // Proceed to MainActivity
            Intent intent = new Intent(SplashActivity.this, MainActivity.class);
            startActivity(intent);
            finish();
        }
    }, 2000); // 2 seconds delay
}

private void startRecording() {
    // Implement the logic to start recording
    // Example: AudioRecorder.startRecording();
}
```

### Example Code (MainActivity):
```java
@Override
protected void onCreate(Bundle savedInstanceState) {
    super.onCreate(savedInstanceState);
    setContentView(R.layout.activity_main);

    // Start recording automatically
    startRecording();
}

private void startRecording() {
    // Implement the logic to start recording
    // Example: AudioRecorder.startRecording();
}
```

### Conclusion:
By modifying the appropriate entry point activity (`SplashActivity` or `MainActivity`), you can achieve the goal of starting recording automatically after launching the app. Ensure that you handle permissions and test the changes thoroughly.

 Here is the information about the screen we are currently on.
Widget(content-desc: ATX notification: UIAutomator, class: android.widget.ImageView, position: (128, 1, 186, 74))
Widget(content-desc: Android System notification: , class: android.widget.ImageView, position: (186, 1, 244, 74))
Widget(resource-id: com.simplemobiletools.voicerecorder:id/action_bar_root, class: android.widget.FrameLayout, position: (0, 74, 1080, 2277))
Widget(resource-id: com.simplemobiletools.voicerecorder:id/main_coordinator, class: android.view.ViewGroup, position: (0, 74, 1080, 2277))
Widget(resource-id: com.simplemobiletools.voicerecorder:id/main_menu, class: android.widget.LinearLayout, position: (0, 74, 1080, 242))
Widget(resource-id: com.simplemobiletools.voicerecorder:id/top_app_bar_layout, class: android.widget.LinearLayout, position: (42, 74, 1038, 242))
Widget(resource-id: com.simplemobiletools.voicerecorder:id/top_toolbar_holder, class: android.widget.RelativeLayout, position: (42, 95, 1038, 221))
Widget(resource-id: com.simplemobiletools.voicerecorder:id/top_toolbar_search_icon, content-desc: Search, class: android.widget.ImageView, position: (42, 95, 147, 221))
Widget(resource-id: com.simplemobiletools.voicerecorder:id/top_toolbar_search, text: Search, class: android.widget.EditText, position: (147, 95, 731, 221))
Widget(resource-id: com.simplemobiletools.voicerecorder:id/top_toolbar, class: android.view.ViewGroup, position: (731, 95, 1027, 221))
Widget(resource-id: com.simplemobiletools.voicerecorder:id/settings, content-desc: Settings, class: android.widget.Button, position: (773, 95, 900, 221))
Widget(resource-id: com.simplemobiletools.voicerecorder:id/about, content-desc: About, class: android.widget.Button, position: (900, 95, 1027, 221))
Widget(resource-id: com.simplemobiletools.voicerecorder:id/main_holder, class: android.widget.RelativeLayout, position: (0, 242, 1080, 2277))
Widget(resource-id: com.simplemobiletools.voicerecorder:id/view_pager, class: f4.i, position: (0, 242, 1080, 2109))
Widget(resource-id: com.simplemobiletools.voicerecorder:id/trash_holder, class: android.view.ViewGroup, position: (0, 242, 1080, 2109))
Widget(resource-id: com.simplemobiletools.voicerecorder:id/trash_fastscroller, class: android.widget.RelativeLayout, position: (0, 242, 1080, 2109))
Widget(resource-id: com.simplemobiletools.voicerecorder:id/trash_list, class: androidx.recyclerview.widget.RecyclerView, position: (0, 242, 1080, 2109))
Widget(resource-id: com.simplemobiletools.voicerecorder:id/recording_frame, text: test1.mp3, class: android.widget.FrameLayout, position: (0, 242, 1080, 411))
Widget(resource-id: com.simplemobiletools.voicerecorder:id/item_holder, class: android.view.ViewGroup, position: (0, 242, 1080, 411))
Widget(resource-id: com.simplemobiletools.voicerecorder:id/recording_title, text: test1.mp3, class: android.widget.TextView, position: (42, 274, 840, 329))
Widget(resource-id: com.simplemobiletools.voicerecorder:id/recording_duration, text: 00:13, class: android.widget.TextView, position: (840, 276, 933, 327))
Widget(resource-id: com.simplemobiletools.voicerecorder:id/recording_date, text: 19.12.2024, 03:08 AM, class: android.widget.TextView, position: (42, 329, 788, 380))
Widget(resource-id: com.simplemobiletools.voicerecorder:id/recording_size, text: 157.3 kB, class: android.widget.TextView, position: (788, 329, 933, 380))
Widget(resource-id: com.simplemobiletools.voicerecorder:id/overflow_menu_icon, class: android.widget.ImageView, position: (933, 263, 1080, 390))
Widget(resource-id: com.simplemobiletools.voicerecorder:id/trackView, class: android.widget.LinearLayout, position: (1012, 242, 1080, 2109))
Widget(resource-id: com.simplemobiletools.voicerecorder:id/main_tabs_holder, class: android.widget.HorizontalScrollView, position: (0, 2109, 1080, 2277))
Widget(text: Recorder, class: android.widget.LinearLayout, position: (0, 2109, 360, 2277))
Widget(resource-id: com.simplemobiletools.voicerecorder:id/tab_item_holder, class: android.widget.LinearLayout, position: (127, 2141, 233, 2277))
Widget(resource-id: com.simplemobiletools.voicerecorder:id/tab_item_icon, class: android.widget.ImageView, position: (143, 2141, 217, 2215))
Widget(resource-id: com.simplemobiletools.voicerecorder:id/tab_item_label, text: Recorder, class: android.widget.TextView, position: (127, 2215, 233, 2277))
Widget(text: Player, class: android.widget.LinearLayout, position: (360, 2109, 720, 2277))
Widget(resource-id: com.simplemobiletools.voicerecorder:id/tab_item_holder, class: android.widget.LinearLayout, position: (503, 2141, 577, 2277))
Widget(resource-id: com.simplemobiletools.voicerecorder:id/tab_item_icon, class: android.widget.ImageView, position: (503, 2141, 577, 2215))
Widget(resource-id: com.simplemobiletools.voicerecorder:id/tab_item_label, text: Player, class: android.widget.TextView, position: (504, 2215, 575, 2277))
Widget(resource-id: com.simplemobiletools.voicerecorder:id/tab_item_holder, class: android.widget.LinearLayout, position: (834, 2141, 966, 2277))
Widget(resource-id: com.simplemobiletools.voicerecorder:id/tab_item_icon, class: android.widget.ImageView, position: (863, 2141, 937, 2215))
Widget(resource-id: com.simplemobiletools.voicerecorder:id/tab_item_label, text: Recycle Bin, class: android.widget.TextView, position: (834, 2215, 966, 2277))


        I would like to know which activity/fragment we are currently on.
        Please respond in the following JSON format:
        {
        "activity_or_fragment": "TestActivity",
        }
        or 
        {
        "activity_or_fragment": "TestFragment",
        }
        If can not determine the activity/fragment,just output{
        "activity_or_fragment": "Unknown"
        }
        Do not output anything else except json format result.
        
2025-01-16 20:56:37,598 - INFO - ------answer------
2025-01-16 20:56:37,600 - INFO - ```json
{
  "activity_or_fragment": "MainActivity"
}
```
2025-01-16 20:56:46,316 - INFO - ------query_instructions------
2025-01-16 20:56:46,316 - INFO - ```json
{
    "task": "Start recording automatically after launching the app",
    "activities_sequence": [
        {
            "activity": "com.simplemobiletools.voicerecorder.activities.SplashActivity",
            "steps": [
                "1. Launch the app, which starts with SplashActivity.",
                "2. The SplashActivity automatically transitions to MainActivity."
            ]
        },
        {
            "activity": "com.simplemobiletools.voicerecorder.activities.MainActivity",
            "steps": [
                "3. The MainActivity initializes the UI and checks for recording permissions.",
                "4. If permissions are granted, the app will start recording automatically if the 'Record After Launch' setting is enabled."
            ]
        },
        {
            "activity": "com.simplemobiletools.voicerecorder.activities.SettingsActivity",
            "steps": [
                "5. If the 'Record After Launch' setting is not enabled, navigate to SettingsActivity.",
                "6. In SettingsActivity, locate the 'Record After Launch' toggle switch.",
                "7. Enable the 'Record After Launch' toggle switch to start recording automatically after launching the app."
            ]
        }
    ],
    "explanation": "The task involves enabling the 'Record After Launch' setting in the SettingsActivity, which allows the app to start recording automatically when launched. The MainActivity handles the actual recording process if the setting is enabled."
}
```
