2025-01-16 20:54:11,103 - INFO - This is a event:0
2025-01-16 20:54:26,362 - INFO - -----query_current_activity start query------
2025-01-16 20:54:26,363 - INFO - To set the bitrate to 96 kbps in the app, you should focus on the **SettingsActivity** (`com.simplemobiletools.voicerecorder.activities.SettingsActivity`). This is the most likely activity where configuration options, such as bitrate settings, would be managed.

Here¡¯s how you can proceed:

### Steps to Achieve the Task:
1. **Locate the `SettingsActivity`**:
   - Open the `SettingsActivity` class in your Android project.
   - Look for UI elements (e.g., `Spinner`, `SeekBar`, or `EditText`) that allow the user to configure recording settings, including bitrate.

2. **Identify the Bitrate Setting**:
   - Search for keywords like `bitrate`, `kbps`, or `quality` in the `SettingsActivity` class.
   - Check if there is a method or variable that handles the bitrate configuration.

3. **Set the Bitrate to 96 kbps**:
   - If the bitrate is configurable via a UI element, ensure the default or selected value is set to 96 kbps.
   - If the bitrate is hardcoded, locate the relevant code and modify it to use 96 kbps.

4. **Save the Configuration**:
   - Ensure the bitrate setting is saved persistently (e.g., using `SharedPreferences` or a similar mechanism) so that the app retains the 96 kbps setting across sessions.

5. **Test the Changes**:
   - Run the app and navigate to the settings to verify that the bitrate is set to 96 kbps.
   - Perform a recording to ensure the bitrate is applied correctly.

### Example Code Snippet:
If the bitrate is set programmatically, you might find something like this in the `SettingsActivity`:

```java
// Example: Setting bitrate in SettingsActivity
SharedPreferences prefs = PreferenceManager.getDefaultSharedPreferences(this);
int bitrate = prefs.getInt("bitrate", 128000); // Default is 128 kbps

// Change the default or selected bitrate to 96 kbps
Editor editor = prefs.edit();
editor.putInt("bitrate", 96000); // 96 kbps
editor.apply();
```

If the bitrate is set in a recording-related class (e.g., `MainActivity` or `BackgroundRecordActivity`), you may need to modify the code there as well. For example:

```java
// Example: Setting bitrate in a recording class
MediaRecorder mediaRecorder = new MediaRecorder();
mediaRecorder.setAudioEncodingBitRate(96000); // Set bitrate to 96 kbps
```

### Additional Notes:
- If the bitrate setting is not exposed in the UI, you may need to add a new preference or UI element in `SettingsActivity` to allow users to configure it.
- If the app uses a third-party library for recording, check the library's documentation to see how bitrate can be configured.

Let me know if you need further assistance!

 Here is the information about the screen we are currently on.
Widget(content-desc: ATX notification: UIAutomator, class: android.widget.ImageView, position: (128, 1, 186, 74))
Widget(content-desc: Android System notification: , class: android.widget.ImageView, position: (186, 1, 244, 74))
Widget(content-desc: Voice Recorder notification: , class: android.widget.ImageView, position: (244, 1, 302, 74))
Widget(resource-id: com.simplemobiletools.voicerecorder:id/action_bar_root, class: android.widget.FrameLayout, position: (0, 74, 1080, 2277))
Widget(resource-id: com.simplemobiletools.voicerecorder:id/main_coordinator, class: android.view.ViewGroup, position: (0, 74, 1080, 2277))
Widget(resource-id: com.simplemobiletools.voicerecorder:id/main_menu, class: android.widget.LinearLayout, position: (0, 74, 1080, 242))
Widget(resource-id: com.simplemobiletools.voicerecorder:id/top_app_bar_layout, class: android.widget.LinearLayout, position: (42, 74, 1038, 242))
Widget(resource-id: com.simplemobiletools.voicerecorder:id/top_toolbar_holder, class: android.widget.RelativeLayout, position: (42, 95, 1038, 221))
Widget(resource-id: com.simplemobiletools.voicerecorder:id/top_toolbar_search_icon, content-desc: Search, class: android.widget.ImageView, position: (42, 95, 147, 221))
Widget(resource-id: com.simplemobiletools.voicerecorder:id/top_toolbar_search, text: Search, class: android.widget.EditText, position: (147, 95, 731, 221))
Widget(resource-id: com.simplemobiletools.voicerecorder:id/top_toolbar, class: android.view.ViewGroup, position: (731, 95, 1027, 221))
Widget(resource-id: com.simplemobiletools.voicerecorder:id/settings, content-desc: Settings, class: android.widget.Button, position: (773, 95, 900, 221))
Widget(resource-id: com.simplemobiletools.voicerecorder:id/about, content-desc: About, class: android.widget.Button, position: (900, 95, 1027, 221))
Widget(resource-id: com.simplemobiletools.voicerecorder:id/main_holder, class: android.widget.RelativeLayout, position: (0, 242, 1080, 2277))
Widget(resource-id: com.simplemobiletools.voicerecorder:id/view_pager, class: f4.i, position: (0, 242, 1080, 2109))
Widget(resource-id: com.simplemobiletools.voicerecorder:id/trash_holder, class: android.view.ViewGroup, position: (0, 242, 1080, 2109))
Widget(resource-id: com.simplemobiletools.voicerecorder:id/trash_fastscroller, class: android.widget.RelativeLayout, position: (0, 242, 1080, 2109))
Widget(resource-id: com.simplemobiletools.voicerecorder:id/trash_list, class: androidx.recyclerview.widget.RecyclerView, position: (0, 242, 1080, 2109))
Widget(resource-id: com.simplemobiletools.voicerecorder:id/recording_frame, text: test1.mp3, class: android.widget.FrameLayout, position: (0, 242, 1080, 411))
Widget(resource-id: com.simplemobiletools.voicerecorder:id/item_holder, class: android.view.ViewGroup, position: (0, 242, 1080, 411))
Widget(resource-id: com.simplemobiletools.voicerecorder:id/recording_title, text: test1.mp3, class: android.widget.TextView, position: (42, 274, 840, 329))
Widget(resource-id: com.simplemobiletools.voicerecorder:id/recording_duration, text: 00:13, class: android.widget.TextView, position: (840, 276, 933, 327))
Widget(resource-id: com.simplemobiletools.voicerecorder:id/recording_date, text: 19.12.2024, 03:08 AM, class: android.widget.TextView, position: (42, 329, 788, 380))
Widget(resource-id: com.simplemobiletools.voicerecorder:id/recording_size, text: 157.3 kB, class: android.widget.TextView, position: (788, 329, 933, 380))
Widget(resource-id: com.simplemobiletools.voicerecorder:id/overflow_menu_icon, class: android.widget.ImageView, position: (933, 263, 1080, 390))
Widget(resource-id: com.simplemobiletools.voicerecorder:id/trackView, class: android.widget.LinearLayout, position: (1012, 242, 1080, 2109))
Widget(resource-id: com.simplemobiletools.voicerecorder:id/main_tabs_holder, class: android.widget.HorizontalScrollView, position: (0, 2109, 1080, 2277))
Widget(text: Recorder, class: android.widget.LinearLayout, position: (0, 2109, 360, 2277))
Widget(resource-id: com.simplemobiletools.voicerecorder:id/tab_item_holder, class: android.widget.LinearLayout, position: (127, 2141, 233, 2277))
Widget(resource-id: com.simplemobiletools.voicerecorder:id/tab_item_icon, class: android.widget.ImageView, position: (143, 2141, 217, 2215))
Widget(resource-id: com.simplemobiletools.voicerecorder:id/tab_item_label, text: Recorder, class: android.widget.TextView, position: (127, 2215, 233, 2277))
Widget(text: Player, class: android.widget.LinearLayout, position: (360, 2109, 720, 2277))
Widget(resource-id: com.simplemobiletools.voicerecorder:id/tab_item_holder, class: android.widget.LinearLayout, position: (503, 2141, 577, 2277))
Widget(resource-id: com.simplemobiletools.voicerecorder:id/tab_item_icon, class: android.widget.ImageView, position: (503, 2141, 577, 2215))
Widget(resource-id: com.simplemobiletools.voicerecorder:id/tab_item_label, text: Player, class: android.widget.TextView, position: (504, 2215, 575, 2277))
Widget(resource-id: com.simplemobiletools.voicerecorder:id/tab_item_holder, class: android.widget.LinearLayout, position: (834, 2141, 966, 2277))
Widget(resource-id: com.simplemobiletools.voicerecorder:id/tab_item_icon, class: android.widget.ImageView, position: (863, 2141, 937, 2215))
Widget(resource-id: com.simplemobiletools.voicerecorder:id/tab_item_label, text: Recycle Bin, class: android.widget.TextView, position: (834, 2215, 966, 2277))


        I would like to know which activity/fragment we are currently on.
        Please respond in the following JSON format:
        {
        "activity_or_fragment": "TestActivity",
        }
        or 
        {
        "activity_or_fragment": "TestFragment",
        }
        If can not determine the activity/fragment,just output{
        "activity_or_fragment": "Unknown"
        }
        Do not output anything else except json format result.
        
2025-01-16 20:54:28,071 - INFO - ------answer------
2025-01-16 20:54:28,071 - INFO - ```json
{
  "activity_or_fragment": "Unknown"
}
```
2025-01-16 20:54:35,242 - INFO - ------query_instructions------
2025-01-16 20:54:35,242 - INFO - ```json
{
    "task": "set bitrate to 96 kbps",
    "activities_sequence": [
        {
            "activity": "com.simplemobiletools.voicerecorder.activities.MainActivity",
            "steps": [
                "1. Open the app and navigate to the MainActivity.",
                "2. Click on the settings menu item (R.id.settings) in the toolbar to launch the SettingsActivity."
            ]
        },
        {
            "activity": "com.simplemobiletools.voicerecorder.activities.SettingsActivity",
            "steps": [
                "3. In the SettingsActivity, locate the 'Bitrate' section.",
                "4. Click on the 'Bitrate' holder (R.id.settingsBitrateHolder) to open the bitrate selection dialog.",
                "5. In the dialog, select '96 kbps' as the new bitrate.",
                "6. Confirm the selection to update the bitrate setting."
            ]
        }
    ],
    "explanation": "because the SettingsActivity contains the bitrate configuration option, allowing the user to set the bitrate to 96 kbps."
}
```
