2025-01-16 22:19:40,732 - INFO - This is a event:0
2025-01-16 22:19:58,483 - INFO - -----query_current_activity start query------
2025-01-16 22:19:58,486 - INFO - To achieve the task of setting the sleep timer for five minutes in the given app, you need to interact with the `MainActivity` and specifically with the `sleep_timer_holder` element, which is part of the `R.layout.activity_main` layout. Here's how you can approach this:

### Step-by-Step Guide:

1. **Identify the Sleep Timer UI Element:**
   - The `sleep_timer_holder` is a `ConstraintLayout` with the ID `@+id/sleep_timer_holder`.
   - It contains a `TextView` with the ID `@+id/sleep_timer_value` that displays the current sleep timer value (e.g., "00:00").
   - There is also an `ImageView` with the ID `@+id/sleep_timer_stop` which likely stops the sleep timer.

2. **Interact with the Sleep Timer:**
   - To set the sleep timer for five minutes, you need to interact with the `sleep_timer_holder` or its child elements.
   - The `sleep_timer_value` likely updates when the timer is set, and the `sleep_timer_stop` button can be used to stop the timer.

3. **Code Implementation:**
   - Assuming you are writing an automated test or a script to interact with the UI, you can use the following steps:

   ```java
   // Assuming you are in the MainActivity
   ConstraintLayout sleepTimerHolder = findViewById(R.id.sleep_timer_holder);
   TextView sleepTimerValue = findViewById(R.id.sleep_timer_value);
   ImageView sleepTimerStop = findViewById(R.id.sleep_timer_stop);

   // Click on the sleep timer holder to open the sleep timer settings
   sleepTimerHolder.performClick();

   // Assuming there is a dialog or another UI element to set the timer
   // You would need to find the appropriate UI elements to set the timer to 5 minutes
   // For example, if there is a TimePicker or a similar component:
   TimePicker timePicker = findViewById(R.id.time_picker); // Replace with actual ID
   timePicker.setCurrentHour(0);
   timePicker.setCurrentMinute(5);

   // Confirm the selection (assuming there is a confirm button)
   Button confirmButton = findViewById(R.id.confirm_button); // Replace with actual ID
   confirmButton.performClick();

   // Verify that the sleep timer value is updated to "05:00"
   String timerValue = sleepTimerValue.getText().toString();
   if (timerValue.equals("05:00")) {
       System.out.println("Sleep timer set to 5 minutes successfully.");
   } else {
       System.out.println("Failed to set sleep timer to 5 minutes.");
   }
   ```

4. **Handling Edge Cases:**
   - If the sleep timer is already running, you might need to stop it first before setting a new timer.
   - Ensure that the UI elements are visible and interactable before performing actions on them.

5. **Testing:**
   - Run the code and verify that the sleep timer is set to 5 minutes.
   - Check the UI to ensure that the `sleep_timer_value` updates correctly and that the timer starts counting down.

### Notes:
- The actual implementation might vary depending on how the sleep timer functionality is implemented in the app.
- If there is no direct way to set the timer via UI elements, you might need to explore the app's settings or preferences to set the sleep timer programmatically.

### Conclusion:
By following the above steps, you should be able to set the sleep timer for five minutes in the app. The key is to interact with the `sleep_timer_holder` and its child elements to set and verify the timer value.

 Here is the information about the screen we are currently on.
Widget(resource-id: com.simplemobiletools.musicplayer:id/action_bar_root, class: android.widget.FrameLayout, position: (0, 74, 1080, 2277))
Widget(resource-id: com.simplemobiletools.musicplayer:id/main_coordinator, class: android.view.ViewGroup, position: (0, 74, 1080, 2277))
Widget(resource-id: com.simplemobiletools.musicplayer:id/main_menu, class: android.widget.LinearLayout, position: (0, 74, 1080, 242))
Widget(resource-id: com.simplemobiletools.musicplayer:id/top_app_bar_layout, class: android.widget.LinearLayout, position: (42, 74, 1038, 242))
Widget(resource-id: com.simplemobiletools.musicplayer:id/top_toolbar_holder, class: android.widget.RelativeLayout, position: (42, 95, 1038, 221))
Widget(resource-id: com.simplemobiletools.musicplayer:id/top_toolbar_search_icon, content-desc: Search, class: android.widget.ImageView, position: (42, 95, 147, 221))
Widget(resource-id: com.simplemobiletools.musicplayer:id/top_toolbar_search, text: Search, class: android.widget.EditText, position: (147, 95, 626, 221))
Widget(resource-id: com.simplemobiletools.musicplayer:id/top_toolbar, class: android.view.ViewGroup, position: (626, 95, 1027, 221))
Widget(resource-id: com.simplemobiletools.musicplayer:id/sort, content-desc: Sort by, class: android.widget.Button, position: (668, 95, 795, 221))
Widget(resource-id: com.simplemobiletools.musicplayer:id/equalizer, content-desc: Equalizer, class: android.widget.Button, position: (795, 95, 922, 221))
Widget(content-desc: More options, class: android.widget.ImageView, position: (922, 95, 1027, 221))
Widget(resource-id: com.simplemobiletools.musicplayer:id/main_nested_scrollview, class: android.widget.RelativeLayout, position: (0, 242, 1080, 2277))
Widget(resource-id: com.simplemobiletools.musicplayer:id/main_holder, class: android.view.ViewGroup, position: (0, 242, 1080, 2277))
Widget(resource-id: com.simplemobiletools.musicplayer:id/view_pager, class: t6.i, position: (0, 242, 1080, 1940))
Widget(resource-id: com.simplemobiletools.musicplayer:id/folders_fragment_holder, class: android.widget.RelativeLayout, position: (0, 242, 1080, 1940))
Widget(resource-id: com.simplemobiletools.musicplayer:id/folders_fastscroller, class: android.widget.RelativeLayout, position: (0, 242, 1080, 1940))
Widget(resource-id: com.simplemobiletools.musicplayer:id/folders_list, class: androidx.recyclerview.widget.RecyclerView, position: (0, 242, 1080, 1940))
Widget(resource-id: com.simplemobiletools.musicplayer:id/folder_frame, text: Recordings, class: android.view.ViewGroup, position: (0, 242, 1080, 440))
Widget(resource-id: com.simplemobiletools.musicplayer:id/folder_title, text: Recordings, class: android.widget.TextView, position: (21, 284, 1038, 347))
Widget(resource-id: com.simplemobiletools.musicplayer:id/folder_tracks, text: 5 Tracks, class: android.widget.TextView, position: (21, 347, 1038, 398))
Widget(resource-id: com.simplemobiletools.musicplayer:id/trackView, class: android.widget.LinearLayout, position: (1012, 242, 1080, 1940))
Widget(resource-id: com.simplemobiletools.musicplayer:id/current_track_bar, text: 2025_01_16_12_56_04, class: android.widget.RelativeLayout, position: (0, 1940, 1080, 2109))
Widget(resource-id: com.simplemobiletools.musicplayer:id/current_track_divider, class: android.widget.ImageView, position: (0, 1940, 1080, 1941))
Widget(resource-id: com.simplemobiletools.musicplayer:id/current_track_image, class: android.widget.ImageView, position: (32, 1972, 137, 2077))
Widget(resource-id: com.simplemobiletools.musicplayer:id/current_track_label, text: 2025_01_16_12_56_04, class: android.widget.TextView, position: (169, 1972, 953, 2077))
Widget(resource-id: com.simplemobiletools.musicplayer:id/current_track_play_pause, class: android.widget.ImageView, position: (953, 1972, 1048, 2077))
Widget(resource-id: com.simplemobiletools.musicplayer:id/main_tabs_holder, class: android.widget.HorizontalScrollView, position: (0, 2109, 1080, 2277))
Widget(text: Playlists, class: android.widget.LinearLayout, position: (0, 2109, 216, 2277))
Widget(resource-id: com.simplemobiletools.musicplayer:id/tab_item_holder, class: android.widget.LinearLayout, position: (60, 2141, 155, 2277))
Widget(resource-id: com.simplemobiletools.musicplayer:id/tab_item_icon, class: android.widget.ImageView, position: (70, 2141, 144, 2215))
Widget(resource-id: com.simplemobiletools.musicplayer:id/tab_item_label, text: Playlists, class: android.widget.TextView, position: (60, 2215, 155, 2277))
Widget(resource-id: com.simplemobiletools.musicplayer:id/tab_item_holder, class: android.widget.LinearLayout, position: (281, 2141, 367, 2277))
Widget(resource-id: com.simplemobiletools.musicplayer:id/tab_item_icon, class: android.widget.ImageView, position: (287, 2141, 361, 2215))
Widget(resource-id: com.simplemobiletools.musicplayer:id/tab_item_label, text: Folders, class: android.widget.TextView, position: (281, 2215, 367, 2277))
Widget(text: Artists, class: android.widget.LinearLayout, position: (432, 2109, 648, 2277))
Widget(resource-id: com.simplemobiletools.musicplayer:id/tab_item_holder, class: android.widget.LinearLayout, position: (501, 2141, 578, 2277))
Widget(resource-id: com.simplemobiletools.musicplayer:id/tab_item_icon, class: android.widget.ImageView, position: (502, 2141, 576, 2215))
Widget(resource-id: com.simplemobiletools.musicplayer:id/tab_item_label, text: Artists, class: android.widget.TextView, position: (501, 2215, 578, 2277))
Widget(text: Albums, class: android.widget.LinearLayout, position: (648, 2109, 864, 2277))
Widget(resource-id: com.simplemobiletools.musicplayer:id/tab_item_holder, class: android.widget.LinearLayout, position: (712, 2141, 800, 2277))
Widget(resource-id: com.simplemobiletools.musicplayer:id/tab_item_icon, class: android.widget.ImageView, position: (719, 2141, 793, 2215))
Widget(resource-id: com.simplemobiletools.musicplayer:id/tab_item_label, text: Albums, class: android.widget.TextView, position: (712, 2215, 800, 2277))
Widget(text: Tracks, class: android.widget.LinearLayout, position: (864, 2109, 1080, 2277))
Widget(resource-id: com.simplemobiletools.musicplayer:id/tab_item_holder, class: android.widget.LinearLayout, position: (933, 2141, 1011, 2277))
Widget(resource-id: com.simplemobiletools.musicplayer:id/tab_item_icon, class: android.widget.ImageView, position: (935, 2141, 1009, 2215))
Widget(resource-id: com.simplemobiletools.musicplayer:id/tab_item_label, text: Tracks, class: android.widget.TextView, position: (933, 2215, 1011, 2277))
Widget(content-desc: ATX notification: UIAutomator, class: android.widget.ImageView, position: (107, 1, 165, 74))
Widget(content-desc: Android System notification: , class: android.widget.ImageView, position: (165, 1, 223, 74))


        I would like to know which activity/fragment we are currently on.
        Please respond in the following JSON format:
        {
        "activity_or_fragment": "TestActivity",
        }
        or 
        {
        "activity_or_fragment": "TestFragment",
        }
        If can not determine the activity/fragment,just output{
        "activity_or_fragment": "Unknown"
        }
        Do not output anything else except json format result.
        
2025-01-16 22:20:00,302 - INFO - ------answer------
2025-01-16 22:20:00,303 - INFO - ```json
{
"activity_or_fragment": "MainActivity"
}
```
2025-01-16 22:20:12,549 - INFO - ------query_instructions------
2025-01-16 22:20:12,550 - INFO - ```json
{
    "task": "set the sleep timer for five minutes",
    "activities_sequence": [
        {
            "activity": "SplashActivity",
            "steps": [
                "1. The app starts and transitions from SplashActivity to MainActivity."
            ]
        },
        {
            "activity": "MainActivity",
            "steps": [
                "2. Open the options menu by clicking the menu icon in the toolbar.",
                "3. Select the 'Sleep Timer' option from the menu.",
                "4. In the sleep timer dialog, select the '5 minutes' option or enter a custom duration of 5 minutes.",
                "5. Confirm the selection to start the sleep timer."
            ]
        }
    ],
    "explanation": "because the MainActivity contains the sleep timer functionality, which allows the user to set a timer for 5 minutes."
}
```
