2025-01-16 15:04:52,675 - INFO - This is a event:0
2025-01-16 15:05:11,772 - INFO - -----query_current_activity start query------
2025-01-16 15:05:11,774 - INFO - To achieve the task of **"turn off always use same snooze time"**, you need to interact with the `SettingsActivity` in the app. Based on the provided layout information, the relevant UI elements are located in the `SettingsActivity` layout (`R.layout.activity_settings`).

### Steps to Turn Off "Always Use Same Snooze Time":

1. **Navigate to the `SettingsActivity`:**
   - The `SettingsActivity` is where the app's settings are managed. You can access it from the `MainActivity` or other parts of the app, depending on the app's navigation flow.

2. **Locate the "Use Same Snooze Time" Checkbox:**
   - In the `SettingsActivity` layout, there is a `RelativeLayout` with the ID `settings_use_same_snooze_holder`.
   - Inside this `RelativeLayout`, there is a `MyAppCompatCheckbox` with the ID `settings_use_same_snooze`. This checkbox controls the "Always Use Same Snooze Time" setting.

3. **Uncheck the "Use Same Snooze Time" Checkbox:**
   - To turn off the "Always Use Same Snooze Time" feature, you need to uncheck the `settings_use_same_snooze` checkbox.
   - This can be done programmatically or manually in the UI.

### Code Example (Programmatically):

If you want to programmatically uncheck the "Use Same Snooze Time" checkbox, you can use the following code snippet:

```java
// Assuming you are in the SettingsActivity
MyAppCompatCheckbox useSameSnoozeCheckbox = findViewById(R.id.settings_use_same_snooze);

// Uncheck the checkbox
useSameSnoozeCheckbox.setChecked(false);

// Optionally, save the setting if the app requires it
saveSetting("use_same_snooze", false);
```

### Manual Steps (UI Interaction):

1. Open the app and navigate to the **Settings** section (usually accessible from the main screen or a menu).
2. Scroll down to the **Alarm Tab** section.
3. Look for the **Use Same Snooze Time** option.
4. Tap the checkbox next to **Use Same Snooze Time** to uncheck it.

### Layout Details:

- **Checkbox ID:** `settings_use_same_snooze`
- **Parent Layout ID:** `settings_use_same_snooze_holder`
- **Text Label:** The checkbox has the text `@string/use_same_snooze`, which corresponds to the label "Use Same Snooze Time".

### Additional Notes:

- If the app requires saving the setting, ensure that the change is persisted (e.g., by calling a `saveSetting` method or similar).
- The `SettingsActivity` also contains other related settings, such as **Snooze Time** (`settings_snooze_time`), which you might want to adjust if needed.

By following these steps, you should be able to successfully turn off the "Always Use Same Snooze Time" feature in the app.

 Here is the information about the screen we are currently on.
Widget(content-desc: ATX notification: UIAutomator, class: android.widget.ImageView, position: (107, 1, 165, 74))
Widget(content-desc: Android System notification: , class: android.widget.ImageView, position: (165, 1, 223, 74))
Widget(resource-id: com.simplemobiletools.clock:id/action_bar_root, class: android.widget.FrameLayout, position: (0, 74, 1080, 2277))
Widget(resource-id: com.simplemobiletools.clock:id/main_coordinator, class: android.view.ViewGroup, position: (0, 74, 1080, 2277))
Widget(resource-id: com.simplemobiletools.clock:id/main_toolbar, class: android.view.ViewGroup, position: (0, 74, 1080, 242))
Widget(resource-id: com.simplemobiletools.clock:id/settings, content-desc: Settings, class: android.widget.Button, position: (826, 94, 953, 220))
Widget(resource-id: com.simplemobiletools.clock:id/about, content-desc: About, class: android.widget.Button, position: (953, 94, 1080, 220))
Widget(resource-id: com.simplemobiletools.clock:id/main_holder, class: android.widget.RelativeLayout, position: (0, 242, 1080, 2277))
Widget(resource-id: com.simplemobiletools.clock:id/view_pager, class: t4.i, position: (0, 242, 1080, 2109))
Widget(resource-id: com.simplemobiletools.clock:id/timer_fragment, class: android.view.ViewGroup, position: (0, 242, 1080, 2109))
Widget(resource-id: com.simplemobiletools.clock:id/timers_list, class: androidx.recyclerview.widget.RecyclerView, position: (0, 242, 1080, 2109))
Widget(resource-id: com.simplemobiletools.clock:id/timer_frame, text: 00:00, class: android.widget.FrameLayout, position: (0, 242, 1080, 540))
Widget(resource-id: com.simplemobiletools.clock:id/timer_time, text: 00:00, class: android.widget.TextView, position: (42, 263, 728, 449))
Widget(resource-id: com.simplemobiletools.clock:id/timer_reset, class: android.widget.ImageView, position: (749, 315, 880, 446))
Widget(resource-id: com.simplemobiletools.clock:id/timer_label, class: android.widget.TextView, position: (42, 449, 728, 498))
Widget(resource-id: com.simplemobiletools.clock:id/timer_play_pause, class: android.widget.ImageView, position: (922, 307, 1069, 454))
Widget(resource-id: com.simplemobiletools.clock:id/timer_frame, text: 05:00, class: android.widget.FrameLayout, position: (0, 540, 1080, 838))
Widget(resource-id: com.simplemobiletools.clock:id/timer_time, text: 05:00, class: android.widget.TextView, position: (42, 561, 728, 747))
Widget(resource-id: com.simplemobiletools.clock:id/timer_label, class: android.widget.TextView, position: (42, 747, 728, 796))
Widget(resource-id: com.simplemobiletools.clock:id/timer_play_pause, class: android.widget.ImageView, position: (922, 605, 1069, 752))
Widget(resource-id: com.simplemobiletools.clock:id/timer_frame, text: 05:00, class: android.widget.FrameLayout, position: (0, 838, 1080, 1136))
Widget(resource-id: com.simplemobiletools.clock:id/timer_time, text: 05:00, class: android.widget.TextView, position: (42, 859, 728, 1045))
Widget(resource-id: com.simplemobiletools.clock:id/timer_label, class: android.widget.TextView, position: (42, 1045, 728, 1094))
Widget(resource-id: com.simplemobiletools.clock:id/timer_play_pause, class: android.widget.ImageView, position: (922, 903, 1069, 1050))
Widget(resource-id: com.simplemobiletools.clock:id/timer_add, content-desc: New Timer, class: android.widget.ImageButton, position: (891, 1920, 1038, 2067))
Widget(resource-id: com.simplemobiletools.clock:id/main_tabs_holder, class: android.widget.HorizontalScrollView, position: (0, 2109, 1080, 2277))
Widget(text: Clock, class: android.widget.LinearLayout, position: (0, 2109, 270, 2277))
Widget(resource-id: com.simplemobiletools.clock:id/tab_item_holder, class: android.widget.LinearLayout, position: (98, 2141, 172, 2277))
Widget(resource-id: com.simplemobiletools.clock:id/tab_item_icon, class: android.widget.ImageView, position: (98, 2141, 172, 2215))
Widget(resource-id: com.simplemobiletools.clock:id/tab_item_label, text: Clock, class: android.widget.TextView, position: (102, 2215, 167, 2277))
Widget(text: Alarm, class: android.widget.LinearLayout, position: (270, 2109, 540, 2277))
Widget(resource-id: com.simplemobiletools.clock:id/tab_item_holder, class: android.widget.LinearLayout, position: (368, 2141, 442, 2277))
Widget(resource-id: com.simplemobiletools.clock:id/tab_item_icon, class: android.widget.ImageView, position: (368, 2141, 442, 2215))
Widget(resource-id: com.simplemobiletools.clock:id/tab_item_label, text: Alarm, class: android.widget.TextView, position: (370, 2215, 439, 2277))
Widget(text: Stopwatch, class: android.widget.LinearLayout, position: (540, 2109, 810, 2277))
Widget(resource-id: com.simplemobiletools.clock:id/tab_item_holder, class: android.widget.LinearLayout, position: (612, 2141, 737, 2277))
Widget(resource-id: com.simplemobiletools.clock:id/tab_item_icon, class: android.widget.ImageView, position: (637, 2141, 711, 2215))
Widget(resource-id: com.simplemobiletools.clock:id/tab_item_label, text: Stopwatch, class: android.widget.TextView, position: (612, 2215, 737, 2277))
Widget(resource-id: com.simplemobiletools.clock:id/tab_item_holder, class: android.widget.LinearLayout, position: (908, 2141, 982, 2277))
Widget(resource-id: com.simplemobiletools.clock:id/tab_item_icon, class: android.widget.ImageView, position: (908, 2141, 982, 2215))
Widget(resource-id: com.simplemobiletools.clock:id/tab_item_label, text: Timer, class: android.widget.TextView, position: (911, 2215, 979, 2277))


        I would like to know which activity/fragment we are currently on.
        Please respond in the following JSON format:
        {
        "activity_or_fragment": "TestActivity",
        }
        or 
        {
        "activity_or_fragment": "TestFragment",
        }
        If can not determine the activity/fragment,just output{
        "activity_or_fragment": "Unknown"
        }
        Do not output anything else except json format result.
        
2025-01-16 15:05:13,609 - INFO - ------answer------
2025-01-16 15:05:13,610 - INFO - ```json
{
"activity_or_fragment": "Unknown"
}
```
2025-01-16 15:05:22,905 - INFO - ------query_instructions------
2025-01-16 15:05:22,905 - INFO - ```json
{
    "task": "turn off always use same snooze time",
    "activities_sequence": [
        {
            "activity": "MainActivity",
            "steps": [
                "1. Open the app and navigate to the MainActivity.",
                "2. Click on the 'Settings' menu item in the toolbar."
            ]
        },
        {
            "activity": "SettingsActivity",
            "steps": [
                "3. In the SettingsActivity, locate the 'Alarm Tab' section.",
                "4. Find the 'Use Same Snooze' checkbox and click on its holder to toggle it off.",
                "5. The 'Snooze Time Holder' will become visible if 'Use Same Snooze' is turned off."
            ]
        }
    ],
    "explanation": "because the 'Use Same Snooze' setting is located in the SettingsActivity under the Alarm Tab section, and it can be toggled off by clicking on its holder."
}
```
