2025-01-18 21:31:31,978 - INFO - This is a event:0
2025-01-18 21:31:32,133 - INFO - -----query_current_activity start query------
2025-01-18 21:31:34,555 - INFO - ------answer------
2025-01-18 21:31:34,555 - INFO - ```json
{
"activity_or_fragment": "TracksActivity"
}
```
2025-01-18 21:31:44,203 - INFO - ------query_instructions------
2025-01-18 21:31:44,204 - INFO - ```json
{
    "task": "play the song '2025_01_16_12_56_04' in the tracks",
    "activities_sequence": [
        {
            "activity": "com.simplemobiletools.musicplayer.activities.SplashActivity",
            "steps": [
                "1. The app starts with SplashActivity, which initializes and transitions to MainActivity."
            ]
        },
        {
            "activity": "com.simplemobiletools.musicplayer.activities.MainActivity",
            "steps": [
                "2. In MainActivity, navigate to the 'Tracks' section using the ViewPager or TabLayout.",
                "3. Search for the song '2025_01_16_12_56_04' using the search functionality in the Tracks section."
            ]
        },
        {
            "activity": "com.simplemobiletools.musicplayer.activities.TracksActivity",
            "steps": [
                "4. Once the song '2025_01_16_12_56_04' is found in the TracksActivity, click on the song to start playback.",
                "5. The song will begin playing, and the current track bar will display the song's details."
            ]
        }
    ],
    "explanation": "because the TracksActivity is responsible for displaying and playing tracks, and the MainActivity provides navigation to the Tracks section."
}
```
