2025-01-18 10:59:36,758 - INFO - This is a event:0
2025-01-18 10:59:51,232 - INFO - -----query_current_activity start query------
2025-01-18 10:59:51,233 - INFO - To achieve the task of "opening the last picture I took" in the given app, you need to interact with the `MainActivity` of the app, specifically with the `last_photo_video_preview` element. This element is an `ImageView` with the ID `@+id/last_photo_video_preview`, and its `contentDescription` is set to `@string/view_last_media`, which suggests that it is used to view the last captured media (photo or video).

### Steps to Open the Last Picture:

1. **Launch the App**: Start by launching the app, which will likely open the `SplashActivity` and then transition to the `MainActivity`.

2. **Locate the `last_photo_video_preview` Element**: In the `MainActivity`, locate the `ImageView` with the ID `@+id/last_photo_video_preview`. This element is positioned at the bottom of the screen, next to the shutter button.

3. **Perform a Click Action**: Simulate a click action on the `last_photo_video_preview` element. This action should trigger the app to open the last picture or video that was taken.

### Example Code (Assuming UI Automation):

If you are writing a UI automation script (e.g., using Espresso or UI Automator), the code might look something like this:

```java
// Assuming you are using Espresso for UI testing
onView(withId(R.id.last_photo_video_preview)).perform(click());
```

### Explanation:

- **`onView(withId(R.id.last_photo_video_preview))`**: This locates the `ImageView` with the ID `last_photo_video_preview`.
- **`.perform(click())`**: This simulates a click action on the located view.

### Expected Outcome:

After performing the click action, the app should open the last picture or video that was taken, allowing the user to view it.

### Additional Considerations:

- **Permissions**: Ensure that the app has the necessary permissions to access the gallery or media storage.
- **Edge Cases**: Handle cases where no picture has been taken yet. The app might show a placeholder or a message indicating that no media is available.
- **Error Handling**: Implement error handling in case the click action does not produce the expected result (e.g., due to a bug or unexpected state).

By following these steps, you should be able to successfully open the last picture taken using the app.

 Here is the information about the screen we are currently on.
Widget(resource-id: com.simplemobiletools.camera:id/action_bar_root, class: android.widget.FrameLayout, position: (0, 0, 1080, 2277))
Widget(resource-id: com.simplemobiletools.camera:id/view_holder, class: android.view.ViewGroup, position: (0, 0, 1080, 2277))
Widget(resource-id: com.simplemobiletools.camera:id/preview_view, class: android.widget.FrameLayout, position: (0, 0, 1080, 2277))
Widget(resource-id: com.simplemobiletools.camera:id/top_options, class: android.widget.FrameLayout, position: (0, 0, 1080, 147))
Widget(resource-id: com.simplemobiletools.camera:id/layout_top, class: android.widget.LinearLayout, position: (0, 0, 1080, 147))
Widget(resource-id: com.simplemobiletools.camera:id/toggle_timer, content-desc: Toggle the timer mode, class: android.widget.Button, position: (0, 0, 270, 147))
Widget(resource-id: com.simplemobiletools.camera:id/toggle_flash, content-desc: Toggle the flashlight mode, class: android.widget.Button, position: (270, 0, 540, 147))
Widget(resource-id: com.simplemobiletools.camera:id/change_resolution, content-desc: Resolution, class: android.widget.Button, position: (540, 0, 810, 147))
Widget(resource-id: com.simplemobiletools.camera:id/settings, content-desc: Settings, class: android.widget.Button, position: (810, 0, 1080, 147))
Widget(resource-id: com.simplemobiletools.camera:id/bottom_overlay, class: android.view.View, position: (0, 1825, 1080, 2277))
Widget(resource-id: com.simplemobiletools.camera:id/camera_mode_holder, class: android.widget.RelativeLayout, position: (0, 1825, 1080, 2035))
Widget(resource-id: com.simplemobiletools.camera:id/camera_mode_tab, class: android.widget.HorizontalScrollView, position: (0, 1846, 1080, 1972))
Widget(content-desc: Video, text: Video, class: android.widget.LinearLayout, position: (351, 1846, 540, 1972))
Widget(text: Video, class: android.widget.TextView, position: (397, 1883, 494, 1934))
Widget(content-desc: Photo, class: android.widget.LinearLayout, position: (540, 1846, 729, 1972))
Widget(text: Photo, class: android.widget.TextView, position: (584, 1883, 684, 1934))
Widget(resource-id: com.simplemobiletools.camera:id/toggle_camera, content-desc: Toggle front/back camera, class: android.widget.ImageView, position: (150, 2056, 297, 2203))
Widget(resource-id: com.simplemobiletools.camera:id/shutter, content-desc: Shutter, class: android.widget.ImageView, position: (446, 2035, 635, 2224))
Widget(resource-id: com.simplemobiletools.camera:id/last_photo_video_preview, content-desc: View last captured media, class: android.widget.ImageView, position: (784, 2056, 931, 2203))


        I would like to know which activity/fragment we are currently on.
        Please respond in the following JSON format:
        {
        "activity_or_fragment": "TestActivity",
        }
        or 
        {
        "activity_or_fragment": "TestFragment",
        }
        If can not determine the activity/fragment,just output{
        "activity_or_fragment": "Unknown"
        }
        Do not output anything else except json format result.
        
2025-01-18 10:59:52,594 - INFO - ------answer------
2025-01-18 10:59:52,594 - INFO - ```json
{
"activity_or_fragment": "MainActivity"
}
```
2025-01-18 11:00:01,557 - INFO - ------query_instructions------
2025-01-18 11:00:01,559 - INFO - ```json
{
    "task": "open the last picture I took",
    "activities_sequence": [
        {
            "activity": "com.simplemobiletools.camera.activities.MainActivity",
            "steps": [
                "1. Open the camera app.",
                "2. Locate the 'last photo/video preview' button (ImageView with id: last_photo_video_preview).",
                "3. Tap on the 'last photo/video preview' button to open the last picture taken."
            ]
        }
    ],
    "explanation": "because the MainActivity contains the 'last photo/video preview' button, which allows the user to view the last picture taken."
}
```
