2024-12-31 15:08:21,191 - INFO - This is a event:0
2024-12-31 15:08:21,194 - INFO - -----query_current_activity start query------
2024-12-31 15:08:21,196 - INFO - To adjust the font size of the Notes app to 125%, you need to modify the relevant XML layout files and possibly the associated Java/Kotlin code. Based on the provided information, the most relevant activities and fragments are:

1. **MainActivity** and its associated fragments:
   - `NotesPagerAdapter`
   - `NoteFragment`
   - `TextFragment`

2. **SettingsActivity** (`activity_settings.xml`)

### Steps to Adjust Font Size to 125%

#### 1. **Identify the TextView or EditText Elements**
   - Open the layout files associated with the fragments (`NoteFragment`, `TextFragment`) and the `MainActivity` (`activity_main.xml`).
   - Look for `TextView` or `EditText` elements where the notes' text is displayed or edited.

#### 2. **Modify the Font Size in XML**
   - Locate the `android:textSize` attribute in the `TextView` or `EditText` elements.
   - Increase the font size by 25%. For example, if the current font size is `16sp`, change it to `20sp` (16 * 1.25 = 20).

   Example:
   ```xml
   <TextView
       android:id="@+id/note_text"
       android:layout_width="match_parent"
       android:layout_height="wrap_content"
       android:textSize="20sp" />
   ```

#### 3. **Modify the Font Size Programmatically (if needed)**
   - If the font size is set programmatically in the Java/Kotlin code, you need to adjust it there as well.
   - Locate the code where the font size is set (e.g., `setTextSize()` method) and multiply the size by 1.25.

   Example in Java:
   ```java
   TextView noteText = findViewById(R.id.note_text);
   noteText.setTextSize(20); // Assuming the original size was 16
   ```

   Example in Kotlin:
   ```kotlin
   val noteText: TextView = findViewById(R.id.note_text)
   noteText.textSize = 20f // Assuming the original size was 16
   ```

#### 4. **Adjust Font Size in SettingsActivity**
   - If there is a setting in `SettingsActivity` to adjust the font size, you may need to modify the `activity_settings.xml` layout file and the associated code.
   - Look for a `SeekBar`, `Spinner`, or similar UI element that controls the font size.
   - Adjust the range or default value to allow for a 125% increase.

   Example in XML:
   ```xml
   <SeekBar
       android:id="@+id/font_size_seekbar"
       android:layout_width="match_parent"
       android:layout_height="wrap_content"
       android:max="30" /> <!-- Adjust max value as needed -->
   ```

   Example in Java/Kotlin:
   ```java
   SeekBar fontSizeSeekBar = findViewById(R.id.font_size_seekbar);
   fontSizeSeekBar.setProgress(20); // Set default progress to 20 (125% of 16)
   ```

#### 5. **Test the Changes**
   - Build and run the app to ensure the font size has been increased to 125%.
   - Check all relevant screens (e.g., note display, note editing, settings) to confirm the changes are applied consistently.

#### 6. **Consider User Preferences**
   - If the app allows users to customize the font size, ensure that the 125% adjustment is applied as a default or as an option in the settings.

### Summary
To adjust the font size to 125%, you need to modify the `android:textSize` attribute in the relevant XML layout files and, if necessary, adjust the font size programmatically in the associated Java/Kotlin code. Additionally, if there is a font size setting in `SettingsActivity`, you should update it to reflect the new default size.

 Here is the information about the screen we are currently on.
Widget(content-desc: More options, class: android.widget.ImageView, position: (975, 94, 1080, 220))
Widget(text: General note, class: android.widget.TextView, position: (0, 245, 197, 320))
Widget(text: NewCheckList, class: android.widget.TextView, position: (365, 245, 715, 320))
Widget(text: NewTextNote, class: android.widget.TextView, position: (883, 245, 1080, 320))
Widget(content-desc: Security & privacy notification: Set a screen lock, class: android.widget.ImageView, position: (107, 1, 165, 74))
Widget(content-desc: ATX notification: UIAutomator, class: android.widget.ImageView, position: (165, 1, 223, 74))
Widget(content-desc: Settings notification: Virtual SD card, class: android.widget.ImageView, position: (223, 1, 281, 74))
Widget(content-desc: Android System notification: , class: android.widget.ImageView, position: (281, 1, 339, 74))


        I would like to know which activity/fragment we are currently on.
        Please respond in the following JSON format:
        {
        "activity_or_fragment": "TestActivity",
        }
        or 
        {
        "activity_or_fragment": "TestFragment",
        }
        If can not determine the activity/fragment,just output{
        "activity_or_fragment": "Unknown"
        }
        Do not output anything else except json format result.
        
2024-12-31 15:08:22,453 - INFO - ------answer------
2024-12-31 15:08:22,453 - INFO - ```json
{
"activity_or_fragment": "Unknown"
}
```
2024-12-31 15:08:29,091 - INFO - ------query_instructions------
2024-12-31 15:08:29,092 - INFO - ```json
{
    "task": "Adjust the fontsize of the Notes app to 125%",
    "activities_sequence": [
        {
            "activity": "MainActivity",
            "steps": [
                "1. Open the Notes app."
            ]
        },
        {
            "activity": "SettingsActivity",
            "steps": [
                "2. Navigate to the Settings menu.",
                "3. Locate and select the 'Font Size' option.",
                "4. Choose '125%' from the list of font size options."
            ]
        }
    ],
    "explanation": "because the SettingsActivity contains the font size adjustment functionality."
}
```
