2025-01-17 11:34:47,942 - INFO - This is a event:0
2025-01-17 11:35:02,636 - INFO - -----query_current_activity start query------
2025-01-17 11:35:02,637 - INFO - To achieve the task of calling 911, you need to interact with the dialer functionality of the app. Based on the provided activities and layouts, the most relevant activity for this task is `com.simplemobiletools.dialer.activities.DialpadActivity`. This activity contains the dialpad interface where you can input numbers and initiate calls.

### Steps to Call 911:

1. **Launch the DialpadActivity**:
   - The `DialpadActivity` is the main activity where the dialpad is displayed. You need to ensure that this activity is launched.

2. **Input the Number 911**:
   - The dialpad layout (`@layout/dialpad`) contains buttons for numbers 0-9, as well as special characters like `*` and `#`. You need to simulate the input of the number `911` by interacting with the corresponding buttons:
     - `dialpad_9` for `9`
     - `dialpad_1` for `1`
     - `dialpad_1` again for `1`

3. **Initiate the Call**:
   - After inputting the number, you need to interact with the call button to initiate the call. The call button is identified by `dialpad_call_button` in the `DialpadActivity` layout.

### Example Code (Pseudocode):

```java
// Launch the DialpadActivity
Intent intent = new Intent(context, DialpadActivity.class);
startActivity(intent);

// Simulate clicking the dialpad buttons to input '911'
clickButton(R.id.dialpad_9);  // Click '9'
clickButton(R.id.dialpad_1);  // Click '1'
clickButton(R.id.dialpad_1);  // Click '1' again

// Click the call button to initiate the call
clickButton(R.id.dialpad_call_button);
```

### Explanation:

- **clickButton(int id)**: This is a pseudocode function that simulates a click on a button with the given resource ID.
- **R.id.dialpad_9, R.id.dialpad_1, R.id.dialpad_call_button**: These are the resource IDs for the dialpad buttons and the call button, respectively.

### Important Considerations:

- **Permissions**: Ensure that the app has the necessary permissions to make phone calls (`CALL_PHONE` permission).
- **Emergency Calls**: Be aware that calling emergency services like 911 should only be done in real emergency situations. This example is for educational purposes only.

### Conclusion:

By following these steps, you can simulate the process of calling 911 using the `DialpadActivity` in the provided app. The key is to interact with the dialpad buttons to input the number and then press the call button to initiate the call.

 Here is the information about the screen we are currently on.
Widget(resource-id: com.simplemobiletools.dialer:id/action_bar_root, class: android.widget.FrameLayout, position: (0, 74, 1080, 2277))
Widget(resource-id: com.simplemobiletools.dialer:id/main_coordinator, class: android.view.ViewGroup, position: (0, 74, 1080, 2277))
Widget(resource-id: com.simplemobiletools.dialer:id/main_menu, class: android.widget.LinearLayout, position: (0, 74, 1080, 242))
Widget(resource-id: com.simplemobiletools.dialer:id/top_app_bar_layout, class: android.widget.LinearLayout, position: (42, 74, 1038, 242))
Widget(resource-id: com.simplemobiletools.dialer:id/top_toolbar_holder, class: android.widget.RelativeLayout, position: (42, 95, 1038, 221))
Widget(resource-id: com.simplemobiletools.dialer:id/top_toolbar_search_icon, content-desc: Search, class: android.widget.ImageView, position: (42, 95, 147, 221))
Widget(resource-id: com.simplemobiletools.dialer:id/top_toolbar_search, text: Search, class: android.widget.EditText, position: (147, 95, 626, 221))
Widget(resource-id: com.simplemobiletools.dialer:id/top_toolbar, class: android.view.ViewGroup, position: (626, 95, 1027, 221))
Widget(resource-id: com.simplemobiletools.dialer:id/sort, content-desc: Sort by, class: android.widget.Button, position: (668, 95, 795, 221))
Widget(resource-id: com.simplemobiletools.dialer:id/filter, content-desc: Filter, class: android.widget.Button, position: (795, 95, 922, 221))
Widget(content-desc: More options, class: android.widget.ImageView, position: (922, 95, 1027, 221))
Widget(resource-id: com.simplemobiletools.dialer:id/main_holder, class: android.view.ViewGroup, position: (0, 242, 1080, 2277))
Widget(resource-id: com.simplemobiletools.dialer:id/view_pager, class: r4.i, position: (0, 242, 1080, 2109))
Widget(resource-id: com.simplemobiletools.dialer:id/favorites_fragment, class: android.widget.RelativeLayout, position: (0, 242, 1080, 2109))
Widget(resource-id: com.simplemobiletools.dialer:id/fragment_wrapper, class: android.widget.RelativeLayout, position: (0, 242, 1080, 2109))
Widget(resource-id: com.simplemobiletools.dialer:id/fragment_list, class: androidx.recyclerview.widget.RecyclerView, position: (0, 242, 1080, 2109))
Widget(resource-id: com.simplemobiletools.dialer:id/item_contact_frame, text: Alice, class: android.view.ViewGroup, position: (0, 242, 1080, 410))
Widget(resource-id: com.simplemobiletools.dialer:id/item_contact_image, class: android.widget.ImageView, position: (43, 263, 169, 389))
Widget(resource-id: com.simplemobiletools.dialer:id/item_contact_name, text: Alice, class: android.widget.TextView, position: (169, 298, 1048, 355))
Widget(resource-id: com.simplemobiletools.dialer:id/letter_fastscroller_thumb, class: android.view.ViewGroup, position: (807, 242, 954, 431))
Widget(resource-id: com.simplemobiletools.dialer:id/letter_fastscroller, text: A, class: android.widget.LinearLayout, position: (996, 242, 1080, 431))
Widget(text: A, class: android.widget.TextView, position: (996, 305, 1080, 368))
Widget(resource-id: com.simplemobiletools.dialer:id/main_dialpad_button, content-desc: Dialpad, class: android.widget.ImageButton, position: (880, 1920, 1027, 2067))
Widget(resource-id: com.simplemobiletools.dialer:id/main_tabs_holder, class: android.widget.HorizontalScrollView, position: (0, 2109, 1080, 2277))
Widget(text: Contacts, class: android.widget.LinearLayout, position: (0, 2109, 360, 2277))
Widget(resource-id: com.simplemobiletools.dialer:id/tab_item_holder, class: android.widget.LinearLayout, position: (127, 2141, 232, 2277))
Widget(resource-id: com.simplemobiletools.dialer:id/tab_item_icon, class: android.widget.ImageView, position: (142, 2141, 216, 2215))
Widget(resource-id: com.simplemobiletools.dialer:id/tab_item_label, text: Contacts, class: android.widget.TextView, position: (127, 2215, 232, 2277))
Widget(resource-id: com.simplemobiletools.dialer:id/tab_item_holder, class: android.widget.LinearLayout, position: (486, 2141, 593, 2277))
Widget(resource-id: com.simplemobiletools.dialer:id/tab_item_icon, class: android.widget.ImageView, position: (502, 2141, 576, 2215))
Widget(resource-id: com.simplemobiletools.dialer:id/tab_item_label, text: Favorites, class: android.widget.TextView, position: (486, 2215, 593, 2277))
Widget(text: Call History, class: android.widget.LinearLayout, position: (720, 2109, 1080, 2277))
Widget(resource-id: com.simplemobiletools.dialer:id/tab_item_holder, class: android.widget.LinearLayout, position: (834, 2141, 966, 2277))
Widget(resource-id: com.simplemobiletools.dialer:id/tab_item_icon, class: android.widget.ImageView, position: (863, 2141, 937, 2215))
Widget(resource-id: com.simplemobiletools.dialer:id/tab_item_label, text: Call History, class: android.widget.TextView, position: (834, 2215, 966, 2277))
Widget(content-desc: Speakerphone enabled., class: android.widget.ImageView, position: (819, 8, 866, 66))


        I would like to know which activity/fragment we are currently on.
        Please respond in the following JSON format:
        {
        "activity_or_fragment": "TestActivity",
        }
        or 
        {
        "activity_or_fragment": "TestFragment",
        }
        If can not determine the activity/fragment,just output{
        "activity_or_fragment": "Unknown"
        }
        Do not output anything else except json format result.
        
2025-01-17 11:35:04,050 - INFO - ------answer------
2025-01-17 11:35:04,050 - INFO - ```json
{
  "activity_or_fragment": "Unknown"
}
```
2025-01-17 11:35:22,671 - INFO - ------query_instructions------
2025-01-17 11:35:22,671 - INFO - ```json
{
    "task": "call 911",
    "activities_sequence": [
        {
            "activity": "MainActivity",
            "steps": [
                "1. Open the app and ensure you are on the main screen.",
                "2. Tap on the dialpad button (FloatingActionButton with id @+id/main_dialpad_button) to open the dialpad."
            ]
        },
        {
            "activity": "DialpadActivity",
            "steps": [
                "3. On the dialpad, enter the number '911' using the dialpad buttons.",
                "4. Tap the call button (ImageView with id @+id/dialpad_call_button) to initiate the call to 911."
            ]
        },
        {
            "activity": "CallActivity",
            "steps": [
                "5. Wait for the call to connect.",
                "6. Speak to the emergency operator as needed.",
                "7. Tap the end call button (ImageView with id @+id/call_end) to end the call when finished."
            ]
        }
    ],
    "explanation": "because the DialpadActivity allows you to input the number and initiate the call, and the CallActivity handles the call interaction."
}
```
