2025-01-16 20:44:15,106 - INFO - This is a event:0
2025-01-16 20:44:29,436 - INFO - -----query_current_activity start query------
2025-01-16 20:44:29,437 - INFO - To achieve the target task of opening "Frequently Asked Questions" (FAQ), you need to analyze the provided activities and determine which one is most likely to handle this functionality. Here's a breakdown of the activities and their potential relevance:

1. **`com.simplemobiletools.voicerecorder.activities.WidgetRecordDisplayConfigureActivity`**  
   - Likely related to widget configuration for the voice recorder. Not relevant to FAQs.

2. **`com.simplemobiletools.voicerecorder.activities.BackgroundRecordActivity`**  
   - Likely handles background recording functionality. Not relevant to FAQs.

3. **`com.simplemobiletools.voicerecorder.activities.SplashActivity`**  
   - Typically the app's launch screen. Not relevant to FAQs.

4. **`com.simplemobiletools.voicerecorder.activities.MainActivity`**  
   - The main screen of the app. This could potentially contain a menu or button to access FAQs.

5. **`com.simplemobiletools.voicerecorder.activities.SettingsActivity`**  
   - Likely handles app settings. FAQs might be accessible from here, as settings often include help or support sections.

6. **`com.simplemobiletools.commons.activities.AboutActivity`**  
   - This is from a third-party library and likely provides information about the app or library. It might include a link to FAQs.

7. **`com.simplemobiletools.commons.activities.CustomizationActivity`**  
   - This is from a third-party library and likely handles customization options. Not directly relevant to FAQs.

### Steps to Open FAQs:
1. **Check `MainActivity`**  
   - Look for a menu or button in the main interface that might lead to FAQs or a help section.

2. **Check `SettingsActivity`**  
   - Navigate to the settings and look for a "Help," "Support," or "FAQs" option.

3. **Check `AboutActivity`**  
   - If there's an "About" section, it might include a link to FAQs or a support page.

### Implementation Suggestion:
If you're developing or automating this task, you can use the following approach:
- Use `MainActivity` or `SettingsActivity` as the starting point.
- Programmatically navigate to the FAQ section by triggering the appropriate button or menu item.

If you need to write code to automate this, you can use tools like **Android Debug Bridge (ADB)** or frameworks like **Appium** for UI automation. For example:
```bash
adb shell am start -n com.simplemobiletools.voicerecorder/.activities.SettingsActivity
```
Then, simulate a click on the FAQ button or menu item.

Let me know if you need further assistance!

 Here is the information about the screen we are currently on.
Widget(content-desc: ATX notification: UIAutomator, class: android.widget.ImageView, position: (128, 1, 186, 74))
Widget(content-desc: Android System notification: , class: android.widget.ImageView, position: (186, 1, 244, 74))
Widget(resource-id: com.simplemobiletools.voicerecorder:id/action_bar_root, class: android.widget.FrameLayout, position: (0, 74, 1080, 2277))
Widget(resource-id: com.simplemobiletools.voicerecorder:id/main_coordinator, class: android.view.ViewGroup, position: (0, 74, 1080, 2277))
Widget(resource-id: com.simplemobiletools.voicerecorder:id/main_menu, class: android.widget.LinearLayout, position: (0, 74, 1080, 242))
Widget(resource-id: com.simplemobiletools.voicerecorder:id/top_app_bar_layout, class: android.widget.LinearLayout, position: (42, 74, 1038, 242))
Widget(resource-id: com.simplemobiletools.voicerecorder:id/top_toolbar_holder, class: android.widget.RelativeLayout, position: (42, 95, 1038, 221))
Widget(resource-id: com.simplemobiletools.voicerecorder:id/top_toolbar_search_icon, content-desc: Search, class: android.widget.ImageView, position: (42, 95, 147, 221))
Widget(resource-id: com.simplemobiletools.voicerecorder:id/top_toolbar_search, text: Search, class: android.widget.EditText, position: (147, 95, 731, 221))
Widget(resource-id: com.simplemobiletools.voicerecorder:id/top_toolbar, class: android.view.ViewGroup, position: (731, 95, 1027, 221))
Widget(resource-id: com.simplemobiletools.voicerecorder:id/settings, content-desc: Settings, class: android.widget.Button, position: (773, 95, 900, 221))
Widget(resource-id: com.simplemobiletools.voicerecorder:id/about, content-desc: About, class: android.widget.Button, position: (900, 95, 1027, 221))
Widget(resource-id: com.simplemobiletools.voicerecorder:id/main_holder, class: android.widget.RelativeLayout, position: (0, 242, 1080, 2277))
Widget(resource-id: com.simplemobiletools.voicerecorder:id/view_pager, class: f4.i, position: (0, 242, 1080, 2109))
Widget(resource-id: com.simplemobiletools.voicerecorder:id/trash_holder, class: android.view.ViewGroup, position: (0, 242, 1080, 2109))
Widget(resource-id: com.simplemobiletools.voicerecorder:id/trash_fastscroller, class: android.widget.RelativeLayout, position: (0, 242, 1080, 2109))
Widget(resource-id: com.simplemobiletools.voicerecorder:id/trash_list, class: androidx.recyclerview.widget.RecyclerView, position: (0, 242, 1080, 2109))
Widget(resource-id: com.simplemobiletools.voicerecorder:id/recording_frame, text: test1.mp3, class: android.widget.FrameLayout, position: (0, 242, 1080, 411))
Widget(resource-id: com.simplemobiletools.voicerecorder:id/item_holder, class: android.view.ViewGroup, position: (0, 242, 1080, 411))
Widget(resource-id: com.simplemobiletools.voicerecorder:id/recording_title, text: test1.mp3, class: android.widget.TextView, position: (42, 274, 840, 329))
Widget(resource-id: com.simplemobiletools.voicerecorder:id/recording_duration, text: 00:13, class: android.widget.TextView, position: (840, 276, 933, 327))
Widget(resource-id: com.simplemobiletools.voicerecorder:id/recording_date, text: 19.12.2024, 03:08 AM, class: android.widget.TextView, position: (42, 329, 788, 380))
Widget(resource-id: com.simplemobiletools.voicerecorder:id/recording_size, text: 157.3 kB, class: android.widget.TextView, position: (788, 329, 933, 380))
Widget(resource-id: com.simplemobiletools.voicerecorder:id/overflow_menu_icon, class: android.widget.ImageView, position: (933, 263, 1080, 390))
Widget(resource-id: com.simplemobiletools.voicerecorder:id/trackView, class: android.widget.LinearLayout, position: (1012, 242, 1080, 2109))
Widget(resource-id: com.simplemobiletools.voicerecorder:id/main_tabs_holder, class: android.widget.HorizontalScrollView, position: (0, 2109, 1080, 2277))
Widget(text: Recorder, class: android.widget.LinearLayout, position: (0, 2109, 360, 2277))
Widget(resource-id: com.simplemobiletools.voicerecorder:id/tab_item_holder, class: android.widget.LinearLayout, position: (127, 2141, 233, 2277))
Widget(resource-id: com.simplemobiletools.voicerecorder:id/tab_item_icon, class: android.widget.ImageView, position: (143, 2141, 217, 2215))
Widget(resource-id: com.simplemobiletools.voicerecorder:id/tab_item_label, text: Recorder, class: android.widget.TextView, position: (127, 2215, 233, 2277))
Widget(text: Player, class: android.widget.LinearLayout, position: (360, 2109, 720, 2277))
Widget(resource-id: com.simplemobiletools.voicerecorder:id/tab_item_holder, class: android.widget.LinearLayout, position: (503, 2141, 577, 2277))
Widget(resource-id: com.simplemobiletools.voicerecorder:id/tab_item_icon, class: android.widget.ImageView, position: (503, 2141, 577, 2215))
Widget(resource-id: com.simplemobiletools.voicerecorder:id/tab_item_label, text: Player, class: android.widget.TextView, position: (504, 2215, 575, 2277))
Widget(resource-id: com.simplemobiletools.voicerecorder:id/tab_item_holder, class: android.widget.LinearLayout, position: (834, 2141, 966, 2277))
Widget(resource-id: com.simplemobiletools.voicerecorder:id/tab_item_icon, class: android.widget.ImageView, position: (863, 2141, 937, 2215))
Widget(resource-id: com.simplemobiletools.voicerecorder:id/tab_item_label, text: Recycle Bin, class: android.widget.TextView, position: (834, 2215, 966, 2277))


        I would like to know which activity/fragment we are currently on.
        Please respond in the following JSON format:
        {
        "activity_or_fragment": "TestActivity",
        }
        or 
        {
        "activity_or_fragment": "TestFragment",
        }
        If can not determine the activity/fragment,just output{
        "activity_or_fragment": "Unknown"
        }
        Do not output anything else except json format result.
        
2025-01-16 20:44:31,835 - INFO - ------answer------
2025-01-16 20:44:31,836 - INFO - ```json
{
"activity_or_fragment": "MainActivity"
}
```
2025-01-16 20:44:44,763 - INFO - ------query_instructions------
2025-01-16 20:44:44,764 - INFO - ```json
{
    "task": "open 'frequently asked questions'",
    "activities_sequence": [
        {
            "activity": "com.simplemobiletools.voicerecorder.activities.SplashActivity",
            "steps": [
                "1. The app starts with SplashActivity, which initializes the app and transitions to MainActivity."
            ]
        },
        {
            "activity": "com.simplemobiletools.voicerecorder.activities.MainActivity",
            "steps": [
                "2. In MainActivity, click on the 'More' menu item (three dots) in the toolbar.",
                "3. From the dropdown menu, select the 'About' option."
            ]
        },
        {
            "activity": "com.simplemobiletools.commons.activities.AboutActivity",
            "steps": [
                "4. The AboutActivity will open, displaying the 'Frequently Asked Questions' section along with other information like app version, licenses, etc."
            ]
        }
    ],
    "explanation": "because the 'Frequently Asked Questions' section is part of the AboutActivity, which is accessible from the MainActivity's menu."
}
```
2025-01-18 21:39:25,854 - INFO - This is a event:0
2025-01-18 21:39:26,081 - INFO - -----query_current_activity start query------
2025-01-18 21:39:26,083 - INFO - To achieve the target task of opening "Frequently Asked Questions" (FAQ), you need to analyze the provided activities and determine which one is most likely to handle this functionality. Here's a breakdown of the activities and their potential relevance:

1. **`com.simplemobiletools.voicerecorder.activities.WidgetRecordDisplayConfigureActivity`**  
   - Likely related to widget configuration for the voice recorder. Not relevant to FAQs.

2. **`com.simplemobiletools.voicerecorder.activities.BackgroundRecordActivity`**  
   - Likely handles background recording functionality. Not relevant to FAQs.

3. **`com.simplemobiletools.voicerecorder.activities.SplashActivity`**  
   - Typically the app's launch screen. Not relevant to FAQs.

4. **`com.simplemobiletools.voicerecorder.activities.MainActivity`**  
   - The main screen of the app. This could potentially contain a menu or button to access FAQs.

5. **`com.simplemobiletools.voicerecorder.activities.SettingsActivity`**  
   - Likely handles app settings. FAQs might be accessible from here, as settings often include help or support sections.

6. **`com.simplemobiletools.commons.activities.AboutActivity`**  
   - This is from a third-party library and likely provides information about the app or library. It might include a link to FAQs.

7. **`com.simplemobiletools.commons.activities.CustomizationActivity`**  
   - This is from a third-party library and likely handles customization options. Not directly relevant to FAQs.

### Steps to Open FAQs:
1. **Check `MainActivity`**  
   - Look for a menu or button in the main interface that might lead to FAQs or a help section.

2. **Check `SettingsActivity`**  
   - Navigate to the settings and look for a "Help," "Support," or "FAQs" option.

3. **Check `AboutActivity`**  
   - If there's an "About" section, it might include a link to FAQs or a support page.

### Implementation Suggestion:
If you're developing or automating this task, you can use the following approach:
- Use `MainActivity` or `SettingsActivity` as the starting point.
- Programmatically navigate to the FAQ section by triggering the appropriate button or menu item.

If you need to write code to automate this, you can use tools like **Android Debug Bridge (ADB)** or frameworks like **Appium** for UI automation. For example:
```bash
adb shell am start -n com.simplemobiletools.voicerecorder/.activities.SettingsActivity
```
Then, simulate a click on the FAQ button or menu item.

Let me know if you need further assistance!

 Here is the information about the screen we are currently on.
Widget(content-desc: ATX notification: UIAutomator, class: android.widget.ImageView, position: (107, 1, 165, 74))
Widget(content-desc: Android System notification: , class: android.widget.ImageView, position: (165, 1, 223, 74))
Widget(resource-id: com.simplemobiletools.voicerecorder:id/action_bar_root, class: android.widget.FrameLayout, position: (0, 74, 1080, 2277))
Widget(resource-id: com.simplemobiletools.voicerecorder:id/main_coordinator, class: android.view.ViewGroup, position: (0, 74, 1080, 2277))
Widget(resource-id: com.simplemobiletools.voicerecorder:id/main_menu, class: android.widget.LinearLayout, position: (0, 74, 1080, 242))
Widget(resource-id: com.simplemobiletools.voicerecorder:id/top_app_bar_layout, class: android.widget.LinearLayout, position: (42, 74, 1038, 242))
Widget(resource-id: com.simplemobiletools.voicerecorder:id/top_toolbar_holder, class: android.widget.RelativeLayout, position: (42, 95, 1038, 221))
Widget(resource-id: com.simplemobiletools.voicerecorder:id/top_toolbar_search_icon, content-desc: Search, class: android.widget.ImageView, position: (42, 95, 147, 221))
Widget(resource-id: com.simplemobiletools.voicerecorder:id/top_toolbar_search, text: Search, class: android.widget.EditText, position: (147, 95, 731, 221))
Widget(resource-id: com.simplemobiletools.voicerecorder:id/top_toolbar, class: android.view.ViewGroup, position: (731, 95, 1027, 221))
Widget(resource-id: com.simplemobiletools.voicerecorder:id/settings, content-desc: Settings, class: android.widget.Button, position: (773, 95, 900, 221))
Widget(resource-id: com.simplemobiletools.voicerecorder:id/about, content-desc: About, class: android.widget.Button, position: (900, 95, 1027, 221))
Widget(resource-id: com.simplemobiletools.voicerecorder:id/main_holder, class: android.widget.RelativeLayout, position: (0, 242, 1080, 2277))
Widget(resource-id: com.simplemobiletools.voicerecorder:id/view_pager, class: f4.i, position: (0, 242, 1080, 2109))
Widget(resource-id: com.simplemobiletools.voicerecorder:id/player_holder, class: android.view.ViewGroup, position: (0, 242, 1080, 2109))
Widget(resource-id: com.simplemobiletools.voicerecorder:id/recordings_fastscroller, class: android.widget.RelativeLayout, position: (0, 242, 1080, 1599))
Widget(resource-id: com.simplemobiletools.voicerecorder:id/recordings_list, class: androidx.recyclerview.widget.RecyclerView, position: (0, 242, 1080, 1599))
Widget(resource-id: com.simplemobiletools.voicerecorder:id/recording_frame, text: test1.m4a, class: android.widget.FrameLayout, position: (0, 242, 1080, 411))
Widget(resource-id: com.simplemobiletools.voicerecorder:id/item_holder, class: android.view.ViewGroup, position: (0, 242, 1080, 411))
Widget(resource-id: com.simplemobiletools.voicerecorder:id/recording_title, text: test1.m4a, class: android.widget.TextView, position: (42, 274, 840, 329))
Widget(resource-id: com.simplemobiletools.voicerecorder:id/recording_duration, text: 00:06, class: android.widget.TextView, position: (840, 276, 933, 327))
Widget(resource-id: com.simplemobiletools.voicerecorder:id/recording_date, text: 16.01.2025, 01:14 PM, class: android.widget.TextView, position: (42, 329, 809, 380))
Widget(resource-id: com.simplemobiletools.voicerecorder:id/recording_size, text: 75.3 kB, class: android.widget.TextView, position: (809, 329, 933, 380))
Widget(resource-id: com.simplemobiletools.voicerecorder:id/overflow_menu_icon, class: android.widget.ImageView, position: (933, 263, 1080, 390))
Widget(resource-id: com.simplemobiletools.voicerecorder:id/recording_frame, text: test2.m4a, class: android.widget.FrameLayout, position: (0, 416, 1080, 585))
Widget(resource-id: com.simplemobiletools.voicerecorder:id/item_holder, class: android.view.ViewGroup, position: (0, 416, 1080, 585))
Widget(resource-id: com.simplemobiletools.voicerecorder:id/recording_title, text: test2.m4a, class: android.widget.TextView, position: (42, 448, 840, 503))
Widget(resource-id: com.simplemobiletools.voicerecorder:id/recording_duration, text: 00:05, class: android.widget.TextView, position: (840, 450, 933, 501))
Widget(resource-id: com.simplemobiletools.voicerecorder:id/recording_date, text: 16.01.2025, 01:14 PM, class: android.widget.TextView, position: (42, 503, 809, 554))
Widget(resource-id: com.simplemobiletools.voicerecorder:id/recording_size, text: 70.4 kB, class: android.widget.TextView, position: (809, 503, 933, 554))
Widget(resource-id: com.simplemobiletools.voicerecorder:id/overflow_menu_icon, class: android.widget.ImageView, position: (933, 437, 1080, 564))
Widget(resource-id: com.simplemobiletools.voicerecorder:id/recording_frame, text: Test3.mp3, class: android.widget.FrameLayout, position: (0, 590, 1080, 759))
Widget(resource-id: com.simplemobiletools.voicerecorder:id/item_holder, class: android.view.ViewGroup, position: (0, 590, 1080, 759))
Widget(resource-id: com.simplemobiletools.voicerecorder:id/recording_title, text: Test3.mp3, class: android.widget.TextView, position: (42, 622, 840, 677))
Widget(resource-id: com.simplemobiletools.voicerecorder:id/recording_duration, text: 01:49, class: android.widget.TextView, position: (840, 624, 933, 675))
Widget(resource-id: com.simplemobiletools.voicerecorder:id/recording_date, text: 16.01.2025, 01:14 PM, class: android.widget.TextView, position: (42, 677, 817, 728))
Widget(resource-id: com.simplemobiletools.voicerecorder:id/recording_size, text: 1.3 MB, class: android.widget.TextView, position: (817, 677, 933, 728))
Widget(resource-id: com.simplemobiletools.voicerecorder:id/overflow_menu_icon, class: android.widget.ImageView, position: (933, 611, 1080, 738))
Widget(resource-id: com.simplemobiletools.voicerecorder:id/recording_frame, text: 2025_01_16_13_12_22.mp3, class: android.widget.FrameLayout, position: (0, 764, 1080, 933))
Widget(resource-id: com.simplemobiletools.voicerecorder:id/item_holder, class: android.view.ViewGroup, position: (0, 764, 1080, 933))
Widget(resource-id: com.simplemobiletools.voicerecorder:id/recording_title, text: 2025_01_16_13_12_22.mp3, class: android.widget.TextView, position: (42, 796, 840, 851))
Widget(resource-id: com.simplemobiletools.voicerecorder:id/recording_duration, text: 00:09, class: android.widget.TextView, position: (840, 798, 933, 849))
Widget(resource-id: com.simplemobiletools.voicerecorder:id/recording_date, text: 16.01.2025, 01:12 PM, class: android.widget.TextView, position: (42, 851, 788, 902))
Widget(resource-id: com.simplemobiletools.voicerecorder:id/recording_size, text: 110.3 kB, class: android.widget.TextView, position: (788, 851, 933, 902))
Widget(resource-id: com.simplemobiletools.voicerecorder:id/overflow_menu_icon, class: android.widget.ImageView, position: (933, 785, 1080, 912))
Widget(resource-id: com.simplemobiletools.voicerecorder:id/recording_frame, text: 2025_01_16_12_56_04.mp3, class: android.widget.FrameLayout, position: (0, 938, 1080, 1107))
Widget(resource-id: com.simplemobiletools.voicerecorder:id/item_holder, class: android.view.ViewGroup, position: (0, 938, 1080, 1107))
Widget(resource-id: com.simplemobiletools.voicerecorder:id/recording_title, text: 2025_01_16_12_56_04.mp3, class: android.widget.TextView, position: (42, 970, 840, 1025))
Widget(resource-id: com.simplemobiletools.voicerecorder:id/recording_duration, text: 01:28, class: android.widget.TextView, position: (840, 972, 933, 1023))
Widget(resource-id: com.simplemobiletools.voicerecorder:id/recording_date, text: 16.01.2025, 12:57 PM, class: android.widget.TextView, position: (42, 1025, 848, 1076))
Widget(resource-id: com.simplemobiletools.voicerecorder:id/recording_size, text: 1 MB, class: android.widget.TextView, position: (848, 1025, 933, 1076))
Widget(resource-id: com.simplemobiletools.voicerecorder:id/overflow_menu_icon, class: android.widget.ImageView, position: (933, 959, 1080, 1086))
Widget(resource-id: com.simplemobiletools.voicerecorder:id/trackView, class: android.widget.LinearLayout, position: (1012, 242, 1080, 1599))
Widget(resource-id: com.simplemobiletools.voicerecorder:id/player_controls_wrapper, class: android.widget.RelativeLayout, position: (0, 1599, 1080, 2109))
Widget(resource-id: com.simplemobiletools.voicerecorder:id/player_divider, class: android.view.View, position: (0, 1599, 1080, 1600))
Widget(resource-id: com.simplemobiletools.voicerecorder:id/player_title, class: android.widget.TextView, position: (0, 1620, 1080, 1767))
Widget(resource-id: com.simplemobiletools.voicerecorder:id/player_progress_current, text: 00:00, class: android.widget.TextView, position: (0, 1767, 146, 1878))
Widget(resource-id: com.simplemobiletools.voicerecorder:id/player_progressbar, class: android.widget.SeekBar, position: (146, 1767, 934, 1878))
Widget(resource-id: com.simplemobiletools.voicerecorder:id/player_progress_max, text: 00:00, class: android.widget.TextView, position: (934, 1767, 1080, 1878))
Widget(resource-id: com.simplemobiletools.voicerecorder:id/player_controls, class: android.widget.RelativeLayout, position: (0, 1878, 1080, 2109))
Widget(resource-id: com.simplemobiletools.voicerecorder:id/previous_btn, content-desc: Previous, class: android.widget.ImageView, position: (204, 1878, 330, 2046))
Widget(resource-id: com.simplemobiletools.voicerecorder:id/play_pause_btn, content-desc: Play / Pause, class: android.widget.ImageView, position: (456, 1878, 624, 2046))
Widget(resource-id: com.simplemobiletools.voicerecorder:id/next_btn, content-desc: Next, class: android.widget.ImageView, position: (750, 1878, 876, 2046))
Widget(resource-id: com.simplemobiletools.voicerecorder:id/main_tabs_holder, class: android.widget.HorizontalScrollView, position: (0, 2109, 1080, 2277))
Widget(text: Recorder, class: android.widget.LinearLayout, position: (0, 2109, 360, 2277))
Widget(resource-id: com.simplemobiletools.voicerecorder:id/tab_item_holder, class: android.widget.LinearLayout, position: (127, 2141, 233, 2277))
Widget(resource-id: com.simplemobiletools.voicerecorder:id/tab_item_icon, class: android.widget.ImageView, position: (143, 2141, 217, 2215))
Widget(resource-id: com.simplemobiletools.voicerecorder:id/tab_item_label, text: Recorder, class: android.widget.TextView, position: (127, 2215, 233, 2277))
Widget(resource-id: com.simplemobiletools.voicerecorder:id/tab_item_holder, class: android.widget.LinearLayout, position: (503, 2141, 577, 2277))
Widget(resource-id: com.simplemobiletools.voicerecorder:id/tab_item_icon, class: android.widget.ImageView, position: (503, 2141, 577, 2215))
Widget(resource-id: com.simplemobiletools.voicerecorder:id/tab_item_label, text: Player, class: android.widget.TextView, position: (504, 2215, 575, 2277))
Widget(text: Recycle Bin, class: android.widget.LinearLayout, position: (720, 2109, 1080, 2277))
Widget(resource-id: com.simplemobiletools.voicerecorder:id/tab_item_holder, class: android.widget.LinearLayout, position: (834, 2141, 966, 2277))
Widget(resource-id: com.simplemobiletools.voicerecorder:id/tab_item_icon, class: android.widget.ImageView, position: (863, 2141, 937, 2215))
Widget(resource-id: com.simplemobiletools.voicerecorder:id/tab_item_label, text: Recycle Bin, class: android.widget.TextView, position: (834, 2215, 966, 2277))


        I would like to know which activity/fragment we are currently on.
        Please respond in the following JSON format:
        {
        "activity_or_fragment": "TestActivity",
        }
        or 
        {
        "activity_or_fragment": "TestFragment",
        }
        If can not determine the activity/fragment,just output{
        "activity_or_fragment": "Unknown"
        }
        Do not output anything else except json format result.
        
2025-01-18 21:39:27,675 - INFO - ------answer------
2025-01-18 21:39:27,675 - INFO - ```json
{
  "activity_or_fragment": "MainActivity"
}
```
2025-01-18 21:39:34,237 - INFO - ------query_instructions------
2025-01-18 21:39:34,237 - INFO - ```json
{
    "task": "open 'frequently asked questions'",
    "activities_sequence": [
        {
            "activity": "com.simplemobiletools.voicerecorder.activities.SplashActivity",
            "steps": [
                "1. The app starts with SplashActivity, which initializes the app and transitions to MainActivity."
            ]
        },
        {
            "activity": "com.simplemobiletools.voicerecorder.activities.MainActivity",
            "steps": [
                "2. In MainActivity, click on the 'More' menu item (three dots) in the toolbar.",
                "3. From the dropdown menu, select the 'About' option."
            ]
        },
        {
            "activity": "com.simplemobiletools.commons.activities.AboutActivity",
            "steps": [
                "4. In the AboutActivity, navigate to the 'Frequently Asked Questions' section."
            ]
        }
    ],
    "explanation": "because the 'Frequently Asked Questions' section is accessible through the AboutActivity, which is launched from the MainActivity's 'About' menu option."
}
```
