2025-01-18 15:57:36,154 - INFO - This is a event:0
2025-01-18 15:57:36,244 - INFO - -----query_current_activity start query------
2025-01-18 15:57:36,251 - INFO - To resize the last photo to 1000:473, you need to locate the code responsible for handling the last photo preview and modify it to resize the image accordingly. Based on the provided layout and activity information, the last photo preview is likely handled in the `MainActivity` and is associated with the `ImageView` with the ID `@+id/last_photo_video_preview`.

Here¡¯s how you can approach this task:

### Step 1: Locate the Code Handling the Last Photo Preview
1. Open the `MainActivity` class (`com.simplemobiletools.camera.activities.MainActivity`).
2. Search for the `last_photo_video_preview` `ImageView` in the code. This is where the last captured photo or video is displayed.

### Step 2: Modify the Image Loading Logic
Once you locate the code that loads the last photo into the `last_photo_video_preview` `ImageView`, you need to resize the image to 1000:473 before displaying it. Here¡¯s an example of how you can do this:

```kotlin
// Assuming you have a reference to the last_photo_video_preview ImageView
val lastPhotoPreview: ImageView = findViewById(R.id.last_photo_video_preview)

// Load the last photo (replace "lastPhotoPath" with the actual path to the last photo)
val lastPhotoPath = getLastPhotoPath() // Implement this method to get the path of the last photo

// Resize the image to 1000:473
val resizedBitmap = resizeBitmap(lastPhotoPath, 1000, 473)

// Set the resized bitmap to the ImageView
lastPhotoPreview.setImageBitmap(resizedBitmap)
```

### Step 3: Implement the `resizeBitmap` Function
You need to implement a function that resizes the bitmap to the desired dimensions (1000:473). Here¡¯s an example:

```kotlin
import android.graphics.Bitmap
import android.graphics.BitmapFactory

private fun resizeBitmap(imagePath: String, width: Int, height: Int): Bitmap {
    // Decode the image file into a Bitmap
    val options = BitmapFactory.Options().apply {
        inJustDecodeBounds = true
    }
    BitmapFactory.decodeFile(imagePath, options)

    // Calculate inSampleSize to load a smaller version of the image
    options.inSampleSize = calculateInSampleSize(options, width, height)

    // Decode the image file into a Bitmap with the calculated inSampleSize
    options.inJustDecodeBounds = false
    val originalBitmap = BitmapFactory.decodeFile(imagePath, options)

    // Resize the bitmap to the desired dimensions
    return Bitmap.createScaledBitmap(originalBitmap, width, height, true)
}

private fun calculateInSampleSize(options: BitmapFactory.Options, reqWidth: Int, reqHeight: Int): Int {
    // Raw height and width of image
    val (height: Int, width: Int) = options.run { outHeight to outWidth }
    var inSampleSize = 1

    if (height > reqHeight || width > reqWidth) {
        val halfHeight: Int = height / 2
        val halfWidth: Int = width / 2

        // Calculate the largest inSampleSize value that is a power of 2 and keeps both
        // height and width larger than the requested height and width.
        while (halfHeight / inSampleSize >= reqHeight && halfWidth / inSampleSize >= reqWidth) {
            inSampleSize *= 2
        }
    }

    return inSampleSize
}
```

### Step 4: Test the Changes
1. Run the app and capture a photo.
2. Verify that the last photo preview in the `last_photo_video_preview` `ImageView` is resized to 1000:473.

### Additional Considerations
- **Aspect Ratio**: Ensure that the aspect ratio of the image is maintained if necessary. The provided code resizes the image to exactly 1000:473, which may distort the image if the original aspect ratio is different.
- **Performance**: Resizing large images can be resource-intensive. Consider optimizing the image loading and resizing process if performance issues arise.

By following these steps, you should be able to resize the last photo preview to the desired dimensions (1000:473) in the `MainActivity`.

 Here is the information about the screen we are currently on.
Widget(resource-id: com.simplemobiletools.camera:id/action_bar_root, class: android.widget.FrameLayout, position: (0, 0, 1080, 2277))
Widget(resource-id: com.simplemobiletools.camera:id/view_holder, class: android.view.ViewGroup, position: (0, 0, 1080, 2277))
Widget(resource-id: com.simplemobiletools.camera:id/preview_view, class: android.widget.FrameLayout, position: (0, 0, 1080, 2277))
Widget(resource-id: com.simplemobiletools.camera:id/top_options, class: android.widget.FrameLayout, position: (0, 0, 1080, 147))
Widget(resource-id: com.simplemobiletools.camera:id/layout_top, class: android.widget.LinearLayout, position: (0, 0, 1080, 147))
Widget(resource-id: com.simplemobiletools.camera:id/toggle_timer, content-desc: Toggle the timer mode, class: android.widget.Button, position: (0, 0, 360, 147))
Widget(resource-id: com.simplemobiletools.camera:id/change_resolution, content-desc: Resolution, class: android.widget.Button, position: (360, 0, 720, 147))
Widget(resource-id: com.simplemobiletools.camera:id/settings, content-desc: Settings, class: android.widget.Button, position: (720, 0, 1080, 147))
Widget(resource-id: com.simplemobiletools.camera:id/bottom_overlay, class: android.view.View, position: (0, 1825, 1080, 2277))
Widget(resource-id: com.simplemobiletools.camera:id/camera_mode_holder, class: android.widget.RelativeLayout, position: (0, 1825, 1080, 2035))
Widget(resource-id: com.simplemobiletools.camera:id/camera_mode_tab, class: android.widget.HorizontalScrollView, position: (0, 1846, 1080, 1972))
Widget(content-desc: Video, text: Video, class: android.widget.LinearLayout, position: (351, 1846, 540, 1972))
Widget(text: Video, class: android.widget.TextView, position: (397, 1883, 494, 1934))
Widget(content-desc: Photo, class: android.widget.LinearLayout, position: (540, 1846, 729, 1972))
Widget(text: Photo, class: android.widget.TextView, position: (584, 1883, 684, 1934))
Widget(resource-id: com.simplemobiletools.camera:id/toggle_camera, content-desc: Toggle front/back camera, class: android.widget.ImageView, position: (150, 2056, 297, 2203))
Widget(resource-id: com.simplemobiletools.camera:id/shutter, content-desc: Shutter, class: android.widget.ImageView, position: (446, 2035, 635, 2224))
Widget(resource-id: com.simplemobiletools.camera:id/last_photo_video_preview, content-desc: View last captured media, class: android.widget.ImageView, position: (784, 2056, 931, 2203))


        I would like to know which activity/fragment we are currently on.
        Please respond in the following JSON format:
        {
        "activity_or_fragment": "TestActivity",
        }
        or 
        {
        "activity_or_fragment": "TestFragment",
        }
        If can not determine the activity/fragment,just output{
        "activity_or_fragment": "Unknown"
        }
        Do not output anything else except json format result.
        
2025-01-18 15:57:37,437 - INFO - ------answer------
2025-01-18 15:57:37,438 - INFO - ```json
{
"activity_or_fragment": "MainActivity"
}
```
2025-01-18 15:57:43,589 - INFO - ------query_instructions------
2025-01-18 15:57:43,590 - INFO - ```json
{
    "task": "resize the last photo to 1000:473",
    "activities_sequence": [
        {
            "activity": "com.simplemobiletools.camera.activities.MainActivity",
            "steps": [
                "1. Open the app and navigate to the main camera screen.",
                "2. Tap on the 'last photo/video preview' button (element_id: R.id.lastPhotoVideoPreview) to view the last captured photo.",
                "3. Tap on the 'change resolution' button (element_id: R.id.changeResolution) to open the resolution options.",
                "4. Select the resolution option that corresponds to 1000:473 from the list of available resolutions.",
                "5. Confirm the selection to resize the last photo to the specified dimensions."
            ]
        }
    ],
    "explanation": "because the MainActivity contains the functionality to view the last captured photo and change its resolution."
}
```
