2025-01-18 14:47:03,174 - INFO - This is a event:0
2025-01-18 14:47:03,286 - INFO - -----query_current_activity start query------
2025-01-18 14:47:03,287 - INFO - To achieve the task of printing the last picture taken as `pic3.jpg`, you need to interact with the `MainActivity` of the app, specifically with the `last_photo_video_preview` element, which is an `ImageView` that likely displays the last captured photo or video. Here's a step-by-step approach to accomplish this:

### Step 1: Identify the Last Captured Photo
The `last_photo_video_preview` element in the `MainActivity` layout is likely used to display the last captured photo or video. You can interact with this element to retrieve the last captured photo.

### Step 2: Retrieve the Last Captured Photo
Assuming the app stores the last captured photo in a specific directory or provides a method to retrieve it, you can use the following approach:

1. **Access the `last_photo_video_preview` ImageView**:
   - You can access the `last_photo_video_preview` ImageView using its ID `@+id/last_photo_video_preview`.

2. **Retrieve the Bitmap from the ImageView**:
   - Once you have access to the `ImageView`, you can retrieve the `Bitmap` that it is displaying.

3. **Save the Bitmap as `pic3.jpg`**:
   - After retrieving the `Bitmap`, you can save it as `pic3.jpg` in the desired directory.

### Step 3: Implement the Code
Here¡¯s a sample implementation in Kotlin:

```kotlin
import android.graphics.Bitmap
import android.graphics.drawable.BitmapDrawable
import android.os.Environment
import android.widget.ImageView
import java.io.File
import java.io.FileOutputStream

fun saveLastPhotoAsPic3(activity: MainActivity) {
    // Access the last_photo_video_preview ImageView
    val lastPhotoPreview: ImageView = activity.findViewById(R.id.last_photo_video_preview)

    // Retrieve the Bitmap from the ImageView
    val bitmap = (lastPhotoPreview.drawable as BitmapDrawable).bitmap

    // Save the Bitmap as pic3.jpg
    val storageDir = activity.getExternalFilesDir(Environment.DIRECTORY_PICTURES)
    val imageFile = File(storageDir, "pic3.jpg")

    try {
        val outputStream = FileOutputStream(imageFile)
        bitmap.compress(Bitmap.CompressFormat.JPEG, 100, outputStream)
        outputStream.flush()
        outputStream.close()
    } catch (e: Exception) {
        e.printStackTrace()
    }
}
```

### Step 4: Call the Function
You can call this function from within the `MainActivity` or any other appropriate place in your app where you want to trigger the saving of the last photo as `pic3.jpg`.

```kotlin
class MainActivity : AppCompatActivity() {
    override fun onCreate(savedInstanceState: Bundle?) {
        super.onCreate(savedInstanceState)
        setContentView(R.layout.activity_main)

        // Call the function to save the last photo as pic3.jpg
        saveLastPhotoAsPic3(this)
    }
}
```

### Step 5: Handle Permissions
Ensure that your app has the necessary permissions to write to external storage. You may need to request the `WRITE_EXTERNAL_STORAGE` permission at runtime if targeting Android 6.0 (API level 23) or higher.

```xml
<uses-permission android:name="android.permission.WRITE_EXTERNAL_STORAGE" />
```

### Step 6: Test the Implementation
Run the app, take a photo, and then trigger the function to save the last photo as `pic3.jpg`. Verify that the file is saved correctly in the specified directory.

### Conclusion
By following these steps, you should be able to retrieve the last captured photo from the `last_photo_video_preview` ImageView and save it as `pic3.jpg`. This approach assumes that the `ImageView` is displaying the last captured photo and that the app has the necessary permissions to write to external storage.

 Here is the information about the screen we are currently on.
Widget(resource-id: com.simplemobiletools.camera:id/action_bar_root, class: android.widget.FrameLayout, position: (0, 0, 1080, 2277))
Widget(resource-id: com.simplemobiletools.camera:id/view_holder, class: android.view.ViewGroup, position: (0, 0, 1080, 2277))
Widget(resource-id: com.simplemobiletools.camera:id/preview_view, class: android.widget.FrameLayout, position: (0, 0, 1080, 2277))
Widget(resource-id: com.simplemobiletools.camera:id/top_options, class: android.widget.FrameLayout, position: (0, 0, 1080, 147))
Widget(resource-id: com.simplemobiletools.camera:id/layout_top, class: android.widget.LinearLayout, position: (0, 0, 1080, 147))
Widget(resource-id: com.simplemobiletools.camera:id/toggle_timer, content-desc: Toggle the timer mode, class: android.widget.Button, position: (0, 0, 270, 147))
Widget(resource-id: com.simplemobiletools.camera:id/toggle_flash, content-desc: Toggle the flashlight mode, class: android.widget.Button, position: (270, 0, 540, 147))
Widget(resource-id: com.simplemobiletools.camera:id/change_resolution, content-desc: Resolution, class: android.widget.Button, position: (540, 0, 810, 147))
Widget(resource-id: com.simplemobiletools.camera:id/settings, content-desc: Settings, class: android.widget.Button, position: (810, 0, 1080, 147))
Widget(resource-id: com.simplemobiletools.camera:id/bottom_overlay, class: android.view.View, position: (0, 1825, 1080, 2277))
Widget(resource-id: com.simplemobiletools.camera:id/camera_mode_holder, class: android.widget.RelativeLayout, position: (0, 1825, 1080, 2035))
Widget(resource-id: com.simplemobiletools.camera:id/camera_mode_tab, class: android.widget.HorizontalScrollView, position: (0, 1846, 1080, 1972))
Widget(content-desc: Video, text: Video, class: android.widget.LinearLayout, position: (351, 1846, 540, 1972))
Widget(text: Video, class: android.widget.TextView, position: (397, 1883, 494, 1934))
Widget(content-desc: Photo, class: android.widget.LinearLayout, position: (540, 1846, 729, 1972))
Widget(text: Photo, class: android.widget.TextView, position: (584, 1883, 684, 1934))
Widget(resource-id: com.simplemobiletools.camera:id/toggle_camera, content-desc: Toggle front/back camera, class: android.widget.ImageView, position: (150, 2056, 297, 2203))
Widget(resource-id: com.simplemobiletools.camera:id/shutter, content-desc: Shutter, class: android.widget.ImageView, position: (446, 2035, 635, 2224))
Widget(resource-id: com.simplemobiletools.camera:id/last_photo_video_preview, content-desc: View last captured media, class: android.widget.ImageView, position: (784, 2056, 931, 2203))


        I would like to know which activity/fragment we are currently on.
        Please respond in the following JSON format:
        {
        "activity_or_fragment": "TestActivity",
        }
        or 
        {
        "activity_or_fragment": "TestFragment",
        }
        If can not determine the activity/fragment,just output{
        "activity_or_fragment": "Unknown"
        }
        Do not output anything else except json format result.
        
2025-01-18 14:47:04,752 - INFO - ------answer------
2025-01-18 14:47:04,754 - INFO - ```json
{
"activity_or_fragment": "MainActivity"
}
```
2025-01-18 14:47:15,051 - INFO - ------query_instructions------
2025-01-18 14:47:15,051 - INFO - ```json
{
    "task": "print the last picture I took as pic3.jpg",
    "activities_sequence": [
        {
            "activity": "com.simplemobiletools.camera.activities.MainActivity",
            "steps": [
                "1. Open the camera app to access the MainActivity.",
                "2. Locate the 'last photo/video preview' button (element_id: R.id.lastPhotoVideoPreview) and click it to view the last captured photo.",
                "3. After viewing the last photo, press the back button to return to the MainActivity.",
                "4. Ensure the photo is saved in the desired location by checking the save settings in the app."
            ]
        },
        {
            "activity": "com.simplemobiletools.camera.activities.SettingsActivity",
            "steps": [
                "5. Navigate to the SettingsActivity by clicking the settings button (element_id: R.id.settings) in the MainActivity.",
                "6. In the SettingsActivity, locate the 'Save Photos' section (element_id: R.id.settingsSavePhotosHolder) and ensure the save location is set to a folder where you can easily access the photo.",
                "7. Exit the SettingsActivity and return to the MainActivity."
            ]
        },
        {
            "activity": "External App (File Manager)",
            "steps": [
                "8. Open a file manager app on your device and navigate to the folder where the photo is saved.",
                "9. Locate the last photo you took, rename it to 'pic3.jpg', and print it using a connected printer or a printing service."
            ]
        }
    ],
    "explanation": "The task involves accessing the last photo taken using the camera app, ensuring it is saved in the correct location, and then printing it. The MainActivity is used to view the last photo, the SettingsActivity is used to confirm the save location, and an external file manager app is used to rename and print the photo."
}
```
