2025-01-17 23:44:01,621 - INFO - This is a event:0
2025-01-17 23:44:23,982 - INFO - -----query_current_activity start query------
2025-01-17 23:44:23,984 - INFO - To implement the task "Send long messages as MMS" in the given Android application, you need to focus on the `SettingsActivity` and the `ThreadActivity`. Specifically, the `SettingsActivity` contains a checkbox (`settings_send_long_message_mms`) that allows users to enable or disable the feature of sending long messages as MMS. The `ThreadActivity` is where the actual message sending logic is implemented.

### Steps to Implement the Task:

1. **Enable the Feature in Settings:**
   - In `SettingsActivity`, the checkbox with ID `settings_send_long_message_mms` is already present. This checkbox allows users to toggle the feature on or off.
   - Ensure that the state of this checkbox is saved and retrieved from shared preferences or a similar storage mechanism so that the setting persists across app sessions.

2. **Modify the Message Sending Logic:**
   - In `ThreadActivity`, locate the logic where messages are sent. This is likely associated with the `thread_send_message` button.
   - Before sending the message, check the length of the message. If the message exceeds the standard SMS length (usually 160 characters for GSM or 70 characters for Unicode), and the `settings_send_long_message_mms` setting is enabled, convert the message to MMS.

3. **Convert SMS to MMS:**
   - If the message is long and the setting is enabled, you need to convert the SMS to MMS. This involves:
     - Creating an MMS message.
     - Setting the appropriate MIME type.
     - Sending the message using the appropriate API (e.g., `SmsManager.sendMultimediaMessage`).

4. **Handle MMS Sending:**
   - Ensure that the app has the necessary permissions to send MMS messages (`SEND_SMS`, `RECEIVE_MMS`, etc.).
   - Handle any exceptions or errors that may occur during the MMS sending process, such as network issues or insufficient permissions.

### Example Code Snippet:

Here¡¯s a simplified example of how you might modify the message sending logic in `ThreadActivity`:

```java
// Assuming this is part of the ThreadActivity class
private void sendMessage() {
    String message = thread_type_message.getText().toString();
    boolean sendAsMms = isSendLongMessageAsMmsEnabled() && message.length() > 160;

    if (sendAsMms) {
        sendAsMms(message);
    } else {
        sendAsSms(message);
    }
}

private boolean isSendLongMessageAsMmsEnabled() {
    // Retrieve the setting from SharedPreferences or similar storage
    SharedPreferences prefs = PreferenceManager.getDefaultSharedPreferences(this);
    return prefs.getBoolean("settings_send_long_message_mms", false);
}

private void sendAsSms(String message) {
    // Logic to send SMS
    SmsManager smsManager = SmsManager.getDefault();
    smsManager.sendTextMessage(recipientNumber, null, message, null, null);
}

private void sendAsMms(String message) {
    // Logic to send MMS
    Uri contentUri = Uri.parse("content://mms-sms/conversations");
    PduPersister pduPersister = PduPersister.getPduPersister(this);
    SendReq sendReq = new SendReq();
    sendReq.setBody(new EncodedStringValue(message));
    try {
        Uri messageUri = pduPersister.persist(sendReq, contentUri);
        SmsManager.getDefault().sendMultimediaMessage(this, messageUri, null, null, null);
    } catch (Exception e) {
        e.printStackTrace();
        // Handle the exception
    }
}
```

### Additional Considerations:
- **User Feedback:** Provide feedback to the user when a message is sent as MMS, as MMS may incur additional charges.
- **Error Handling:** Ensure robust error handling for cases where MMS sending fails (e.g., no MMS support, network issues).
- **Testing:** Thoroughly test the feature with different message lengths and network conditions to ensure reliability.

By following these steps, you can implement the "Send long messages as MMS" feature in the app.

 Here is the information about the screen we are currently on.
Widget(content-desc: ATX notification: UIAutomator, class: android.widget.ImageView, position: (107, 1, 165, 74))
Widget(content-desc: Android System notification: , class: android.widget.ImageView, position: (165, 1, 223, 74))
Widget(resource-id: com.simplemobiletools.smsmessenger:id/action_bar_root, class: android.widget.FrameLayout, position: (0, 0, 1080, 2277))
Widget(resource-id: com.simplemobiletools.smsmessenger:id/main_coordinator, class: android.widget.ScrollView, position: (0, 74, 1080, 2277))
Widget(resource-id: com.simplemobiletools.smsmessenger:id/main_menu, class: android.widget.LinearLayout, position: (0, 74, 1080, 242))
Widget(resource-id: com.simplemobiletools.smsmessenger:id/top_app_bar_layout, class: android.widget.LinearLayout, position: (42, 74, 1038, 242))
Widget(resource-id: com.simplemobiletools.smsmessenger:id/top_toolbar_holder, class: android.widget.RelativeLayout, position: (42, 95, 1038, 221))
Widget(resource-id: com.simplemobiletools.smsmessenger:id/top_toolbar_search_icon, content-desc: Search, class: android.widget.ImageView, position: (42, 95, 147, 221))
Widget(resource-id: com.simplemobiletools.smsmessenger:id/top_toolbar_search, text: Search, class: android.widget.EditText, position: (147, 95, 626, 221))
Widget(resource-id: com.simplemobiletools.smsmessenger:id/top_toolbar, class: android.view.ViewGroup, position: (626, 95, 1027, 221))
Widget(resource-id: com.simplemobiletools.smsmessenger:id/settings, content-desc: Settings, class: android.widget.Button, position: (668, 95, 795, 221))
Widget(resource-id: com.simplemobiletools.smsmessenger:id/about, content-desc: About, class: android.widget.Button, position: (795, 95, 922, 221))
Widget(content-desc: More options, class: android.widget.ImageView, position: (922, 95, 1027, 221))
Widget(resource-id: com.simplemobiletools.smsmessenger:id/main_nested_scrollview, class: android.widget.RelativeLayout, position: (0, 242, 1080, 2277))
Widget(resource-id: com.simplemobiletools.smsmessenger:id/main_coordinator_wrapper, class: android.view.ViewGroup, position: (0, 242, 1080, 2277))
Widget(resource-id: com.simplemobiletools.smsmessenger:id/main_holder, class: android.widget.RelativeLayout, position: (0, 242, 1080, 2277))
Widget(resource-id: com.simplemobiletools.smsmessenger:id/conversations_fastscroller, class: android.widget.RelativeLayout, position: (0, 242, 1080, 2277))
Widget(resource-id: com.simplemobiletools.smsmessenger:id/conversations_list, class: androidx.recyclerview.widget.RecyclerView, position: (0, 242, 1080, 2277))
Widget(resource-id: com.simplemobiletools.smsmessenger:id/conversation_frame, text: Alice, class: android.widget.FrameLayout, position: (0, 242, 1080, 496))
Widget(resource-id: com.simplemobiletools.smsmessenger:id/conversation_holder, class: android.widget.RelativeLayout, position: (0, 242, 1080, 496))
Widget(resource-id: com.simplemobiletools.smsmessenger:id/conversation_image, class: android.widget.ImageView, position: (43, 284, 169, 454))
Widget(resource-id: com.simplemobiletools.smsmessenger:id/pin_indicator_l, class: android.widget.RelativeLayout, position: (43, 284, 169, 454))
Widget(resource-id: com.simplemobiletools.smsmessenger:id/conversation_address, text: Alice, class: android.widget.TextView, position: (201, 284, 1048, 352))
Widget(resource-id: com.simplemobiletools.smsmessenger:id/draft_indicator, text: Draft, class: android.widget.TextView, position: (201, 352, 292, 403))
Widget(resource-id: com.simplemobiletools.smsmessenger:id/conversation_body_short, text: I-love-youI-love-you, class: android.widget.TextView, position: (292, 352, 1048, 403))
Widget(resource-id: com.simplemobiletools.smsmessenger:id/conversation_date, text: 02:31 PM, class: android.widget.TextView, position: (201, 408, 1048, 454))
Widget(resource-id: com.simplemobiletools.smsmessenger:id/conversation_frame, text: Bob, class: android.widget.FrameLayout, position: (0, 501, 1080, 755))
Widget(resource-id: com.simplemobiletools.smsmessenger:id/conversation_holder, class: android.widget.RelativeLayout, position: (0, 501, 1080, 755))
Widget(resource-id: com.simplemobiletools.smsmessenger:id/conversation_image, class: android.widget.ImageView, position: (43, 543, 169, 713))
Widget(resource-id: com.simplemobiletools.smsmessenger:id/pin_indicator_l, class: android.widget.RelativeLayout, position: (43, 543, 169, 713))
Widget(resource-id: com.simplemobiletools.smsmessenger:id/conversation_address, text: Bob, class: android.widget.TextView, position: (201, 543, 1048, 611))
Widget(resource-id: com.simplemobiletools.smsmessenger:id/conversation_body_short, text: Eee, class: android.widget.TextView, position: (201, 611, 1048, 662))
Widget(resource-id: com.simplemobiletools.smsmessenger:id/conversation_date, text: 11:29 AM, class: android.widget.TextView, position: (201, 667, 1048, 713))
Widget(resource-id: com.simplemobiletools.smsmessenger:id/trackView, class: android.widget.LinearLayout, position: (1012, 242, 1080, 2277))
Widget(resource-id: com.simplemobiletools.smsmessenger:id/conversations_fab, class: android.widget.ImageButton, position: (891, 2088, 1038, 2235))


        I would like to know which activity/fragment we are currently on.
        Please respond in the following JSON format:
        {
        "activity_or_fragment": "TestActivity",
        }
        or 
        {
        "activity_or_fragment": "TestFragment",
        }
        If can not determine the activity/fragment,just output{
        "activity_or_fragment": "Unknown"
        }
        Do not output anything else except json format result.
        
2025-01-17 23:44:25,333 - INFO - ------answer------
2025-01-17 23:44:25,334 - INFO - ```json
{
"activity_or_fragment": "Unknown"
}
```
2025-01-17 23:44:44,264 - INFO - ------query_instructions------
2025-01-17 23:44:44,265 - INFO - ```json
{
    "task": "Send long messages as MMS",
    "activities_sequence": [
        {
            "activity": "MainActivity",
            "steps": [
                "1. Open the app and navigate to the main screen.",
                "2. Start a new conversation or select an existing one."
            ]
        },
        {
            "activity": "ThreadActivity",
            "steps": [
                "3. Type a long message in the message input field.",
                "4. Ensure the message exceeds the SMS character limit.",
                "5. The app will automatically convert the message to MMS due to its length."
            ]
        },
        {
            "activity": "SettingsActivity",
            "steps": [
                "6. If the message is not automatically sent as MMS, go to the app settings.",
                "7. Navigate to the 'Outgoing Messages' section.",
                "8. Enable the option 'Send long messages as MMS'."
            ]
        }
    ],
    "explanation": "because the 'Send long messages as MMS' option in SettingsActivity ensures that messages exceeding the SMS character limit are sent as MMS."
}
```
