2024-12-31 16:02:44,808 - INFO - This is a event:0
2024-12-31 16:03:00,597 - INFO - -----query_current_activity start query------
2024-12-31 16:03:00,598 - INFO - To rename the note 'diary' to 'events' in the app, you need to focus on the `MainActivity` and its associated fragments, particularly the `NoteFragment` and `TextFragment`, as these are likely responsible for displaying and managing the notes.

Here¡¯s a step-by-step guide to achieve this task:

### 1. **Identify the Note in the Code**
   - **MainActivity**: This is the main activity where the notes are likely displayed. You need to find where the notes are loaded and displayed.
   - **NoteFragment**: This fragment is likely responsible for displaying individual notes.
   - **TextFragment**: This fragment might be responsible for editing the text of the notes.

### 2. **Locate the Note 'diary'**
   - Search through the codebase for the string `'diary'`. This could be in the `MainActivity`, `NoteFragment`, or `TextFragment`.
   - If the notes are stored in a database or a file, you might need to look into the data source to find where the note 'diary' is stored.

### 3. **Rename the Note**
   - Once you locate the note 'diary', change its name to 'events'. This could involve updating the note's title in the UI and in the data source (database or file).

### 4. **Update the UI**
   - If the note's name is displayed in the UI (e.g., in a `TextView`), update the corresponding UI element to reflect the new name 'events'.

### 5. **Test the Changes**
   - Run the app and navigate to the note that was previously named 'diary'. Ensure that it is now named 'events' and that all functionalities related to the note still work as expected.

### Example Code Snippets

#### MainActivity.java
```java
// Example of where the notes might be loaded
List<Note> notes = loadNotes();
for (Note note : notes) {
    if (note.getTitle().equals("diary")) {
        note.setTitle("events");
        saveNote(note); // Save the updated note
    }
}
```

#### NoteFragment.java
```java
// Example of where the note title might be displayed
TextView noteTitle = findViewById(R.id.note_title);
if (noteTitle.getText().toString().equals("diary")) {
    noteTitle.setText("events");
}
```

#### TextFragment.java
```java
// Example of where the note text might be edited
EditText noteText = findViewById(R.id.note_text);
if (noteText.getTag().equals("diary")) {
    noteText.setTag("events");
}
```

### 6. **Commit and Push Changes**
   - After making the changes, commit them to your version control system (e.g., Git) and push them to the repository.

### 7. **Verify in Different Activities**
   - Ensure that the renamed note appears correctly in all relevant activities and fragments, such as `WidgetConfigureActivity` and `SettingsActivity`, if applicable.

### 8. **Handle Edge Cases**
   - Consider edge cases, such as what happens if the note 'diary' does not exist or if there are multiple notes with the same name.

By following these steps, you should be able to successfully rename the note 'diary' to 'events' in the app.

 Here is the information about the screen we are currently on.
Widget(content-desc: Sticker Keyboard, class: android.widget.FrameLayout, position: (120, 1457, 288, 1573))
Widget(content-desc: GIF Keyboard, class: android.widget.FrameLayout, position: (288, 1457, 456, 1573))
Widget(content-desc: Clipboard, class: android.widget.FrameLayout, position: (456, 1457, 624, 1573))
Widget(content-desc: Settings, class: android.widget.FrameLayout, position: (624, 1457, 792, 1573))
Widget(content-desc: Theme settings, class: android.widget.FrameLayout, position: (792, 1457, 960, 1573))
Widget(content-desc: More options, class: android.widget.ImageView, position: (975, 94, 1080, 220))
Widget(text: create a checklist named 'test' and sort the items by creating date, class: android.widget.TextView, position: (0, 245, 310, 320))
Widget(text: Diary, class: android.widget.TextView, position: (478, 245, 603, 320))
Widget(text: diaryevents, class: android.widget.TextView, position: (800, 245, 1080, 320))
Widget(content-desc: Security & privacy notification: Set a screen lock, class: android.widget.ImageView, position: (107, 1, 165, 74))
Widget(content-desc: ATX notification: UIAutomator, class: android.widget.ImageView, position: (165, 1, 223, 74))
Widget(content-desc: Settings notification: Virtual SD card, class: android.widget.ImageView, position: (223, 1, 281, 74))
Widget(content-desc: Android System notification: , class: android.widget.ImageView, position: (281, 1, 339, 74))


        I would like to know which activity/fragment we are currently on.
        Please respond in the following JSON format:
        {
        "activity_or_fragment": "TestActivity",
        }
        or 
        {
        "activity_or_fragment": "TestFragment",
        }
        If can not determine the activity/fragment,just output{
        "activity_or_fragment": "Unknown"
        }
        Do not output anything else except json format result.
        
2024-12-31 16:03:02,325 - INFO - ------answer------
2024-12-31 16:03:02,325 - INFO - ```json
{
"activity_or_fragment": "Unknown"
}
```
2024-12-31 16:03:09,641 - INFO - ------query_instructions------
2024-12-31 16:03:09,642 - INFO - ```json
{
    "task": "Rename the note 'diary' to 'events'",
    "activities_sequence": [
        {
            "activity": "com.simplemobiletools.notes.pro.activities.MainActivity",
            "steps": [
                "1. Open the app and navigate to the note titled 'diary'.",
                "2. Tap on the note to open it.",
                "3. Access the options menu (usually represented by three dots or a similar icon).",
                "4. Select the 'Rename' option from the menu.",
                "5. In the rename dialog, change the title from 'diary' to 'events'.",
                "6. Confirm the rename action by tapping 'OK' or a similar confirmation button."
            ]
        }
    ],
    "explanation": "because the MainActivity contains the functionality to rename notes, including the method 'displayRenameDialog' which handles the renaming process."
}
```
