2025-01-16 20:19:55,627 - INFO - This is a event:0
2025-01-16 20:19:55,999 - INFO - -----query_current_activity start query------
2025-01-16 20:19:56,005 - INFO - To achieve the task of sorting folders by last modified time in descending order, you need to focus on the `MainActivity` of the app, as it is the primary activity responsible for displaying and managing files and folders. Here's how you can approach this:

### Key Components in `MainActivity`
1. **`MyViewPager` (ID: `@+id/main_view_pager`)**: This is likely the component that displays the list of files and folders. It uses a `ViewPager` to manage different tabs or views.
2. **`TabLayout` (ID: `@+id/main_tabs_holder`)**: This component is used to switch between different tabs, such as files, folders, or other categories.

### Steps to Implement Sorting by Last Modified Time
1. **Identify the Data Source**:
   - The data for the folders is likely being loaded into a `RecyclerView` or a similar component within the `ViewPager`. You need to locate the adapter or data source that provides the list of folders.

2. **Modify the Adapter**:
   - If the data is stored in a `List<File>` or similar structure, you can sort the list by the last modified time before passing it to the adapter.
   - Use `Collections.sort()` with a custom comparator to sort the folders by their last modified time in descending order.

   Example:
   ```java
   Collections.sort(folderList, new Comparator<File>() {
       @Override
       public int compare(File f1, File f2) {
           return Long.compare(f2.lastModified(), f1.lastModified());
       }
   });
   ```

3. **Update the UI**:
   - After sorting the list, notify the adapter that the data has changed using `adapter.notifyDataSetChanged()`.

4. **Add a Sorting Option**:
   - You can add a menu item or a button in the `MainActivity` to trigger the sorting. For example, you can add a "Sort by Last Modified" option in the toolbar menu.
   - In the `onOptionsItemSelected()` method, handle the click event for this menu item and call the sorting logic.

   Example:
   ```java
   @Override
   public boolean onOptionsItemSelected(MenuItem item) {
       int id = item.getItemId();
       if (id == R.id.action_sort_by_last_modified) {
           sortFoldersByLastModified();
           return true;
       }
       return super.onOptionsItemSelected(item);
   }
   ```

5. **Persist the Sorting Preference**:
   - If you want the sorting preference to persist across app sessions, you can save the user's choice in `SharedPreferences` and apply the sorting whenever the data is loaded.

### Example Code
Here¡¯s an example of how you might implement the sorting logic in `MainActivity`:

```java
public class MainActivity extends AppCompatActivity {
    private List<File> folderList;
    private FolderAdapter adapter;

    @Override
    protected void onCreate(Bundle savedInstanceState) {
        super.onCreate(savedInstanceState);
        setContentView(R.layout.activity_main);

        // Initialize the folder list and adapter
        folderList = loadFolders();
        adapter = new FolderAdapter(folderList);
        RecyclerView recyclerView = findViewById(R.id.main_view_pager);
        recyclerView.setAdapter(adapter);
    }

    private List<File> loadFolders() {
        // Load folders from storage
        File directory = new File(Environment.getExternalStorageDirectory().getAbsolutePath());
        File[] files = directory.listFiles();
        List<File> folders = new ArrayList<>();
        if (files != null) {
            for (File file : files) {
                if (file.isDirectory()) {
                    folders.add(file);
                }
            }
        }
        return folders;
    }

    private void sortFoldersByLastModified() {
        Collections.sort(folderList, new Comparator<File>() {
            @Override
            public int compare(File f1, File f2) {
                return Long.compare(f2.lastModified(), f1.lastModified());
            }
        });
        adapter.notifyDataSetChanged();
    }

    @Override
    public boolean onCreateOptionsMenu(Menu menu) {
        getMenuInflater().inflate(R.menu.menu_main, menu);
        return true;
    }

    @Override
    public boolean onOptionsItemSelected(MenuItem item) {
        int id = item.getItemId();
        if (id == R.id.action_sort_by_last_modified) {
            sortFoldersByLastModified();
            return true;
        }
        return super.onOptionsItemSelected(item);
    }
}
```

### Layout Changes
Add a menu item in `res/menu/menu_main.xml` for sorting:
```xml
<menu xmlns:android="http://schemas.android.com/apk/res/android">
    <item
        android:id="@+id/action_sort_by_last_modified"
        android:title="Sort by Last Modified"
        android:orderInCategory="100"
        android:showAsAction="never" />
</menu>
```

### Summary
- Locate the data source for folders in `MainActivity`.
- Sort the folder list by last modified time in descending order.
- Update the adapter and UI to reflect the sorted list.
- Add a menu item to trigger the sorting.

This approach should help you implement the desired functionality in the app.

 Here is the information about the screen we are currently on.
Widget(content-desc: ATX notification: UIAutomator, class: android.widget.ImageView, position: (128, 1, 186, 74))
Widget(content-desc: Android System notification: , class: android.widget.ImageView, position: (186, 1, 244, 74))
Widget(resource-id: com.simplemobiletools.filemanager.pro:id/action_bar_root, class: android.widget.FrameLayout, position: (0, 74, 1080, 2277))
Widget(resource-id: com.simplemobiletools.filemanager.pro:id/main_coordinator, class: android.view.ViewGroup, position: (0, 74, 1080, 2277))
Widget(resource-id: com.simplemobiletools.filemanager.pro:id/main_menu, class: android.widget.LinearLayout, position: (0, 74, 1080, 242))
Widget(resource-id: com.simplemobiletools.filemanager.pro:id/top_app_bar_layout, class: android.widget.LinearLayout, position: (42, 74, 1038, 242))
Widget(resource-id: com.simplemobiletools.filemanager.pro:id/top_toolbar_holder, class: android.widget.RelativeLayout, position: (42, 95, 1038, 221))
Widget(resource-id: com.simplemobiletools.filemanager.pro:id/top_toolbar_search_icon, content-desc: Search, class: android.widget.ImageView, position: (42, 95, 147, 221))
Widget(resource-id: com.simplemobiletools.filemanager.pro:id/top_toolbar_search, text: Search, class: android.widget.EditText, position: (147, 95, 604, 221))
Widget(resource-id: com.simplemobiletools.filemanager.pro:id/top_toolbar, class: android.view.ViewGroup, position: (604, 95, 1027, 221))
Widget(resource-id: com.simplemobiletools.filemanager.pro:id/change_view_type, content-desc: Change view type, class: android.widget.Button, position: (646, 95, 773, 221))
Widget(resource-id: com.simplemobiletools.filemanager.pro:id/settings, content-desc: Settings, class: android.widget.Button, position: (773, 95, 900, 221))
Widget(resource-id: com.simplemobiletools.filemanager.pro:id/about, content-desc: About, class: android.widget.Button, position: (900, 95, 1027, 221))
Widget(resource-id: com.simplemobiletools.filemanager.pro:id/main_holder, class: android.widget.RelativeLayout, position: (0, 242, 1080, 2277))
Widget(resource-id: com.simplemobiletools.filemanager.pro:id/main_view_pager, class: androidx.viewpager.widget.m, position: (0, 242, 1080, 2109))
Widget(resource-id: com.simplemobiletools.filemanager.pro:id/recents_fragment, class: android.widget.RelativeLayout, position: (0, 242, 1080, 2109))
Widget(resource-id: com.simplemobiletools.filemanager.pro:id/recents_swipe_refresh, class: android.view.ViewGroup, position: (0, 242, 1080, 2109))
Widget(resource-id: com.simplemobiletools.filemanager.pro:id/recents_list, class: androidx.recyclerview.widget.RecyclerView, position: (0, 242, 1080, 2109))
Widget(resource-id: com.simplemobiletools.filemanager.pro:id/item_frame, text: atx-agent.log, class: android.widget.FrameLayout, position: (0, 263, 1080, 415))
Widget(resource-id: com.simplemobiletools.filemanager.pro:id/item_holder, class: android.view.ViewGroup, position: (0, 268, 1080, 410))
Widget(resource-id: com.simplemobiletools.filemanager.pro:id/item_icon, class: android.widget.ImageView, position: (11, 268, 153, 410))
Widget(resource-id: com.simplemobiletools.filemanager.pro:id/item_name, text: atx-agent.log, class: android.widget.TextView, position: (153, 276, 1027, 339))
Widget(resource-id: com.simplemobiletools.filemanager.pro:id/item_details, text: 687.5 kB, class: android.widget.TextView, position: (153, 339, 665, 402))
Widget(resource-id: com.simplemobiletools.filemanager.pro:id/item_date, text: 16.01.2025, 04:43 AM, class: android.widget.TextView, position: (665, 345, 1027, 396))
Widget(resource-id: com.simplemobiletools.filemanager.pro:id/item_frame, text: atx-agent.daemon.log, class: android.widget.FrameLayout, position: (0, 420, 1080, 572))
Widget(resource-id: com.simplemobiletools.filemanager.pro:id/item_holder, class: android.view.ViewGroup, position: (0, 425, 1080, 567))
Widget(resource-id: com.simplemobiletools.filemanager.pro:id/item_icon, class: android.widget.ImageView, position: (11, 425, 153, 567))
Widget(resource-id: com.simplemobiletools.filemanager.pro:id/item_name, text: atx-agent.daemon.log, class: android.widget.TextView, position: (153, 433, 1027, 496))
Widget(resource-id: com.simplemobiletools.filemanager.pro:id/item_details, text: 1.3 kB, class: android.widget.TextView, position: (153, 496, 665, 559))
Widget(resource-id: com.simplemobiletools.filemanager.pro:id/item_date, text: 16.01.2025, 04:29 AM, class: android.widget.TextView, position: (665, 502, 1027, 553))
Widget(resource-id: com.simplemobiletools.filemanager.pro:id/item_frame, text: Diary.pdf, class: android.widget.FrameLayout, position: (0, 577, 1080, 729))
Widget(resource-id: com.simplemobiletools.filemanager.pro:id/item_holder, class: android.view.ViewGroup, position: (0, 582, 1080, 724))
Widget(resource-id: com.simplemobiletools.filemanager.pro:id/item_icon, class: android.widget.ImageView, position: (11, 582, 153, 724))
Widget(resource-id: com.simplemobiletools.filemanager.pro:id/item_name, text: Diary.pdf, class: android.widget.TextView, position: (153, 590, 1027, 653))
Widget(resource-id: com.simplemobiletools.filemanager.pro:id/item_details, text: 5.4 kB, class: android.widget.TextView, position: (153, 653, 665, 716))
Widget(resource-id: com.simplemobiletools.filemanager.pro:id/item_date, text: 15.01.2025, 10:36 AM, class: android.widget.TextView, position: (665, 659, 1027, 710))
Widget(resource-id: com.simplemobiletools.filemanager.pro:id/item_frame, text: 01_15_01_00.txt, class: android.widget.FrameLayout, position: (0, 734, 1080, 886))
Widget(resource-id: com.simplemobiletools.filemanager.pro:id/item_holder, class: android.view.ViewGroup, position: (0, 739, 1080, 881))
Widget(resource-id: com.simplemobiletools.filemanager.pro:id/item_icon, class: android.widget.ImageView, position: (11, 739, 153, 881))
Widget(resource-id: com.simplemobiletools.filemanager.pro:id/item_name, text: 01_15_01_00.txt, class: android.widget.TextView, position: (153, 747, 1027, 810))
Widget(resource-id: com.simplemobiletools.filemanager.pro:id/item_details, text: 891 B, class: android.widget.TextView, position: (153, 810, 665, 873))
Widget(resource-id: com.simplemobiletools.filemanager.pro:id/item_date, text: 15.01.2025, 01:37 AM, class: android.widget.TextView, position: (665, 816, 1027, 867))
Widget(resource-id: com.simplemobiletools.filemanager.pro:id/item_frame, text: 01_14_11_00.txt, class: android.widget.FrameLayout, position: (0, 891, 1080, 1043))
Widget(resource-id: com.simplemobiletools.filemanager.pro:id/item_holder, class: android.view.ViewGroup, position: (0, 896, 1080, 1038))
Widget(resource-id: com.simplemobiletools.filemanager.pro:id/item_icon, class: android.widget.ImageView, position: (11, 896, 153, 1038))
Widget(resource-id: com.simplemobiletools.filemanager.pro:id/item_name, text: 01_14_11_00.txt, class: android.widget.TextView, position: (153, 904, 1027, 967))
Widget(resource-id: com.simplemobiletools.filemanager.pro:id/item_details, text: 891 B, class: android.widget.TextView, position: (153, 967, 665, 1030))
Widget(resource-id: com.simplemobiletools.filemanager.pro:id/item_date, text: 14.01.2025, 11:44 AM, class: android.widget.TextView, position: (665, 973, 1027, 1024))
Widget(resource-id: com.simplemobiletools.filemanager.pro:id/item_frame, text: 01_07_13_00.txt, class: android.widget.FrameLayout, position: (0, 1048, 1080, 1200))
Widget(resource-id: com.simplemobiletools.filemanager.pro:id/item_holder, class: android.view.ViewGroup, position: (0, 1053, 1080, 1195))
Widget(resource-id: com.simplemobiletools.filemanager.pro:id/item_icon, class: android.widget.ImageView, position: (11, 1053, 153, 1195))
Widget(resource-id: com.simplemobiletools.filemanager.pro:id/item_name, text: 01_07_13_00.txt, class: android.widget.TextView, position: (153, 1061, 1027, 1124))
Widget(resource-id: com.simplemobiletools.filemanager.pro:id/item_details, text: 891 B, class: android.widget.TextView, position: (153, 1124, 666, 1187))
Widget(resource-id: com.simplemobiletools.filemanager.pro:id/item_date, text: 07.01.2025, 01:53 PM, class: android.widget.TextView, position: (666, 1130, 1027, 1181))
Widget(resource-id: com.simplemobiletools.filemanager.pro:id/item_frame, text: 12_30_12_00.txt, class: android.widget.FrameLayout, position: (0, 1205, 1080, 1357))
Widget(resource-id: com.simplemobiletools.filemanager.pro:id/item_holder, class: android.view.ViewGroup, position: (0, 1210, 1080, 1352))
Widget(resource-id: com.simplemobiletools.filemanager.pro:id/item_icon, class: android.widget.ImageView, position: (11, 1210, 153, 1352))
Widget(resource-id: com.simplemobiletools.filemanager.pro:id/item_name, text: 12_30_12_00.txt, class: android.widget.TextView, position: (153, 1218, 1027, 1281))
Widget(resource-id: com.simplemobiletools.filemanager.pro:id/item_details, text: 891 B, class: android.widget.TextView, position: (153, 1281, 666, 1344))
Widget(resource-id: com.simplemobiletools.filemanager.pro:id/item_date, text: 30.12.2024, 12:15 PM, class: android.widget.TextView, position: (666, 1287, 1027, 1338))
Widget(resource-id: com.simplemobiletools.filemanager.pro:id/item_frame, text: 12_28_12_00.txt, class: android.widget.FrameLayout, position: (0, 1362, 1080, 1514))
Widget(resource-id: com.simplemobiletools.filemanager.pro:id/item_holder, class: android.view.ViewGroup, position: (0, 1367, 1080, 1509))
Widget(resource-id: com.simplemobiletools.filemanager.pro:id/item_icon, class: android.widget.ImageView, position: (11, 1367, 153, 1509))
Widget(resource-id: com.simplemobiletools.filemanager.pro:id/item_name, text: 12_28_12_00.txt, class: android.widget.TextView, position: (153, 1375, 1027, 1438))
Widget(resource-id: com.simplemobiletools.filemanager.pro:id/item_details, text: 235 B, class: android.widget.TextView, position: (153, 1438, 666, 1501))
Widget(resource-id: com.simplemobiletools.filemanager.pro:id/item_date, text: 28.12.2024, 12:57 PM, class: android.widget.TextView, position: (666, 1444, 1027, 1495))
Widget(resource-id: com.simplemobiletools.filemanager.pro:id/item_frame, text: 12_28_06_00.txt, class: android.widget.FrameLayout, position: (0, 1519, 1080, 1671))
Widget(resource-id: com.simplemobiletools.filemanager.pro:id/item_holder, class: android.view.ViewGroup, position: (0, 1524, 1080, 1666))
Widget(resource-id: com.simplemobiletools.filemanager.pro:id/item_icon, class: android.widget.ImageView, position: (11, 1524, 153, 1666))
Widget(resource-id: com.simplemobiletools.filemanager.pro:id/item_name, text: 12_28_06_00.txt, class: android.widget.TextView, position: (153, 1532, 1027, 1595))
Widget(resource-id: com.simplemobiletools.filemanager.pro:id/item_details, text: 4.8 kB, class: android.widget.TextView, position: (153, 1595, 665, 1658))
Widget(resource-id: com.simplemobiletools.filemanager.pro:id/item_date, text: 28.12.2024, 06:28 AM, class: android.widget.TextView, position: (665, 1601, 1027, 1652))
Widget(resource-id: com.simplemobiletools.filemanager.pro:id/item_frame, text: General note.txt, class: android.widget.FrameLayout, position: (0, 1676, 1080, 1828))
Widget(resource-id: com.simplemobiletools.filemanager.pro:id/item_holder, class: android.view.ViewGroup, position: (0, 1681, 1080, 1823))
Widget(resource-id: com.simplemobiletools.filemanager.pro:id/item_icon, class: android.widget.ImageView, position: (11, 1681, 153, 1823))
Widget(resource-id: com.simplemobiletools.filemanager.pro:id/item_name, text: General note.txt, class: android.widget.TextView, position: (153, 1689, 1027, 1752))
Widget(resource-id: com.simplemobiletools.filemanager.pro:id/item_details, text: 0 B, class: android.widget.TextView, position: (153, 1752, 665, 1815))
Widget(resource-id: com.simplemobiletools.filemanager.pro:id/item_date, text: 19.12.2024, 06:27 AM, class: android.widget.TextView, position: (665, 1758, 1027, 1809))
Widget(resource-id: com.simplemobiletools.filemanager.pro:id/item_frame, text: 12_19_02_00.txt, class: android.widget.FrameLayout, position: (0, 1833, 1080, 1985))
Widget(resource-id: com.simplemobiletools.filemanager.pro:id/item_holder, class: android.view.ViewGroup, position: (0, 1838, 1080, 1980))
Widget(resource-id: com.simplemobiletools.filemanager.pro:id/item_icon, class: android.widget.ImageView, position: (11, 1838, 153, 1980))
Widget(resource-id: com.simplemobiletools.filemanager.pro:id/item_name, text: 12_19_02_00.txt, class: android.widget.TextView, position: (153, 1846, 1027, 1909))
Widget(resource-id: com.simplemobiletools.filemanager.pro:id/item_details, text: 891 B, class: android.widget.TextView, position: (153, 1909, 665, 1972))
Widget(resource-id: com.simplemobiletools.filemanager.pro:id/item_date, text: 19.12.2024, 02:42 AM, class: android.widget.TextView, position: (665, 1915, 1027, 1966))
Widget(resource-id: com.simplemobiletools.filemanager.pro:id/item_frame, text: 12_18_13_00.txt, class: android.widget.FrameLayout, position: (0, 1990, 1080, 2109))
Widget(resource-id: com.simplemobiletools.filemanager.pro:id/item_holder, class: android.view.ViewGroup, position: (0, 1995, 1080, 2109))
Widget(resource-id: com.simplemobiletools.filemanager.pro:id/item_icon, class: android.widget.ImageView, position: (11, 1995, 153, 2109))
Widget(resource-id: com.simplemobiletools.filemanager.pro:id/item_name, text: 12_18_13_00.txt, class: android.widget.TextView, position: (153, 2003, 1027, 2066))
Widget(resource-id: com.simplemobiletools.filemanager.pro:id/item_details, text: 2.1 kB, class: android.widget.TextView, position: (153, 2066, 666, 2109))
Widget(resource-id: com.simplemobiletools.filemanager.pro:id/item_date, text: 18.12.2024, 01:50 PM, class: android.widget.TextView, position: (666, 2072, 1027, 2109))
Widget(resource-id: com.simplemobiletools.filemanager.pro:id/main_tabs_holder, class: android.widget.HorizontalScrollView, position: (0, 2109, 1080, 2277))
Widget(text: Files, class: android.widget.LinearLayout, position: (0, 2109, 360, 2277))
Widget(resource-id: com.simplemobiletools.filemanager.pro:id/tab_item_holder, class: android.widget.LinearLayout, position: (143, 2141, 217, 2277))
Widget(resource-id: com.simplemobiletools.filemanager.pro:id/tab_item_icon, class: android.widget.ImageView, position: (143, 2141, 217, 2215))
Widget(resource-id: com.simplemobiletools.filemanager.pro:id/tab_item_label, text: Files, class: android.widget.TextView, position: (153, 2215, 206, 2277))
Widget(resource-id: com.simplemobiletools.filemanager.pro:id/tab_item_holder, class: android.widget.LinearLayout, position: (493, 2141, 587, 2277))
Widget(resource-id: com.simplemobiletools.filemanager.pro:id/tab_item_icon, class: android.widget.ImageView, position: (503, 2141, 577, 2215))
Widget(resource-id: com.simplemobiletools.filemanager.pro:id/tab_item_label, text: Recents, class: android.widget.TextView, position: (493, 2215, 587, 2277))
Widget(text: Storage, class: android.widget.LinearLayout, position: (720, 2109, 1080, 2277))
Widget(resource-id: com.simplemobiletools.filemanager.pro:id/tab_item_holder, class: android.widget.LinearLayout, position: (854, 2141, 945, 2277))
Widget(resource-id: com.simplemobiletools.filemanager.pro:id/tab_item_icon, class: android.widget.ImageView, position: (862, 2141, 936, 2215))
Widget(resource-id: com.simplemobiletools.filemanager.pro:id/tab_item_label, text: Storage, class: android.widget.TextView, position: (854, 2215, 945, 2277))


        I would like to know which activity/fragment we are currently on.
        Please respond in the following JSON format:
        {
        "activity_or_fragment": "TestActivity",
        }
        or 
        {
        "activity_or_fragment": "TestFragment",
        }
        If can not determine the activity/fragment,just output{
        "activity_or_fragment": "Unknown"
        }
        Do not output anything else except json format result.
        
2025-01-16 20:19:58,425 - INFO - ------answer------
2025-01-16 20:19:58,425 - INFO - ```json
{
"activity_or_fragment": "MainActivity"
}
```
2025-01-16 20:20:05,135 - INFO - ------query_instructions------
2025-01-16 20:20:05,135 - INFO - ```json
{
    "task": "sort the folders by last modified in descending order",
    "activities_sequence": [
        {
            "activity": "com.simplemobiletools.filemanager.pro.activities.MainActivity",
            "steps": [
                "1. Open the app and navigate to the folder you want to sort.",
                "2. Tap on the 'Sort' menu item in the toolbar.",
                "3. Select 'Last Modified' as the sorting criteria.",
                "4. Choose 'Descending' order to sort the folders by last modified date in descending order."
            ]
        }
    ],
    "explanation": "because the MainActivity contains the 'Sort' menu item which allows sorting folders by last modified date in descending order."
}
```
