2024-12-31 14:51:02,719 - INFO - This is a event:0
2024-12-31 14:51:02,722 - INFO - -----query_current_activity start query------
2024-12-31 14:51:02,722 - INFO - To achieve the target task of creating a checklist note called "NewCheckList" in the given app, you need to understand the flow of activities and fragments in the app. Based on the provided information, here¡¯s a step-by-step breakdown of how to accomplish this task:

---

### **Step 1: Identify the MainActivity**
The `MainActivity` (`com.simplemobiletools.notes.pro.activities.MainActivity`) is the primary activity where notes are managed. It uses a `NotesPagerAdapter` to handle fragments like `NoteFragment` and `TextFragment`. Since the task involves creating a checklist note, you¡¯ll likely interact with the `NoteFragment` or `TextFragment`.

---

### **Step 2: Analyze the NoteFragment or TextFragment**
The `NoteFragment` or `TextFragment` is responsible for displaying and managing notes. Since you want to create a checklist note, you need to:
1. Identify the UI elements in the fragment layout (e.g., buttons, input fields).
2. Determine how new notes are created (e.g., via a button click or menu option).
3. Check if there¡¯s a specific method or function for creating checklist notes.

---

### **Step 3: Create the Checklist Note**
To create a checklist note called "NewCheckList":
1. **Open the MainActivity**: Launch the app and ensure you¡¯re in the `MainActivity`.
2. **Navigate to the Note Creation UI**: Look for a button or menu option to create a new note. This might be a floating action button (FAB) or an option in the app bar.
3. **Select Checklist Note Type**: If the app supports different note types (e.g., text note, checklist note), choose the checklist option.
4. **Enter the Note Title**: Set the title of the note to "NewCheckList".
5. **Add Checklist Items**: Add items to the checklist (if applicable).
6. **Save the Note**: Save the note, which should now appear in the list of notes.

---

### **Step 4: Verify the Note**
After creating the note:
1. Check if the note appears in the `MainActivity` or `NoteFragment`.
2. Ensure the note is of type "checklist" and has the correct title ("NewCheckList").
3. Verify that the checklist items (if any) are displayed correctly.

---

### **Step 5: Debugging and Testing**
If the note doesn¡¯t appear or behaves unexpectedly:
1. Check the app logs for any errors or warnings.
2. Review the code in `MainActivity`, `NoteFragment`, or `TextFragment` to ensure the note creation logic is correct.
3. Test the app on different devices or emulators to rule out device-specific issues.

---

### **Code Snippets (Hypothetical)**
If you have access to the source code, here¡¯s an example of how the note creation might look:

```java
// In MainActivity.java
public void createChecklistNote(String title) {
    Note newNote = new Note();
    newNote.setTitle(title);
    newNote.setType(NoteType.CHECKLIST); // Assuming NoteType is an enum
    notesAdapter.addNote(newNote); // Add the note to the adapter
    notesAdapter.notifyDataSetChanged(); // Refresh the UI
}

// In NoteFragment.java
public void onAddNoteButtonClick() {
    String noteTitle = "NewCheckList";
    ((MainActivity) getActivity()).createChecklistNote(noteTitle);
}
```

---

### **Conclusion**
By following these steps, you should be able to create a checklist note called "NewCheckList" in the app. If you encounter any issues, refer to the app¡¯s source code or documentation for further guidance.

 Here is the information about the screen we are currently on.
Widget(content-desc: More options, class: android.widget.ImageView, position: (975, 94, 1080, 220))
Widget(text: General note, class: android.widget.TextView, position: (0, 245, 207, 320))
Widget(text: NewTextNote, class: android.widget.TextView, position: (375, 245, 706, 320))
Widget(text: python run.py Notes com.simplemobiletools.notes.pro  "create a checklist named 'test' and sort the items by creating date" 30, class: android.widget.TextView, position: (874, 245, 1080, 320))
Widget(content-desc: Security & privacy notification: Set a screen lock, class: android.widget.ImageView, position: (107, 1, 165, 74))
Widget(content-desc: ATX notification: UIAutomator, class: android.widget.ImageView, position: (165, 1, 223, 74))
Widget(content-desc: Settings notification: Virtual SD card, class: android.widget.ImageView, position: (223, 1, 281, 74))
Widget(content-desc: Android System notification: , class: android.widget.ImageView, position: (281, 1, 339, 74))


        I would like to know which activity/fragment we are currently on.
        Please respond in the following JSON format:
        {
        "activity_or_fragment": "TestActivity",
        }
        or 
        {
        "activity_or_fragment": "TestFragment",
        }
        If can not determine the activity/fragment,just output{
        "activity_or_fragment": "Unknown"
        }
        Do not output anything else except json format result.
        
2024-12-31 14:51:03,738 - INFO - ------answer------
2024-12-31 14:51:03,738 - INFO - ```json
{
"activity_or_fragment": "Unknown"
}
```
2024-12-31 14:51:10,983 - INFO - ------query_instructions------
2024-12-31 14:51:10,984 - INFO - ```json
{
    "task": "Create a checklist note called 'NewCheckList'",
    "activities_sequence": [
        {
            "activity": "SplashActivity",
            "steps": [
                "1. Launch the app, which starts with SplashActivity.",
                "2. SplashActivity checks for any specific intents and then starts MainActivity."
            ]
        },
        {
            "activity": "MainActivity",
            "steps": [
                "3. In MainActivity, click on the 'Add New Note' button or similar UI element.",
                "4. Select the option to create a checklist note.",
                "5. Enter 'NewCheckList' as the title of the checklist note.",
                "6. Save the checklist note."
            ]
        }
    ],
    "explanation": "because MainActivity contains the functionality to add new notes, including checklist notes, and allows the user to input a title and save the note."
}
```
