2024-12-31 15:23:19,212 - INFO - This is a event:0
2024-12-31 15:23:38,397 - INFO - -----query_current_activity start query------
2024-12-31 15:23:38,398 - INFO - To achieve the task of changing the alignment to center, you need to identify the specific UI elements in the layout files that you want to align centrally. Since you haven't provided the actual content of the layout files (`activity_main.xml`, `widget_config.xml`, `activity_settings.xml`, etc.), I'll guide you through the general steps to center-align elements in Android XML layouts.

### Steps to Center Align Elements in Android XML Layouts

1. **Identify the Layout Type**:
   - If the layout is a `LinearLayout`, you can use `android:gravity="center"` to center its child elements.
   - If the layout is a `RelativeLayout`, you can use `android:centerInParent="true"` or `android:layout_centerHorizontal="true"` and `android:layout_centerVertical="true"` to center elements.
   - If the layout is a `ConstraintLayout`, you can use constraints to center elements.

2. **Center Align in `LinearLayout`**:
   ```xml
   <LinearLayout
       android:layout_width="match_parent"
       android:layout_height="match_parent"
       android:gravity="center">
       
       <!-- Your UI elements here -->
       
   </LinearLayout>
   ```

3. **Center Align in `RelativeLayout`**:
   ```xml
   <RelativeLayout
       android:layout_width="match_parent"
       android:layout_height="match_parent">
       
       <TextView
           android:layout_width="wrap_content"
           android:layout_height="wrap_content"
           android:layout_centerInParent="true"
           android:text="Centered Text"/>
       
   </RelativeLayout>
   ```

4. **Center Align in `ConstraintLayout`**:
   ```xml
   <androidx.constraintlayout.widget.ConstraintLayout
       android:layout_width="match_parent"
       android:layout_height="match_parent">
       
       <TextView
           android:layout_width="wrap_content"
           android:layout_height="wrap_content"
           app:layout_constraintTop_toTopOf="parent"
           app:layout_constraintBottom_toBottomOf="parent"
           app:layout_constraintStart_toStartOf="parent"
           app:layout_constraintEnd_toEndOf="parent"
           android:text="Centered Text"/>
       
   </androidx.constraintlayout.widget.ConstraintLayout>
   ```

### Applying to Your Specific Files

- **`activity_main.xml`**: Identify the root layout and the elements you want to center. Apply the appropriate centering attributes as shown above.
  
- **`widget_config.xml`**: Similarly, locate the elements that need to be centered and apply the centering attributes.

- **`activity_settings.xml`**: Find the relevant UI components and adjust their alignment to center.

### Example for `activity_main.xml`

Assuming you have a `TextView` in `activity_main.xml` that you want to center:

```xml
<RelativeLayout
    android:layout_width="match_parent"
    android:layout_height="match_parent">
    
    <TextView
        android:id="@+id/myTextView"
        android:layout_width="wrap_content"
        android:layout_height="wrap_content"
        android:layout_centerInParent="true"
        android:text="Centered Text"/>
    
</RelativeLayout>
```

### Example for `widget_config.xml`

If you have a `Button` in `widget_config.xml` that you want to center:

```xml
<LinearLayout
    android:layout_width="match_parent"
    android:layout_height="match_parent"
    android:gravity="center">
    
    <Button
        android:id="@+id/myButton"
        android:layout_width="wrap_content"
        android:layout_height="wrap_content"
        android:text="Centered Button"/>
    
</LinearLayout>
```

### Example for `activity_settings.xml`

If you have a `Switch` in `activity_settings.xml` that you want to center:

```xml
<ConstraintLayout
    android:layout_width="match_parent"
    android:layout_height="match_parent">
    
    <Switch
        android:id="@+id/mySwitch"
        android:layout_width="wrap_content"
        android:layout_height="wrap_content"
        app:layout_constraintTop_toTopOf="parent"
        app:layout_constraintBottom_toBottomOf="parent"
        app:layout_constraintStart_toStartOf="parent"
        app:layout_constraintEnd_toEndOf="parent"/>
    
</ConstraintLayout>
```

### Conclusion

By following these steps and applying the appropriate centering attributes to the relevant UI elements in your layout files, you can achieve the task of changing the alignment to center. If you provide the actual content of the layout files, I can give more specific guidance.

 Here is the information about the screen we are currently on.
Widget(content-desc: More options, class: android.widget.ImageView, position: (975, 94, 1080, 220))
Widget(text: test123456781234561234567878, class: android.widget.TextView, position: (122, 247, 959, 322))
Widget(content-desc: Security & privacy notification: Set a screen lock, class: android.widget.ImageView, position: (107, 1, 165, 74))
Widget(content-desc: ATX notification: UIAutomator, class: android.widget.ImageView, position: (165, 1, 223, 74))
Widget(content-desc: Settings notification: Virtual SD card, class: android.widget.ImageView, position: (223, 1, 281, 74))
Widget(content-desc: Android System notification: , class: android.widget.ImageView, position: (281, 1, 339, 74))


        I would like to know which activity/fragment we are currently on.
        Please respond in the following JSON format:
        {
        "activity_or_fragment": "TestActivity",
        }
        or 
        {
        "activity_or_fragment": "TestFragment",
        }
        If can not determine the activity/fragment,just output{
        "activity_or_fragment": "Unknown"
        }
        Do not output anything else except json format result.
        
2024-12-31 15:23:39,721 - INFO - ------answer------
2024-12-31 15:23:39,722 - INFO - ```json
{
"activity_or_fragment": "Unknown"
}
```
2024-12-31 15:23:47,938 - INFO - ------query_instructions------
2024-12-31 15:23:47,938 - INFO - ```json
{
    "task": "Change the alignment to center",
    "activities_sequence": [
        {
            "activity": "MainActivity",
            "steps": [
                "1. Open the app and navigate to the note you want to edit."
            ]
        },
        {
            "activity": "SettingsActivity",
            "steps": [
                "2. Tap on the settings icon to open the Settings menu.",
                "3. Scroll to find the 'Gravity' option.",
                "4. Tap on the 'Gravity' option to open the alignment settings.",
                "5. Select the 'Center' option from the available alignment choices."
            ]
        },
        {
            "activity": "MainActivity",
            "steps": [
                "6. Return to the note to see the text aligned to the center."
            ]
        }
    ],
    "explanation": "because the 'Gravity' setting in the SettingsActivity allows the user to change the text alignment to center."
}
```
