2025-01-17 10:40:03,092 - INFO - This is a event:0
2025-01-17 10:40:22,378 - INFO - -----query_current_activity start query------
2025-01-17 10:40:22,379 - INFO - To modify Alice's mobile number to `1234567890` and save it, you need to identify the relevant activity and layout where the contact information is displayed and edited. Based on the provided list of activities and layouts, it seems that the `MainActivity` or `ManageSpeedDialActivity` might be the most relevant for this task.

### Steps to Achieve the Task:

1. **Identify the Activity and Layout**:
   - The `MainActivity` (`com.simplemobiletools.dialer.activities.MainActivity`) is likely the primary activity where contacts are managed.
   - The `ManageSpeedDialActivity` (`com.simplemobiletools.dialer.activities.ManageSpeedDialActivity`) might also be relevant if speed dial settings are involved.

2. **Locate the Contact Edit UI**:
   - In the `MainActivity`, you need to find the UI elements that allow editing contact details. This could be a button or a menu item that opens a dialog or another activity for editing.
   - In the `ManageSpeedDialActivity`, you might find a list of contacts with options to edit their details.

3. **Modify the Contact Information**:
   - Once you locate the edit UI, you need to programmatically set the mobile number field to `1234567890`.
   - This might involve finding the `EditText` or `TextView` that displays the mobile number and setting its text value.

4. **Save the Changes**:
   - After modifying the number, you need to trigger the save action. This could be a button click or an automatic save when the edit UI is closed.

### Example Code Snippet:

Assuming you have identified the relevant `EditText` for the mobile number in the `MainActivity`, here¡¯s how you might modify and save the number:

```java
// Assuming you have access to the EditText for the mobile number
EditText mobileNumberEditText = findViewById(R.id.mobile_number_edit_text);

// Set the mobile number to 1234567890
mobileNumberEditText.setText("1234567890");

// Trigger the save action (assuming there's a save button)
Button saveButton = findViewById(R.id.save_button);
saveButton.setOnClickListener(new View.OnClickListener() {
    @Override
    public void onClick(View v) {
        // Save the modified number
        String newNumber = mobileNumberEditText.getText().toString();
        saveContact(newNumber); // Implement this method to save the contact
    }
});

// Method to save the contact (pseudo-code)
private void saveContact(String newNumber) {
    // Logic to save the contact with the new number
    // This might involve updating a database or making an API call
}
```

### Notes:
- **Permissions**: Ensure that your app has the necessary permissions to read and write contacts.
- **Error Handling**: Implement error handling for cases where the contact might not exist or the save operation fails.
- **UI/UX**: Consider the user experience when modifying and saving contact information. Provide feedback to the user, such as a toast message or a snackbar, indicating that the changes have been saved successfully.

If the contact editing is handled in a different activity or fragment, you would need to navigate to that activity/fragment, perform the modification, and then save the changes accordingly.

 Here is the information about the screen we are currently on.
Widget(resource-id: com.simplemobiletools.dialer:id/action_bar_root, class: android.widget.FrameLayout, position: (0, 74, 1080, 2277))
Widget(resource-id: com.simplemobiletools.dialer:id/main_coordinator, class: android.view.ViewGroup, position: (0, 74, 1080, 2277))
Widget(resource-id: com.simplemobiletools.dialer:id/main_menu, class: android.widget.LinearLayout, position: (0, 74, 1080, 242))
Widget(resource-id: com.simplemobiletools.dialer:id/top_app_bar_layout, class: android.widget.LinearLayout, position: (42, 74, 1038, 242))
Widget(resource-id: com.simplemobiletools.dialer:id/top_toolbar_holder, class: android.widget.RelativeLayout, position: (42, 95, 1038, 221))
Widget(resource-id: com.simplemobiletools.dialer:id/top_toolbar_search_icon, content-desc: Search, class: android.widget.ImageView, position: (42, 95, 147, 221))
Widget(resource-id: com.simplemobiletools.dialer:id/top_toolbar_search, text: Search, class: android.widget.EditText, position: (147, 95, 626, 221))
Widget(resource-id: com.simplemobiletools.dialer:id/top_toolbar, class: android.view.ViewGroup, position: (626, 95, 1027, 221))
Widget(resource-id: com.simplemobiletools.dialer:id/sort, content-desc: Sort by, class: android.widget.Button, position: (668, 95, 795, 221))
Widget(resource-id: com.simplemobiletools.dialer:id/filter, content-desc: Filter, class: android.widget.Button, position: (795, 95, 922, 221))
Widget(content-desc: More options, class: android.widget.ImageView, position: (922, 95, 1027, 221))
Widget(resource-id: com.simplemobiletools.dialer:id/main_holder, class: android.view.ViewGroup, position: (0, 242, 1080, 2277))
Widget(resource-id: com.simplemobiletools.dialer:id/view_pager, class: r4.i, position: (0, 242, 1080, 2109))
Widget(resource-id: com.simplemobiletools.dialer:id/favorites_fragment, class: android.widget.RelativeLayout, position: (0, 242, 1080, 2109))
Widget(resource-id: com.simplemobiletools.dialer:id/fragment_wrapper, class: android.widget.RelativeLayout, position: (0, 242, 1080, 2109))
Widget(resource-id: com.simplemobiletools.dialer:id/fragment_list, class: androidx.recyclerview.widget.RecyclerView, position: (0, 242, 1080, 2109))
Widget(resource-id: com.simplemobiletools.dialer:id/item_contact_frame, text: Alice, class: android.view.ViewGroup, position: (0, 242, 1080, 410))
Widget(resource-id: com.simplemobiletools.dialer:id/item_contact_image, class: android.widget.ImageView, position: (43, 263, 169, 389))
Widget(resource-id: com.simplemobiletools.dialer:id/item_contact_name, text: Alice, class: android.widget.TextView, position: (169, 295, 1048, 358))
Widget(resource-id: com.simplemobiletools.dialer:id/letter_fastscroller_thumb, class: android.view.ViewGroup, position: (807, 242, 954, 431))
Widget(resource-id: com.simplemobiletools.dialer:id/letter_fastscroller, text: A, class: android.widget.LinearLayout, position: (996, 242, 1080, 431))
Widget(text: A, class: android.widget.TextView, position: (996, 305, 1080, 368))
Widget(resource-id: com.simplemobiletools.dialer:id/main_dialpad_button, content-desc: Dialpad, class: android.widget.ImageButton, position: (880, 1920, 1027, 2067))
Widget(resource-id: com.simplemobiletools.dialer:id/main_tabs_holder, class: android.widget.HorizontalScrollView, position: (0, 2109, 1080, 2277))
Widget(text: Contacts, class: android.widget.LinearLayout, position: (0, 2109, 360, 2277))
Widget(resource-id: com.simplemobiletools.dialer:id/tab_item_holder, class: android.widget.LinearLayout, position: (127, 2141, 232, 2277))
Widget(resource-id: com.simplemobiletools.dialer:id/tab_item_icon, class: android.widget.ImageView, position: (142, 2141, 216, 2215))
Widget(resource-id: com.simplemobiletools.dialer:id/tab_item_label, text: Contacts, class: android.widget.TextView, position: (127, 2215, 232, 2277))
Widget(resource-id: com.simplemobiletools.dialer:id/tab_item_holder, class: android.widget.LinearLayout, position: (486, 2141, 593, 2277))
Widget(resource-id: com.simplemobiletools.dialer:id/tab_item_icon, class: android.widget.ImageView, position: (502, 2141, 576, 2215))
Widget(resource-id: com.simplemobiletools.dialer:id/tab_item_label, text: Favorites, class: android.widget.TextView, position: (486, 2215, 593, 2277))
Widget(text: Call History, class: android.widget.LinearLayout, position: (720, 2109, 1080, 2277))
Widget(resource-id: com.simplemobiletools.dialer:id/tab_item_holder, class: android.widget.LinearLayout, position: (834, 2141, 966, 2277))
Widget(resource-id: com.simplemobiletools.dialer:id/tab_item_icon, class: android.widget.ImageView, position: (863, 2141, 937, 2215))
Widget(resource-id: com.simplemobiletools.dialer:id/tab_item_label, text: Call History, class: android.widget.TextView, position: (834, 2215, 966, 2277))
Widget(content-desc: Speakerphone enabled., class: android.widget.ImageView, position: (819, 8, 866, 66))


        I would like to know which activity/fragment we are currently on.
        Please respond in the following JSON format:
        {
        "activity_or_fragment": "TestActivity",
        }
        or 
        {
        "activity_or_fragment": "TestFragment",
        }
        If can not determine the activity/fragment,just output{
        "activity_or_fragment": "Unknown"
        }
        Do not output anything else except json format result.
        
2025-01-17 10:40:24,071 - INFO - ------answer------
2025-01-17 10:40:24,071 - INFO - ```json
{
"activity_or_fragment": "MainActivity"
}
```
2025-01-17 10:40:41,314 - INFO - ------query_instructions------
2025-01-17 10:40:41,314 - INFO - ```json
{
    "task": "Modify Alice's mobile number to 1234567890 and save it",
    "activities_sequence": [
        {
            "activity": "MainActivity",
            "steps": [
                "1. Open the app and navigate to the Contacts tab.",
                "2. Search for 'Alice' in the contacts list.",
                "3. Tap on Alice's contact to open the contact details."
            ]
        },
        {
            "activity": "ContactsFragment",
            "steps": [
                "4. Tap on the 'Edit' button to modify the contact details.",
                "5. Locate the mobile number field and change the number to '1234567890'.",
                "6. Tap on the 'Save' button to save the changes."
            ]
        }
    ],
    "explanation": "because the ContactsFragment allows editing and saving contact details, including the mobile number."
}
```
