2025-01-17 01:40:57,613 - INFO - This is a event:0
2025-01-17 01:41:25,700 - INFO - -----query_current_activity start query------
2025-01-17 01:41:25,702 - INFO - To achieve the task of "showing phone numbers in the list view," you need to focus on the `MainActivity` and its associated layout (`R.layout.activity_main`). The `MainActivity` is likely the primary activity where the list of contacts is displayed. Here's how you can approach this task:

### 1. **Identify the List View in `MainActivity`**
   - In the `MainActivity` layout (`R.layout.activity_main`), the `MyViewPager` with the ID `@+id/view_pager` is likely responsible for displaying the list of contacts. The `TabLayout` (`@+id/main_tabs_holder`) suggests that the contacts might be organized into tabs (e.g., All Contacts, Favorites, etc.).
   - The `MyViewPager` is likely populated with fragments that display the list of contacts. You need to identify the fragment that displays the contact list.

### 2. **Locate the Fragment Responsible for Displaying Contacts**
   - The `MyViewPager` in `MainActivity` is likely associated with a `FragmentPagerAdapter` or `FragmentStatePagerAdapter` that manages the fragments for each tab.
   - You need to find the fragment that displays the list of contacts. This fragment will have a `RecyclerView` or `ListView` that displays the contacts.

### 3. **Modify the Fragment to Display Phone Numbers**
   - Once you locate the fragment, you need to modify its layout and adapter to display phone numbers alongside the contact names.
   - The fragment's layout will likely include a `RecyclerView` or `ListView`. You need to modify the item layout used by the adapter to include a `TextView` for displaying the phone number.

### 4. **Update the Adapter to Bind Phone Numbers**
   - The adapter responsible for binding data to the `RecyclerView` or `ListView` will need to be updated to bind the phone number data to the new `TextView`.
   - Ensure that the adapter retrieves the phone numbers from the contact data and displays them in the list item.

### 5. **Ensure Phone Numbers are Fetched from the Contact Data**
   - The contact data is likely fetched from a `ContentProvider` or a local database. Ensure that the phone numbers are included in the data fetched for each contact.
   - If the phone numbers are not being fetched, you may need to modify the query to include phone numbers.

### 6. **Handle Multiple Phone Numbers**
   - If a contact has multiple phone numbers, decide how you want to display them (e.g., display the primary number, or list all numbers).
   - You may need to modify the item layout to accommodate multiple phone numbers.

### 7. **Testing**
   - After making the changes, test the app to ensure that phone numbers are displayed correctly in the list view.
   - Check for any performance issues, especially if you are displaying multiple phone numbers for each contact.

### Example Code Snippet for Adapter:
Here¡¯s an example of how you might modify the adapter to display phone numbers:

```java
public class ContactsAdapter extends RecyclerView.Adapter<ContactsAdapter.ViewHolder> {
    private List<Contact> contacts;

    public ContactsAdapter(List<Contact> contacts) {
        this.contacts = contacts;
    }

    @Override
    public ViewHolder onCreateViewHolder(ViewGroup parent, int viewType) {
        View view = LayoutInflater.from(parent.getContext())
                .inflate(R.layout.item_contact, parent, false);
        return new ViewHolder(view);
    }

    @Override
    public void onBindViewHolder(ViewHolder holder, int position) {
        Contact contact = contacts.get(position);
        holder.nameTextView.setText(contact.getName());
        holder.phoneTextView.setText(contact.getPhoneNumber()); // Display the phone number
    }

    @Override
    public int getItemCount() {
        return contacts.size();
    }

    public static class ViewHolder extends RecyclerView.ViewHolder {
        public TextView nameTextView;
        public TextView phoneTextView;

        public ViewHolder(View itemView) {
            super(itemView);
            nameTextView = itemView.findViewById(R.id.contact_name);
            phoneTextView = itemView.findViewById(R.id.contact_phone); // Ensure this ID exists in your item layout
        }
    }
}
```

### Example Item Layout (`item_contact.xml`):
```xml
<LinearLayout xmlns:android="http://schemas.android.com/apk/res/android"
    android:layout_width="match_parent"
    android:layout_height="wrap_content"
    android:orientation="vertical"
    android:padding="8dp">

    <TextView
        android:id="@+id/contact_name"
        android:layout_width="wrap_content"
        android:layout_height="wrap_content"
        android:textSize="16sp"
        android:textStyle="bold" />

    <TextView
        android:id="@+id/contact_phone"
        android:layout_width="wrap_content"
        android:layout_height="wrap_content"
        android:textSize="14sp" />

</LinearLayout>
```

### Conclusion:
By following these steps, you should be able to display phone numbers in the list view of the `MainActivity`. The key is to locate the fragment responsible for displaying the contacts, modify its layout and adapter, and ensure that the phone numbers are fetched and displayed correctly.

 Here is the information about the screen we are currently on.
Widget(resource-id: com.simplemobiletools.contacts.pro:id/action_bar_root, class: android.widget.FrameLayout, position: (0, 74, 1080, 2277))
Widget(resource-id: com.simplemobiletools.contacts.pro:id/main_coordinator, class: android.view.ViewGroup, position: (0, 74, 1080, 2277))
Widget(resource-id: com.simplemobiletools.contacts.pro:id/main_menu, class: android.widget.LinearLayout, position: (0, 74, 1080, 242))
Widget(resource-id: com.simplemobiletools.contacts.pro:id/top_app_bar_layout, class: android.widget.LinearLayout, position: (42, 74, 1038, 242))
Widget(resource-id: com.simplemobiletools.contacts.pro:id/top_toolbar_holder, class: android.widget.RelativeLayout, position: (42, 95, 1038, 221))
Widget(resource-id: com.simplemobiletools.contacts.pro:id/top_toolbar_search_icon, content-desc: Search, class: android.widget.ImageView, position: (42, 95, 147, 221))
Widget(resource-id: com.simplemobiletools.contacts.pro:id/top_toolbar_search, text: Search, class: android.widget.EditText, position: (147, 95, 626, 221))
Widget(resource-id: com.simplemobiletools.contacts.pro:id/top_toolbar, class: android.view.ViewGroup, position: (626, 95, 1027, 221))
Widget(resource-id: com.simplemobiletools.contacts.pro:id/settings, content-desc: Settings, class: android.widget.Button, position: (668, 95, 795, 221))
Widget(resource-id: com.simplemobiletools.contacts.pro:id/about, content-desc: About, class: android.widget.Button, position: (795, 95, 922, 221))
Widget(content-desc: More options, class: android.widget.ImageView, position: (922, 95, 1027, 221))
Widget(resource-id: com.simplemobiletools.contacts.pro:id/main_holder, class: android.view.ViewGroup, position: (0, 242, 1080, 2277))
Widget(resource-id: com.simplemobiletools.contacts.pro:id/view_pager, class: p4.i, position: (0, 242, 1080, 2109))
Widget(resource-id: com.simplemobiletools.contacts.pro:id/groups_fragment, class: android.view.ViewGroup, position: (0, 242, 1080, 2109))
Widget(resource-id: com.simplemobiletools.contacts.pro:id/fragment_wrapper, class: android.widget.RelativeLayout, position: (0, 242, 1080, 2109))
Widget(resource-id: com.simplemobiletools.contacts.pro:id/fragment_fastscroller, class: android.widget.RelativeLayout, position: (0, 242, 1080, 2109))
Widget(resource-id: com.simplemobiletools.contacts.pro:id/fragment_list, class: androidx.recyclerview.widget.RecyclerView, position: (0, 242, 1080, 2109))
Widget(resource-id: com.simplemobiletools.contacts.pro:id/group_frame, text: Classmates (0), class: android.widget.FrameLayout, position: (0, 242, 1080, 410))
Widget(resource-id: com.simplemobiletools.contacts.pro:id/group_holder, class: android.widget.RelativeLayout, position: (0, 242, 1080, 410))
Widget(resource-id: com.simplemobiletools.contacts.pro:id/group_tmb, class: android.widget.ImageView, position: (43, 263, 169, 389))
Widget(resource-id: com.simplemobiletools.contacts.pro:id/group_name, text: Classmates (0), class: android.widget.TextView, position: (169, 297, 1038, 354))
Widget(resource-id: com.simplemobiletools.contacts.pro:id/group_frame, text: ClassmatesClassmates (0), class: android.widget.FrameLayout, position: (0, 410, 1080, 578))
Widget(resource-id: com.simplemobiletools.contacts.pro:id/group_holder, class: android.widget.RelativeLayout, position: (0, 410, 1080, 578))
Widget(resource-id: com.simplemobiletools.contacts.pro:id/group_tmb, class: android.widget.ImageView, position: (43, 431, 169, 557))
Widget(resource-id: com.simplemobiletools.contacts.pro:id/group_name, text: ClassmatesClassmates (0), class: android.widget.TextView, position: (169, 465, 1038, 522))
Widget(resource-id: com.simplemobiletools.contacts.pro:id/trackView, class: android.widget.LinearLayout, position: (1012, 242, 1080, 2109))
Widget(resource-id: com.simplemobiletools.contacts.pro:id/fragment_fab, content-desc: Create group, class: android.widget.ImageButton, position: (891, 1920, 1038, 2067))
Widget(resource-id: com.simplemobiletools.contacts.pro:id/main_dialpad_button, content-desc: Dialpad, class: android.widget.ImageView, position: (461, 1909, 619, 2067))
Widget(resource-id: com.simplemobiletools.contacts.pro:id/main_tabs_holder, class: android.widget.HorizontalScrollView, position: (0, 2109, 1080, 2277))
Widget(text: Contacts, class: android.widget.LinearLayout, position: (0, 2109, 360, 2277))
Widget(resource-id: com.simplemobiletools.contacts.pro:id/tab_item_holder, class: android.widget.LinearLayout, position: (127, 2141, 232, 2277))
Widget(resource-id: com.simplemobiletools.contacts.pro:id/tab_item_icon, class: android.widget.ImageView, position: (142, 2141, 216, 2215))
Widget(resource-id: com.simplemobiletools.contacts.pro:id/tab_item_label, text: Contacts, class: android.widget.TextView, position: (127, 2215, 232, 2277))
Widget(text: Favorites, class: android.widget.LinearLayout, position: (360, 2109, 720, 2277))
Widget(resource-id: com.simplemobiletools.contacts.pro:id/tab_item_holder, class: android.widget.LinearLayout, position: (486, 2141, 593, 2277))
Widget(resource-id: com.simplemobiletools.contacts.pro:id/tab_item_icon, class: android.widget.ImageView, position: (502, 2141, 576, 2215))
Widget(resource-id: com.simplemobiletools.contacts.pro:id/tab_item_label, text: Favorites, class: android.widget.TextView, position: (486, 2215, 593, 2277))
Widget(resource-id: com.simplemobiletools.contacts.pro:id/tab_item_holder, class: android.widget.LinearLayout, position: (858, 2141, 942, 2277))
Widget(resource-id: com.simplemobiletools.contacts.pro:id/tab_item_icon, class: android.widget.ImageView, position: (863, 2141, 937, 2215))
Widget(resource-id: com.simplemobiletools.contacts.pro:id/tab_item_label, text: Groups, class: android.widget.TextView, position: (858, 2215, 942, 2277))
Widget(content-desc: Speakerphone enabled., class: android.widget.ImageView, position: (819, 8, 866, 66))


        I would like to know which activity/fragment we are currently on.
        Please respond in the following JSON format:
        {
        "activity_or_fragment": "TestActivity",
        }
        or 
        {
        "activity_or_fragment": "TestFragment",
        }
        If can not determine the activity/fragment,just output{
        "activity_or_fragment": "Unknown"
        }
        Do not output anything else except json format result.
        
2025-01-17 01:41:27,449 - INFO - ------answer------
2025-01-17 01:41:27,449 - INFO - ```json
{
  "activity_or_fragment": "MainActivity"
}
```
2025-01-17 01:41:54,152 - INFO - ------query_instructions------
2025-01-17 01:41:54,152 - INFO - ```json
{
    "task": "show phone numbers in the list view",
    "activities_sequence": [
        {
            "activity": "MainActivity",
            "steps": [
                "1. Open the app and navigate to the MainActivity.",
                "2. Click on the 'Settings' menu item in the toolbar.",
                "3. In the SettingsActivity, scroll down to the 'List View' section.",
                "4. Toggle the 'Show Phone Numbers' checkbox to enable displaying phone numbers in the list view.",
                "5. Return to the MainActivity to see the phone numbers displayed in the list view."
            ]
        }
    ],
    "explanation": "because the 'Show Phone Numbers' setting in the SettingsActivity controls the visibility of phone numbers in the list view of the MainActivity."
}
```
