2025-01-17 11:23:19,680 - INFO - This is a event:0
2025-01-17 11:23:39,957 - INFO - -----query_current_activity start query------
2025-01-17 11:23:39,959 - INFO - To adjust the font size to medium in the app, you need to focus on the `SettingsActivity` where the font size setting is likely managed. From the provided layout information, it appears that the `SettingsActivity` contains a `RelativeLayout` with an ID `settings_font_size_holder`, which includes a `MyTextView` with the ID `settings_font_size`. This `MyTextView` displays the current font size setting, which is set to "Medium" (`text:@string/medium`).

Here¡¯s how you can approach the task:

### 1. **Identify the Relevant Code in `SettingsActivity`:**
   - The `settings_font_size` TextView is likely linked to a preference or setting that controls the font size across the app.
   - You need to locate the code in `SettingsActivity` that handles the font size selection and applies it to the app's UI.

### 2. **Modify the Font Size Setting:**
   - If the app uses a `SharedPreferences` or similar mechanism to store user preferences, you need to find where the font size preference is stored and updated.
   - Look for a method or function that is triggered when the user selects a font size (e.g., "Small", "Medium", "Large"). This method should update the `SharedPreferences` and apply the new font size to the app's UI.

### 3. **Apply the Font Size to the App:**
   - Once the font size preference is updated, the app should apply this setting globally. This might involve updating the text size of all `TextView` elements or using a custom theme that adjusts the font size based on the user's preference.

### 4. **Example Code Snippet:**
   Assuming the app uses `SharedPreferences` to store the font size preference, here¡¯s an example of how you might adjust the font size to medium:

   ```java
   // In SettingsActivity.java
   private void setFontSize(String fontSize) {
       SharedPreferences sharedPreferences = PreferenceManager.getDefaultSharedPreferences(this);
       SharedPreferences.Editor editor = sharedPreferences.edit();
       editor.putString("font_size", fontSize);
       editor.apply();

       // Apply the new font size to the app's UI
       applyFontSize(fontSize);
   }

   private void applyFontSize(String fontSize) {
       // Example: Adjust the font size based on the selected preference
       float textSize;
       switch (fontSize) {
           case "small":
               textSize = 12f;
               break;
           case "medium":
               textSize = 16f;
               break;
           case "large":
               textSize = 20f;
               break;
           default:
               textSize = 16f; // Default to medium
       }

       // Apply the text size to all TextViews in the app
       // This is a simplified example; in practice, you might need to iterate through all views
       TextView textView = findViewById(R.id.settings_font_size);
       if (textView != null) {
           textView.setTextSize(textSize);
       }
   }
   ```

   In this example, `setFontSize("medium")` would be called when the user selects the medium font size option.

### 5. **Testing:**
   - After implementing the changes, test the app to ensure that the font size is correctly adjusted to medium across all activities and views.

### 6. **Considerations:**
   - If the app uses a custom theme or style to manage font sizes, you may need to update the theme or style definitions instead of directly setting the text size in code.
   - Ensure that the font size change is applied consistently across all activities and fragments.

By following these steps, you should be able to adjust the font size to medium in the app. If the app uses a more complex mechanism for managing font sizes, you may need to delve deeper into the codebase to understand how the font size is applied globally.

 Here is the information about the screen we are currently on.
Widget(resource-id: com.simplemobiletools.dialer:id/action_bar_root, class: android.widget.FrameLayout, position: (0, 74, 1080, 2277))
Widget(resource-id: com.simplemobiletools.dialer:id/main_coordinator, class: android.view.ViewGroup, position: (0, 74, 1080, 2277))
Widget(resource-id: com.simplemobiletools.dialer:id/main_menu, class: android.widget.LinearLayout, position: (0, 74, 1080, 242))
Widget(resource-id: com.simplemobiletools.dialer:id/top_app_bar_layout, class: android.widget.LinearLayout, position: (42, 74, 1038, 242))
Widget(resource-id: com.simplemobiletools.dialer:id/top_toolbar_holder, class: android.widget.RelativeLayout, position: (42, 95, 1038, 221))
Widget(resource-id: com.simplemobiletools.dialer:id/top_toolbar_search_icon, content-desc: Search, class: android.widget.ImageView, position: (42, 95, 147, 221))
Widget(resource-id: com.simplemobiletools.dialer:id/top_toolbar_search, text: Search, class: android.widget.EditText, position: (147, 95, 626, 221))
Widget(resource-id: com.simplemobiletools.dialer:id/top_toolbar, class: android.view.ViewGroup, position: (626, 95, 1027, 221))
Widget(resource-id: com.simplemobiletools.dialer:id/sort, content-desc: Sort by, class: android.widget.Button, position: (668, 95, 795, 221))
Widget(resource-id: com.simplemobiletools.dialer:id/filter, content-desc: Filter, class: android.widget.Button, position: (795, 95, 922, 221))
Widget(content-desc: More options, class: android.widget.ImageView, position: (922, 95, 1027, 221))
Widget(resource-id: com.simplemobiletools.dialer:id/main_holder, class: android.view.ViewGroup, position: (0, 242, 1080, 2277))
Widget(resource-id: com.simplemobiletools.dialer:id/view_pager, class: r4.i, position: (0, 242, 1080, 2109))
Widget(resource-id: com.simplemobiletools.dialer:id/favorites_fragment, class: android.widget.RelativeLayout, position: (0, 242, 1080, 2109))
Widget(resource-id: com.simplemobiletools.dialer:id/fragment_wrapper, class: android.widget.RelativeLayout, position: (0, 242, 1080, 2109))
Widget(resource-id: com.simplemobiletools.dialer:id/fragment_list, class: androidx.recyclerview.widget.RecyclerView, position: (0, 242, 1080, 2109))
Widget(resource-id: com.simplemobiletools.dialer:id/item_contact_frame, text: Alice, class: android.view.ViewGroup, position: (0, 242, 1080, 410))
Widget(resource-id: com.simplemobiletools.dialer:id/item_contact_image, class: android.widget.ImageView, position: (43, 263, 169, 389))
Widget(resource-id: com.simplemobiletools.dialer:id/item_contact_name, text: Alice, class: android.widget.TextView, position: (169, 295, 1048, 358))
Widget(resource-id: com.simplemobiletools.dialer:id/letter_fastscroller_thumb, class: android.view.ViewGroup, position: (807, 242, 954, 431))
Widget(resource-id: com.simplemobiletools.dialer:id/letter_fastscroller, text: A, class: android.widget.LinearLayout, position: (996, 242, 1080, 431))
Widget(text: A, class: android.widget.TextView, position: (996, 305, 1080, 368))
Widget(resource-id: com.simplemobiletools.dialer:id/main_dialpad_button, content-desc: Dialpad, class: android.widget.ImageButton, position: (880, 1920, 1027, 2067))
Widget(resource-id: com.simplemobiletools.dialer:id/main_tabs_holder, class: android.widget.HorizontalScrollView, position: (0, 2109, 1080, 2277))
Widget(text: Contacts, class: android.widget.LinearLayout, position: (0, 2109, 360, 2277))
Widget(resource-id: com.simplemobiletools.dialer:id/tab_item_holder, class: android.widget.LinearLayout, position: (127, 2141, 232, 2277))
Widget(resource-id: com.simplemobiletools.dialer:id/tab_item_icon, class: android.widget.ImageView, position: (142, 2141, 216, 2215))
Widget(resource-id: com.simplemobiletools.dialer:id/tab_item_label, text: Contacts, class: android.widget.TextView, position: (127, 2215, 232, 2277))
Widget(resource-id: com.simplemobiletools.dialer:id/tab_item_holder, class: android.widget.LinearLayout, position: (486, 2141, 593, 2277))
Widget(resource-id: com.simplemobiletools.dialer:id/tab_item_icon, class: android.widget.ImageView, position: (502, 2141, 576, 2215))
Widget(resource-id: com.simplemobiletools.dialer:id/tab_item_label, text: Favorites, class: android.widget.TextView, position: (486, 2215, 593, 2277))
Widget(text: Call History, class: android.widget.LinearLayout, position: (720, 2109, 1080, 2277))
Widget(resource-id: com.simplemobiletools.dialer:id/tab_item_holder, class: android.widget.LinearLayout, position: (834, 2141, 966, 2277))
Widget(resource-id: com.simplemobiletools.dialer:id/tab_item_icon, class: android.widget.ImageView, position: (863, 2141, 937, 2215))
Widget(resource-id: com.simplemobiletools.dialer:id/tab_item_label, text: Call History, class: android.widget.TextView, position: (834, 2215, 966, 2277))
Widget(content-desc: Speakerphone enabled., class: android.widget.ImageView, position: (819, 8, 866, 66))


        I would like to know which activity/fragment we are currently on.
        Please respond in the following JSON format:
        {
        "activity_or_fragment": "TestActivity",
        }
        or 
        {
        "activity_or_fragment": "TestFragment",
        }
        If can not determine the activity/fragment,just output{
        "activity_or_fragment": "Unknown"
        }
        Do not output anything else except json format result.
        
2025-01-17 11:23:42,061 - INFO - ------answer------
2025-01-17 11:23:42,062 - INFO - ```json
{
"activity_or_fragment": "Unknown"
}
```
2025-01-17 11:23:58,855 - INFO - ------query_instructions------
2025-01-17 11:23:58,855 - INFO - ```json
{
    "task": "adjust font size to medium",
    "activities_sequence": [
        {
            "activity": "MainActivity",
            "steps": [
                "1. Open the app and navigate to the MainActivity.",
                "2. Access the settings menu by clicking on the settings icon or option."
            ]
        },
        {
            "activity": "SettingsActivity",
            "steps": [
                "3. Scroll down to find the 'Font Size' option.",
                "4. Click on the 'Font Size' option to open the font size selection dialog.",
                "5. Select 'Medium' from the list of available font sizes.",
                "6. Confirm the selection to apply the medium font size."
            ]
        }
    ],
    "explanation": "because the SettingsActivity contains the font size adjustment option and allows the user to change the font size to medium."
}
```
2025-01-17 13:18:50,462 - INFO - This is a event:0
2025-01-17 13:18:50,565 - INFO - -----query_current_activity start query------
2025-01-17 13:18:50,566 - INFO - To adjust the font size to medium in the app, you need to focus on the `SettingsActivity` where the font size setting is likely managed. From the provided layout information, it appears that the `SettingsActivity` contains a `RelativeLayout` with an ID `settings_font_size_holder`, which includes a `MyTextView` with the ID `settings_font_size`. This `MyTextView` displays the current font size setting, which is set to "Medium" (`text:@string/medium`).

Here¡¯s how you can approach the task:

### 1. **Identify the Relevant Code in `SettingsActivity`:**
   - The `settings_font_size` TextView is likely linked to a preference or setting that controls the font size across the app.
   - You need to locate the code in `SettingsActivity` that handles the font size selection and applies it to the app's UI.

### 2. **Modify the Font Size Setting:**
   - If the app uses a `SharedPreferences` or similar mechanism to store user preferences, you need to find where the font size preference is stored and updated.
   - Look for a method or function that is triggered when the user selects a font size (e.g., "Small", "Medium", "Large"). This method should update the `SharedPreferences` and apply the new font size to the app's UI.

### 3. **Apply the Font Size to the App:**
   - Once the font size preference is updated, the app should apply this setting globally. This might involve updating the text size of all `TextView` elements or using a custom theme that adjusts the font size based on the user's preference.

### 4. **Example Code Snippet:**
   Assuming the app uses `SharedPreferences` to store the font size preference, here¡¯s an example of how you might adjust the font size to medium:

   ```java
   // In SettingsActivity.java
   private void setFontSize(String fontSize) {
       SharedPreferences sharedPreferences = PreferenceManager.getDefaultSharedPreferences(this);
       SharedPreferences.Editor editor = sharedPreferences.edit();
       editor.putString("font_size", fontSize);
       editor.apply();

       // Apply the new font size to the app's UI
       applyFontSize(fontSize);
   }

   private void applyFontSize(String fontSize) {
       // Example: Adjust the font size based on the selected preference
       float textSize;
       switch (fontSize) {
           case "small":
               textSize = 12f;
               break;
           case "medium":
               textSize = 16f;
               break;
           case "large":
               textSize = 20f;
               break;
           default:
               textSize = 16f; // Default to medium
       }

       // Apply the text size to all TextViews in the app
       // This is a simplified example; in practice, you might need to iterate through all views
       TextView textView = findViewById(R.id.settings_font_size);
       if (textView != null) {
           textView.setTextSize(textSize);
       }
   }
   ```

   In this example, `setFontSize("medium")` would be called when the user selects the medium font size option.

### 5. **Testing:**
   - After implementing the changes, test the app to ensure that the font size is correctly adjusted to medium across all activities and views.

### 6. **Considerations:**
   - If the app uses a custom theme or style to manage font sizes, you may need to update the theme or style definitions instead of directly setting the text size in code.
   - Ensure that the font size change is applied consistently across all activities and fragments.

By following these steps, you should be able to adjust the font size to medium in the app. If the app uses a more complex mechanism for managing font sizes, you may need to delve deeper into the codebase to understand how the font size is applied globally.

 Here is the information about the screen we are currently on.
Widget(resource-id: com.simplemobiletools.dialer:id/action_bar_root, class: android.widget.FrameLayout, position: (0, 74, 1080, 2277))
Widget(resource-id: com.simplemobiletools.dialer:id/main_coordinator, class: android.view.ViewGroup, position: (0, 74, 1080, 2277))
Widget(resource-id: com.simplemobiletools.dialer:id/main_menu, class: android.widget.LinearLayout, position: (0, 74, 1080, 242))
Widget(resource-id: com.simplemobiletools.dialer:id/top_app_bar_layout, class: android.widget.LinearLayout, position: (42, 74, 1038, 242))
Widget(resource-id: com.simplemobiletools.dialer:id/top_toolbar_holder, class: android.widget.RelativeLayout, position: (42, 95, 1038, 221))
Widget(resource-id: com.simplemobiletools.dialer:id/top_toolbar_search_icon, content-desc: Search, class: android.widget.ImageView, position: (42, 95, 147, 221))
Widget(resource-id: com.simplemobiletools.dialer:id/top_toolbar_search, text: Search, class: android.widget.EditText, position: (147, 95, 626, 221))
Widget(resource-id: com.simplemobiletools.dialer:id/top_toolbar, class: android.view.ViewGroup, position: (626, 95, 1027, 221))
Widget(resource-id: com.simplemobiletools.dialer:id/filter, content-desc: Filter, class: android.widget.Button, position: (668, 95, 795, 221))
Widget(resource-id: com.simplemobiletools.dialer:id/clear_call_history, content-desc: Clear call history, class: android.widget.Button, position: (795, 95, 922, 221))
Widget(content-desc: More options, class: android.widget.ImageView, position: (922, 95, 1027, 221))
Widget(resource-id: com.simplemobiletools.dialer:id/main_holder, class: android.view.ViewGroup, position: (0, 242, 1080, 2277))
Widget(resource-id: com.simplemobiletools.dialer:id/view_pager, class: r4.i, position: (0, 242, 1080, 2109))
Widget(resource-id: com.simplemobiletools.dialer:id/recents_fragment, class: android.widget.RelativeLayout, position: (0, 242, 1080, 2109))
Widget(resource-id: com.simplemobiletools.dialer:id/recents_list, class: androidx.recyclerview.widget.RecyclerView, position: (0, 242, 1080, 2109))
Widget(resource-id: com.simplemobiletools.dialer:id/item_recents_holder, text: Alice - Mobile (4), class: android.view.ViewGroup, position: (0, 242, 1080, 411))
Widget(resource-id: com.simplemobiletools.dialer:id/item_recents_image, class: android.widget.ImageView, position: (32, 264, 158, 390))
Widget(resource-id: com.simplemobiletools.dialer:id/item_recents_name, text: Alice - Mobile (4), class: android.widget.TextView, position: (169, 263, 922, 326))
Widget(resource-id: com.simplemobiletools.dialer:id/item_recents_type, class: android.widget.ImageView, position: (163, 339, 214, 390))
Widget(resource-id: com.simplemobiletools.dialer:id/item_recents_date_time, text: 15.01, class: android.widget.TextView, position: (219, 339, 313, 390))
Widget(resource-id: com.simplemobiletools.dialer:id/overflow_menu_icon, class: android.widget.ImageView, position: (933, 263, 1080, 390))
Widget(resource-id: com.simplemobiletools.dialer:id/main_dialpad_button, content-desc: Dialpad, class: android.widget.ImageButton, position: (880, 1920, 1027, 2067))
Widget(resource-id: com.simplemobiletools.dialer:id/main_tabs_holder, class: android.widget.HorizontalScrollView, position: (0, 2109, 1080, 2277))
Widget(text: Contacts, class: android.widget.LinearLayout, position: (0, 2109, 360, 2277))
Widget(resource-id: com.simplemobiletools.dialer:id/tab_item_holder, class: android.widget.LinearLayout, position: (127, 2141, 232, 2277))
Widget(resource-id: com.simplemobiletools.dialer:id/tab_item_icon, class: android.widget.ImageView, position: (142, 2141, 216, 2215))
Widget(resource-id: com.simplemobiletools.dialer:id/tab_item_label, text: Contacts, class: android.widget.TextView, position: (127, 2215, 232, 2277))
Widget(text: Favorites, class: android.widget.LinearLayout, position: (360, 2109, 720, 2277))
Widget(resource-id: com.simplemobiletools.dialer:id/tab_item_holder, class: android.widget.LinearLayout, position: (486, 2141, 593, 2277))
Widget(resource-id: com.simplemobiletools.dialer:id/tab_item_icon, class: android.widget.ImageView, position: (502, 2141, 576, 2215))
Widget(resource-id: com.simplemobiletools.dialer:id/tab_item_label, text: Favorites, class: android.widget.TextView, position: (486, 2215, 593, 2277))
Widget(resource-id: com.simplemobiletools.dialer:id/tab_item_holder, class: android.widget.LinearLayout, position: (834, 2141, 966, 2277))
Widget(resource-id: com.simplemobiletools.dialer:id/tab_item_icon, class: android.widget.ImageView, position: (863, 2141, 937, 2215))
Widget(resource-id: com.simplemobiletools.dialer:id/tab_item_label, text: Call History, class: android.widget.TextView, position: (834, 2215, 966, 2277))
Widget(content-desc: ATX notification: UIAutomator, class: android.widget.ImageView, position: (107, 1, 165, 74))
Widget(content-desc: Android System notification: , class: android.widget.ImageView, position: (165, 1, 223, 74))


        I would like to know which activity/fragment we are currently on.
        Please respond in the following JSON format:
        {
        "activity_or_fragment": "TestActivity",
        }
        or 
        {
        "activity_or_fragment": "TestFragment",
        }
        If can not determine the activity/fragment,just output{
        "activity_or_fragment": "Unknown"
        }
        Do not output anything else except json format result.
        
2025-01-17 13:18:51,859 - INFO - ------answer------
2025-01-17 13:18:51,859 - INFO - ```json
{
"activity_or_fragment": "Unknown"
}
```
2025-01-17 13:18:58,251 - INFO - ------query_instructions------
2025-01-17 13:18:58,251 - INFO - ```json
{
    "task": "adjust font size to medium",
    "activities_sequence": [
        {
            "activity": "SettingsActivity",
            "steps": [
                "1. Open the app and navigate to the 'Settings' section.",
                "2. Locate the 'Font Size' option in the settings menu.",
                "3. Click on the 'Font Size' option to open the font size selection dialog.",
                "4. Select 'Medium' from the list of available font sizes.",
                "5. Confirm the selection to apply the medium font size."
            ]
        }
    ],
    "explanation": "because the 'SettingsActivity' contains the functionality to adjust the font size, including the option to set it to 'Medium'."
}
```
