2025-01-18 21:32:30,465 - INFO - This is a event:0
2025-01-18 21:32:30,611 - INFO - -----query_current_activity start query------
2025-01-18 21:32:32,110 - INFO - ------answer------
2025-01-18 21:32:32,110 - INFO - ```json
{
  "activity_or_fragment": "MainActivity"
}
```
2025-01-18 21:32:38,082 - INFO - ------query_instructions------
2025-01-18 21:32:38,083 - INFO - ```json
{
    "task": "Search for the song '2025_01_16_12_56_04' and play it",
    "activities_sequence": [
        {
            "activity": "com.simplemobiletools.musicplayer.activities.SplashActivity",
            "steps": [
                "1. The app starts with SplashActivity, which initializes the app and transitions to MainActivity."
            ]
        },
        {
            "activity": "com.simplemobiletools.musicplayer.activities.MainActivity",
            "steps": [
                "2. In MainActivity, use the search functionality to search for the song '2025_01_16_12_56_04'.",
                "3. Once the song is found, click on it to start playback."
            ]
        }
    ],
    "explanation": "because MainActivity contains the search functionality and the ability to play songs."
}
```
