2025-01-16 22:31:56,444 - INFO - This is a event:0
2025-01-16 22:32:14,245 - INFO - -----query_current_activity start query------
2025-01-16 22:32:14,247 - INFO - To achieve the task of setting the song to gapless playback, you need to interact with the `SettingsActivity` where the gapless playback option is available. Here's how you can approach this:

### Step-by-Step Guide:

1. **Identify the Relevant Activity and Layout:**
   - The `SettingsActivity` is the activity where you can find the gapless playback setting.
   - The layout for this activity is `R.layout.activity_settings`.

2. **Locate the Gapless Playback UI Element:**
   - In the `activity_settings` layout, the gapless playback setting is represented by a `MyAppCompatCheckbox` with the ID `@+id/settings_gapless_playback`.
   - This checkbox is located within a `RelativeLayout` with the ID `@+id/settings_gapless_playback_holder`.

3. **Interact with the Gapless Playback Checkbox:**
   - To enable or disable gapless playback, you need to interact with the `MyAppCompatCheckbox` with the ID `settings_gapless_playback`.

### Code Implementation:

Here¡¯s how you can implement the logic to set the song to gapless playback:

```java
// Assuming you are in the SettingsActivity or have access to its context
MyAppCompatCheckbox gaplessPlaybackCheckbox = findViewById(R.id.settings_gapless_playback);

// Set the gapless playback to true (enable gapless playback)
gaplessPlaybackCheckbox.setChecked(true);

// Optionally, you can add a listener to handle changes
gaplessPlaybackCheckbox.setOnCheckedChangeListener((buttonView, isChecked) -> {
    if (isChecked) {
        // Gapless playback is enabled
        // Implement any additional logic needed when gapless playback is enabled
    } else {
        // Gapless playback is disabled
        // Implement any additional logic needed when gapless playback is disabled
    }
});
```

### Explanation:

- **`findViewById(R.id.settings_gapless_playback)`**: This retrieves the `MyAppCompatCheckbox` view that represents the gapless playback setting.
- **`setChecked(true)`**: This sets the checkbox to checked, enabling gapless playback.
- **`setOnCheckedChangeListener`**: This listener allows you to handle any additional logic when the state of the checkbox changes.

### Additional Considerations:

- **Persistence**: Ensure that the state of the gapless playback setting is saved persistently, so the setting remains even after the app is restarted. This is typically handled by saving the state in `SharedPreferences` or a similar storage mechanism.
- **Player Configuration**: The actual implementation of gapless playback will depend on the media player being used. Ensure that the media player is configured to support gapless playback when this setting is enabled.

### Example of Saving the Setting:

```java
SharedPreferences sharedPreferences = getSharedPreferences("MusicPlayerPrefs", MODE_PRIVATE);
SharedPreferences.Editor editor = sharedPreferences.edit();

// Save the gapless playback setting
editor.putBoolean("gapless_playback", gaplessPlaybackCheckbox.isChecked());
editor.apply();
```

### Example of Loading the Setting:

```java
SharedPreferences sharedPreferences = getSharedPreferences("MusicPlayerPrefs", MODE_PRIVATE);
boolean isGaplessPlaybackEnabled = sharedPreferences.getBoolean("gapless_playback", false);

// Set the checkbox state based on the saved preference
gaplessPlaybackCheckbox.setChecked(isGaplessPlaybackEnabled);
```

By following these steps, you can successfully implement the functionality to set the song to gapless playback in your app.

 Here is the information about the screen we are currently on.
Widget(resource-id: com.simplemobiletools.musicplayer:id/action_bar_root, class: android.widget.FrameLayout, position: (0, 74, 1080, 2277))
Widget(resource-id: com.simplemobiletools.musicplayer:id/main_coordinator, class: android.view.ViewGroup, position: (0, 74, 1080, 2277))
Widget(resource-id: com.simplemobiletools.musicplayer:id/main_menu, class: android.widget.LinearLayout, position: (0, 74, 1080, 242))
Widget(resource-id: com.simplemobiletools.musicplayer:id/top_app_bar_layout, class: android.widget.LinearLayout, position: (42, 74, 1038, 242))
Widget(resource-id: com.simplemobiletools.musicplayer:id/top_toolbar_holder, class: android.widget.RelativeLayout, position: (42, 95, 1038, 221))
Widget(resource-id: com.simplemobiletools.musicplayer:id/top_toolbar_search_icon, content-desc: Search, class: android.widget.ImageView, position: (42, 95, 147, 221))
Widget(resource-id: com.simplemobiletools.musicplayer:id/top_toolbar_search, text: Search, class: android.widget.EditText, position: (147, 95, 626, 221))
Widget(resource-id: com.simplemobiletools.musicplayer:id/top_toolbar, class: android.view.ViewGroup, position: (626, 95, 1027, 221))
Widget(resource-id: com.simplemobiletools.musicplayer:id/sort, content-desc: Sort by, class: android.widget.Button, position: (668, 95, 795, 221))
Widget(resource-id: com.simplemobiletools.musicplayer:id/equalizer, content-desc: Equalizer, class: android.widget.Button, position: (795, 95, 922, 221))
Widget(content-desc: More options, class: android.widget.ImageView, position: (922, 95, 1027, 221))
Widget(resource-id: com.simplemobiletools.musicplayer:id/main_nested_scrollview, class: android.widget.RelativeLayout, position: (0, 242, 1080, 2277))
Widget(resource-id: com.simplemobiletools.musicplayer:id/main_holder, class: android.view.ViewGroup, position: (0, 242, 1080, 2277))
Widget(resource-id: com.simplemobiletools.musicplayer:id/view_pager, class: t6.i, position: (0, 242, 1080, 1940))
Widget(resource-id: com.simplemobiletools.musicplayer:id/folders_fragment_holder, class: android.widget.RelativeLayout, position: (0, 242, 1080, 1940))
Widget(resource-id: com.simplemobiletools.musicplayer:id/folders_fastscroller, class: android.widget.RelativeLayout, position: (0, 242, 1080, 1940))
Widget(resource-id: com.simplemobiletools.musicplayer:id/folders_list, class: androidx.recyclerview.widget.RecyclerView, position: (0, 242, 1080, 1940))
Widget(resource-id: com.simplemobiletools.musicplayer:id/folder_frame, text: Recordings, class: android.view.ViewGroup, position: (0, 242, 1080, 440))
Widget(resource-id: com.simplemobiletools.musicplayer:id/folder_title, text: Recordings, class: android.widget.TextView, position: (21, 284, 1038, 347))
Widget(resource-id: com.simplemobiletools.musicplayer:id/folder_tracks, text: 5 Tracks, class: android.widget.TextView, position: (21, 347, 1038, 398))
Widget(resource-id: com.simplemobiletools.musicplayer:id/trackView, class: android.widget.LinearLayout, position: (1012, 242, 1080, 1940))
Widget(resource-id: com.simplemobiletools.musicplayer:id/current_track_bar, text: 2025_01_16_12_56_04, class: android.widget.RelativeLayout, position: (0, 1940, 1080, 2109))
Widget(resource-id: com.simplemobiletools.musicplayer:id/current_track_divider, class: android.widget.ImageView, position: (0, 1940, 1080, 1941))
Widget(resource-id: com.simplemobiletools.musicplayer:id/current_track_image, class: android.widget.ImageView, position: (32, 1972, 137, 2077))
Widget(resource-id: com.simplemobiletools.musicplayer:id/current_track_label, text: 2025_01_16_12_56_04, class: android.widget.TextView, position: (169, 1972, 953, 2077))
Widget(resource-id: com.simplemobiletools.musicplayer:id/current_track_play_pause, class: android.widget.ImageView, position: (953, 1972, 1048, 2077))
Widget(resource-id: com.simplemobiletools.musicplayer:id/main_tabs_holder, class: android.widget.HorizontalScrollView, position: (0, 2109, 1080, 2277))
Widget(text: Playlists, class: android.widget.LinearLayout, position: (0, 2109, 216, 2277))
Widget(resource-id: com.simplemobiletools.musicplayer:id/tab_item_holder, class: android.widget.LinearLayout, position: (60, 2141, 155, 2277))
Widget(resource-id: com.simplemobiletools.musicplayer:id/tab_item_icon, class: android.widget.ImageView, position: (70, 2141, 144, 2215))
Widget(resource-id: com.simplemobiletools.musicplayer:id/tab_item_label, text: Playlists, class: android.widget.TextView, position: (60, 2215, 155, 2277))
Widget(resource-id: com.simplemobiletools.musicplayer:id/tab_item_holder, class: android.widget.LinearLayout, position: (281, 2141, 367, 2277))
Widget(resource-id: com.simplemobiletools.musicplayer:id/tab_item_icon, class: android.widget.ImageView, position: (287, 2141, 361, 2215))
Widget(resource-id: com.simplemobiletools.musicplayer:id/tab_item_label, text: Folders, class: android.widget.TextView, position: (281, 2215, 367, 2277))
Widget(text: Artists, class: android.widget.LinearLayout, position: (432, 2109, 648, 2277))
Widget(resource-id: com.simplemobiletools.musicplayer:id/tab_item_holder, class: android.widget.LinearLayout, position: (501, 2141, 578, 2277))
Widget(resource-id: com.simplemobiletools.musicplayer:id/tab_item_icon, class: android.widget.ImageView, position: (502, 2141, 576, 2215))
Widget(resource-id: com.simplemobiletools.musicplayer:id/tab_item_label, text: Artists, class: android.widget.TextView, position: (501, 2215, 578, 2277))
Widget(text: Albums, class: android.widget.LinearLayout, position: (648, 2109, 864, 2277))
Widget(resource-id: com.simplemobiletools.musicplayer:id/tab_item_holder, class: android.widget.LinearLayout, position: (712, 2141, 800, 2277))
Widget(resource-id: com.simplemobiletools.musicplayer:id/tab_item_icon, class: android.widget.ImageView, position: (719, 2141, 793, 2215))
Widget(resource-id: com.simplemobiletools.musicplayer:id/tab_item_label, text: Albums, class: android.widget.TextView, position: (712, 2215, 800, 2277))
Widget(text: Tracks, class: android.widget.LinearLayout, position: (864, 2109, 1080, 2277))
Widget(resource-id: com.simplemobiletools.musicplayer:id/tab_item_holder, class: android.widget.LinearLayout, position: (933, 2141, 1011, 2277))
Widget(resource-id: com.simplemobiletools.musicplayer:id/tab_item_icon, class: android.widget.ImageView, position: (935, 2141, 1009, 2215))
Widget(resource-id: com.simplemobiletools.musicplayer:id/tab_item_label, text: Tracks, class: android.widget.TextView, position: (933, 2215, 1011, 2277))
Widget(content-desc: ATX notification: UIAutomator, class: android.widget.ImageView, position: (107, 1, 165, 74))
Widget(content-desc: Android System notification: , class: android.widget.ImageView, position: (165, 1, 223, 74))


        I would like to know which activity/fragment we are currently on.
        Please respond in the following JSON format:
        {
        "activity_or_fragment": "TestActivity",
        }
        or 
        {
        "activity_or_fragment": "TestFragment",
        }
        If can not determine the activity/fragment,just output{
        "activity_or_fragment": "Unknown"
        }
        Do not output anything else except json format result.
        
2025-01-16 22:32:16,372 - INFO - ------answer------
2025-01-16 22:32:16,372 - INFO - ```json
{
  "activity_or_fragment": "Unknown"
}
```
2025-01-16 22:32:29,663 - INFO - ------query_instructions------
2025-01-16 22:32:29,663 - INFO - ```json
{
    "task": "set the song to gapless playback",
    "activities_sequence": [
        {
            "activity": "MainActivity",
            "steps": [
                "1. Open the app and navigate to the main screen."
            ]
        },
        {
            "activity": "SettingsActivity",
            "steps": [
                "2. Tap on the 'Settings' option in the menu.",
                "3. Scroll to the 'Playback' section.",
                "4. Locate the 'Gapless Playback' option.",
                "5. Toggle the checkbox next to 'Gapless Playback' to enable it."
            ]
        }
    ],
    "explanation": "because the 'Gapless Playback' option is available in the SettingsActivity under the 'Playback' section."
}
```
