2025-01-02 19:47:21,033 - INFO - This is a event:0
2025-01-02 19:47:21,464 - INFO - -----query_current_activity start query------
2025-01-02 19:47:21,474 - INFO - Based on the information provided, the task is to check the `AboutActivity`. Here¡¯s a breakdown of the relevant details:

### AboutActivity Details:
- **Activity Name**: `com.simplemobiletools.commons.activities.AboutActivity`
- **Source**: This activity comes from a third-party library (`com.simplemobiletools.commons`).

### Steps to Analyze `AboutActivity`:
1. **Locate the Activity in the Codebase**:
   - Since `AboutActivity` is part of a third-party library, you may not have direct access to its source code unless the library is open-source. If it¡¯s open-source, you can check the library¡¯s repository for the `AboutActivity` implementation.
   - If the library is closed-source, you can only analyze its behavior through its usage in your app.

2. **Check Manifest Declaration**:
   - Verify if `AboutActivity` is declared in the `AndroidManifest.xml` file. Look for an `<activity>` tag with the name `com.simplemobiletools.commons.activities.AboutActivity`.

3. **Analyze Usage in the App**:
   - Search your codebase for references to `AboutActivity`. This will help you understand how and where it is being launched.
   - Look for `Intent` calls or navigation patterns that start `AboutActivity`.

4. **Review Linked Layout Files**:
   - If `AboutActivity` has a linked layout file (e.g., `activity_about.xml`), review it to understand the UI components and their functionality.
   - Since `AboutActivity` is from a third-party library, the layout file might also be part of the library.

5. **Test the Activity**:
   - Launch `AboutActivity` in the app to observe its behavior and functionality.
   - Check for any customizations or overrides in your app that might affect its behavior.

6. **Check for Documentation**:
   - If the third-party library provides documentation, refer to it for details about `AboutActivity` and its intended use.

### Example of Manifest Declaration:
```xml
<activity
    android:name="com.simplemobiletools.commons.activities.AboutActivity"
    android:label="@string/title_about"
    android:theme="@style/AppTheme" />
```

### Example of Launching `AboutActivity`:
```java
Intent intent = new Intent(this, AboutActivity.class);
startActivity(intent);
```

### Example of Layout File (if available):
```xml
<!-- activity_about.xml -->
<LinearLayout xmlns:android="http://schemas.android.com/apk/res/android"
    android:layout_width="match_parent"
    android:layout_height="match_parent"
    android:orientation="vertical"
    android:padding="16dp">

    <TextView
        android:id="@+id/about_title"
        android:layout_width="wrap_content"
        android:layout_height="wrap_content"
        android:text="@string/app_name"
        android:textSize="24sp"
        android:textStyle="bold" />

    <TextView
        android:id="@+id/about_version"
        android:layout_width="wrap_content"
        android:layout_height="wrap_content"
        android:text="@string/version" />

    <!-- Other UI components -->
</LinearLayout>
```

### Conclusion:
Since `AboutActivity` is part of a third-party library, your analysis will primarily focus on how it is integrated and used in your app. If you need to modify its behavior, you may need to extend or override it in your app, depending on the library¡¯s design.

 Here is the information about the screen we are currently on.
Widget(content-desc: Security & privacy notification: Set a screen lock, class: android.widget.ImageView, position: (128, 1, 186, 74))
Widget(content-desc: ATX notification: UIAutomator, class: android.widget.ImageView, position: (186, 1, 244, 74))
Widget(content-desc: Settings notification: Virtual SD card, class: android.widget.ImageView, position: (244, 1, 302, 74))
Widget(content-desc: Android System notification: , class: android.widget.ImageView, position: (302, 1, 360, 74))
Widget(text: open_search, class: android.view.ViewGroup, position: (379, 1457, 721, 1573))
Widget(content-desc: More options, class: android.widget.ImageView, position: (975, 94, 1080, 220))
Widget(text: task_name: Create a text note called 'test', type '12345678', and search for '234', class: android.widget.TextView, position: (108, 247, 972, 322))


        I would like to know which activity/fragment we are currently on.
        Please respond in the following JSON format:
        {
        "activity_or_fragment": "TestActivity",
        }
        or 
        {
        "activity_or_fragment": "TestFragment",
        }
        If can not determine the activity/fragment,just output{
        "activity_or_fragment": "Unknown"
        }
        Do not output anything else except json format result.
        
2025-01-02 19:47:22,794 - INFO - ------answer------
2025-01-02 19:47:22,794 - INFO - {"activity_or_fragment": "Unknown"}
2025-01-02 19:47:27,943 - INFO - ------query_instructions------
2025-01-02 19:47:27,945 - INFO - ```json
{
    "task": "check 'AboutActivity'",
    "activities_sequence": [
        {
            "activity": "SplashActivity",
            "steps": [
                "1. Launch the app and wait for the SplashActivity to load."
            ]
        },
        {
            "activity": "MainActivity",
            "steps": [
                "2. Navigate to the app's main interface after the splash screen."
            ]
        },
        {
            "activity": "SettingsActivity",
            "steps": [
                "3. Open the settings menu from the main interface."
            ]
        },
        {
            "activity": "AboutActivity",
            "steps": [
                "4. Select the 'About' option in the settings to view the AboutActivity."
            ]
        }
    ],
    "explanation": "because the AboutActivity is accessed through the SettingsActivity, which is reachable from the MainActivity after the SplashActivity."
}
```
