2024-12-31 14:49:49,785 - INFO - This is a event:0
2024-12-31 14:49:49,789 - INFO - -----query_current_activity start query------
2024-12-31 14:49:49,790 - INFO - To achieve the task of creating a text note named "NewTextNote" in the given app, you need to interact with the `MainActivity` and its associated fragments, particularly the `TextFragment` where the text note creation likely occurs. Here°Øs a step-by-step approach to accomplish this:

### Step 1: Launch the App
- Start by launching the app, which will typically begin with the `SplashActivity`. This activity is usually a brief screen that transitions to the `MainActivity`.

### Step 2: Navigate to MainActivity
- After the `SplashActivity`, the app will transition to the `MainActivity`. This is the primary screen where you can view and manage notes.

### Step 3: Identify the Note Creation UI
- In the `MainActivity`, look for a UI element (like a button or an option in a menu) that allows you to create a new note. This could be a floating action button (FAB) or an option in the app bar.

### Step 4: Create a New Text Note
- Tap on the identified UI element to create a new note. This action should open the `TextFragment` or a similar fragment where you can input the text for the new note.

### Step 5: Enter the Note Name
- In the `TextFragment`, enter the name of the new note as "NewTextNote". This might involve typing into a text field or following a specific naming convention if the app requires it.

### Step 6: Save the Note
- After entering the note name, look for a save button or an option to confirm the creation of the note. This could be a checkmark, a save icon, or a menu option.

### Step 7: Verify the Note Creation
- Once the note is saved, navigate back to the `MainActivity` or the notes list to verify that "NewTextNote" has been successfully created.

### Additional Considerations
- **Permissions**: Ensure that the app has the necessary permissions to create and save notes.
- **Storage**: If the app saves notes to a specific location (like local storage or cloud), ensure that the storage is accessible and has enough space.
- **Error Handling**: If the note creation fails, check for any error messages or logs that might indicate the cause of the failure.

### Example Code (Hypothetical)
If you were to programmatically create a note, it might look something like this (assuming the app has an API or methods to interact with notes):

```java
// Assuming MainActivity has a method to create a new note
MainActivity mainActivity = new MainActivity();
mainActivity.createNewNote("NewTextNote");
```

### Conclusion
By following these steps, you should be able to create a text note named "NewTextNote" in the app. The key is to navigate through the `MainActivity` and interact with the `TextFragment` or the relevant UI components responsible for note creation.

 Here is the information about the screen we are currently on.
Widget(content-desc: More options, class: android.widget.ImageView, position: (975, 94, 1080, 220))
Widget(text: diaryevents, class: android.widget.TextView, position: (0, 245, 218, 320))
Widget(text: General note, class: android.widget.TextView, position: (386, 245, 694, 320))
Widget(text: python run.py Notes com.simplemobiletools.notes.pro  "create a checklist named 'test' and sort the items by creating date" 30, class: android.widget.TextView, position: (862, 245, 1080, 320))
Widget(text: ∞Õ¿ËÕº Èπ›, class: android.view.ViewGroup, position: (399, 1457, 701, 1573))
Widget(content-desc: Security & privacy notification: Set a screen lock, class: android.widget.ImageView, position: (107, 1, 165, 74))
Widget(content-desc: ATX notification: UIAutomator, class: android.widget.ImageView, position: (165, 1, 223, 74))
Widget(content-desc: Settings notification: Virtual SD card, class: android.widget.ImageView, position: (223, 1, 281, 74))
Widget(content-desc: Android System notification: , class: android.widget.ImageView, position: (281, 1, 339, 74))


        I would like to know which activity/fragment we are currently on.
        Please respond in the following JSON format:
        {
        "activity_or_fragment": "TestActivity",
        }
        or 
        {
        "activity_or_fragment": "TestFragment",
        }
        If can not determine the activity/fragment,just output{
        "activity_or_fragment": "Unknown"
        }
        Do not output anything else except json format result.
        
2024-12-31 14:49:50,818 - INFO - ------answer------
2024-12-31 14:49:50,819 - INFO - ```json
{
"activity_or_fragment": "Unknown"
}
```
2024-12-31 14:49:57,461 - INFO - ------query_instructions------
2024-12-31 14:49:57,461 - INFO - ```json
{
    "task": "Create a text note named 'NewTextNote'",
    "activities_sequence": [
        {
            "activity": "SplashActivity",
            "steps": [
                "1. Launch the app, which starts with SplashActivity.",
                "2. SplashActivity checks for any specific intents and then starts MainActivity."
            ]
        },
        {
            "activity": "MainActivity",
            "steps": [
                "3. In MainActivity, click on the 'Add' button or the '+' icon to create a new note.",
                "4. A dialog will appear prompting you to enter the title of the note. Enter 'NewTextNote' as the title.",
                "5. Confirm the creation of the note by clicking 'OK' or 'Create'.",
                "6. The note 'NewTextNote' will be created and displayed in the list of notes."
            ]
        }
    ],
    "explanation": "because MainActivity contains the functionality to add a new text note and allows the user to input the note's title."
}
```
