2025-01-16 13:52:49,951 - INFO - This is a event:0
2025-01-16 13:52:50,123 - INFO - -----query_current_activity start query------
2025-01-16 13:52:50,125 - INFO - To change the column count to 3 in the `MainActivity`, you need to modify the `spanCount` attribute of the `MyRecyclerView` with the ID `@+id/launchers_grid`. The `spanCount` is currently set to `@integer/portrait_column_count`, which is likely defined in the `res/values/integers.xml` file.

Here¡¯s how you can achieve this:

### Step 1: Locate the `integers.xml` file
- Open the `res/values/integers.xml` file in your project.
- Look for the integer resource named `portrait_column_count`.

### Step 2: Modify the `portrait_column_count` value
- Change the value of `portrait_column_count` to `3`. For example:

```xml
<integer name="portrait_column_count">3</integer>
```

If the `portrait_column_count` does not exist, you can add it:

```xml
<resources>
    <integer name="portrait_column_count">3</integer>
</resources>
```

### Step 3: Verify the change
- Rebuild and run the app.
- Navigate to the `MainActivity` and check if the column count in the `launchers_grid` RecyclerView has been updated to 3.

### Alternative: Directly modify the layout file
If you prefer not to modify the `integers.xml` file, you can directly set the `spanCount` in the `activity_main.xml` layout file:

```xml
<com.simplemobiletools.commons.views.MyRecyclerView
    android:id="@+id/launchers_grid"
    android:layout_width="match_parent"
    android:layout_height="match_parent"
    app:spanCount="3"
    tools:listitem="@layout/item_launcher" />
```

This approach directly sets the `spanCount` to 3 in the layout file, overriding any value defined in `integers.xml`.

### Step 4: Test the changes
- After making the changes, rebuild and run the app.
- Ensure that the `MainActivity` now displays the items in a 3-column grid layout.

By following these steps, you should be able to successfully change the column count to 3 in the `MainActivity`.

 Here is the information about the screen we are currently on.
Widget(content-desc: ATX notification: UIAutomator, class: android.widget.ImageView, position: (107, 1, 165, 74))
Widget(content-desc: Android System notification: , class: android.widget.ImageView, position: (165, 1, 223, 74))
Widget(resource-id: com.simplemobiletools.applauncher:id/action_bar_root, class: android.widget.FrameLayout, position: (0, 0, 1080, 2277))
Widget(resource-id: com.simplemobiletools.applauncher:id/main_coordinator, class: android.view.ViewGroup, position: (0, 74, 1080, 2277))
Widget(resource-id: com.simplemobiletools.applauncher:id/main_menu, class: android.widget.LinearLayout, position: (0, 74, 1080, 242))
Widget(resource-id: com.simplemobiletools.applauncher:id/top_app_bar_layout, class: android.widget.LinearLayout, position: (42, 74, 1038, 242))
Widget(resource-id: com.simplemobiletools.applauncher:id/top_toolbar_holder, class: android.widget.RelativeLayout, position: (42, 95, 1038, 221))
Widget(resource-id: com.simplemobiletools.applauncher:id/top_toolbar_search_icon, content-desc: Search, class: android.widget.ImageView, position: (42, 95, 147, 221))
Widget(resource-id: com.simplemobiletools.applauncher:id/top_toolbar_search, text: Search, class: android.widget.EditText, position: (147, 95, 626, 221))
Widget(resource-id: com.simplemobiletools.applauncher:id/top_toolbar, class: android.view.ViewGroup, position: (626, 95, 1027, 221))
Widget(resource-id: com.simplemobiletools.applauncher:id/sort, content-desc: Sort by, class: android.widget.Button, position: (668, 95, 795, 221))
Widget(resource-id: com.simplemobiletools.applauncher:id/toggle_app_name, content-desc: Toggle app name visibility, class: android.widget.Button, position: (795, 95, 922, 221))
Widget(content-desc: More options, class: android.widget.ImageView, position: (922, 95, 1027, 221))
Widget(resource-id: com.simplemobiletools.applauncher:id/main_relative_layout, class: android.widget.RelativeLayout, position: (0, 242, 1080, 2277))
Widget(resource-id: com.simplemobiletools.applauncher:id/coordinator_layout, class: android.view.ViewGroup, position: (0, 242, 1080, 2277))
Widget(resource-id: com.simplemobiletools.applauncher:id/launchers_holder, class: android.widget.RelativeLayout, position: (0, 242, 1080, 2277))
Widget(resource-id: com.simplemobiletools.applauncher:id/launchers_fastscroller, class: android.widget.RelativeLayout, position: (0, 242, 1080, 2277))
Widget(resource-id: com.simplemobiletools.applauncher:id/launchers_grid, class: androidx.recyclerview.widget.RecyclerView, position: (0, 242, 1080, 2277))
Widget(resource-id: com.simplemobiletools.applauncher:id/launcher_holder, text: Clock, class: android.widget.RelativeLayout, position: (0, 242, 360, 655))
Widget(resource-id: com.simplemobiletools.applauncher:id/launcher_icon, class: android.widget.ImageView, position: (11, 263, 349, 601))
Widget(resource-id: com.simplemobiletools.applauncher:id/launcher_label, text: Clock, class: android.widget.TextView, position: (11, 601, 349, 644))
Widget(resource-id: com.simplemobiletools.applauncher:id/launcher_holder, text: Clock, class: android.widget.RelativeLayout, position: (360, 242, 720, 655))
Widget(resource-id: com.simplemobiletools.applauncher:id/launcher_icon, class: android.widget.ImageView, position: (371, 263, 709, 601))
Widget(resource-id: com.simplemobiletools.applauncher:id/launcher_label, text: Clock, class: android.widget.TextView, position: (371, 601, 709, 644))
Widget(resource-id: com.simplemobiletools.applauncher:id/launcher_holder, text: Chrome, class: android.widget.RelativeLayout, position: (720, 242, 1080, 655))
Widget(resource-id: com.simplemobiletools.applauncher:id/launcher_icon, class: android.widget.ImageView, position: (731, 263, 1069, 601))
Widget(resource-id: com.simplemobiletools.applauncher:id/launcher_label, text: Chrome, class: android.widget.TextView, position: (731, 601, 1069, 644))
Widget(resource-id: com.simplemobiletools.applauncher:id/launcher_holder, text: Camera, class: android.widget.RelativeLayout, position: (0, 655, 360, 1068))
Widget(resource-id: com.simplemobiletools.applauncher:id/launcher_icon, class: android.widget.ImageView, position: (11, 676, 349, 1014))
Widget(resource-id: com.simplemobiletools.applauncher:id/launcher_label, text: Camera, class: android.widget.TextView, position: (11, 1014, 349, 1057))
Widget(resource-id: com.simplemobiletools.applauncher:id/launcher_holder, text: Camera, class: android.widget.RelativeLayout, position: (360, 655, 720, 1068))
Widget(resource-id: com.simplemobiletools.applauncher:id/launcher_icon, class: android.widget.ImageView, position: (371, 676, 709, 1014))
Widget(resource-id: com.simplemobiletools.applauncher:id/launcher_label, text: Camera, class: android.widget.TextView, position: (371, 1014, 709, 1057))
Widget(resource-id: com.simplemobiletools.applauncher:id/launcher_holder, text: Calendar, class: android.widget.RelativeLayout, position: (720, 655, 1080, 1068))
Widget(resource-id: com.simplemobiletools.applauncher:id/launcher_icon, class: android.widget.ImageView, position: (731, 676, 1069, 1014))
Widget(resource-id: com.simplemobiletools.applauncher:id/launcher_label, text: Calendar, class: android.widget.TextView, position: (731, 1014, 1069, 1057))
Widget(resource-id: com.simplemobiletools.applauncher:id/launcher_holder, text: Calendar, class: android.widget.RelativeLayout, position: (0, 1068, 360, 1481))
Widget(resource-id: com.simplemobiletools.applauncher:id/launcher_icon, class: android.widget.ImageView, position: (11, 1089, 349, 1427))
Widget(resource-id: com.simplemobiletools.applauncher:id/launcher_label, text: Calendar, class: android.widget.TextView, position: (11, 1427, 349, 1470))
Widget(resource-id: com.simplemobiletools.applauncher:id/launcher_holder, text: ATX, class: android.widget.RelativeLayout, position: (360, 1068, 720, 1481))
Widget(resource-id: com.simplemobiletools.applauncher:id/launcher_icon, class: android.widget.ImageView, position: (371, 1089, 709, 1427))
Widget(resource-id: com.simplemobiletools.applauncher:id/launcher_label, text: ATX, class: android.widget.TextView, position: (371, 1427, 709, 1470))
Widget(resource-id: com.simplemobiletools.applauncher:id/launcher_holder, text: AOL, class: android.widget.RelativeLayout, position: (720, 1068, 1080, 1481))
Widget(resource-id: com.simplemobiletools.applauncher:id/launcher_icon, class: android.widget.ImageView, position: (731, 1089, 1069, 1427))
Widget(resource-id: com.simplemobiletools.applauncher:id/launcher_label, text: AOL, class: android.widget.TextView, position: (731, 1427, 1069, 1470))
Widget(resource-id: com.simplemobiletools.applauncher:id/launcher_holder, text: 5miles, class: android.widget.RelativeLayout, position: (0, 1481, 360, 1894))
Widget(resource-id: com.simplemobiletools.applauncher:id/launcher_icon, class: android.widget.ImageView, position: (11, 1502, 349, 1840))
Widget(resource-id: com.simplemobiletools.applauncher:id/launcher_label, text: 5miles, class: android.widget.TextView, position: (11, 1840, 349, 1883))
Widget(resource-id: com.simplemobiletools.applauncher:id/trackView, class: android.widget.LinearLayout, position: (1012, 242, 1080, 2277))
Widget(resource-id: com.simplemobiletools.applauncher:id/fab, class: android.widget.ImageButton, position: (891, 2088, 1038, 2235))


        I would like to know which activity/fragment we are currently on.
        Please respond in the following JSON format:
        {
        "activity_or_fragment": "TestActivity",
        }
        or 
        {
        "activity_or_fragment": "TestFragment",
        }
        If can not determine the activity/fragment,just output{
        "activity_or_fragment": "Unknown"
        }
        Do not output anything else except json format result.
        
2025-01-16 13:52:51,710 - INFO - ------answer------
2025-01-16 13:52:51,710 - INFO - ```json
{
"activity_or_fragment": "MainActivity"
}
```
2025-01-16 13:52:58,394 - INFO - ------query_instructions------
2025-01-16 13:52:58,394 - INFO - ```json
{
    "task": "Change column count to 3",
    "activities_sequence": [
        {
            "activity": "com.simplemobiletools.applauncher.activities.MainActivity",
            "steps": [
                "1. Open the app and navigate to the MainActivity.",
                "2. Access the options menu by clicking on the menu icon (usually represented by three dots or lines).",
                "3. Select the 'Column Count' option from the menu.",
                "4. A dialog with radio buttons for selecting the number of columns will appear.",
                "5. Choose the option for '3 columns' from the dialog.",
                "6. The grid layout will update to display items in 3 columns."
            ]
        }
    ],
    "explanation": "because the MainActivity contains the method `changeColumnCount()` which allows the user to change the number of columns in the grid layout."
}
```
