2025-01-18 10:39:18,642 - INFO - This is a event:0
2025-01-18 10:39:18,826 - INFO - -----query_current_activity start query------
2025-01-18 10:39:18,828 - INFO - To achieve the task of deleting a contact named "Bob" in the given Android app, you need to navigate through the app's activities and interact with the appropriate UI elements. Based on the provided information, here's a step-by-step guide to accomplish this:

### Step 1: Launch the App
- The app starts with `SplashActivity`, which likely transitions to `MainActivity` after a brief delay.

### Step 2: Navigate to the Contact List
- In `MainActivity`, the contact list is likely displayed in a `ViewPager` or a similar component. You need to interact with the `ViewPager` to find the contact named "Bob".

### Step 3: Locate the Contact "Bob"
- The contact list is likely displayed in a `RecyclerView` or a similar component within `MainActivity`. You need to scroll through the list to find the contact named "Bob".

### Step 4: Open the Contact Details
- Once you locate "Bob", you need to click on the contact to open the contact details. This action will likely transition to `ViewContactActivity`.

### Step 5: Access the Delete Option
- In `ViewContactActivity`, there should be a menu or an option to delete the contact. The `MaterialToolbar` in `ViewContactActivity` has a menu (`@menu/menu_view_contact`), which likely contains a delete option.

### Step 6: Confirm Deletion
- After selecting the delete option, a confirmation dialog might appear. You need to confirm the deletion to proceed.

### Step 7: Verify Deletion
- After deletion, you should navigate back to `MainActivity` and verify that the contact "Bob" is no longer in the list.

### Detailed Steps:

1. **Launch the App**:
   - The app starts with `SplashActivity`, which transitions to `MainActivity`.

2. **Navigate to the Contact List**:
   - In `MainActivity`, the contact list is displayed in a `ViewPager` (`@+id/view_pager`).

3. **Locate the Contact "Bob"**:
   - Scroll through the contact list in the `ViewPager` to find the contact named "Bob".

4. **Open the Contact Details**:
   - Click on the contact "Bob" to open `ViewContactActivity`.

5. **Access the Delete Option**:
   - In `ViewContactActivity`, the `MaterialToolbar` (`@+id/contact_toolbar`) has a menu (`@menu/menu_view_contact`). Click on the menu and select the delete option.

6. **Confirm Deletion**:
   - A confirmation dialog will appear. Confirm the deletion.

7. **Verify Deletion**:
   - Navigate back to `MainActivity` and verify that the contact "Bob" is no longer in the list.

### Code Example (if you were to automate this with UI testing):

```java
// Assuming you are using Espresso for UI testing

// Step 1: Launch the app
// (Automatically handled by the test framework)

// Step 2: Navigate to the contact list
onView(withId(R.id.view_pager)).perform(swipeLeft()); // Adjust swipe direction as needed

// Step 3: Locate the contact "Bob"
onView(withText("Bob")).perform(click());

// Step 4: Open the contact details
// (Automatically handled by the click action above)

// Step 5: Access the delete option
onView(withId(R.id.contact_toolbar)).perform(click()); // Open the menu
onView(withText("Delete")).perform(click()); // Click the delete option

// Step 6: Confirm deletion
onView(withText("OK")).perform(click()); // Confirm the deletion

// Step 7: Verify deletion
onView(withId(R.id.view_pager)).perform(swipeLeft()); // Navigate back to the contact list
onView(withText("Bob")).check(doesNotExist()); // Verify that "Bob" is no longer in the list
```

### Notes:
- The exact IDs and menu options might differ based on the actual implementation.
- The above steps assume that the contact list is displayed in a `ViewPager` and that the delete option is available in the toolbar menu.
- If the app uses a different navigation pattern or UI components, you might need to adjust the steps accordingly.

This approach should help you delete the contact "Bob" from the app.

 Here is the information about the screen we are currently on.
Widget(content-desc: Dialer notification: , class: android.widget.ImageView, position: (107, 1, 165, 74))
Widget(content-desc: ATX notification: UIAutomator, class: android.widget.ImageView, position: (165, 1, 223, 74))
Widget(content-desc: Android System notification: , class: android.widget.ImageView, position: (223, 1, 281, 74))
Widget(content-desc: Speakerphone enabled., class: android.widget.ImageView, position: (819, 8, 866, 66))
Widget(resource-id: com.simplemobiletools.contacts.pro:id/action_bar_root, class: android.widget.FrameLayout, position: (0, 74, 1080, 2277))
Widget(resource-id: com.simplemobiletools.contacts.pro:id/main_coordinator, class: android.view.ViewGroup, position: (0, 74, 1080, 2277))
Widget(resource-id: com.simplemobiletools.contacts.pro:id/main_menu, class: android.widget.LinearLayout, position: (0, 74, 1080, 242))
Widget(resource-id: com.simplemobiletools.contacts.pro:id/top_app_bar_layout, class: android.widget.LinearLayout, position: (42, 74, 1038, 242))
Widget(resource-id: com.simplemobiletools.contacts.pro:id/top_toolbar_holder, class: android.widget.RelativeLayout, position: (42, 95, 1038, 221))
Widget(resource-id: com.simplemobiletools.contacts.pro:id/top_toolbar_search_icon, content-desc: Search, class: android.widget.ImageView, position: (42, 95, 147, 221))
Widget(resource-id: com.simplemobiletools.contacts.pro:id/top_toolbar_search, text: Search, class: android.widget.EditText, position: (147, 95, 626, 221))
Widget(resource-id: com.simplemobiletools.contacts.pro:id/top_toolbar, class: android.view.ViewGroup, position: (626, 95, 1027, 221))
Widget(resource-id: com.simplemobiletools.contacts.pro:id/sort, content-desc: Sort by, class: android.widget.Button, position: (668, 95, 795, 221))
Widget(resource-id: com.simplemobiletools.contacts.pro:id/filter, content-desc: Filter, class: android.widget.Button, position: (795, 95, 922, 221))
Widget(content-desc: More options, class: android.widget.ImageView, position: (922, 95, 1027, 221))
Widget(resource-id: com.simplemobiletools.contacts.pro:id/main_holder, class: android.view.ViewGroup, position: (0, 242, 1080, 2277))
Widget(resource-id: com.simplemobiletools.contacts.pro:id/view_pager, class: p4.i, position: (0, 242, 1080, 2109))
Widget(resource-id: com.simplemobiletools.contacts.pro:id/contacts_fragment, class: android.view.ViewGroup, position: (0, 242, 1080, 2109))
Widget(resource-id: com.simplemobiletools.contacts.pro:id/fragment_wrapper, class: android.widget.RelativeLayout, position: (0, 242, 1080, 2109))
Widget(resource-id: com.simplemobiletools.contacts.pro:id/fragment_list, class: androidx.recyclerview.widget.RecyclerView, position: (0, 242, 1080, 2109))
Widget(resource-id: com.simplemobiletools.contacts.pro:id/item_contact_frame, text: Alice, class: android.view.ViewGroup, position: (0, 242, 1080, 410))
Widget(resource-id: com.simplemobiletools.contacts.pro:id/item_contact_image, class: android.widget.ImageView, position: (43, 263, 169, 389))
Widget(resource-id: com.simplemobiletools.contacts.pro:id/item_contact_name, text: Alice, class: android.widget.TextView, position: (169, 269, 1048, 326))
Widget(resource-id: com.simplemobiletools.contacts.pro:id/item_contact_number, text: 12345678900, class: android.widget.TextView, position: (169, 326, 1048, 383))
Widget(resource-id: com.simplemobiletools.contacts.pro:id/item_contact_frame, text: Bob, class: android.view.ViewGroup, position: (0, 415, 1080, 583))
Widget(resource-id: com.simplemobiletools.contacts.pro:id/item_contact_image, class: android.widget.ImageView, position: (43, 436, 169, 562))
Widget(resource-id: com.simplemobiletools.contacts.pro:id/item_contact_name, text: Bob, class: android.widget.TextView, position: (169, 442, 1048, 499))
Widget(resource-id: com.simplemobiletools.contacts.pro:id/item_contact_number, text: 7894561230, class: android.widget.TextView, position: (169, 499, 1048, 556))
Widget(resource-id: com.simplemobiletools.contacts.pro:id/item_contact_frame, text: Jack, class: android.view.ViewGroup, position: (0, 588, 1080, 756))
Widget(resource-id: com.simplemobiletools.contacts.pro:id/item_contact_image, class: android.widget.ImageView, position: (43, 609, 169, 735))
Widget(resource-id: com.simplemobiletools.contacts.pro:id/item_contact_name, text: Jack, class: android.widget.TextView, position: (169, 615, 1048, 672))
Widget(resource-id: com.simplemobiletools.contacts.pro:id/item_contact_number, class: android.widget.TextView, position: (169, 672, 1048, 729))
Widget(resource-id: com.simplemobiletools.contacts.pro:id/item_contact_frame, text: 12345678900, class: android.view.ViewGroup, position: (0, 761, 1080, 929))
Widget(resource-id: com.simplemobiletools.contacts.pro:id/item_contact_image, class: android.widget.ImageView, position: (43, 782, 169, 908))
Widget(resource-id: com.simplemobiletools.contacts.pro:id/item_contact_name, text: 12345678900, class: android.widget.TextView, position: (169, 788, 1048, 845))
Widget(resource-id: com.simplemobiletools.contacts.pro:id/item_contact_number, text: 12345678900, class: android.widget.TextView, position: (169, 845, 1048, 902))
Widget(resource-id: com.simplemobiletools.contacts.pro:id/item_contact_frame, text: 12345678900123123456789001234567890045678900, class: android.view.ViewGroup, position: (0, 934, 1080, 1102))
Widget(resource-id: com.simplemobiletools.contacts.pro:id/item_contact_image, class: android.widget.ImageView, position: (43, 955, 169, 1081))
Widget(resource-id: com.simplemobiletools.contacts.pro:id/item_contact_name, text: 12345678900123123456789001234567890045678900, class: android.widget.TextView, position: (169, 961, 1048, 1018))
Widget(resource-id: com.simplemobiletools.contacts.pro:id/item_contact_number, text: 12345678900123123456789001234567890045678900, class: android.widget.TextView, position: (169, 1018, 1048, 1075))
Widget(resource-id: com.simplemobiletools.contacts.pro:id/letter_fastscroller_thumb, class: android.view.ViewGroup, position: (807, 242, 954, 593))
Widget(resource-id: com.simplemobiletools.contacts.pro:id/letter_fastscroller, text: A
B
J
1, class: android.widget.LinearLayout, position: (996, 242, 1080, 593))
Widget(text: A
B
J
1, class: android.widget.TextView, position: (996, 305, 1080, 530))
Widget(resource-id: com.simplemobiletools.contacts.pro:id/fragment_fab, content-desc: Create new contact, class: android.widget.ImageButton, position: (891, 1920, 1038, 2067))
Widget(resource-id: com.simplemobiletools.contacts.pro:id/main_dialpad_button, content-desc: Dialpad, class: android.widget.ImageView, position: (461, 1909, 619, 2067))
Widget(resource-id: com.simplemobiletools.contacts.pro:id/main_tabs_holder, class: android.widget.HorizontalScrollView, position: (0, 2109, 1080, 2277))
Widget(resource-id: com.simplemobiletools.contacts.pro:id/tab_item_holder, class: android.widget.LinearLayout, position: (127, 2141, 232, 2277))
Widget(resource-id: com.simplemobiletools.contacts.pro:id/tab_item_icon, class: android.widget.ImageView, position: (142, 2141, 216, 2215))
Widget(resource-id: com.simplemobiletools.contacts.pro:id/tab_item_label, text: Contacts, class: android.widget.TextView, position: (127, 2215, 232, 2277))
Widget(text: Favorites, class: android.widget.LinearLayout, position: (360, 2109, 720, 2277))
Widget(resource-id: com.simplemobiletools.contacts.pro:id/tab_item_holder, class: android.widget.LinearLayout, position: (486, 2141, 593, 2277))
Widget(resource-id: com.simplemobiletools.contacts.pro:id/tab_item_icon, class: android.widget.ImageView, position: (502, 2141, 576, 2215))
Widget(resource-id: com.simplemobiletools.contacts.pro:id/tab_item_label, text: Favorites, class: android.widget.TextView, position: (486, 2215, 593, 2277))
Widget(text: Groups, class: android.widget.LinearLayout, position: (720, 2109, 1080, 2277))
Widget(resource-id: com.simplemobiletools.contacts.pro:id/tab_item_holder, class: android.widget.LinearLayout, position: (858, 2141, 942, 2277))
Widget(resource-id: com.simplemobiletools.contacts.pro:id/tab_item_icon, class: android.widget.ImageView, position: (863, 2141, 937, 2215))
Widget(resource-id: com.simplemobiletools.contacts.pro:id/tab_item_label, text: Groups, class: android.widget.TextView, position: (858, 2215, 942, 2277))


        I would like to know which activity/fragment we are currently on.
        Please respond in the following JSON format:
        {
        "activity_or_fragment": "TestActivity",
        }
        or 
        {
        "activity_or_fragment": "TestFragment",
        }
        If can not determine the activity/fragment,just output{
        "activity_or_fragment": "Unknown"
        }
        Do not output anything else except json format result.
        
2025-01-18 10:39:20,563 - INFO - ------answer------
2025-01-18 10:39:20,563 - INFO - ```json
{
  "activity_or_fragment": "MainActivity"
}
```
2025-01-18 10:39:29,393 - INFO - ------query_instructions------
2025-01-18 10:39:29,393 - INFO - ```json
{
    "task": "Delete contact Bob",
    "activities_sequence": [
        {
            "activity": "MainActivity",
            "steps": [
                "1. Open the app and navigate to the 'Contacts' tab.",
                "2. Search for 'Bob' in the contacts list.",
                "3. Tap on 'Bob' to open his contact details."
            ]
        },
        {
            "activity": "ViewContactActivity",
            "steps": [
                "4. Tap on the menu icon (three dots) in the top-right corner.",
                "5. Select 'Delete' from the menu options.",
                "6. Confirm the deletion when prompted."
            ]
        }
    ],
    "explanation": "because the ViewContactActivity has the delete option in the menu to remove the contact."
}
```
