2025-01-10 14:05:06,662 - INFO - This is a event:0
2025-01-10 14:05:06,710 - INFO - -----query_current_activity start query------
2025-01-10 14:05:06,715 - INFO - To change the alarm max reminder duration to 1 minute, you need to modify the relevant code in the `SettingsActivity` where the max reminder duration is set. Based on the provided layout information, the `settings_alarm_max_reminder` TextView in `R.layout.activity_settings` displays the current max reminder duration, which is currently set to "5 minutes".

Here¡¯s how you can achieve this:

### Step 1: Identify the relevant code in `SettingsActivity`
The `settings_alarm_max_reminder` TextView is likely bound to a variable or setting in the `SettingsActivity` class. You need to locate where this value is set or retrieved.

### Step 2: Modify the max reminder duration
You need to change the value from "5 minutes" to "1 minute". This could involve modifying a shared preference, a constant, or a direct assignment in the code.

#### Example:
If the max reminder duration is stored in a shared preference, you might find something like this in the `SettingsActivity`:

```java
SharedPreferences prefs = PreferenceManager.getDefaultSharedPreferences(this);
int maxReminderDuration = prefs.getInt("max_reminder_duration", 5); // Default is 5 minutes
```

You would change the default value to `1`:

```java
int maxReminderDuration = prefs.getInt("max_reminder_duration", 1); // Default is now 1 minute
```

### Step 3: Update the UI
The `settings_alarm_max_reminder` TextView displays the current max reminder duration. You need to ensure that this TextView is updated to reflect the new value.

#### Example:
If the TextView is updated in the `SettingsActivity`, you might find code like this:

```java
TextView maxReminderTextView = findViewById(R.id.settings_alarm_max_reminder);
maxReminderTextView.setText(maxReminderDuration + " minutes");
```

You would change this to:

```java
maxReminderTextView.setText(maxReminderDuration + " minute");
```

### Step 4: Ensure the change is applied
Make sure that the change is applied wherever the max reminder duration is used in the app, such as in the `ReminderActivity` or any other relevant activities.

### Step 5: Test the change
After making the changes, rebuild the app and test to ensure that the max reminder duration is correctly set to 1 minute and that the app behaves as expected.

### Additional Considerations
- If the max reminder duration is used in multiple places, ensure that all instances are updated.
- If the duration is used in calculations (e.g., for setting timers or alarms), ensure that the logic is updated to handle the new duration.

By following these steps, you should be able to change the alarm max reminder duration to 1 minute successfully.

 Here is the information about the screen we are currently on.
Widget(content-desc: Security & privacy notification: Set a screen lock, class: android.widget.ImageView, position: (107, 1, 165, 74))
Widget(content-desc: ATX notification: UIAutomator, class: android.widget.ImageView, position: (165, 1, 223, 74))
Widget(content-desc: Settings notification: Virtual SD card, class: android.widget.ImageView, position: (223, 1, 281, 74))
Widget(content-desc: Android System notification: , class: android.widget.ImageView, position: (281, 1, 339, 74))
Widget(resource-id: com.simplemobiletools.clock:id/action_bar_root, class: android.widget.FrameLayout, position: (0, 74, 1080, 2277))
Widget(resource-id: com.simplemobiletools.clock:id/main_coordinator, class: android.view.ViewGroup, position: (0, 74, 1080, 2277))
Widget(resource-id: com.simplemobiletools.clock:id/main_toolbar, class: android.view.ViewGroup, position: (0, 74, 1080, 242))
Widget(resource-id: com.simplemobiletools.clock:id/settings, content-desc: Settings, class: android.widget.Button, position: (826, 94, 953, 220))
Widget(resource-id: com.simplemobiletools.clock:id/about, content-desc: About, class: android.widget.Button, position: (953, 94, 1080, 220))
Widget(resource-id: com.simplemobiletools.clock:id/main_holder, class: android.widget.RelativeLayout, position: (0, 242, 1080, 2277))
Widget(resource-id: com.simplemobiletools.clock:id/view_pager, class: t4.i, position: (0, 242, 1080, 2109))
Widget(resource-id: com.simplemobiletools.clock:id/clock_fragment, class: android.view.ViewGroup, position: (0, 242, 1080, 2109))
Widget(resource-id: com.simplemobiletools.clock:id/clock_holder, class: android.widget.RelativeLayout, position: (0, 242, 1080, 2109))
Widget(resource-id: com.simplemobiletools.clock:id/clock_time, content-desc: 6:05:04 AM, text: 6:05:04 AM, class: android.widget.TextView, position: (0, 284, 1080, 494))
Widget(resource-id: com.simplemobiletools.clock:id/clock_date, content-desc: Fri, 10 Jan, text: Fri, 10 Jan, class: android.widget.TextView, position: (0, 494, 1080, 557))
Widget(resource-id: com.simplemobiletools.clock:id/clock_fab, class: android.widget.ImageButton, position: (891, 1920, 1038, 2067))
Widget(resource-id: com.simplemobiletools.clock:id/main_tabs_holder, class: android.widget.HorizontalScrollView, position: (0, 2109, 1080, 2277))
Widget(resource-id: com.simplemobiletools.clock:id/tab_item_holder, class: android.widget.LinearLayout, position: (98, 2141, 172, 2277))
Widget(resource-id: com.simplemobiletools.clock:id/tab_item_icon, class: android.widget.ImageView, position: (98, 2141, 172, 2215))
Widget(resource-id: com.simplemobiletools.clock:id/tab_item_label, text: Clock, class: android.widget.TextView, position: (102, 2215, 167, 2277))
Widget(text: Alarm, class: android.widget.LinearLayout, position: (270, 2109, 540, 2277))
Widget(resource-id: com.simplemobiletools.clock:id/tab_item_holder, class: android.widget.LinearLayout, position: (368, 2141, 442, 2277))
Widget(resource-id: com.simplemobiletools.clock:id/tab_item_icon, class: android.widget.ImageView, position: (368, 2141, 442, 2215))
Widget(resource-id: com.simplemobiletools.clock:id/tab_item_label, text: Alarm, class: android.widget.TextView, position: (370, 2215, 439, 2277))
Widget(text: Stopwatch, class: android.widget.LinearLayout, position: (540, 2109, 810, 2277))
Widget(resource-id: com.simplemobiletools.clock:id/tab_item_holder, class: android.widget.LinearLayout, position: (612, 2141, 737, 2277))
Widget(resource-id: com.simplemobiletools.clock:id/tab_item_icon, class: android.widget.ImageView, position: (637, 2141, 711, 2215))
Widget(resource-id: com.simplemobiletools.clock:id/tab_item_label, text: Stopwatch, class: android.widget.TextView, position: (612, 2215, 737, 2277))
Widget(text: Timer, class: android.widget.LinearLayout, position: (810, 2109, 1080, 2277))
Widget(resource-id: com.simplemobiletools.clock:id/tab_item_holder, class: android.widget.LinearLayout, position: (908, 2141, 982, 2277))
Widget(resource-id: com.simplemobiletools.clock:id/tab_item_icon, class: android.widget.ImageView, position: (908, 2141, 982, 2215))
Widget(resource-id: com.simplemobiletools.clock:id/tab_item_label, text: Timer, class: android.widget.TextView, position: (911, 2215, 979, 2277))


        I would like to know which activity/fragment we are currently on.
        Please respond in the following JSON format:
        {
        "activity_or_fragment": "TestActivity",
        }
        or 
        {
        "activity_or_fragment": "TestFragment",
        }
        If can not determine the activity/fragment,just output{
        "activity_or_fragment": "Unknown"
        }
        Do not output anything else except json format result.
        
2025-01-10 14:05:08,032 - INFO - ------answer------
2025-01-10 14:05:08,032 - INFO - ```json
{
  "activity_or_fragment": "Unknown"
}
```
2025-01-10 14:05:13,580 - INFO - ------query_instructions------
2025-01-10 14:05:13,581 - INFO - ```json
{
    "task": "change alarm max reminder duration to 1 minute",
    "activities_sequence": [
        {
            "activity": "com.simplemobiletools.clock.activities.SettingsActivity",
            "steps": [
                "1. Open the SettingsActivity from the app's main menu.",
                "2. Locate the 'Max Reminder Duration' option under the 'Alarm Tab' section.",
                "3. Click on the 'Max Reminder Duration' option to open the time picker dialog.",
                "4. Select '1 minute' from the time picker dialog.",
                "5. Confirm the selection to update the alarm max reminder duration."
            ]
        }
    ],
    "explanation": "because the SettingsActivity contains the 'Max Reminder Duration' setting under the 'Alarm Tab' section, which allows the user to change the alarm max reminder duration."
}
```
2025-01-10 14:08:50,631 - INFO - This is a event:0
2025-01-10 14:08:50,678 - INFO - -----query_current_activity start query------
2025-01-10 14:08:50,679 - INFO - To change the alarm max reminder duration to 1 minute, you need to modify the relevant code in the `SettingsActivity` where the max reminder duration is set. Based on the provided layout information, the `settings_alarm_max_reminder` TextView in `R.layout.activity_settings` displays the current max reminder duration, which is currently set to "5 minutes".

Here¡¯s how you can achieve this:

### Step 1: Identify the relevant code in `SettingsActivity`
The `settings_alarm_max_reminder` TextView is likely bound to a variable or setting in the `SettingsActivity` class. You need to locate where this value is set or retrieved.

### Step 2: Modify the max reminder duration
You need to change the value from "5 minutes" to "1 minute". This could involve modifying a shared preference, a constant, or a direct assignment in the code.

#### Example:
If the max reminder duration is stored in a shared preference, you might find something like this in the `SettingsActivity`:

```java
SharedPreferences prefs = PreferenceManager.getDefaultSharedPreferences(this);
int maxReminderDuration = prefs.getInt("max_reminder_duration", 5); // Default is 5 minutes
```

You would change the default value to `1`:

```java
int maxReminderDuration = prefs.getInt("max_reminder_duration", 1); // Default is now 1 minute
```

### Step 3: Update the UI
The `settings_alarm_max_reminder` TextView displays the current max reminder duration. You need to ensure that this TextView is updated to reflect the new value.

#### Example:
If the TextView is updated in the `SettingsActivity`, you might find code like this:

```java
TextView maxReminderTextView = findViewById(R.id.settings_alarm_max_reminder);
maxReminderTextView.setText(maxReminderDuration + " minutes");
```

You would change this to:

```java
maxReminderTextView.setText(maxReminderDuration + " minute");
```

### Step 4: Ensure the change is applied
Make sure that the change is applied wherever the max reminder duration is used in the app, such as in the `ReminderActivity` or any other relevant activities.

### Step 5: Test the change
After making the changes, rebuild the app and test to ensure that the max reminder duration is correctly set to 1 minute and that the app behaves as expected.

### Additional Considerations
- If the max reminder duration is used in multiple places, ensure that all instances are updated.
- If the duration is used in calculations (e.g., for setting timers or alarms), ensure that the logic is updated to handle the new duration.

By following these steps, you should be able to change the alarm max reminder duration to 1 minute successfully.

 Here is the information about the screen we are currently on.
Widget(resource-id: com.simplemobiletools.clock:id/action_bar_root, class: android.widget.FrameLayout, position: (0, 74, 1080, 2277))
Widget(resource-id: com.simplemobiletools.clock:id/main_coordinator, class: android.view.ViewGroup, position: (0, 74, 1080, 2277))
Widget(resource-id: com.simplemobiletools.clock:id/main_toolbar, class: android.view.ViewGroup, position: (0, 74, 1080, 242))
Widget(resource-id: com.simplemobiletools.clock:id/settings, content-desc: Settings, class: android.widget.Button, position: (826, 94, 953, 220))
Widget(resource-id: com.simplemobiletools.clock:id/about, content-desc: About, class: android.widget.Button, position: (953, 94, 1080, 220))
Widget(resource-id: com.simplemobiletools.clock:id/main_holder, class: android.widget.RelativeLayout, position: (0, 242, 1080, 2277))
Widget(resource-id: com.simplemobiletools.clock:id/view_pager, class: t4.i, position: (0, 242, 1080, 2109))
Widget(resource-id: com.simplemobiletools.clock:id/clock_fragment, class: android.view.ViewGroup, position: (0, 242, 1080, 2109))
Widget(resource-id: com.simplemobiletools.clock:id/clock_holder, class: android.widget.RelativeLayout, position: (0, 242, 1080, 2109))
Widget(resource-id: com.simplemobiletools.clock:id/clock_time, content-desc: 6:08:48 AM, text: 6:08:48 AM, class: android.widget.TextView, position: (0, 284, 1080, 494))
Widget(resource-id: com.simplemobiletools.clock:id/clock_date, content-desc: Fri, 10 Jan, text: Fri, 10 Jan, class: android.widget.TextView, position: (0, 494, 1080, 557))
Widget(resource-id: com.simplemobiletools.clock:id/clock_fab, class: android.widget.ImageButton, position: (891, 1920, 1038, 2067))
Widget(resource-id: com.simplemobiletools.clock:id/main_tabs_holder, class: android.widget.HorizontalScrollView, position: (0, 2109, 1080, 2277))
Widget(resource-id: com.simplemobiletools.clock:id/tab_item_holder, class: android.widget.LinearLayout, position: (98, 2141, 172, 2277))
Widget(resource-id: com.simplemobiletools.clock:id/tab_item_icon, class: android.widget.ImageView, position: (98, 2141, 172, 2215))
Widget(resource-id: com.simplemobiletools.clock:id/tab_item_label, text: Clock, class: android.widget.TextView, position: (102, 2215, 167, 2277))
Widget(text: Alarm, class: android.widget.LinearLayout, position: (270, 2109, 540, 2277))
Widget(resource-id: com.simplemobiletools.clock:id/tab_item_holder, class: android.widget.LinearLayout, position: (368, 2141, 442, 2277))
Widget(resource-id: com.simplemobiletools.clock:id/tab_item_icon, class: android.widget.ImageView, position: (368, 2141, 442, 2215))
Widget(resource-id: com.simplemobiletools.clock:id/tab_item_label, text: Alarm, class: android.widget.TextView, position: (370, 2215, 439, 2277))
Widget(text: Stopwatch, class: android.widget.LinearLayout, position: (540, 2109, 810, 2277))
Widget(resource-id: com.simplemobiletools.clock:id/tab_item_holder, class: android.widget.LinearLayout, position: (612, 2141, 737, 2277))
Widget(resource-id: com.simplemobiletools.clock:id/tab_item_icon, class: android.widget.ImageView, position: (637, 2141, 711, 2215))
Widget(resource-id: com.simplemobiletools.clock:id/tab_item_label, text: Stopwatch, class: android.widget.TextView, position: (612, 2215, 737, 2277))
Widget(text: Timer, class: android.widget.LinearLayout, position: (810, 2109, 1080, 2277))
Widget(resource-id: com.simplemobiletools.clock:id/tab_item_holder, class: android.widget.LinearLayout, position: (908, 2141, 982, 2277))
Widget(resource-id: com.simplemobiletools.clock:id/tab_item_icon, class: android.widget.ImageView, position: (908, 2141, 982, 2215))
Widget(resource-id: com.simplemobiletools.clock:id/tab_item_label, text: Timer, class: android.widget.TextView, position: (911, 2215, 979, 2277))
Widget(content-desc: Security & privacy notification: Set a screen lock, class: android.widget.ImageView, position: (107, 1, 165, 74))
Widget(content-desc: ATX notification: UIAutomator, class: android.widget.ImageView, position: (165, 1, 223, 74))
Widget(content-desc: Settings notification: Virtual SD card, class: android.widget.ImageView, position: (223, 1, 281, 74))
Widget(content-desc: Android System notification: , class: android.widget.ImageView, position: (281, 1, 339, 74))


        I would like to know which activity/fragment we are currently on.
        Please respond in the following JSON format:
        {
        "activity_or_fragment": "TestActivity",
        }
        or 
        {
        "activity_or_fragment": "TestFragment",
        }
        If can not determine the activity/fragment,just output{
        "activity_or_fragment": "Unknown"
        }
        Do not output anything else except json format result.
        
2025-01-10 14:08:52,257 - INFO - ------answer------
2025-01-10 14:08:52,257 - INFO - ```json
{
"activity_or_fragment": "Unknown"
}
```
2025-01-10 14:09:00,526 - INFO - ------query_instructions------
2025-01-10 14:09:00,526 - INFO - ```json
{
    "task": "change alarm max reminder duration to 1 minute",
    "activities_sequence": [
        {
            "activity": "SplashActivity",
            "steps": [
                "1. Launch the app, which starts with SplashActivity.",
                "2. The app automatically navigates to the MainActivity."
            ]
        },
        {
            "activity": "MainActivity",
            "steps": [
                "3. From the MainActivity, navigate to the SettingsActivity by clicking on the settings menu item."
            ]
        },
        {
            "activity": "SettingsActivity",
            "steps": [
                "4. In the SettingsActivity, locate the 'Alarm Tab' section.",
                "5. Find the 'Max Reminder Duration' option under the 'Alarm Tab' section.",
                "6. Click on the 'Max Reminder Duration' option to open a dialog.",
                "7. In the dialog, select or input '1 minute' as the new max reminder duration.",
                "8. Confirm the selection by clicking 'OK' or a similar confirmation button."
            ]
        }
    ],
    "explanation": "because the SettingsActivity contains the option to change the alarm max reminder duration, and the user can interact with the dialog to set it to 1 minute."
}
```
2025-01-10 14:13:55,918 - INFO - This is a event:0
2025-01-10 14:13:55,977 - INFO - -----query_current_activity start query------
2025-01-10 14:13:55,978 - INFO - To change the alarm max reminder duration to 1 minute, you need to modify the relevant code in the `SettingsActivity` where the max reminder duration is set. Based on the provided layout information, the `settings_alarm_max_reminder` TextView in `R.layout.activity_settings` displays the current max reminder duration, which is currently set to "5 minutes".

Here¡¯s how you can achieve this:

### Step 1: Identify the relevant code in `SettingsActivity`
The `settings_alarm_max_reminder` TextView is likely bound to a variable or setting in the `SettingsActivity` class. You need to locate where this value is set or retrieved.

### Step 2: Modify the max reminder duration
You need to change the value from "5 minutes" to "1 minute". This could involve modifying a shared preference, a constant, or a direct assignment in the code.

#### Example:
If the max reminder duration is stored in a shared preference, you might find something like this in the `SettingsActivity`:

```java
SharedPreferences prefs = PreferenceManager.getDefaultSharedPreferences(this);
int maxReminderDuration = prefs.getInt("max_reminder_duration", 5); // Default is 5 minutes
```

You would change the default value to `1`:

```java
int maxReminderDuration = prefs.getInt("max_reminder_duration", 1); // Default is now 1 minute
```

### Step 3: Update the UI
The `settings_alarm_max_reminder` TextView displays the current max reminder duration. You need to ensure that this TextView is updated to reflect the new value.

#### Example:
If the TextView is updated in the `SettingsActivity`, you might find code like this:

```java
TextView maxReminderTextView = findViewById(R.id.settings_alarm_max_reminder);
maxReminderTextView.setText(maxReminderDuration + " minutes");
```

You would change this to:

```java
maxReminderTextView.setText(maxReminderDuration + " minute");
```

### Step 4: Ensure the change is applied
Make sure that the change is applied wherever the max reminder duration is used in the app, such as in the `ReminderActivity` or any other relevant activities.

### Step 5: Test the change
After making the changes, rebuild the app and test to ensure that the max reminder duration is correctly set to 1 minute and that the app behaves as expected.

### Additional Considerations
- If the max reminder duration is used in multiple places, ensure that all instances are updated.
- If the duration is used in calculations (e.g., for setting timers or alarms), ensure that the logic is updated to handle the new duration.

By following these steps, you should be able to change the alarm max reminder duration to 1 minute successfully.

 Here is the information about the screen we are currently on.
Widget(content-desc: Security & privacy notification: Set a screen lock, class: android.widget.ImageView, position: (107, 1, 165, 74))
Widget(content-desc: ATX notification: UIAutomator, class: android.widget.ImageView, position: (165, 1, 223, 74))
Widget(content-desc: Settings notification: Virtual SD card, class: android.widget.ImageView, position: (223, 1, 281, 74))
Widget(content-desc: Android System notification: , class: android.widget.ImageView, position: (281, 1, 339, 74))
Widget(resource-id: com.simplemobiletools.clock:id/action_bar_root, class: android.widget.FrameLayout, position: (0, 74, 1080, 2277))
Widget(resource-id: com.simplemobiletools.clock:id/main_coordinator, class: android.view.ViewGroup, position: (0, 74, 1080, 2277))
Widget(resource-id: com.simplemobiletools.clock:id/main_toolbar, class: android.view.ViewGroup, position: (0, 74, 1080, 242))
Widget(resource-id: com.simplemobiletools.clock:id/settings, content-desc: Settings, class: android.widget.Button, position: (826, 94, 953, 220))
Widget(resource-id: com.simplemobiletools.clock:id/about, content-desc: About, class: android.widget.Button, position: (953, 94, 1080, 220))
Widget(resource-id: com.simplemobiletools.clock:id/main_holder, class: android.widget.RelativeLayout, position: (0, 242, 1080, 2277))
Widget(resource-id: com.simplemobiletools.clock:id/view_pager, class: t4.i, position: (0, 242, 1080, 2109))
Widget(resource-id: com.simplemobiletools.clock:id/clock_fragment, class: android.view.ViewGroup, position: (0, 242, 1080, 2109))
Widget(resource-id: com.simplemobiletools.clock:id/clock_holder, class: android.widget.RelativeLayout, position: (0, 242, 1080, 2109))
Widget(resource-id: com.simplemobiletools.clock:id/clock_time, content-desc: 6:13:53 AM, text: 6:13:53 AM, class: android.widget.TextView, position: (0, 284, 1080, 494))
Widget(resource-id: com.simplemobiletools.clock:id/clock_date, content-desc: Fri, 10 Jan, text: Fri, 10 Jan, class: android.widget.TextView, position: (0, 494, 1080, 557))
Widget(resource-id: com.simplemobiletools.clock:id/clock_fab, class: android.widget.ImageButton, position: (891, 1920, 1038, 2067))
Widget(resource-id: com.simplemobiletools.clock:id/main_tabs_holder, class: android.widget.HorizontalScrollView, position: (0, 2109, 1080, 2277))
Widget(resource-id: com.simplemobiletools.clock:id/tab_item_holder, class: android.widget.LinearLayout, position: (98, 2141, 172, 2277))
Widget(resource-id: com.simplemobiletools.clock:id/tab_item_icon, class: android.widget.ImageView, position: (98, 2141, 172, 2215))
Widget(resource-id: com.simplemobiletools.clock:id/tab_item_label, text: Clock, class: android.widget.TextView, position: (102, 2215, 167, 2277))
Widget(text: Alarm, class: android.widget.LinearLayout, position: (270, 2109, 540, 2277))
Widget(resource-id: com.simplemobiletools.clock:id/tab_item_holder, class: android.widget.LinearLayout, position: (368, 2141, 442, 2277))
Widget(resource-id: com.simplemobiletools.clock:id/tab_item_icon, class: android.widget.ImageView, position: (368, 2141, 442, 2215))
Widget(resource-id: com.simplemobiletools.clock:id/tab_item_label, text: Alarm, class: android.widget.TextView, position: (370, 2215, 439, 2277))
Widget(text: Stopwatch, class: android.widget.LinearLayout, position: (540, 2109, 810, 2277))
Widget(resource-id: com.simplemobiletools.clock:id/tab_item_holder, class: android.widget.LinearLayout, position: (612, 2141, 737, 2277))
Widget(resource-id: com.simplemobiletools.clock:id/tab_item_icon, class: android.widget.ImageView, position: (637, 2141, 711, 2215))
Widget(resource-id: com.simplemobiletools.clock:id/tab_item_label, text: Stopwatch, class: android.widget.TextView, position: (612, 2215, 737, 2277))
Widget(text: Timer, class: android.widget.LinearLayout, position: (810, 2109, 1080, 2277))
Widget(resource-id: com.simplemobiletools.clock:id/tab_item_holder, class: android.widget.LinearLayout, position: (908, 2141, 982, 2277))
Widget(resource-id: com.simplemobiletools.clock:id/tab_item_icon, class: android.widget.ImageView, position: (908, 2141, 982, 2215))
Widget(resource-id: com.simplemobiletools.clock:id/tab_item_label, text: Timer, class: android.widget.TextView, position: (911, 2215, 979, 2277))


        I would like to know which activity/fragment we are currently on.
        Please respond in the following JSON format:
        {
        "activity_or_fragment": "TestActivity",
        }
        or 
        {
        "activity_or_fragment": "TestFragment",
        }
        If can not determine the activity/fragment,just output{
        "activity_or_fragment": "Unknown"
        }
        Do not output anything else except json format result.
        
2025-01-10 14:13:57,251 - INFO - ------answer------
2025-01-10 14:13:57,251 - INFO - ```json
{
"activity_or_fragment": "Unknown"
}
```
2025-01-10 14:14:03,430 - INFO - ------query_instructions------
2025-01-10 14:14:03,430 - INFO - ```json
{
    "task": "change alarm max reminder duration to 1 minute",
    "activities_sequence": [
        {
            "activity": "com.simplemobiletools.clock.activities.SettingsActivity",
            "steps": [
                "1. Open the SettingsActivity from the app's main menu.",
                "2. Locate the 'Max Reminder Duration' option under the 'Alarm Tab' section.",
                "3. Click on the 'Max Reminder Duration' option to open the time selection dialog.",
                "4. Select '1 minute' from the time options provided in the dialog.",
                "5. Confirm the selection to update the alarm max reminder duration to 1 minute."
            ]
        }
    ],
    "explanation": "because the SettingsActivity contains the 'Max Reminder Duration' option under the 'Alarm Tab' section, which allows the user to change the alarm max reminder duration."
}
```
2025-01-16 14:49:26,063 - INFO - This is a event:0
2025-01-16 14:49:26,173 - INFO - -----query_current_activity start query------
2025-01-16 14:49:26,176 - INFO - To change the alarm max reminder duration to 1 minute, you need to modify the relevant code in the `SettingsActivity` where the max reminder duration is set. Based on the provided layout information, the `settings_alarm_max_reminder` TextView in `R.layout.activity_settings` displays the current max reminder duration, which is currently set to "5 minutes".

Here¡¯s how you can achieve this:

### Step 1: Identify the relevant code in `SettingsActivity`
The `settings_alarm_max_reminder` TextView is likely bound to a variable or setting in the `SettingsActivity` class. You need to locate where this value is set or retrieved.

### Step 2: Modify the max reminder duration
You need to change the value from "5 minutes" to "1 minute". This could involve modifying a shared preference, a constant, or a direct assignment in the code.

#### Example:
If the max reminder duration is stored in a shared preference, you might find something like this in the `SettingsActivity`:

```java
SharedPreferences prefs = PreferenceManager.getDefaultSharedPreferences(this);
int maxReminderDuration = prefs.getInt("max_reminder_duration", 5); // Default is 5 minutes
```

You would change the default value to `1`:

```java
int maxReminderDuration = prefs.getInt("max_reminder_duration", 1); // Default is now 1 minute
```

### Step 3: Update the UI
The `settings_alarm_max_reminder` TextView displays the current max reminder duration. You need to ensure that this TextView is updated to reflect the new value.

#### Example:
If the TextView is updated in the `SettingsActivity`, you might find code like this:

```java
TextView maxReminderTextView = findViewById(R.id.settings_alarm_max_reminder);
maxReminderTextView.setText(maxReminderDuration + " minutes");
```

You would change this to:

```java
maxReminderTextView.setText(maxReminderDuration + " minute");
```

### Step 4: Ensure the change is applied
Make sure that the change is applied wherever the max reminder duration is used in the app, such as in the `ReminderActivity` or any other relevant activities.

### Step 5: Test the change
After making the changes, rebuild the app and test to ensure that the max reminder duration is correctly set to 1 minute and that the app behaves as expected.

### Additional Considerations
- If the max reminder duration is used in multiple places, ensure that all instances are updated.
- If the duration is used in calculations (e.g., for setting timers or alarms), ensure that the logic is updated to handle the new duration.

By following these steps, you should be able to change the alarm max reminder duration to 1 minute successfully.

 Here is the information about the screen we are currently on.
Widget(content-desc: ATX notification: UIAutomator, class: android.widget.ImageView, position: (107, 1, 165, 74))
Widget(content-desc: Android System notification: , class: android.widget.ImageView, position: (165, 1, 223, 74))
Widget(resource-id: com.simplemobiletools.clock:id/action_bar_root, class: android.widget.FrameLayout, position: (0, 74, 1080, 2277))
Widget(resource-id: com.simplemobiletools.clock:id/main_coordinator, class: android.view.ViewGroup, position: (0, 74, 1080, 2277))
Widget(resource-id: com.simplemobiletools.clock:id/main_toolbar, class: android.view.ViewGroup, position: (0, 74, 1080, 242))
Widget(resource-id: com.simplemobiletools.clock:id/settings, content-desc: Settings, class: android.widget.Button, position: (826, 94, 953, 220))
Widget(resource-id: com.simplemobiletools.clock:id/about, content-desc: About, class: android.widget.Button, position: (953, 94, 1080, 220))
Widget(resource-id: com.simplemobiletools.clock:id/main_holder, class: android.widget.RelativeLayout, position: (0, 242, 1080, 2277))
Widget(resource-id: com.simplemobiletools.clock:id/view_pager, class: t4.i, position: (0, 242, 1080, 2109))
Widget(resource-id: com.simplemobiletools.clock:id/clock_fragment, class: android.view.ViewGroup, position: (0, 242, 1080, 2109))
Widget(resource-id: com.simplemobiletools.clock:id/clock_holder, class: android.widget.RelativeLayout, position: (0, 242, 1080, 2109))
Widget(resource-id: com.simplemobiletools.clock:id/clock_time, content-desc: 6:49:25 AM, text: 6:49:25 AM, class: android.widget.TextView, position: (0, 284, 1080, 494))
Widget(resource-id: com.simplemobiletools.clock:id/clock_date, content-desc: Thu, 16 Jan, text: Thu, 16 Jan, class: android.widget.TextView, position: (0, 494, 1080, 557))
Widget(resource-id: com.simplemobiletools.clock:id/clock_fab, class: android.widget.ImageButton, position: (891, 1920, 1038, 2067))
Widget(resource-id: com.simplemobiletools.clock:id/main_tabs_holder, class: android.widget.HorizontalScrollView, position: (0, 2109, 1080, 2277))
Widget(resource-id: com.simplemobiletools.clock:id/tab_item_holder, class: android.widget.LinearLayout, position: (98, 2141, 172, 2277))
Widget(resource-id: com.simplemobiletools.clock:id/tab_item_icon, class: android.widget.ImageView, position: (98, 2141, 172, 2215))
Widget(resource-id: com.simplemobiletools.clock:id/tab_item_label, text: Clock, class: android.widget.TextView, position: (102, 2215, 167, 2277))
Widget(text: Alarm, class: android.widget.LinearLayout, position: (270, 2109, 540, 2277))
Widget(resource-id: com.simplemobiletools.clock:id/tab_item_holder, class: android.widget.LinearLayout, position: (368, 2141, 442, 2277))
Widget(resource-id: com.simplemobiletools.clock:id/tab_item_icon, class: android.widget.ImageView, position: (368, 2141, 442, 2215))
Widget(resource-id: com.simplemobiletools.clock:id/tab_item_label, text: Alarm, class: android.widget.TextView, position: (370, 2215, 439, 2277))
Widget(text: Stopwatch, class: android.widget.LinearLayout, position: (540, 2109, 810, 2277))
Widget(resource-id: com.simplemobiletools.clock:id/tab_item_holder, class: android.widget.LinearLayout, position: (612, 2141, 737, 2277))
Widget(resource-id: com.simplemobiletools.clock:id/tab_item_icon, class: android.widget.ImageView, position: (637, 2141, 711, 2215))
Widget(resource-id: com.simplemobiletools.clock:id/tab_item_label, text: Stopwatch, class: android.widget.TextView, position: (612, 2215, 737, 2277))
Widget(text: Timer, class: android.widget.LinearLayout, position: (810, 2109, 1080, 2277))
Widget(resource-id: com.simplemobiletools.clock:id/tab_item_holder, class: android.widget.LinearLayout, position: (908, 2141, 982, 2277))
Widget(resource-id: com.simplemobiletools.clock:id/tab_item_icon, class: android.widget.ImageView, position: (908, 2141, 982, 2215))
Widget(resource-id: com.simplemobiletools.clock:id/tab_item_label, text: Timer, class: android.widget.TextView, position: (911, 2215, 979, 2277))


        I would like to know which activity/fragment we are currently on.
        Please respond in the following JSON format:
        {
        "activity_or_fragment": "TestActivity",
        }
        or 
        {
        "activity_or_fragment": "TestFragment",
        }
        If can not determine the activity/fragment,just output{
        "activity_or_fragment": "Unknown"
        }
        Do not output anything else except json format result.
        
2025-01-16 14:49:28,485 - INFO - ------answer------
2025-01-16 14:49:28,486 - INFO - ```json
{
"activity_or_fragment": "Unknown"
}
```
2025-01-16 14:49:37,765 - INFO - ------query_instructions------
2025-01-16 14:49:37,766 - INFO - ```json
{
    "task": "change alarm max reminder duration to 1 minute",
    "activities_sequence": [
        {
            "activity": "MainActivity",
            "steps": [
                "1. Open the app and navigate to the MainActivity.",
                "2. Click on the 'Settings' menu item in the toolbar."
            ]
        },
        {
            "activity": "SettingsActivity",
            "steps": [
                "3. In the SettingsActivity, scroll to the 'Alarm Tab' section.",
                "4. Click on the 'Max Reminder Duration' option.",
                "5. In the dialog that appears, select '1 minute' as the new duration.",
                "6. Confirm the selection by clicking 'OK' or a similar button."
            ]
        }
    ],
    "explanation": "because the SettingsActivity contains the option to change the alarm max reminder duration, and the user can interact with the dialog to set it to 1 minute."
}
```
