2025-01-16 18:19:57,423 - INFO - This is a event:0
2025-01-16 18:20:18,763 - INFO - -----query_current_activity start query------
2025-01-16 18:20:18,765 - INFO - To achieve the task of "temporarily show hidden files" in the given app, you need to focus on the `SettingsActivity` and its associated layout (`R.layout.activity_settings`). Specifically, you should look for the checkbox that controls the visibility of hidden files.

### Key Observations:
1. **Checkbox for Hidden Files**:
   - In the `SettingsActivity` layout, there is a `MyAppCompatCheckbox` with the ID `@+id/settings_show_hidden`.
   - This checkbox is labeled with the text `@string/show_hidden_items`, which suggests it controls the visibility of hidden files.

2. **Temporary Visibility**:
   - Since the task requires **temporarily** showing hidden files, you need to implement a mechanism to toggle the visibility of hidden files for a specific duration or until the user explicitly hides them again.

### Implementation Steps:

#### 1. **Modify `SettingsActivity`**:
   - Locate the `SettingsActivity` class in the source code.
   - Find the `onCreate` method or the method where the `settings_show_hidden` checkbox is initialized.
   - Add logic to temporarily enable the visibility of hidden files when the checkbox is checked.

#### 2. **Add Temporary Visibility Logic**:
   - Use a `Handler` or `Timer` to automatically uncheck the `settings_show_hidden` checkbox after a certain duration (e.g., 10 seconds).
   - Alternatively, you can add a button or menu item in the `MainActivity` to toggle hidden file visibility temporarily.

#### Example Code Snippet:
Here¡¯s an example of how you might implement this in `SettingsActivity`:

```java
// In SettingsActivity.java
private MyAppCompatCheckbox showHiddenCheckbox;

@Override
protected void onCreate(Bundle savedInstanceState) {
    super.onCreate(savedInstanceState);
    setContentView(R.layout.activity_settings);

    showHiddenCheckbox = findViewById(R.id.settings_show_hidden);

    // Set a listener to handle temporary visibility
    showHiddenCheckbox.setOnCheckedChangeListener((buttonView, isChecked) -> {
        if (isChecked) {
            // Temporarily show hidden files for 10 seconds
            new Handler(Looper.getMainLooper()).postDelayed(() -> {
                showHiddenCheckbox.setChecked(false); // Hide files after 10 seconds
            }, 10000); // 10 seconds delay
        }
    });
}
```

#### 3. **Update `MainActivity`**:
   - Ensure that the `MainActivity` respects the `settings_show_hidden` preference when listing files.
   - If the checkbox is checked, include hidden files in the file list; otherwise, exclude them.

#### Example Code Snippet for `MainActivity`:
```java
// In MainActivity.java
private boolean shouldShowHiddenFiles() {
    SharedPreferences preferences = PreferenceManager.getDefaultSharedPreferences(this);
    return preferences.getBoolean("show_hidden_files", false); // Assuming the preference key is "show_hidden_files"
}

private void loadFiles() {
    List<File> files = // Load files from the directory
    if (!shouldShowHiddenFiles()) {
        files = files.stream()
                     .filter(file -> !file.isHidden())
                     .collect(Collectors.toList());
    }
    // Update the UI with the filtered files
}
```

#### 4. **Update Preferences**:
   - Ensure that the state of the `settings_show_hidden` checkbox is saved in `SharedPreferences` so that the app can remember the user's choice across sessions.

#### Example Code Snippet for Saving Preferences:
```java
// In SettingsActivity.java
private void saveShowHiddenPreference(boolean showHidden) {
    SharedPreferences preferences = PreferenceManager.getDefaultSharedPreferences(this);
    SharedPreferences.Editor editor = preferences.edit();
    editor.putBoolean("show_hidden_files", showHidden);
    editor.apply();
}

// Call this method when the checkbox state changes
showHiddenCheckbox.setOnCheckedChangeListener((buttonView, isChecked) -> {
    saveShowHiddenPreference(isChecked);
    if (isChecked) {
        new Handler(Looper.getMainLooper()).postDelayed(() -> {
            showHiddenCheckbox.setChecked(false);
            saveShowHiddenPreference(false);
        }, 10000); // 10 seconds delay
    }
});
```

### Summary:
- Use the `settings_show_hidden` checkbox in `SettingsActivity` to control hidden file visibility.
- Implement a temporary visibility mechanism using a `Handler` or `Timer`.
- Ensure the `MainActivity` respects the `show_hidden_files` preference when listing files.
- Save the checkbox state in `SharedPreferences` for persistence.

This approach will allow you to temporarily show hidden files in the app.

 Here is the information about the screen we are currently on.
Widget(content-desc: ATX notification: UIAutomator, class: android.widget.ImageView, position: (128, 1, 186, 74))
Widget(content-desc: Android System notification: , class: android.widget.ImageView, position: (186, 1, 244, 74))
Widget(resource-id: com.simplemobiletools.filemanager.pro:id/action_bar_root, class: android.widget.FrameLayout, position: (0, 74, 1080, 2277))
Widget(resource-id: com.simplemobiletools.filemanager.pro:id/main_coordinator, class: android.view.ViewGroup, position: (0, 74, 1080, 2277))
Widget(resource-id: com.simplemobiletools.filemanager.pro:id/main_menu, class: android.widget.LinearLayout, position: (0, 74, 1080, 242))
Widget(resource-id: com.simplemobiletools.filemanager.pro:id/top_app_bar_layout, class: android.widget.LinearLayout, position: (42, 74, 1038, 242))
Widget(resource-id: com.simplemobiletools.filemanager.pro:id/top_toolbar_holder, class: android.widget.RelativeLayout, position: (42, 95, 1038, 221))
Widget(resource-id: com.simplemobiletools.filemanager.pro:id/top_toolbar_search_icon, content-desc: Search, class: android.widget.ImageView, position: (42, 95, 147, 221))
Widget(resource-id: com.simplemobiletools.filemanager.pro:id/top_toolbar_search, text: Search, class: android.widget.EditText, position: (147, 95, 731, 221))
Widget(resource-id: com.simplemobiletools.filemanager.pro:id/top_toolbar, class: android.view.ViewGroup, position: (731, 95, 1027, 221))
Widget(resource-id: com.simplemobiletools.filemanager.pro:id/settings, content-desc: Settings, class: android.widget.Button, position: (773, 95, 900, 221))
Widget(resource-id: com.simplemobiletools.filemanager.pro:id/about, content-desc: About, class: android.widget.Button, position: (900, 95, 1027, 221))
Widget(resource-id: com.simplemobiletools.filemanager.pro:id/main_holder, class: android.widget.RelativeLayout, position: (0, 242, 1080, 2277))
Widget(resource-id: com.simplemobiletools.filemanager.pro:id/main_view_pager, class: androidx.viewpager.widget.m, position: (0, 242, 1080, 2109))
Widget(resource-id: com.simplemobiletools.filemanager.pro:id/storage_fragment, class: android.widget.RelativeLayout, position: (0, 242, 1080, 2109))
Widget(resource-id: com.simplemobiletools.filemanager.pro:id/storage_nested_scrollview, class: android.widget.ScrollView, position: (0, 242, 1080, 1132))
Widget(resource-id: com.simplemobiletools.filemanager.pro:id/storage_volumes_holder, class: android.widget.LinearLayout, position: (0, 242, 1080, 1132))
Widget(resource-id: com.simplemobiletools.filemanager.pro:id/storage_holder, class: android.view.ViewGroup, position: (0, 242, 1080, 687))
Widget(resource-id: com.simplemobiletools.filemanager.pro:id/free_space_holder, text: Internal, class: android.widget.RelativeLayout, position: (0, 242, 1080, 687))
Widget(resource-id: com.simplemobiletools.filemanager.pro:id/storage_name, text: Internal, class: android.widget.TextView, position: (42, 284, 933, 347))
Widget(resource-id: com.simplemobiletools.filemanager.pro:id/free_space_value, text: 4.3 GB, class: android.widget.TextView, position: (42, 347, 397, 508))
Widget(resource-id: com.simplemobiletools.filemanager.pro:id/expand_button, class: android.widget.ImageView, position: (933, 284, 1038, 389))
Widget(resource-id: com.simplemobiletools.filemanager.pro:id/free_space_label, text: free, class: android.widget.TextView, position: (418, 425, 500, 488))
Widget(resource-id: com.simplemobiletools.filemanager.pro:id/main_storage_usage_progressbar, class: android.widget.ProgressBar, position: (42, 529, 1038, 540))
Widget(resource-id: com.simplemobiletools.filemanager.pro:id/total_space, text: Total storage: 8 GB, class: android.widget.TextView, position: (42, 561, 439, 624))
Widget(resource-id: com.simplemobiletools.filemanager.pro:id/storage_holder, class: android.view.ViewGroup, position: (0, 687, 1080, 1132))
Widget(resource-id: com.simplemobiletools.filemanager.pro:id/free_space_holder, text: SD Card, class: android.widget.RelativeLayout, position: (0, 687, 1080, 1132))
Widget(resource-id: com.simplemobiletools.filemanager.pro:id/storage_name, text: SD Card, class: android.widget.TextView, position: (42, 729, 933, 792))
Widget(resource-id: com.simplemobiletools.filemanager.pro:id/free_space_value, text: 534.6 MB, class: android.widget.TextView, position: (42, 792, 557, 953))
Widget(resource-id: com.simplemobiletools.filemanager.pro:id/expand_button, class: android.widget.ImageView, position: (933, 729, 1038, 834))
Widget(resource-id: com.simplemobiletools.filemanager.pro:id/free_space_label, text: free, class: android.widget.TextView, position: (578, 870, 660, 933))
Widget(resource-id: com.simplemobiletools.filemanager.pro:id/main_storage_usage_progressbar, class: android.widget.ProgressBar, position: (42, 974, 1038, 985))
Widget(resource-id: com.simplemobiletools.filemanager.pro:id/total_space, text: Total storage: 534.8 MB, class: android.widget.TextView, position: (42, 1006, 538, 1069))
Widget(resource-id: com.simplemobiletools.filemanager.pro:id/main_tabs_holder, class: android.widget.HorizontalScrollView, position: (0, 2109, 1080, 2277))
Widget(text: Files, class: android.widget.LinearLayout, position: (0, 2109, 360, 2277))
Widget(resource-id: com.simplemobiletools.filemanager.pro:id/tab_item_holder, class: android.widget.LinearLayout, position: (143, 2141, 217, 2277))
Widget(resource-id: com.simplemobiletools.filemanager.pro:id/tab_item_icon, class: android.widget.ImageView, position: (143, 2141, 217, 2215))
Widget(resource-id: com.simplemobiletools.filemanager.pro:id/tab_item_label, text: Files, class: android.widget.TextView, position: (153, 2215, 206, 2277))
Widget(text: Recents, class: android.widget.LinearLayout, position: (360, 2109, 720, 2277))
Widget(resource-id: com.simplemobiletools.filemanager.pro:id/tab_item_holder, class: android.widget.LinearLayout, position: (493, 2141, 587, 2277))
Widget(resource-id: com.simplemobiletools.filemanager.pro:id/tab_item_icon, class: android.widget.ImageView, position: (503, 2141, 577, 2215))
Widget(resource-id: com.simplemobiletools.filemanager.pro:id/tab_item_label, text: Recents, class: android.widget.TextView, position: (493, 2215, 587, 2277))
Widget(resource-id: com.simplemobiletools.filemanager.pro:id/tab_item_holder, class: android.widget.LinearLayout, position: (854, 2141, 945, 2277))
Widget(resource-id: com.simplemobiletools.filemanager.pro:id/tab_item_icon, class: android.widget.ImageView, position: (862, 2141, 936, 2215))
Widget(resource-id: com.simplemobiletools.filemanager.pro:id/tab_item_label, text: Storage, class: android.widget.TextView, position: (854, 2215, 945, 2277))


        I would like to know which activity/fragment we are currently on.
        Please respond in the following JSON format:
        {
        "activity_or_fragment": "TestActivity",
        }
        or 
        {
        "activity_or_fragment": "TestFragment",
        }
        If can not determine the activity/fragment,just output{
        "activity_or_fragment": "Unknown"
        }
        Do not output anything else except json format result.
        
2025-01-16 18:20:20,064 - INFO - ------answer------
2025-01-16 18:20:20,064 - INFO - ```json
{
"activity_or_fragment": "Unknown"
}
```
2025-01-16 18:20:31,297 - INFO - ------query_instructions------
2025-01-16 18:20:31,298 - INFO - ```json
{
    "task": "temporarily show hidden files",
    "activities_sequence": [
        {
            "activity": "com.simplemobiletools.filemanager.pro.activities.MainActivity",
            "steps": [
                "1. Open the app and navigate to the 'MainActivity'.",
                "2. Tap on the menu icon (three dots or similar) in the toolbar.",
                "3. Select the 'Temporarily Show Hidden' option from the menu.",
                "4. If prompted, handle any password protection for hidden files.",
                "5. Hidden files will now be temporarily visible in the file list."
            ]
        }
    ],
    "explanation": "because the 'MainActivity' contains the menu item 'temporarily_show_hidden' which allows the user to toggle the visibility of hidden files."
}
```
