2025-01-18 10:38:01,906 - INFO - This is a event:0
2025-01-18 10:38:02,103 - INFO - -----query_current_activity start query------
2025-01-18 10:38:02,105 - INFO - To achieve the task of "Add contact Bob to Favorites," you need to interact with the `ViewContactActivity` or `EditContactActivity` where the contact details are displayed or edited. Specifically, you need to locate and interact with the "Favorite" toggle button in the contact's view or edit screen.

### Steps to Add Contact Bob to Favorites:

1. **Navigate to the Contact Details Screen:**
   - From the `MainActivity`, you would typically navigate to the contact details screen (`ViewContactActivity`) by selecting the contact "Bob" from the list of contacts.

2. **Locate the Favorite Toggle Button:**
   - In the `ViewContactActivity` layout, the favorite toggle button is identified by the `ImageView` with the ID `@+id/contact_toggle_favorite`.
   - The `contentDescription` of this button is `@string/toggle_favorite`, which indicates its purpose.

3. **Toggle the Favorite Status:**
   - If the contact is not already marked as a favorite, you need to click the `contact_toggle_favorite` button to add the contact to favorites.
   - If the contact is already a favorite, clicking the button will remove it from favorites.

### Example Code to Add Contact to Favorites:

Assuming you are writing a test or automation script, here¡¯s how you might interact with the favorite toggle button:

```java
// Assuming you are in the ViewContactActivity
ImageView favoriteButton = findViewById(R.id.contact_toggle_favorite);

// Check if the contact is already a favorite
boolean isFavorite = favoriteButton.isSelected(); // or some other method to check the state

if (!isFavorite) {
    // Click the favorite button to add the contact to favorites
    favoriteButton.performClick();
}
```

### Explanation:
- **`findViewById(R.id.contact_toggle_favorite)`**: This locates the favorite toggle button in the `ViewContactActivity`.
- **`favoriteButton.isSelected()`**: This checks if the button is in the "selected" state, which typically indicates that the contact is already a favorite.
- **`favoriteButton.performClick()`**: This simulates a click on the favorite button, toggling the favorite status.

### Additional Considerations:
- **State Management**: Ensure that the state of the favorite button is correctly managed. The button's appearance (e.g., a filled star vs. an outlined star) should reflect whether the contact is a favorite.
- **Persistence**: The favorite status should be persisted in the app's database or storage, so that the contact remains in favorites even after the app is restarted.

### Navigating Back:
- After toggling the favorite status, you might want to navigate back to the `MainActivity` or another screen to verify that the contact has been added to the favorites list.

```java
// Navigate back to MainActivity
onBackPressed();
```

This sequence of actions should successfully add the contact "Bob" to the favorites list in the app.

 Here is the information about the screen we are currently on.
Widget(content-desc: Dialer notification: , class: android.widget.ImageView, position: (107, 1, 165, 74))
Widget(content-desc: ATX notification: UIAutomator, class: android.widget.ImageView, position: (165, 1, 223, 74))
Widget(content-desc: Android System notification: , class: android.widget.ImageView, position: (223, 1, 281, 74))
Widget(content-desc: Speakerphone enabled., class: android.widget.ImageView, position: (819, 8, 866, 66))
Widget(resource-id: com.simplemobiletools.contacts.pro:id/action_bar_root, class: android.widget.FrameLayout, position: (0, 74, 1080, 2277))
Widget(resource-id: com.simplemobiletools.contacts.pro:id/main_coordinator, class: android.view.ViewGroup, position: (0, 74, 1080, 2277))
Widget(resource-id: com.simplemobiletools.contacts.pro:id/main_menu, class: android.widget.LinearLayout, position: (0, 74, 1080, 242))
Widget(resource-id: com.simplemobiletools.contacts.pro:id/top_app_bar_layout, class: android.widget.LinearLayout, position: (42, 74, 1038, 242))
Widget(resource-id: com.simplemobiletools.contacts.pro:id/top_toolbar_holder, class: android.widget.RelativeLayout, position: (42, 95, 1038, 221))
Widget(resource-id: com.simplemobiletools.contacts.pro:id/top_toolbar_search_icon, content-desc: Search, class: android.widget.ImageView, position: (42, 95, 147, 221))
Widget(resource-id: com.simplemobiletools.contacts.pro:id/top_toolbar_search, text: Search, class: android.widget.EditText, position: (147, 95, 626, 221))
Widget(resource-id: com.simplemobiletools.contacts.pro:id/top_toolbar, class: android.view.ViewGroup, position: (626, 95, 1027, 221))
Widget(resource-id: com.simplemobiletools.contacts.pro:id/sort, content-desc: Sort by, class: android.widget.Button, position: (668, 95, 795, 221))
Widget(resource-id: com.simplemobiletools.contacts.pro:id/filter, content-desc: Filter, class: android.widget.Button, position: (795, 95, 922, 221))
Widget(content-desc: More options, class: android.widget.ImageView, position: (922, 95, 1027, 221))
Widget(resource-id: com.simplemobiletools.contacts.pro:id/main_holder, class: android.view.ViewGroup, position: (0, 242, 1080, 2277))
Widget(resource-id: com.simplemobiletools.contacts.pro:id/view_pager, class: p4.i, position: (0, 242, 1080, 2109))
Widget(resource-id: com.simplemobiletools.contacts.pro:id/contacts_fragment, class: android.view.ViewGroup, position: (0, 242, 1080, 2109))
Widget(resource-id: com.simplemobiletools.contacts.pro:id/fragment_wrapper, class: android.widget.RelativeLayout, position: (0, 242, 1080, 2109))
Widget(resource-id: com.simplemobiletools.contacts.pro:id/fragment_list, class: androidx.recyclerview.widget.RecyclerView, position: (0, 242, 1080, 2109))
Widget(resource-id: com.simplemobiletools.contacts.pro:id/item_contact_frame, text: Alice, class: android.view.ViewGroup, position: (0, 242, 1080, 410))
Widget(resource-id: com.simplemobiletools.contacts.pro:id/item_contact_image, class: android.widget.ImageView, position: (43, 263, 169, 389))
Widget(resource-id: com.simplemobiletools.contacts.pro:id/item_contact_name, text: Alice, class: android.widget.TextView, position: (169, 269, 1048, 326))
Widget(resource-id: com.simplemobiletools.contacts.pro:id/item_contact_number, text: 12345678900, class: android.widget.TextView, position: (169, 326, 1048, 383))
Widget(resource-id: com.simplemobiletools.contacts.pro:id/item_contact_frame, text: Bob, class: android.view.ViewGroup, position: (0, 415, 1080, 583))
Widget(resource-id: com.simplemobiletools.contacts.pro:id/item_contact_image, class: android.widget.ImageView, position: (43, 436, 169, 562))
Widget(resource-id: com.simplemobiletools.contacts.pro:id/item_contact_name, text: Bob, class: android.widget.TextView, position: (169, 442, 1048, 499))
Widget(resource-id: com.simplemobiletools.contacts.pro:id/item_contact_number, text: 7894561230, class: android.widget.TextView, position: (169, 499, 1048, 556))
Widget(resource-id: com.simplemobiletools.contacts.pro:id/item_contact_frame, text: Jack, class: android.view.ViewGroup, position: (0, 588, 1080, 756))
Widget(resource-id: com.simplemobiletools.contacts.pro:id/item_contact_image, class: android.widget.ImageView, position: (43, 609, 169, 735))
Widget(resource-id: com.simplemobiletools.contacts.pro:id/item_contact_name, text: Jack, class: android.widget.TextView, position: (169, 615, 1048, 672))
Widget(resource-id: com.simplemobiletools.contacts.pro:id/item_contact_number, class: android.widget.TextView, position: (169, 672, 1048, 729))
Widget(resource-id: com.simplemobiletools.contacts.pro:id/item_contact_frame, text: 12345678900, class: android.view.ViewGroup, position: (0, 761, 1080, 929))
Widget(resource-id: com.simplemobiletools.contacts.pro:id/item_contact_image, class: android.widget.ImageView, position: (43, 782, 169, 908))
Widget(resource-id: com.simplemobiletools.contacts.pro:id/item_contact_name, text: 12345678900, class: android.widget.TextView, position: (169, 788, 1048, 845))
Widget(resource-id: com.simplemobiletools.contacts.pro:id/item_contact_number, text: 12345678900, class: android.widget.TextView, position: (169, 845, 1048, 902))
Widget(resource-id: com.simplemobiletools.contacts.pro:id/item_contact_frame, text: 12345678900123123456789001234567890045678900, class: android.view.ViewGroup, position: (0, 934, 1080, 1102))
Widget(resource-id: com.simplemobiletools.contacts.pro:id/item_contact_image, class: android.widget.ImageView, position: (43, 955, 169, 1081))
Widget(resource-id: com.simplemobiletools.contacts.pro:id/item_contact_name, text: 12345678900123123456789001234567890045678900, class: android.widget.TextView, position: (169, 961, 1048, 1018))
Widget(resource-id: com.simplemobiletools.contacts.pro:id/item_contact_number, text: 12345678900123123456789001234567890045678900, class: android.widget.TextView, position: (169, 1018, 1048, 1075))
Widget(resource-id: com.simplemobiletools.contacts.pro:id/letter_fastscroller_thumb, class: android.view.ViewGroup, position: (807, 242, 954, 593))
Widget(resource-id: com.simplemobiletools.contacts.pro:id/letter_fastscroller, text: A
B
J
1, class: android.widget.LinearLayout, position: (996, 242, 1080, 593))
Widget(text: A
B
J
1, class: android.widget.TextView, position: (996, 305, 1080, 530))
Widget(resource-id: com.simplemobiletools.contacts.pro:id/fragment_fab, content-desc: Create new contact, class: android.widget.ImageButton, position: (891, 1920, 1038, 2067))
Widget(resource-id: com.simplemobiletools.contacts.pro:id/main_dialpad_button, content-desc: Dialpad, class: android.widget.ImageView, position: (461, 1909, 619, 2067))
Widget(resource-id: com.simplemobiletools.contacts.pro:id/main_tabs_holder, class: android.widget.HorizontalScrollView, position: (0, 2109, 1080, 2277))
Widget(resource-id: com.simplemobiletools.contacts.pro:id/tab_item_holder, class: android.widget.LinearLayout, position: (127, 2141, 232, 2277))
Widget(resource-id: com.simplemobiletools.contacts.pro:id/tab_item_icon, class: android.widget.ImageView, position: (142, 2141, 216, 2215))
Widget(resource-id: com.simplemobiletools.contacts.pro:id/tab_item_label, text: Contacts, class: android.widget.TextView, position: (127, 2215, 232, 2277))
Widget(text: Favorites, class: android.widget.LinearLayout, position: (360, 2109, 720, 2277))
Widget(resource-id: com.simplemobiletools.contacts.pro:id/tab_item_holder, class: android.widget.LinearLayout, position: (486, 2141, 593, 2277))
Widget(resource-id: com.simplemobiletools.contacts.pro:id/tab_item_icon, class: android.widget.ImageView, position: (502, 2141, 576, 2215))
Widget(resource-id: com.simplemobiletools.contacts.pro:id/tab_item_label, text: Favorites, class: android.widget.TextView, position: (486, 2215, 593, 2277))
Widget(text: Groups, class: android.widget.LinearLayout, position: (720, 2109, 1080, 2277))
Widget(resource-id: com.simplemobiletools.contacts.pro:id/tab_item_holder, class: android.widget.LinearLayout, position: (858, 2141, 942, 2277))
Widget(resource-id: com.simplemobiletools.contacts.pro:id/tab_item_icon, class: android.widget.ImageView, position: (863, 2141, 937, 2215))
Widget(resource-id: com.simplemobiletools.contacts.pro:id/tab_item_label, text: Groups, class: android.widget.TextView, position: (858, 2215, 942, 2277))


        I would like to know which activity/fragment we are currently on.
        Please respond in the following JSON format:
        {
        "activity_or_fragment": "TestActivity",
        }
        or 
        {
        "activity_or_fragment": "TestFragment",
        }
        If can not determine the activity/fragment,just output{
        "activity_or_fragment": "Unknown"
        }
        Do not output anything else except json format result.
        
2025-01-18 10:38:03,661 - INFO - ------answer------
2025-01-18 10:38:03,662 - INFO - ```json
{
"activity_or_fragment": "Unknown"
}
```
2025-01-18 10:38:12,412 - INFO - ------query_instructions------
2025-01-18 10:38:12,413 - INFO - ```json
{
    "task": "Add contact Bob to Favorites",
    "activities_sequence": [
        {
            "activity": "com.simplemobiletools.contacts.pro.activities.MainActivity",
            "steps": [
                "1. Open the app and navigate to the 'Contacts' tab.",
                "2. Search for the contact named 'Bob' in the contacts list.",
                "3. Click on the contact 'Bob' to open the contact details."
            ]
        },
        {
            "activity": "com.simplemobiletools.contacts.pro.activities.ViewContactActivity",
            "steps": [
                "4. In the contact details view, locate the 'Favorite' toggle button (star icon).",
                "5. Click the 'Favorite' toggle button to add 'Bob' to your favorites."
            ]
        }
    ],
    "explanation": "because the 'ViewContactActivity' contains the 'Favorite' toggle button that allows users to add a contact to their favorites."
}
```
