2025-01-18 20:15:07,755 - INFO - This is a event:0
2025-01-18 20:15:07,915 - INFO - -----query_current_activity start query------
2025-01-18 20:15:07,924 - INFO - To implement a character counter for the message input field in the `ThreadActivity`, you need to focus on the `com.simplemobiletools.commons.views.MyEditText` with the ID `thread_type_message`. This is the input field where users type their messages. The character counter should update in real-time as the user types.

### Steps to Implement the Character Counter:

1. **Identify the Character Counter View:**
   - The character counter is already present in the layout with the ID `thread_character_counter`. This is a `com.simplemobiletools.commons.views.MyTextView` that displays the current character count.

2. **Link the EditText to the Character Counter:**
   - You need to add a `TextWatcher` to the `thread_type_message` EditText to monitor changes in the text and update the character counter accordingly.

3. **Update the Character Counter:**
   - The `TextWatcher` will listen for changes in the text and update the `thread_character_counter` TextView with the current length of the text.

### Implementation in `ThreadActivity`:

Here¡¯s how you can implement this in the `ThreadActivity`:

```java
public class ThreadActivity extends AppCompatActivity {

    private MyEditText messageEditText;
    private MyTextView characterCounter;

    @Override
    protected void onCreate(Bundle savedInstanceState) {
        super.onCreate(savedInstanceState);
        setContentView(R.layout.activity_thread);

        // Initialize views
        messageEditText = findViewById(R.id.thread_type_message);
        characterCounter = findViewById(R.id.thread_character_counter);

        // Set up the TextWatcher
        messageEditText.addTextChangedListener(new TextWatcher() {
            @Override
            public void beforeTextChanged(CharSequence s, int start, int count, int after) {
                // Not needed
            }

            @Override
            public void onTextChanged(CharSequence s, int start, int before, int count) {
                // Update the character counter
                characterCounter.setText(String.valueOf(s.length()));
            }

            @Override
            public void afterTextChanged(Editable s) {
                // Not needed
            }
        });
    }
}
```

### Explanation:

- **TextWatcher:** This interface listens for changes in the text of the `EditText`. The `onTextChanged` method is called whenever the text changes, and we update the character counter with the current length of the text.
  
- **characterCounter.setText(String.valueOf(s.length()));** This line updates the character counter with the current length of the text in the `EditText`.

### Additional Considerations:

- **Character Limit:** If you want to enforce a character limit (e.g., 160 characters for SMS), you can add logic to change the color of the counter or disable further input when the limit is reached.

- **Visibility:** Ensure that the character counter is visible when the user starts typing. You might want to set its visibility to `View.VISIBLE` when the `EditText` gains focus.

### Example with Character Limit:

```java
private static final int MAX_CHARACTER_LIMIT = 160;

@Override
public void onTextChanged(CharSequence s, int start, int before, int count) {
    int length = s.length();
    characterCounter.setText(String.valueOf(length));

    if (length > MAX_CHARACTER_LIMIT) {
        characterCounter.setTextColor(Color.RED); // Change color to red if limit is exceeded
    } else {
        characterCounter.setTextColor(Color.BLACK); // Reset color if within limit
    }
}
```

This code will change the color of the character counter to red if the user exceeds the character limit.

### Conclusion:

By adding a `TextWatcher` to the `thread_type_message` EditText, you can dynamically update the `thread_character_counter` TextView to show the number of characters typed. This provides real-time feedback to the user, enhancing the user experience when composing messages.

 Here is the information about the screen we are currently on.
Widget(resource-id: com.simplemobiletools.smsmessenger:id/action_bar_root, class: android.widget.FrameLayout, position: (0, 0, 1080, 2277))
Widget(resource-id: com.simplemobiletools.smsmessenger:id/main_coordinator, class: android.widget.ScrollView, position: (0, 74, 1080, 2277))
Widget(resource-id: com.simplemobiletools.smsmessenger:id/main_menu, class: android.widget.LinearLayout, position: (0, 74, 1080, 242))
Widget(resource-id: com.simplemobiletools.smsmessenger:id/top_app_bar_layout, class: android.widget.LinearLayout, position: (42, 74, 1038, 242))
Widget(resource-id: com.simplemobiletools.smsmessenger:id/top_toolbar_holder, class: android.widget.RelativeLayout, position: (42, 95, 1038, 221))
Widget(resource-id: com.simplemobiletools.smsmessenger:id/top_toolbar_search_icon, content-desc: Search, class: android.widget.ImageView, position: (42, 95, 147, 221))
Widget(resource-id: com.simplemobiletools.smsmessenger:id/top_toolbar_search, text: Search, class: android.widget.EditText, position: (147, 95, 626, 221))
Widget(resource-id: com.simplemobiletools.smsmessenger:id/top_toolbar, class: android.view.ViewGroup, position: (626, 95, 1027, 221))
Widget(resource-id: com.simplemobiletools.smsmessenger:id/settings, content-desc: Settings, class: android.widget.Button, position: (668, 95, 795, 221))
Widget(resource-id: com.simplemobiletools.smsmessenger:id/about, content-desc: About, class: android.widget.Button, position: (795, 95, 922, 221))
Widget(content-desc: More options, class: android.widget.ImageView, position: (922, 95, 1027, 221))
Widget(resource-id: com.simplemobiletools.smsmessenger:id/main_nested_scrollview, class: android.widget.RelativeLayout, position: (0, 242, 1080, 2277))
Widget(resource-id: com.simplemobiletools.smsmessenger:id/main_coordinator_wrapper, class: android.view.ViewGroup, position: (0, 242, 1080, 2277))
Widget(resource-id: com.simplemobiletools.smsmessenger:id/main_holder, class: android.widget.RelativeLayout, position: (0, 242, 1080, 2277))
Widget(resource-id: com.simplemobiletools.smsmessenger:id/conversations_fastscroller, class: android.widget.RelativeLayout, position: (0, 242, 1080, 2277))
Widget(resource-id: com.simplemobiletools.smsmessenger:id/conversations_list, class: androidx.recyclerview.widget.RecyclerView, position: (0, 242, 1080, 2277))
Widget(resource-id: com.simplemobiletools.smsmessenger:id/conversation_frame, text: Bob, class: android.widget.FrameLayout, position: (0, 242, 1080, 496))
Widget(resource-id: com.simplemobiletools.smsmessenger:id/conversation_holder, class: android.widget.RelativeLayout, position: (0, 242, 1080, 496))
Widget(resource-id: com.simplemobiletools.smsmessenger:id/conversation_image, class: android.widget.ImageView, position: (43, 284, 169, 454))
Widget(resource-id: com.simplemobiletools.smsmessenger:id/pin_indicator_l, class: android.widget.RelativeLayout, position: (43, 284, 169, 454))
Widget(resource-id: com.simplemobiletools.smsmessenger:id/conversation_address, text: Bob, class: android.widget.TextView, position: (201, 284, 1048, 352))
Widget(resource-id: com.simplemobiletools.smsmessenger:id/conversation_body_short, text: Goodmorning, class: android.widget.TextView, position: (201, 352, 1048, 403))
Widget(resource-id: com.simplemobiletools.smsmessenger:id/conversation_date, text: 02:50 AM, class: android.widget.TextView, position: (201, 408, 1048, 454))
Widget(resource-id: com.simplemobiletools.smsmessenger:id/conversation_frame, text: 7894561230, class: android.widget.FrameLayout, position: (0, 501, 1080, 755))
Widget(resource-id: com.simplemobiletools.smsmessenger:id/conversation_holder, class: android.widget.RelativeLayout, position: (0, 501, 1080, 755))
Widget(resource-id: com.simplemobiletools.smsmessenger:id/conversation_image, class: android.widget.ImageView, position: (43, 543, 169, 713))
Widget(resource-id: com.simplemobiletools.smsmessenger:id/pin_indicator_l, class: android.widget.RelativeLayout, position: (43, 543, 169, 713))
Widget(resource-id: com.simplemobiletools.smsmessenger:id/conversation_address, text: 7894561230, class: android.widget.TextView, position: (201, 543, 1048, 611))
Widget(resource-id: com.simplemobiletools.smsmessenger:id/conversation_body_short, text: Goodmorning, class: android.widget.TextView, position: (201, 611, 1048, 662))
Widget(resource-id: com.simplemobiletools.smsmessenger:id/conversation_date, text: 02:37 AM, class: android.widget.TextView, position: (201, 667, 1048, 713))
Widget(resource-id: com.simplemobiletools.smsmessenger:id/conversation_frame, text: 12345678900, class: android.widget.FrameLayout, position: (0, 760, 1080, 1014))
Widget(resource-id: com.simplemobiletools.smsmessenger:id/conversation_holder, class: android.widget.RelativeLayout, position: (0, 760, 1080, 1014))
Widget(resource-id: com.simplemobiletools.smsmessenger:id/conversation_image, class: android.widget.ImageView, position: (43, 802, 169, 972))
Widget(resource-id: com.simplemobiletools.smsmessenger:id/pin_indicator_l, class: android.widget.RelativeLayout, position: (43, 802, 169, 972))
Widget(resource-id: com.simplemobiletools.smsmessenger:id/conversation_address, text: 12345678900, class: android.widget.TextView, position: (201, 802, 1048, 870))
Widget(resource-id: com.simplemobiletools.smsmessenger:id/conversation_body_short, text: Morning, class: android.widget.TextView, position: (201, 870, 1048, 921))
Widget(resource-id: com.simplemobiletools.smsmessenger:id/conversation_date, text: 17.01, class: android.widget.TextView, position: (201, 926, 1048, 972))
Widget(resource-id: com.simplemobiletools.smsmessenger:id/trackView, class: android.widget.LinearLayout, position: (1012, 242, 1080, 2277))
Widget(resource-id: com.simplemobiletools.smsmessenger:id/conversations_fab, class: android.widget.ImageButton, position: (891, 2088, 1038, 2235))
Widget(content-desc: ATX notification: UIAutomator, class: android.widget.ImageView, position: (128, 1, 186, 74))
Widget(content-desc: Android System notification: , class: android.widget.ImageView, position: (186, 1, 244, 74))


        I would like to know which activity/fragment we are currently on.
        Please respond in the following JSON format:
        {
        "activity_or_fragment": "TestActivity",
        }
        or 
        {
        "activity_or_fragment": "TestFragment",
        }
        If can not determine the activity/fragment,just output{
        "activity_or_fragment": "Unknown"
        }
        Do not output anything else except json format result.
        
2025-01-18 20:15:09,246 - INFO - ------answer------
2025-01-18 20:15:09,247 - INFO - ```json
{
"activity_or_fragment": "Unknown"
}
```
2025-01-18 20:15:15,600 - INFO - ------query_instructions------
2025-01-18 20:15:15,600 - INFO - ```json
{
    "task": "show a character counter at writing messages",
    "activities_sequence": [
        {
            "activity": "SettingsActivity",
            "steps": [
                "1. Open the SettingsActivity from the app menu.",
                "2. Scroll to the 'Outgoing Messages' section.",
                "3. Locate the 'Show character counter' option.",
                "4. Toggle the checkbox to enable the character counter."
            ]
        },
        {
            "activity": "ThreadActivity",
            "steps": [
                "5. Open a conversation in the ThreadActivity.",
                "6. Start typing a message in the message input field.",
                "7. Observe the character counter updating as you type."
            ]
        }
    ],
    "explanation": "because the SettingsActivity allows enabling the character counter, and the ThreadActivity displays the counter while typing a message."
}
```
