2025-01-10 14:19:11,530 - INFO - This is a event:0
2025-01-10 14:19:28,952 - INFO - -----query_current_activity start query------
2025-01-10 14:19:28,953 - INFO - To achieve the task of setting the snooze time to 5 minutes, you need to interact with the `SettingsActivity` where the snooze time is configured. Based on the provided layout information, the snooze time setting is located in the `SettingsActivity` under the `settings_snooze_time_holder` element.

Here¡¯s a step-by-step breakdown of how to achieve this:

### 1. **Navigate to `SettingsActivity`:**
   - The `SettingsActivity` is where the snooze time can be configured. You need to launch this activity to access the snooze time settings.

### 2. **Locate the Snooze Time Setting:**
   - In the `SettingsActivity`, the snooze time is displayed in a `TextView` with the ID `settings_snooze_time`. The current snooze time is set to "10 minutes" as per the provided layout information.

### 3. **Change the Snooze Time to 5 Minutes:**
   - You need to interact with the `settings_snooze_time` element to change the snooze time. This might involve clicking on the element to open a dialog or a picker where you can select the snooze time.

### 4. **Set the Snooze Time to 5 Minutes:**
   - Once the snooze time picker is open, you can select or input "5 minutes" as the new snooze time.

### 5. **Save the Changes:**
   - After setting the snooze time to 5 minutes, you need to save the changes. This might involve clicking a "Save" or "OK" button if a dialog is used.

### 6. **Verify the Change:**
   - Finally, verify that the snooze time has been successfully changed to 5 minutes by checking the `settings_snooze_time` element again.

### Example Code (Pseudocode):
```java
// Launch the SettingsActivity
Intent intent = new Intent(context, SettingsActivity.class);
startActivity(intent);

// Locate the snooze time element
TextView snoozeTimeTextView = findViewById(R.id.settings_snooze_time);

// Click on the snooze time element to open the picker
snoozeTimeTextView.performClick();

// Set the snooze time to 5 minutes
// Assuming a dialog or picker opens where you can select the time
setSnoozeTime(5); // This is a placeholder for the actual method to set the time

// Save the changes
Button saveButton = findViewById(R.id.save_button); // Assuming there's a save button
saveButton.performClick();

// Verify the change
String newSnoozeTime = snoozeTimeTextView.getText().toString();
if (newSnoozeTime.equals("5 minutes")) {
    // Successfully changed the snooze time
} else {
    // Failed to change the snooze time
}
```

### Notes:
- The actual implementation might vary depending on how the snooze time picker is implemented in the app.
- If the snooze time is set via a dialog or a separate activity, you will need to handle the interaction with that dialog or activity accordingly.
- The `setSnoozeTime(int minutes)` method is a placeholder and should be replaced with the actual method or interaction required to set the snooze time in the app.

### Conclusion:
By following these steps, you should be able to set the snooze time to 5 minutes in the app. The key is to navigate to the `SettingsActivity`, locate the snooze time setting, and interact with the UI elements to change and save the new snooze time.

 Here is the information about the screen we are currently on.
Widget(content-desc: Security & privacy notification: Set a screen lock, class: android.widget.ImageView, position: (107, 1, 165, 74))
Widget(content-desc: ATX notification: UIAutomator, class: android.widget.ImageView, position: (165, 1, 223, 74))
Widget(content-desc: Settings notification: Virtual SD card, class: android.widget.ImageView, position: (223, 1, 281, 74))
Widget(content-desc: Android System notification: , class: android.widget.ImageView, position: (281, 1, 339, 74))
Widget(resource-id: com.simplemobiletools.clock:id/action_bar_root, class: android.widget.FrameLayout, position: (0, 74, 1080, 2277))
Widget(resource-id: com.simplemobiletools.clock:id/main_coordinator, class: android.view.ViewGroup, position: (0, 74, 1080, 2277))
Widget(resource-id: com.simplemobiletools.clock:id/main_toolbar, class: android.view.ViewGroup, position: (0, 74, 1080, 242))
Widget(resource-id: com.simplemobiletools.clock:id/settings, content-desc: Settings, class: android.widget.Button, position: (826, 94, 953, 220))
Widget(resource-id: com.simplemobiletools.clock:id/about, content-desc: About, class: android.widget.Button, position: (953, 94, 1080, 220))
Widget(resource-id: com.simplemobiletools.clock:id/main_holder, class: android.widget.RelativeLayout, position: (0, 242, 1080, 2277))
Widget(resource-id: com.simplemobiletools.clock:id/view_pager, class: t4.i, position: (0, 242, 1080, 2109))
Widget(resource-id: com.simplemobiletools.clock:id/clock_fragment, class: android.view.ViewGroup, position: (0, 242, 1080, 2109))
Widget(resource-id: com.simplemobiletools.clock:id/clock_holder, class: android.widget.RelativeLayout, position: (0, 242, 1080, 2109))
Widget(resource-id: com.simplemobiletools.clock:id/clock_time, content-desc: 6:19:09 AM, text: 6:19:09 AM, class: android.widget.TextView, position: (0, 284, 1080, 494))
Widget(resource-id: com.simplemobiletools.clock:id/clock_date, content-desc: Fri, 10 Jan, text: Fri, 10 Jan, class: android.widget.TextView, position: (0, 494, 1080, 557))
Widget(resource-id: com.simplemobiletools.clock:id/clock_fab, class: android.widget.ImageButton, position: (891, 1920, 1038, 2067))
Widget(resource-id: com.simplemobiletools.clock:id/main_tabs_holder, class: android.widget.HorizontalScrollView, position: (0, 2109, 1080, 2277))
Widget(resource-id: com.simplemobiletools.clock:id/tab_item_holder, class: android.widget.LinearLayout, position: (98, 2141, 172, 2277))
Widget(resource-id: com.simplemobiletools.clock:id/tab_item_icon, class: android.widget.ImageView, position: (98, 2141, 172, 2215))
Widget(resource-id: com.simplemobiletools.clock:id/tab_item_label, text: Clock, class: android.widget.TextView, position: (102, 2215, 167, 2277))
Widget(text: Alarm, class: android.widget.LinearLayout, position: (270, 2109, 540, 2277))
Widget(resource-id: com.simplemobiletools.clock:id/tab_item_holder, class: android.widget.LinearLayout, position: (368, 2141, 442, 2277))
Widget(resource-id: com.simplemobiletools.clock:id/tab_item_icon, class: android.widget.ImageView, position: (368, 2141, 442, 2215))
Widget(resource-id: com.simplemobiletools.clock:id/tab_item_label, text: Alarm, class: android.widget.TextView, position: (370, 2215, 439, 2277))
Widget(text: Stopwatch, class: android.widget.LinearLayout, position: (540, 2109, 810, 2277))
Widget(resource-id: com.simplemobiletools.clock:id/tab_item_holder, class: android.widget.LinearLayout, position: (612, 2141, 737, 2277))
Widget(resource-id: com.simplemobiletools.clock:id/tab_item_icon, class: android.widget.ImageView, position: (637, 2141, 711, 2215))
Widget(resource-id: com.simplemobiletools.clock:id/tab_item_label, text: Stopwatch, class: android.widget.TextView, position: (612, 2215, 737, 2277))
Widget(text: Timer, class: android.widget.LinearLayout, position: (810, 2109, 1080, 2277))
Widget(resource-id: com.simplemobiletools.clock:id/tab_item_holder, class: android.widget.LinearLayout, position: (908, 2141, 982, 2277))
Widget(resource-id: com.simplemobiletools.clock:id/tab_item_icon, class: android.widget.ImageView, position: (908, 2141, 982, 2215))
Widget(resource-id: com.simplemobiletools.clock:id/tab_item_label, text: Timer, class: android.widget.TextView, position: (911, 2215, 979, 2277))


        I would like to know which activity/fragment we are currently on.
        Please respond in the following JSON format:
        {
        "activity_or_fragment": "TestActivity",
        }
        or 
        {
        "activity_or_fragment": "TestFragment",
        }
        If can not determine the activity/fragment,just output{
        "activity_or_fragment": "Unknown"
        }
        Do not output anything else except json format result.
        
2025-01-10 14:19:30,727 - INFO - ------answer------
2025-01-10 14:19:30,729 - INFO - ```json
{
"activity_or_fragment": "Unknown"
}
```
2025-01-10 14:24:31,774 - INFO - ------query_instructions------
2025-01-10 14:24:31,774 - INFO - ```json
{
    "task": "Set the snooze time to 5 minutes",
    "activities_sequence": [
        {
            "activity": "com.simplemobiletools.clock.activities.SettingsActivity",
            "steps": [
                "1. Open the SettingsActivity from the app's main menu.",
                "2. Locate the 'Snooze Time' section in the settings.",
                "3. Click on the 'Snooze Time' holder to open the snooze time picker dialog.",
                "4. Select 5 minutes from the snooze time options.",
                "5. Confirm the selection to update the snooze time."
            ]
        }
    ],
    "explanation": "because the SettingsActivity contains the snooze time configuration, allowing the user to set the snooze time to 5 minutes."
}
```
2025-01-16 14:55:06,844 - INFO - This is a event:0
2025-01-16 14:55:06,947 - INFO - -----query_current_activity start query------
2025-01-16 14:55:06,951 - INFO - To achieve the task of setting the snooze time to 5 minutes, you need to interact with the `SettingsActivity` where the snooze time is configured. Based on the provided layout information, the snooze time setting is located in the `SettingsActivity` under the `settings_snooze_time_holder` element.

Here¡¯s a step-by-step breakdown of how to achieve this:

### 1. **Navigate to `SettingsActivity`:**
   - The `SettingsActivity` is where the snooze time can be configured. You need to launch this activity to access the snooze time settings.

### 2. **Locate the Snooze Time Setting:**
   - In the `SettingsActivity`, the snooze time is displayed in a `TextView` with the ID `settings_snooze_time`. The current snooze time is set to "10 minutes" as per the provided layout information.

### 3. **Change the Snooze Time to 5 Minutes:**
   - You need to interact with the `settings_snooze_time` element to change the snooze time. This might involve clicking on the element to open a dialog or a picker where you can select the snooze time.

### 4. **Set the Snooze Time to 5 Minutes:**
   - Once the snooze time picker is open, you can select or input "5 minutes" as the new snooze time.

### 5. **Save the Changes:**
   - After setting the snooze time to 5 minutes, you need to save the changes. This might involve clicking a "Save" or "OK" button if a dialog is used.

### 6. **Verify the Change:**
   - Finally, verify that the snooze time has been successfully changed to 5 minutes by checking the `settings_snooze_time` element again.

### Example Code (Pseudocode):
```java
// Launch the SettingsActivity
Intent intent = new Intent(context, SettingsActivity.class);
startActivity(intent);

// Locate the snooze time element
TextView snoozeTimeTextView = findViewById(R.id.settings_snooze_time);

// Click on the snooze time element to open the picker
snoozeTimeTextView.performClick();

// Set the snooze time to 5 minutes
// Assuming a dialog or picker opens where you can select the time
setSnoozeTime(5); // This is a placeholder for the actual method to set the time

// Save the changes
Button saveButton = findViewById(R.id.save_button); // Assuming there's a save button
saveButton.performClick();

// Verify the change
String newSnoozeTime = snoozeTimeTextView.getText().toString();
if (newSnoozeTime.equals("5 minutes")) {
    // Successfully changed the snooze time
} else {
    // Failed to change the snooze time
}
```

### Notes:
- The actual implementation might vary depending on how the snooze time picker is implemented in the app.
- If the snooze time is set via a dialog or a separate activity, you will need to handle the interaction with that dialog or activity accordingly.
- The `setSnoozeTime(int minutes)` method is a placeholder and should be replaced with the actual method or interaction required to set the snooze time in the app.

### Conclusion:
By following these steps, you should be able to set the snooze time to 5 minutes in the app. The key is to navigate to the `SettingsActivity`, locate the snooze time setting, and interact with the UI elements to change and save the new snooze time.

 Here is the information about the screen we are currently on.
Widget(content-desc: ATX notification: UIAutomator, class: android.widget.ImageView, position: (107, 1, 165, 74))
Widget(content-desc: Android System notification: , class: android.widget.ImageView, position: (165, 1, 223, 74))
Widget(resource-id: com.simplemobiletools.clock:id/action_bar_root, class: android.widget.FrameLayout, position: (0, 74, 1080, 2277))
Widget(resource-id: com.simplemobiletools.clock:id/main_coordinator, class: android.view.ViewGroup, position: (0, 74, 1080, 2277))
Widget(resource-id: com.simplemobiletools.clock:id/main_toolbar, class: android.view.ViewGroup, position: (0, 74, 1080, 242))
Widget(resource-id: com.simplemobiletools.clock:id/settings, content-desc: Settings, class: android.widget.Button, position: (826, 94, 953, 220))
Widget(resource-id: com.simplemobiletools.clock:id/about, content-desc: About, class: android.widget.Button, position: (953, 94, 1080, 220))
Widget(resource-id: com.simplemobiletools.clock:id/main_holder, class: android.widget.RelativeLayout, position: (0, 242, 1080, 2277))
Widget(resource-id: com.simplemobiletools.clock:id/view_pager, class: t4.i, position: (0, 242, 1080, 2109))
Widget(resource-id: com.simplemobiletools.clock:id/clock_fragment, class: android.view.ViewGroup, position: (0, 242, 1080, 2109))
Widget(resource-id: com.simplemobiletools.clock:id/clock_holder, class: android.widget.RelativeLayout, position: (0, 242, 1080, 2109))
Widget(resource-id: com.simplemobiletools.clock:id/clock_time, content-desc: 6:55:06 AM, text: 6:55:06 AM, class: android.widget.TextView, position: (0, 284, 1080, 494))
Widget(resource-id: com.simplemobiletools.clock:id/clock_date, content-desc: Thu, 16 Jan, text: Thu, 16 Jan, class: android.widget.TextView, position: (0, 494, 1080, 557))
Widget(resource-id: com.simplemobiletools.clock:id/clock_fab, class: android.widget.ImageButton, position: (891, 1920, 1038, 2067))
Widget(resource-id: com.simplemobiletools.clock:id/main_tabs_holder, class: android.widget.HorizontalScrollView, position: (0, 2109, 1080, 2277))
Widget(resource-id: com.simplemobiletools.clock:id/tab_item_holder, class: android.widget.LinearLayout, position: (98, 2141, 172, 2277))
Widget(resource-id: com.simplemobiletools.clock:id/tab_item_icon, class: android.widget.ImageView, position: (98, 2141, 172, 2215))
Widget(resource-id: com.simplemobiletools.clock:id/tab_item_label, text: Clock, class: android.widget.TextView, position: (102, 2215, 167, 2277))
Widget(text: Alarm, class: android.widget.LinearLayout, position: (270, 2109, 540, 2277))
Widget(resource-id: com.simplemobiletools.clock:id/tab_item_holder, class: android.widget.LinearLayout, position: (368, 2141, 442, 2277))
Widget(resource-id: com.simplemobiletools.clock:id/tab_item_icon, class: android.widget.ImageView, position: (368, 2141, 442, 2215))
Widget(resource-id: com.simplemobiletools.clock:id/tab_item_label, text: Alarm, class: android.widget.TextView, position: (370, 2215, 439, 2277))
Widget(text: Stopwatch, class: android.widget.LinearLayout, position: (540, 2109, 810, 2277))
Widget(resource-id: com.simplemobiletools.clock:id/tab_item_holder, class: android.widget.LinearLayout, position: (612, 2141, 737, 2277))
Widget(resource-id: com.simplemobiletools.clock:id/tab_item_icon, class: android.widget.ImageView, position: (637, 2141, 711, 2215))
Widget(resource-id: com.simplemobiletools.clock:id/tab_item_label, text: Stopwatch, class: android.widget.TextView, position: (612, 2215, 737, 2277))
Widget(text: Timer, class: android.widget.LinearLayout, position: (810, 2109, 1080, 2277))
Widget(resource-id: com.simplemobiletools.clock:id/tab_item_holder, class: android.widget.LinearLayout, position: (908, 2141, 982, 2277))
Widget(resource-id: com.simplemobiletools.clock:id/tab_item_icon, class: android.widget.ImageView, position: (908, 2141, 982, 2215))
Widget(resource-id: com.simplemobiletools.clock:id/tab_item_label, text: Timer, class: android.widget.TextView, position: (911, 2215, 979, 2277))


        I would like to know which activity/fragment we are currently on.
        Please respond in the following JSON format:
        {
        "activity_or_fragment": "TestActivity",
        }
        or 
        {
        "activity_or_fragment": "TestFragment",
        }
        If can not determine the activity/fragment,just output{
        "activity_or_fragment": "Unknown"
        }
        Do not output anything else except json format result.
        
2025-01-16 14:55:08,326 - INFO - ------answer------
2025-01-16 14:55:08,327 - INFO - ```json
{
"activity_or_fragment": "Unknown"
}
```
2025-01-16 14:55:18,642 - INFO - ------query_instructions------
2025-01-16 14:55:18,642 - INFO - ```json
{
    "task": "Set the snooze time to 5 minutes",
    "activities_sequence": [
        {
            "activity": "SplashActivity",
            "steps": [
                "1. Launch the app, which starts with SplashActivity.",
                "2. The app initializes and navigates to the appropriate activity based on the intent."
            ]
        },
        {
            "activity": "MainActivity",
            "steps": [
                "3. Navigate to the settings section of the app.",
                "4. Locate the 'Snooze Time' setting in the alarm settings."
            ]
        },
        {
            "activity": "SettingsActivity",
            "steps": [
                "5. Click on the 'Snooze Time' setting to open the snooze time configuration.",
                "6. Select 5 minutes as the snooze duration from the available options.",
                "7. Save the changes to update the snooze time to 5 minutes."
            ]
        }
    ],
    "explanation": "because the SettingsActivity contains the snooze time configuration, allowing the user to set the snooze duration to 5 minutes."
}
```
