2025-01-17 19:31:13,481 - INFO - This is a event:0
2025-01-17 19:31:13,582 - INFO - -----query_current_activity start query------
2025-01-17 19:31:13,583 - INFO - To achieve the task of "finding messages with Alice," you need to focus on the activities and layouts that handle message display and search functionality. Based on the provided information, the relevant activities and layouts are:

1. **MainActivity** (`com.simplemobiletools.smsmessenger.activities.MainActivity`):
   - This activity is likely the main screen where conversations are listed.
   - The layout `R.layout.activity_main` contains a `MySearchMenu` (`@+id/main_menu`) which could be used for searching messages.
   - The `MyRecyclerView` (`@+id/conversations_list`) is likely used to display the list of conversations.

2. **ThreadActivity** (`com.simplemobiletools.smsmessenger.activities.ThreadActivity`):
   - This activity is likely where individual message threads are displayed.
   - The layout `R.layout.activity_thread` contains a `MyRecyclerView` (`@+id/thread_messages_list`) which is used to display the messages in a conversation.
   - The `MyAutoCompleteTextView` (`@+id/add_contact_or_number`) might be used to add contacts or search within the thread.

### Steps to Find Messages with Alice:

1. **Search in MainActivity**:
   - Use the `MySearchMenu` (`@+id/main_menu`) to initiate a search for conversations involving "Alice."
   - The search results would likely be displayed in the `MyRecyclerView` (`@+id/conversations_list`).

2. **Search within a Thread**:
   - If you are already in a conversation thread, you might use the `MyAutoCompleteTextView` (`@+id/add_contact_or_number`) to search for messages containing "Alice."
   - The search results would be displayed in the `MyRecyclerView` (`@+id/thread_messages_list`).

### Example Code Snippets:

1. **Search in MainActivity**:
   ```java
   // Assuming you have a reference to the MainActivity
   MySearchMenu searchMenu = findViewById(R.id.main_menu);
   searchMenu.setSearchQuery("Alice");

   // Assuming the RecyclerView is updated automatically with the search results
   MyRecyclerView conversationsList = findViewById(R.id.conversations_list);
   ```

2. **Search within a Thread**:
   ```java
   // Assuming you have a reference to the ThreadActivity
   MyAutoCompleteTextView searchBox = findViewById(R.id.add_contact_or_number);
   searchBox.setText("Alice");

   // Assuming the RecyclerView is updated automatically with the search results
   MyRecyclerView messagesList = findViewById(R.id.thread_messages_list);
   ```

### Additional Considerations:
- **Permissions**: Ensure that the app has the necessary permissions to access messages and contacts.
- **Data Source**: The actual implementation might depend on how the app stores and retrieves messages (e.g., SQLite database, ContentProvider).

By focusing on these activities and their respective UI components, you should be able to implement the functionality to find messages with "Alice."

 Here is the information about the screen we are currently on.
Widget(content-desc: ATX notification: UIAutomator, class: android.widget.ImageView, position: (128, 1, 186, 74))
Widget(content-desc: Android System notification: , class: android.widget.ImageView, position: (186, 1, 244, 74))
Widget(resource-id: com.simplemobiletools.smsmessenger:id/action_bar_root, class: android.widget.FrameLayout, position: (0, 0, 1080, 2277))
Widget(resource-id: com.simplemobiletools.smsmessenger:id/main_coordinator, class: android.widget.ScrollView, position: (0, 74, 1080, 2277))
Widget(resource-id: com.simplemobiletools.smsmessenger:id/main_menu, class: android.widget.LinearLayout, position: (0, 74, 1080, 242))
Widget(resource-id: com.simplemobiletools.smsmessenger:id/top_app_bar_layout, class: android.widget.LinearLayout, position: (42, 74, 1038, 242))
Widget(resource-id: com.simplemobiletools.smsmessenger:id/top_toolbar_holder, class: android.widget.RelativeLayout, position: (42, 95, 1038, 221))
Widget(resource-id: com.simplemobiletools.smsmessenger:id/top_toolbar_search_icon, content-desc: Search, class: android.widget.ImageView, position: (42, 95, 147, 221))
Widget(resource-id: com.simplemobiletools.smsmessenger:id/top_toolbar_search, text: Search, class: android.widget.EditText, position: (147, 95, 626, 221))
Widget(resource-id: com.simplemobiletools.smsmessenger:id/top_toolbar, class: android.view.ViewGroup, position: (626, 95, 1027, 221))
Widget(resource-id: com.simplemobiletools.smsmessenger:id/settings, content-desc: Settings, class: android.widget.Button, position: (668, 95, 795, 221))
Widget(resource-id: com.simplemobiletools.smsmessenger:id/about, content-desc: About, class: android.widget.Button, position: (795, 95, 922, 221))
Widget(content-desc: More options, class: android.widget.ImageView, position: (922, 95, 1027, 221))
Widget(resource-id: com.simplemobiletools.smsmessenger:id/main_nested_scrollview, class: android.widget.RelativeLayout, position: (0, 242, 1080, 2277))
Widget(resource-id: com.simplemobiletools.smsmessenger:id/main_coordinator_wrapper, class: android.view.ViewGroup, position: (0, 242, 1080, 2277))
Widget(resource-id: com.simplemobiletools.smsmessenger:id/main_holder, class: android.widget.RelativeLayout, position: (0, 242, 1080, 2277))
Widget(resource-id: com.simplemobiletools.smsmessenger:id/conversations_fastscroller, class: android.widget.RelativeLayout, position: (0, 242, 1080, 2277))
Widget(resource-id: com.simplemobiletools.smsmessenger:id/conversations_list, class: androidx.recyclerview.widget.RecyclerView, position: (0, 242, 1080, 2277))
Widget(resource-id: com.simplemobiletools.smsmessenger:id/conversation_frame, text: Bob, class: android.widget.FrameLayout, position: (0, 242, 1080, 496))
Widget(resource-id: com.simplemobiletools.smsmessenger:id/conversation_holder, class: android.widget.RelativeLayout, position: (0, 242, 1080, 496))
Widget(resource-id: com.simplemobiletools.smsmessenger:id/conversation_image, class: android.widget.ImageView, position: (43, 284, 169, 454))
Widget(resource-id: com.simplemobiletools.smsmessenger:id/pin_indicator_l, class: android.widget.RelativeLayout, position: (43, 284, 169, 454))
Widget(resource-id: com.simplemobiletools.smsmessenger:id/conversation_address, text: Bob, class: android.widget.TextView, position: (201, 284, 1048, 352))
Widget(resource-id: com.simplemobiletools.smsmessenger:id/conversation_body_short, text: Eee, class: android.widget.TextView, position: (201, 352, 1048, 403))
Widget(resource-id: com.simplemobiletools.smsmessenger:id/conversation_date, text: 11:29 AM, class: android.widget.TextView, position: (201, 408, 1048, 454))
Widget(resource-id: com.simplemobiletools.smsmessenger:id/conversation_frame, text: Alice, class: android.widget.FrameLayout, position: (0, 501, 1080, 755))
Widget(resource-id: com.simplemobiletools.smsmessenger:id/conversation_holder, class: android.widget.RelativeLayout, position: (0, 501, 1080, 755))
Widget(resource-id: com.simplemobiletools.smsmessenger:id/conversation_image, class: android.widget.ImageView, position: (43, 543, 169, 713))
Widget(resource-id: com.simplemobiletools.smsmessenger:id/pin_indicator_l, class: android.widget.RelativeLayout, position: (43, 543, 169, 713))
Widget(resource-id: com.simplemobiletools.smsmessenger:id/conversation_address, text: Alice, class: android.widget.TextView, position: (201, 543, 1048, 611))
Widget(resource-id: com.simplemobiletools.smsmessenger:id/draft_indicator, text: Draft, class: android.widget.TextView, position: (201, 611, 292, 662))
Widget(resource-id: com.simplemobiletools.smsmessenger:id/conversation_body_short, text: I-love-youI-love-you, class: android.widget.TextView, position: (292, 611, 1048, 662))
Widget(resource-id: com.simplemobiletools.smsmessenger:id/conversation_date, text: 01:24 AM, class: android.widget.TextView, position: (201, 667, 1048, 713))
Widget(resource-id: com.simplemobiletools.smsmessenger:id/trackView, class: android.widget.LinearLayout, position: (1012, 242, 1080, 2277))
Widget(resource-id: com.simplemobiletools.smsmessenger:id/conversations_fab, class: android.widget.ImageButton, position: (891, 2088, 1038, 2235))


        I would like to know which activity/fragment we are currently on.
        Please respond in the following JSON format:
        {
        "activity_or_fragment": "TestActivity",
        }
        or 
        {
        "activity_or_fragment": "TestFragment",
        }
        If can not determine the activity/fragment,just output{
        "activity_or_fragment": "Unknown"
        }
        Do not output anything else except json format result.
        
2025-01-17 19:31:15,028 - INFO - ------answer------
2025-01-17 19:31:15,028 - INFO - ```json
{
  "activity_or_fragment": "MainActivity"
}
```
2025-01-17 19:31:21,433 - INFO - ------query_instructions------
2025-01-17 19:31:21,434 - INFO - ```json
{
    "task": "find messages with Alice",
    "activities_sequence": [
        {
            "activity": "com.simplemobiletools.smsmessenger.activities.MainActivity",
            "steps": [
                "1. Open the app and navigate to the MainActivity.",
                "2. Click on the SearchView element (R.id.mainMenu) to open the search menu.",
                "3. Enter 'Alice' in the search bar to filter messages.",
                "4. Review the filtered messages to find those with Alice."
            ]
        }
    ],
    "explanation": "because the MainActivity contains the search functionality that allows filtering messages by the name 'Alice'."
}
```
