2025-01-17 11:16:34,162 - INFO - This is a event:0
2025-01-17 11:16:51,085 - INFO - -----query_current_activity start query------
2025-01-17 11:16:51,088 - INFO - To achieve the target task of "view favorite contacts," we need to analyze the provided activities and their layouts to determine where the favorite contacts might be displayed or managed. Here's a step-by-step approach to identify the relevant components:

### 1. **Identify Relevant Activities**
   - **MainActivity**: This is the primary activity where the user interacts with the app. It contains a `ViewPager` and a `TabLayout`, which suggests that it might have multiple tabs, one of which could be for favorite contacts.
   - **ManageSpeedDialActivity**: This activity seems related to managing speed dial contacts, which might include favorite contacts.
   - **SettingsActivity**: This activity contains various settings, but there is no direct indication of favorite contacts here.

### 2. **Analyze MainActivity Layout**
   - The `MainActivity` layout (`R.layout.activity_main`) contains a `ViewPager` (`@+id/view_pager`) and a `TabLayout` (`@+id/main_tabs_holder`).
   - The `ViewPager` is likely used to display different fragments, one of which could be a "Favorites" tab.
   - The `TabLayout` suggests that there are multiple tabs, and one of them might be dedicated to favorite contacts.

### 3. **Check for Favorite Contacts in ManageSpeedDialActivity**
   - The `ManageSpeedDialActivity` layout (`R.layout.activity_manage_speed_dial`) contains a `RecyclerView` (`@+id/speed_dial_list`), which is typically used to display a list of items, in this case, speed dial contacts.
   - Speed dial contacts are often a subset of favorite contacts, so this activity might be relevant for managing favorite contacts.

### 4. **Determine the Flow**
   - If the `MainActivity` has a tab for favorite contacts, the user would likely navigate to that tab to view their favorite contacts.
   - If the `ManageSpeedDialActivity` is used to manage favorite contacts, the user might need to navigate to this activity to view or edit their favorite contacts.

### 5. **Conclusion**
   - The most likely place to view favorite contacts is within the `MainActivity`, specifically in one of the tabs managed by the `ViewPager` and `TabLayout`.
   - If the `ManageSpeedDialActivity` is used for managing favorite contacts, it might also be a place to view them, but this would depend on the app's specific implementation.

### Next Steps
To confirm where the favorite contacts are displayed, you would need to:
1. **Inspect the `MainActivity` code** to see how the `ViewPager` and `TabLayout` are set up. Look for fragments or tabs related to favorite contacts.
2. **Check the `ManageSpeedDialActivity` code** to see if it includes functionality for viewing favorite contacts.
3. **Run the app** and navigate through the UI to see where favorite contacts are displayed.

If you have access to the source code, you can search for keywords like "favorite," "favorites," or "starred" to locate the relevant fragments or activities.

 Here is the information about the screen we are currently on.
Widget(resource-id: com.simplemobiletools.dialer:id/action_bar_root, class: android.widget.FrameLayout, position: (0, 74, 1080, 2277))
Widget(resource-id: com.simplemobiletools.dialer:id/main_coordinator, class: android.view.ViewGroup, position: (0, 74, 1080, 2277))
Widget(resource-id: com.simplemobiletools.dialer:id/main_menu, class: android.widget.LinearLayout, position: (0, 74, 1080, 242))
Widget(resource-id: com.simplemobiletools.dialer:id/top_app_bar_layout, class: android.widget.LinearLayout, position: (42, 74, 1038, 242))
Widget(resource-id: com.simplemobiletools.dialer:id/top_toolbar_holder, class: android.widget.RelativeLayout, position: (42, 95, 1038, 221))
Widget(resource-id: com.simplemobiletools.dialer:id/top_toolbar_search_icon, content-desc: Search, class: android.widget.ImageView, position: (42, 95, 147, 221))
Widget(resource-id: com.simplemobiletools.dialer:id/top_toolbar_search, text: Search, class: android.widget.EditText, position: (147, 95, 626, 221))
Widget(resource-id: com.simplemobiletools.dialer:id/top_toolbar, class: android.view.ViewGroup, position: (626, 95, 1027, 221))
Widget(resource-id: com.simplemobiletools.dialer:id/sort, content-desc: Sort by, class: android.widget.Button, position: (668, 95, 795, 221))
Widget(resource-id: com.simplemobiletools.dialer:id/filter, content-desc: Filter, class: android.widget.Button, position: (795, 95, 922, 221))
Widget(content-desc: More options, class: android.widget.ImageView, position: (922, 95, 1027, 221))
Widget(resource-id: com.simplemobiletools.dialer:id/main_holder, class: android.view.ViewGroup, position: (0, 242, 1080, 2277))
Widget(resource-id: com.simplemobiletools.dialer:id/view_pager, class: r4.i, position: (0, 242, 1080, 2109))
Widget(resource-id: com.simplemobiletools.dialer:id/favorites_fragment, class: android.widget.RelativeLayout, position: (0, 242, 1080, 2109))
Widget(resource-id: com.simplemobiletools.dialer:id/fragment_wrapper, class: android.widget.RelativeLayout, position: (0, 242, 1080, 2109))
Widget(resource-id: com.simplemobiletools.dialer:id/fragment_list, class: androidx.recyclerview.widget.RecyclerView, position: (0, 242, 1080, 2109))
Widget(resource-id: com.simplemobiletools.dialer:id/item_contact_frame, text: Alice, class: android.view.ViewGroup, position: (0, 242, 1080, 410))
Widget(resource-id: com.simplemobiletools.dialer:id/item_contact_image, class: android.widget.ImageView, position: (43, 263, 169, 389))
Widget(resource-id: com.simplemobiletools.dialer:id/item_contact_name, text: Alice, class: android.widget.TextView, position: (169, 295, 1048, 358))
Widget(resource-id: com.simplemobiletools.dialer:id/letter_fastscroller_thumb, class: android.view.ViewGroup, position: (807, 242, 954, 431))
Widget(resource-id: com.simplemobiletools.dialer:id/letter_fastscroller, text: A, class: android.widget.LinearLayout, position: (996, 242, 1080, 431))
Widget(text: A, class: android.widget.TextView, position: (996, 305, 1080, 368))
Widget(resource-id: com.simplemobiletools.dialer:id/main_dialpad_button, content-desc: Dialpad, class: android.widget.ImageButton, position: (880, 1920, 1027, 2067))
Widget(resource-id: com.simplemobiletools.dialer:id/main_tabs_holder, class: android.widget.HorizontalScrollView, position: (0, 2109, 1080, 2277))
Widget(text: Contacts, class: android.widget.LinearLayout, position: (0, 2109, 360, 2277))
Widget(resource-id: com.simplemobiletools.dialer:id/tab_item_holder, class: android.widget.LinearLayout, position: (127, 2141, 232, 2277))
Widget(resource-id: com.simplemobiletools.dialer:id/tab_item_icon, class: android.widget.ImageView, position: (142, 2141, 216, 2215))
Widget(resource-id: com.simplemobiletools.dialer:id/tab_item_label, text: Contacts, class: android.widget.TextView, position: (127, 2215, 232, 2277))
Widget(resource-id: com.simplemobiletools.dialer:id/tab_item_holder, class: android.widget.LinearLayout, position: (486, 2141, 593, 2277))
Widget(resource-id: com.simplemobiletools.dialer:id/tab_item_icon, class: android.widget.ImageView, position: (502, 2141, 576, 2215))
Widget(resource-id: com.simplemobiletools.dialer:id/tab_item_label, text: Favorites, class: android.widget.TextView, position: (486, 2215, 593, 2277))
Widget(text: Call History, class: android.widget.LinearLayout, position: (720, 2109, 1080, 2277))
Widget(resource-id: com.simplemobiletools.dialer:id/tab_item_holder, class: android.widget.LinearLayout, position: (834, 2141, 966, 2277))
Widget(resource-id: com.simplemobiletools.dialer:id/tab_item_icon, class: android.widget.ImageView, position: (863, 2141, 937, 2215))
Widget(resource-id: com.simplemobiletools.dialer:id/tab_item_label, text: Call History, class: android.widget.TextView, position: (834, 2215, 966, 2277))
Widget(content-desc: Speakerphone enabled., class: android.widget.ImageView, position: (819, 8, 866, 66))


        I would like to know which activity/fragment we are currently on.
        Please respond in the following JSON format:
        {
        "activity_or_fragment": "TestActivity",
        }
        or 
        {
        "activity_or_fragment": "TestFragment",
        }
        If can not determine the activity/fragment,just output{
        "activity_or_fragment": "Unknown"
        }
        Do not output anything else except json format result.
        
2025-01-17 11:16:52,537 - INFO - ------answer------
2025-01-17 11:16:52,538 - INFO - ```json
{
"activity_or_fragment": "MainActivity"
}
```
2025-01-17 11:17:09,352 - INFO - ------query_instructions------
2025-01-17 11:17:09,353 - INFO - ```json
{
    "task": "view favorite contacts",
    "activities_sequence": [
        {
            "activity": "com.simplemobiletools.dialer.activities.SplashActivity",
            "steps": [
                "1. The app starts with the SplashActivity, which initializes the app and transitions to the MainActivity."
            ]
        },
        {
            "activity": "com.simplemobiletools.dialer.activities.MainActivity",
            "steps": [
                "2. In the MainActivity, navigate to the Favorites tab by selecting the 'Favorites' icon (star icon) in the bottom navigation bar.",
                "3. The FavoritesFragment will display the list of favorite contacts."
            ]
        }
    ],
    "explanation": "because the MainActivity contains the FavoritesFragment, which is responsible for displaying the list of favorite contacts."
}
```
