2025-01-17 19:59:32,102 - INFO - This is a event:0
2025-01-17 19:59:32,237 - INFO - -----query_current_activity start query------
2025-01-17 19:59:32,239 - INFO - To mark the chat with Bob as "Unread," you need to interact with the `ThreadActivity` or `MainActivity` depending on how the app is structured. Here's a step-by-step approach to achieve this:

### Step 1: Identify the Relevant Activity
- **MainActivity**: This is likely the main screen where all conversations are listed. If you can see Bob's chat in the list, this is where you would mark it as unread.
- **ThreadActivity**: This is the screen where you view the conversation with Bob. If you are already in the conversation, you might need to go back to the main list to mark it as unread.

### Step 2: Locate the Conversation in MainActivity
- In `MainActivity`, the conversations are likely displayed in a `RecyclerView` with the ID `conversations_list`.
- You need to find the specific conversation with Bob in this list.

### Step 3: Mark the Conversation as Unread
- Once you have located the conversation with Bob, you need to perform an action to mark it as unread. This could be done through a long-press or a swipe action, depending on the app's UI design.
- If there is a menu option or a button to mark as unread, you would interact with that element.

### Step 4: Implement the Action
- If you are writing code to automate this, you would need to:
  1. Find the `RecyclerView` with ID `conversations_list`.
  2. Locate the specific item corresponding to Bob's conversation.
  3. Perform the action to mark it as unread (e.g., long-press, swipe, or click a button).

### Example Code (Pseudocode)
```java
// Assuming you are in MainActivity
RecyclerView conversationsList = findViewById(R.id.conversations_list);
ConversationAdapter adapter = (ConversationAdapter) conversationsList.getAdapter();

// Find Bob's conversation
for (int i = 0; i < adapter.getItemCount(); i++) {
    Conversation conversation = adapter.getItem(i);
    if (conversation.getParticipantName().equals("Bob")) {
        // Mark as unread
        conversation.setUnread(true);
        adapter.notifyItemChanged(i);
        break;
    }
}
```

### Step 5: Verify the Action
- After marking the conversation as unread, verify that the UI reflects the change (e.g., the conversation should now show an unread indicator).

### Step 6: Handle Edge Cases
- If Bob's conversation is not found, handle the case appropriately (e.g., show a message or log an error).
- Ensure that the action is reversible if needed (e.g., mark as read again).

### Conclusion
By following these steps, you should be able to mark the chat with Bob as unread in the app. The exact implementation details will depend on the app's specific UI and behavior, but the general approach remains the same.

 Here is the information about the screen we are currently on.
Widget(content-desc: ATX notification: UIAutomator, class: android.widget.ImageView, position: (128, 1, 186, 74))
Widget(content-desc: Android System notification: , class: android.widget.ImageView, position: (186, 1, 244, 74))
Widget(resource-id: com.simplemobiletools.smsmessenger:id/action_bar_root, class: android.widget.FrameLayout, position: (0, 0, 1080, 2277))
Widget(resource-id: com.simplemobiletools.smsmessenger:id/main_coordinator, class: android.widget.ScrollView, position: (0, 74, 1080, 2277))
Widget(resource-id: com.simplemobiletools.smsmessenger:id/main_menu, class: android.widget.LinearLayout, position: (0, 74, 1080, 242))
Widget(resource-id: com.simplemobiletools.smsmessenger:id/top_app_bar_layout, class: android.widget.LinearLayout, position: (42, 74, 1038, 242))
Widget(resource-id: com.simplemobiletools.smsmessenger:id/top_toolbar_holder, class: android.widget.RelativeLayout, position: (42, 95, 1038, 221))
Widget(resource-id: com.simplemobiletools.smsmessenger:id/top_toolbar_search_icon, content-desc: Search, class: android.widget.ImageView, position: (42, 95, 147, 221))
Widget(resource-id: com.simplemobiletools.smsmessenger:id/top_toolbar_search, text: Search, class: android.widget.EditText, position: (147, 95, 626, 221))
Widget(resource-id: com.simplemobiletools.smsmessenger:id/top_toolbar, class: android.view.ViewGroup, position: (626, 95, 1027, 221))
Widget(resource-id: com.simplemobiletools.smsmessenger:id/settings, content-desc: Settings, class: android.widget.Button, position: (668, 95, 795, 221))
Widget(resource-id: com.simplemobiletools.smsmessenger:id/about, content-desc: About, class: android.widget.Button, position: (795, 95, 922, 221))
Widget(content-desc: More options, class: android.widget.ImageView, position: (922, 95, 1027, 221))
Widget(resource-id: com.simplemobiletools.smsmessenger:id/main_nested_scrollview, class: android.widget.RelativeLayout, position: (0, 242, 1080, 2277))
Widget(resource-id: com.simplemobiletools.smsmessenger:id/main_coordinator_wrapper, class: android.view.ViewGroup, position: (0, 242, 1080, 2277))
Widget(resource-id: com.simplemobiletools.smsmessenger:id/main_holder, class: android.widget.RelativeLayout, position: (0, 242, 1080, 2277))
Widget(resource-id: com.simplemobiletools.smsmessenger:id/conversations_fastscroller, class: android.widget.RelativeLayout, position: (0, 242, 1080, 2277))
Widget(resource-id: com.simplemobiletools.smsmessenger:id/conversations_list, class: androidx.recyclerview.widget.RecyclerView, position: (0, 242, 1080, 2277))
Widget(resource-id: com.simplemobiletools.smsmessenger:id/conversation_frame, text: Alice, class: android.widget.FrameLayout, position: (0, 242, 1080, 496))
Widget(resource-id: com.simplemobiletools.smsmessenger:id/conversation_holder, class: android.widget.RelativeLayout, position: (0, 242, 1080, 496))
Widget(resource-id: com.simplemobiletools.smsmessenger:id/conversation_image, class: android.widget.ImageView, position: (43, 284, 169, 454))
Widget(resource-id: com.simplemobiletools.smsmessenger:id/pin_indicator_l, class: android.widget.RelativeLayout, position: (43, 284, 169, 454))
Widget(resource-id: com.simplemobiletools.smsmessenger:id/conversation_address, text: Alice, class: android.widget.TextView, position: (201, 284, 1048, 352))
Widget(resource-id: com.simplemobiletools.smsmessenger:id/draft_indicator, text: Draft, class: android.widget.TextView, position: (201, 352, 292, 403))
Widget(resource-id: com.simplemobiletools.smsmessenger:id/conversation_body_short, text: I-love-youI-love-you, class: android.widget.TextView, position: (292, 352, 1048, 403))
Widget(resource-id: com.simplemobiletools.smsmessenger:id/conversation_date, text: 11:34 AM, class: android.widget.TextView, position: (201, 408, 1048, 454))
Widget(resource-id: com.simplemobiletools.smsmessenger:id/conversation_frame, text: Bob, class: android.widget.FrameLayout, position: (0, 501, 1080, 755))
Widget(resource-id: com.simplemobiletools.smsmessenger:id/conversation_holder, class: android.widget.RelativeLayout, position: (0, 501, 1080, 755))
Widget(resource-id: com.simplemobiletools.smsmessenger:id/conversation_image, class: android.widget.ImageView, position: (43, 543, 169, 713))
Widget(resource-id: com.simplemobiletools.smsmessenger:id/pin_indicator_l, class: android.widget.RelativeLayout, position: (43, 543, 169, 713))
Widget(resource-id: com.simplemobiletools.smsmessenger:id/conversation_address, text: Bob, class: android.widget.TextView, position: (201, 543, 1048, 611))
Widget(resource-id: com.simplemobiletools.smsmessenger:id/conversation_body_short, text: Eee, class: android.widget.TextView, position: (201, 611, 1048, 662))
Widget(resource-id: com.simplemobiletools.smsmessenger:id/conversation_date, text: 11:29 AM, class: android.widget.TextView, position: (201, 667, 1048, 713))
Widget(resource-id: com.simplemobiletools.smsmessenger:id/trackView, class: android.widget.LinearLayout, position: (1012, 242, 1080, 2277))
Widget(resource-id: com.simplemobiletools.smsmessenger:id/conversations_fab, class: android.widget.ImageButton, position: (891, 2088, 1038, 2235))


        I would like to know which activity/fragment we are currently on.
        Please respond in the following JSON format:
        {
        "activity_or_fragment": "TestActivity",
        }
        or 
        {
        "activity_or_fragment": "TestFragment",
        }
        If can not determine the activity/fragment,just output{
        "activity_or_fragment": "Unknown"
        }
        Do not output anything else except json format result.
        
2025-01-17 19:59:33,546 - INFO - ------answer------
2025-01-17 19:59:33,546 - INFO - ```json
{
  "activity_or_fragment": "MainActivity"
}
```
2025-01-17 19:59:40,611 - INFO - ------query_instructions------
2025-01-17 19:59:40,612 - INFO - ```json
{
    "task": "Mark the chat with Bob as Unread",
    "activities_sequence": [
        {
            "activity": "MainActivity",
            "steps": [
                "1. Open the app and navigate to the main conversation list.",
                "2. Locate the chat with Bob in the conversation list."
            ]
        },
        {
            "activity": "ThreadActivity",
            "steps": [
                "3. Tap on the chat with Bob to open the conversation.",
                "4. Access the options menu by tapping on the menu icon (three dots) in the toolbar.",
                "5. Select the 'Mark as Unread' option from the menu."
            ]
        }
    ],
    "explanation": "because the ThreadActivity contains the 'Mark as Unread' option in the menu, which allows the user to mark the chat as unread."
}
```
