2025-01-16 19:55:46,210 - INFO - This is a event:0
2025-01-16 19:55:46,506 - INFO - -----query_current_activity start query------
2025-01-16 19:55:46,515 - INFO - To disable showing the 'recents' tabs in your Android app, you need to modify the behavior of the `MainActivity` where the tabs are likely being displayed. Based on the provided layout information, the `MainActivity` contains a `TabLayout` with the ID `@+id/main_tabs_holder`. This `TabLayout` is responsible for displaying the tabs.

Here¡¯s how you can disable or hide the 'recents' tabs:

### 1. **Remove or Hide the TabLayout in the Layout**
   - If you want to completely remove the tabs from the UI, you can either remove the `TabLayout` from the `activity_main.xml` layout file or set its visibility to `GONE`.

   ```xml
   <!-- In activity_main.xml -->
   <com.google.android.material.tabs.TabLayout
       android:id="@+id/main_tabs_holder"
       android:layout_width="match_parent"
       android:layout_height="wrap_content"
       android:visibility="gone" <!-- or remove this element entirely -->
       app:tabIndicator="@null"
       app:tabMinWidth="150dp"
       app:tabRippleColor="@null" />
   ```

### 2. **Disable Tab Switching Programmatically**
   - If you want to keep the `TabLayout` but disable the ability to switch tabs, you can do this programmatically in the `MainActivity`.

   ```java
   // In MainActivity.java
   TabLayout tabLayout = findViewById(R.id.main_tabs_holder);
   tabLayout.setEnabled(false); // Disable tab switching
   ```

   Alternatively, you can remove all tabs from the `TabLayout`:

   ```java
   // In MainActivity.java
   TabLayout tabLayout = findViewById(R.id.main_tabs_holder);
   tabLayout.removeAllTabs(); // Remove all tabs
   ```

### 3. **Remove the TabLayout from the ViewPager**
   - If the `TabLayout` is connected to a `ViewPager` (which is likely the case), you can disconnect them to prevent the tabs from being displayed.

   ```java
   // In MainActivity.java
   ViewPager viewPager = findViewById(R.id.main_view_pager);
   TabLayout tabLayout = findViewById(R.id.main_tabs_holder);

   // Disconnect the TabLayout from the ViewPager
   tabLayout.setupWithViewPager(null);
   ```

### 4. **Modify the ViewPager Adapter**
   - If you want to remove the 'recents' tab specifically, you can modify the `ViewPager` adapter to exclude the 'recents' fragment or tab.

   ```java
   // In MainActivity.java
   ViewPager viewPager = findViewById(R.id.main_view_pager);
   MyPagerAdapter adapter = (MyPagerAdapter) viewPager.getAdapter();

   // Assuming you have a method to remove a specific tab
   adapter.removeTab(positionOfRecentsTab); // Replace with the actual position of the 'recents' tab
   ```

### 5. **Hide the TabLayout in Specific Conditions**
   - If you want to hide the `TabLayout` based on certain conditions (e.g., user preferences), you can control its visibility programmatically.

   ```java
   // In MainActivity.java
   TabLayout tabLayout = findViewById(R.id.main_tabs_holder);

   if (shouldHideTabs()) { // Replace with your condition
       tabLayout.setVisibility(View.GONE);
   } else {
       tabLayout.setVisibility(View.VISIBLE);
   }
   ```

### 6. **Remove the TabLayout from the Layout Programmatically**
   - If you want to remove the `TabLayout` entirely from the layout at runtime, you can do so by removing it from its parent view.

   ```java
   // In MainActivity.java
   TabLayout tabLayout = findViewById(R.id.main_tabs_holder);
   ViewGroup parent = (ViewGroup) tabLayout.getParent();
   parent.removeView(tabLayout);
   ```

### Summary
- **To completely remove the tabs:** Modify the layout file (`activity_main.xml`) to remove or hide the `TabLayout`.
- **To disable tab switching:** Use `tabLayout.setEnabled(false)` or remove all tabs programmatically.
- **To disconnect the `TabLayout` from the `ViewPager`:** Use `tabLayout.setupWithViewPager(null)`.
- **To hide the `TabLayout` based on conditions:** Control its visibility programmatically.

Choose the approach that best fits your requirements. If you need to keep the `TabLayout` but just hide the 'recents' tab, modifying the `ViewPager` adapter or the `TabLayout` itself would be the most appropriate solution.

 Here is the information about the screen we are currently on.
Widget(content-desc: ATX notification: UIAutomator, class: android.widget.ImageView, position: (128, 1, 186, 74))
Widget(content-desc: Android System notification: , class: android.widget.ImageView, position: (186, 1, 244, 74))
Widget(resource-id: com.simplemobiletools.filemanager.pro:id/action_bar_root, class: android.widget.FrameLayout, position: (0, 74, 1080, 2277))
Widget(resource-id: com.simplemobiletools.filemanager.pro:id/main_coordinator, class: android.view.ViewGroup, position: (0, 74, 1080, 2277))
Widget(resource-id: com.simplemobiletools.filemanager.pro:id/main_menu, class: android.widget.LinearLayout, position: (0, 74, 1080, 242))
Widget(resource-id: com.simplemobiletools.filemanager.pro:id/top_app_bar_layout, class: android.widget.LinearLayout, position: (42, 74, 1038, 242))
Widget(resource-id: com.simplemobiletools.filemanager.pro:id/top_toolbar_holder, class: android.widget.RelativeLayout, position: (42, 95, 1038, 221))
Widget(resource-id: com.simplemobiletools.filemanager.pro:id/top_toolbar_search_icon, content-desc: Search, class: android.widget.ImageView, position: (42, 95, 147, 221))
Widget(resource-id: com.simplemobiletools.filemanager.pro:id/top_toolbar_search, text: Search, class: android.widget.EditText, position: (147, 95, 626, 221))
Widget(resource-id: com.simplemobiletools.filemanager.pro:id/top_toolbar, class: android.view.ViewGroup, position: (626, 95, 1027, 221))
Widget(resource-id: com.simplemobiletools.filemanager.pro:id/go_to_favorite, content-desc: Go to favorite, class: android.widget.Button, position: (668, 95, 795, 221))
Widget(resource-id: com.simplemobiletools.filemanager.pro:id/sort, content-desc: Sort by, class: android.widget.Button, position: (795, 95, 922, 221))
Widget(content-desc: More options, class: android.widget.ImageView, position: (922, 95, 1027, 221))
Widget(resource-id: com.simplemobiletools.filemanager.pro:id/main_holder, class: android.widget.RelativeLayout, position: (0, 242, 1080, 2277))
Widget(resource-id: com.simplemobiletools.filemanager.pro:id/main_view_pager, class: androidx.viewpager.widget.m, position: (0, 242, 1080, 2109))
Widget(resource-id: com.simplemobiletools.filemanager.pro:id/items_fragment, class: android.widget.RelativeLayout, position: (0, 242, 1080, 2109))
Widget(resource-id: com.simplemobiletools.filemanager.pro:id/items_coordinator, class: android.view.ViewGroup, position: (0, 242, 1080, 2109))
Widget(resource-id: com.simplemobiletools.filemanager.pro:id/items_wrapper, class: android.widget.RelativeLayout, position: (0, 242, 1080, 2109))
Widget(resource-id: com.simplemobiletools.filemanager.pro:id/breadcrumbs, class: android.widget.HorizontalScrollView, position: (0, 263, 1080, 411))
Widget(resource-id: com.simplemobiletools.filemanager.pro:id/breadcrumb_text, text: Internal, class: android.widget.TextView, position: (47, 274, 247, 400))
Widget(resource-id: com.simplemobiletools.filemanager.pro:id/items_swipe_refresh, class: android.view.ViewGroup, position: (0, 411, 1080, 2109))
Widget(resource-id: com.simplemobiletools.filemanager.pro:id/items_fastscroller, class: android.widget.RelativeLayout, position: (0, 411, 1080, 2109))
Widget(resource-id: com.simplemobiletools.filemanager.pro:id/items_list, class: androidx.recyclerview.widget.RecyclerView, position: (0, 411, 1080, 2109))
Widget(resource-id: com.simplemobiletools.filemanager.pro:id/item_frame, text: Alarms, class: android.widget.FrameLayout, position: (0, 411, 1080, 563))
Widget(resource-id: com.simplemobiletools.filemanager.pro:id/item_holder, class: android.view.ViewGroup, position: (0, 416, 1080, 558))
Widget(resource-id: com.simplemobiletools.filemanager.pro:id/item_icon, class: android.widget.ImageView, position: (11, 416, 153, 558))
Widget(resource-id: com.simplemobiletools.filemanager.pro:id/item_name, text: Alarms, class: android.widget.TextView, position: (153, 424, 1027, 487))
Widget(resource-id: com.simplemobiletools.filemanager.pro:id/item_details, text: 0 items, class: android.widget.TextView, position: (153, 487, 1027, 550))
Widget(resource-id: com.simplemobiletools.filemanager.pro:id/item_frame, text: Android, class: android.widget.FrameLayout, position: (0, 568, 1080, 720))
Widget(resource-id: com.simplemobiletools.filemanager.pro:id/item_holder, class: android.view.ViewGroup, position: (0, 573, 1080, 715))
Widget(resource-id: com.simplemobiletools.filemanager.pro:id/item_icon, class: android.widget.ImageView, position: (11, 573, 153, 715))
Widget(resource-id: com.simplemobiletools.filemanager.pro:id/item_name, text: Android, class: android.widget.TextView, position: (153, 581, 1027, 644))
Widget(resource-id: com.simplemobiletools.filemanager.pro:id/item_details, text: 3 items, class: android.widget.TextView, position: (153, 644, 1027, 707))
Widget(resource-id: com.simplemobiletools.filemanager.pro:id/item_frame, text: Audiobooks, class: android.widget.FrameLayout, position: (0, 725, 1080, 877))
Widget(resource-id: com.simplemobiletools.filemanager.pro:id/item_holder, class: android.view.ViewGroup, position: (0, 730, 1080, 872))
Widget(resource-id: com.simplemobiletools.filemanager.pro:id/item_icon, class: android.widget.ImageView, position: (11, 730, 153, 872))
Widget(resource-id: com.simplemobiletools.filemanager.pro:id/item_name, text: Audiobooks, class: android.widget.TextView, position: (153, 738, 1027, 801))
Widget(resource-id: com.simplemobiletools.filemanager.pro:id/item_details, text: 0 items, class: android.widget.TextView, position: (153, 801, 1027, 864))
Widget(resource-id: com.simplemobiletools.filemanager.pro:id/item_frame, text: DCIM, class: android.widget.FrameLayout, position: (0, 882, 1080, 1034))
Widget(resource-id: com.simplemobiletools.filemanager.pro:id/item_holder, class: android.view.ViewGroup, position: (0, 887, 1080, 1029))
Widget(resource-id: com.simplemobiletools.filemanager.pro:id/item_icon, class: android.widget.ImageView, position: (11, 887, 153, 1029))
Widget(resource-id: com.simplemobiletools.filemanager.pro:id/item_name, text: DCIM, class: android.widget.TextView, position: (153, 895, 1027, 958))
Widget(resource-id: com.simplemobiletools.filemanager.pro:id/item_details, text: 0 items, class: android.widget.TextView, position: (153, 958, 1027, 1021))
Widget(resource-id: com.simplemobiletools.filemanager.pro:id/item_frame, text: Documents, class: android.widget.FrameLayout, position: (0, 1039, 1080, 1191))
Widget(resource-id: com.simplemobiletools.filemanager.pro:id/item_holder, class: android.view.ViewGroup, position: (0, 1044, 1080, 1186))
Widget(resource-id: com.simplemobiletools.filemanager.pro:id/item_icon, class: android.widget.ImageView, position: (11, 1044, 153, 1186))
Widget(resource-id: com.simplemobiletools.filemanager.pro:id/item_name, text: Documents, class: android.widget.TextView, position: (153, 1052, 1027, 1115))
Widget(resource-id: com.simplemobiletools.filemanager.pro:id/item_details, text: 2 items, class: android.widget.TextView, position: (153, 1115, 1027, 1178))
Widget(resource-id: com.simplemobiletools.filemanager.pro:id/item_frame, text: Download, class: android.widget.FrameLayout, position: (0, 1196, 1080, 1348))
Widget(resource-id: com.simplemobiletools.filemanager.pro:id/item_holder, class: android.view.ViewGroup, position: (0, 1201, 1080, 1343))
Widget(resource-id: com.simplemobiletools.filemanager.pro:id/item_icon, class: android.widget.ImageView, position: (11, 1201, 153, 1343))
Widget(resource-id: com.simplemobiletools.filemanager.pro:id/item_name, text: Download, class: android.widget.TextView, position: (153, 1209, 1027, 1272))
Widget(resource-id: com.simplemobiletools.filemanager.pro:id/item_details, text: 2 items, class: android.widget.TextView, position: (153, 1272, 1027, 1335))
Widget(resource-id: com.simplemobiletools.filemanager.pro:id/item_frame, text: Movies, class: android.widget.FrameLayout, position: (0, 1353, 1080, 1505))
Widget(resource-id: com.simplemobiletools.filemanager.pro:id/item_holder, class: android.view.ViewGroup, position: (0, 1358, 1080, 1500))
Widget(resource-id: com.simplemobiletools.filemanager.pro:id/item_icon, class: android.widget.ImageView, position: (11, 1358, 153, 1500))
Widget(resource-id: com.simplemobiletools.filemanager.pro:id/item_name, text: Movies, class: android.widget.TextView, position: (153, 1366, 1027, 1429))
Widget(resource-id: com.simplemobiletools.filemanager.pro:id/item_details, text: 1 item, class: android.widget.TextView, position: (153, 1429, 1027, 1492))
Widget(resource-id: com.simplemobiletools.filemanager.pro:id/item_frame, text: Music, class: android.widget.FrameLayout, position: (0, 1510, 1080, 1662))
Widget(resource-id: com.simplemobiletools.filemanager.pro:id/item_holder, class: android.view.ViewGroup, position: (0, 1515, 1080, 1657))
Widget(resource-id: com.simplemobiletools.filemanager.pro:id/item_icon, class: android.widget.ImageView, position: (11, 1515, 153, 1657))
Widget(resource-id: com.simplemobiletools.filemanager.pro:id/item_name, text: Music, class: android.widget.TextView, position: (153, 1523, 1027, 1586))
Widget(resource-id: com.simplemobiletools.filemanager.pro:id/item_details, text: 2 items, class: android.widget.TextView, position: (153, 1586, 1027, 1649))
Widget(resource-id: com.simplemobiletools.filemanager.pro:id/item_frame, text: Notifications, class: android.widget.FrameLayout, position: (0, 1667, 1080, 1819))
Widget(resource-id: com.simplemobiletools.filemanager.pro:id/item_holder, class: android.view.ViewGroup, position: (0, 1672, 1080, 1814))
Widget(resource-id: com.simplemobiletools.filemanager.pro:id/item_icon, class: android.widget.ImageView, position: (11, 1672, 153, 1814))
Widget(resource-id: com.simplemobiletools.filemanager.pro:id/item_name, text: Notifications, class: android.widget.TextView, position: (153, 1680, 1027, 1743))
Widget(resource-id: com.simplemobiletools.filemanager.pro:id/item_details, text: 0 items, class: android.widget.TextView, position: (153, 1743, 1027, 1806))
Widget(resource-id: com.simplemobiletools.filemanager.pro:id/item_frame, text: Pictures, class: android.widget.FrameLayout, position: (0, 1824, 1080, 1976))
Widget(resource-id: com.simplemobiletools.filemanager.pro:id/item_holder, class: android.view.ViewGroup, position: (0, 1829, 1080, 1971))
Widget(resource-id: com.simplemobiletools.filemanager.pro:id/item_icon, class: android.widget.ImageView, position: (11, 1829, 153, 1971))
Widget(resource-id: com.simplemobiletools.filemanager.pro:id/item_name, text: Pictures, class: android.widget.TextView, position: (153, 1837, 1027, 1900))
Widget(resource-id: com.simplemobiletools.filemanager.pro:id/item_details, text: 1 item, class: android.widget.TextView, position: (153, 1900, 1027, 1963))
Widget(resource-id: com.simplemobiletools.filemanager.pro:id/item_frame, text: Podcasts, class: android.widget.FrameLayout, position: (0, 1981, 1080, 2109))
Widget(resource-id: com.simplemobiletools.filemanager.pro:id/item_holder, class: android.view.ViewGroup, position: (0, 1986, 1080, 2109))
Widget(resource-id: com.simplemobiletools.filemanager.pro:id/item_icon, class: android.widget.ImageView, position: (11, 1986, 153, 2109))
Widget(resource-id: com.simplemobiletools.filemanager.pro:id/item_name, text: Podcasts, class: android.widget.TextView, position: (153, 1994, 1027, 2057))
Widget(resource-id: com.simplemobiletools.filemanager.pro:id/item_details, text: 0 items, class: android.widget.TextView, position: (153, 2057, 1027, 2109))
Widget(resource-id: com.simplemobiletools.filemanager.pro:id/trackView, class: android.widget.LinearLayout, position: (1012, 411, 1080, 2109))
Widget(resource-id: com.simplemobiletools.filemanager.pro:id/items_fab, class: android.widget.ImageButton, position: (891, 1920, 1038, 2067))
Widget(resource-id: com.simplemobiletools.filemanager.pro:id/main_tabs_holder, class: android.widget.HorizontalScrollView, position: (0, 2109, 1080, 2277))
Widget(resource-id: com.simplemobiletools.filemanager.pro:id/tab_item_holder, class: android.widget.LinearLayout, position: (143, 2141, 217, 2277))
Widget(resource-id: com.simplemobiletools.filemanager.pro:id/tab_item_icon, class: android.widget.ImageView, position: (143, 2141, 217, 2215))
Widget(resource-id: com.simplemobiletools.filemanager.pro:id/tab_item_label, text: Files, class: android.widget.TextView, position: (153, 2215, 206, 2277))
Widget(text: Recents, class: android.widget.LinearLayout, position: (360, 2109, 720, 2277))
Widget(resource-id: com.simplemobiletools.filemanager.pro:id/tab_item_holder, class: android.widget.LinearLayout, position: (493, 2141, 587, 2277))
Widget(resource-id: com.simplemobiletools.filemanager.pro:id/tab_item_icon, class: android.widget.ImageView, position: (503, 2141, 577, 2215))
Widget(resource-id: com.simplemobiletools.filemanager.pro:id/tab_item_label, text: Recents, class: android.widget.TextView, position: (493, 2215, 587, 2277))
Widget(text: Storage, class: android.widget.LinearLayout, position: (720, 2109, 1080, 2277))
Widget(resource-id: com.simplemobiletools.filemanager.pro:id/tab_item_holder, class: android.widget.LinearLayout, position: (854, 2141, 945, 2277))
Widget(resource-id: com.simplemobiletools.filemanager.pro:id/tab_item_icon, class: android.widget.ImageView, position: (862, 2141, 936, 2215))
Widget(resource-id: com.simplemobiletools.filemanager.pro:id/tab_item_label, text: Storage, class: android.widget.TextView, position: (854, 2215, 945, 2277))


        I would like to know which activity/fragment we are currently on.
        Please respond in the following JSON format:
        {
        "activity_or_fragment": "TestActivity",
        }
        or 
        {
        "activity_or_fragment": "TestFragment",
        }
        If can not determine the activity/fragment,just output{
        "activity_or_fragment": "Unknown"
        }
        Do not output anything else except json format result.
        
2025-01-16 19:55:48,114 - INFO - ------answer------
2025-01-16 19:55:48,114 - INFO - ```json
{
  "activity_or_fragment": "MainActivity"
}
```
2025-01-16 19:55:55,067 - INFO - ------query_instructions------
2025-01-16 19:55:55,068 - INFO - ```json
{
    "task": "disable showing the 'recents' tabs",
    "activities_sequence": [
        {
            "activity": "MainActivity",
            "steps": [
                "1. Open the app and navigate to the MainActivity.",
                "2. Access the settings menu by clicking on the settings icon in the toolbar."
            ]
        },
        {
            "activity": "SettingsActivity",
            "steps": [
                "3. In the SettingsActivity, scroll down to the 'Manage Shown Tabs' section.",
                "4. Click on the 'Manage Shown Tabs' option to open the dialog for managing visible tabs.",
                "5. In the dialog, uncheck the 'Recents' tab option to disable it.",
                "6. Confirm the changes by clicking 'OK' or 'Save'."
            ]
        }
    ],
    "explanation": "because the SettingsActivity contains the option to manage and disable the 'Recents' tab in the app."
}
```
