2025-01-17 21:48:38,678 - INFO - This is a event:0
2025-01-17 21:48:38,795 - INFO - -----query_current_activity start query------
2025-01-17 21:48:38,796 - INFO - To achieve the task of "calling Alice," you need to navigate through the app's activities and interact with the relevant UI elements. Based on the provided information, here's a step-by-step guide to accomplish this:

### Step 1: Launch the App
The app starts with `com.simplemobiletools.dialer.activities.SplashActivity`, which likely transitions to `com.simplemobiletools.dialer.activities.MainActivity`.

### Step 2: Navigate to the Dialpad
From `MainActivity`, you need to access the dialpad to input the phone number or contact name. The `MainActivity` layout (`R.layout.activity_main`) contains a `MyFloatingActionButton` with the ID `@+id/main_dialpad_button`. This button is likely used to open the dialpad.

- **Action**: Click on the `main_dialpad_button` to open the dialpad.

### Step 3: Input the Contact Name or Number
Once the dialpad is open, you will be in `com.simplemobiletools.dialer.activities.DialpadActivity`. The layout for this activity (`R.layout.activity_dialpad`) includes a `MyEditText` with the ID `@+id/dialpad_input` where you can input the contact name or number.

- **Action**: Input "Alice" into the `dialpad_input` field.

### Step 4: Search and Select the Contact
The `DialpadActivity` layout also includes a `MyRecyclerView` with the ID `@+id/dialpad_list` which likely displays the search results based on the input in `dialpad_input`.

- **Action**: Wait for the search results to populate in `dialpad_list` and select the contact "Alice" from the list.

### Step 5: Initiate the Call
After selecting the contact, you need to initiate the call. The `DialpadActivity` layout includes an `ImageView` with the ID `@+id/dialpad_call_button` which is likely the button to initiate the call.

- **Action**: Click on the `dialpad_call_button` to initiate the call to Alice.

### Summary of Actions:
1. **Launch the App**: Start from `SplashActivity` which transitions to `MainActivity`.
2. **Open Dialpad**: Click on `main_dialpad_button` in `MainActivity` to open `DialpadActivity`.
3. **Input Contact**: Enter "Alice" in the `dialpad_input` field in `DialpadActivity`.
4. **Select Contact**: Select "Alice" from the search results in `dialpad_list`.
5. **Initiate Call**: Click on `dialpad_call_button` to call Alice.

This sequence should allow you to successfully call Alice using the provided app structure.

 Here is the information about the screen we are currently on.
Widget(content-desc: ATX notification: UIAutomator, class: android.widget.ImageView, position: (107, 1, 165, 74))
Widget(content-desc: Android System notification: , class: android.widget.ImageView, position: (165, 1, 223, 74))
Widget(resource-id: com.simplemobiletools.smsmessenger:id/action_bar_root, class: android.widget.FrameLayout, position: (0, 0, 1080, 2277))
Widget(resource-id: com.simplemobiletools.smsmessenger:id/main_coordinator, class: android.widget.ScrollView, position: (0, 74, 1080, 2277))
Widget(resource-id: com.simplemobiletools.smsmessenger:id/main_menu, class: android.widget.LinearLayout, position: (0, 74, 1080, 242))
Widget(resource-id: com.simplemobiletools.smsmessenger:id/top_app_bar_layout, class: android.widget.LinearLayout, position: (42, 74, 1038, 242))
Widget(resource-id: com.simplemobiletools.smsmessenger:id/top_toolbar_holder, class: android.widget.RelativeLayout, position: (42, 95, 1038, 221))
Widget(resource-id: com.simplemobiletools.smsmessenger:id/top_toolbar_search_icon, content-desc: Search, class: android.widget.ImageView, position: (42, 95, 147, 221))
Widget(resource-id: com.simplemobiletools.smsmessenger:id/top_toolbar_search, text: Search, class: android.widget.EditText, position: (147, 95, 626, 221))
Widget(resource-id: com.simplemobiletools.smsmessenger:id/top_toolbar, class: android.view.ViewGroup, position: (626, 95, 1027, 221))
Widget(resource-id: com.simplemobiletools.smsmessenger:id/settings, content-desc: Settings, class: android.widget.Button, position: (668, 95, 795, 221))
Widget(resource-id: com.simplemobiletools.smsmessenger:id/about, content-desc: About, class: android.widget.Button, position: (795, 95, 922, 221))
Widget(content-desc: More options, class: android.widget.ImageView, position: (922, 95, 1027, 221))
Widget(resource-id: com.simplemobiletools.smsmessenger:id/main_nested_scrollview, class: android.widget.RelativeLayout, position: (0, 242, 1080, 2277))
Widget(resource-id: com.simplemobiletools.smsmessenger:id/main_coordinator_wrapper, class: android.view.ViewGroup, position: (0, 242, 1080, 2277))
Widget(resource-id: com.simplemobiletools.smsmessenger:id/main_holder, class: android.widget.RelativeLayout, position: (0, 242, 1080, 2277))
Widget(resource-id: com.simplemobiletools.smsmessenger:id/conversations_fastscroller, class: android.widget.RelativeLayout, position: (0, 242, 1080, 2277))
Widget(resource-id: com.simplemobiletools.smsmessenger:id/conversations_list, class: androidx.recyclerview.widget.RecyclerView, position: (0, 242, 1080, 2277))
Widget(resource-id: com.simplemobiletools.smsmessenger:id/conversation_frame, text: Alice, class: android.widget.FrameLayout, position: (0, 242, 1080, 496))
Widget(resource-id: com.simplemobiletools.smsmessenger:id/conversation_holder, class: android.widget.RelativeLayout, position: (0, 242, 1080, 496))
Widget(resource-id: com.simplemobiletools.smsmessenger:id/conversation_image, class: android.widget.ImageView, position: (43, 284, 169, 454))
Widget(resource-id: com.simplemobiletools.smsmessenger:id/pin_indicator_l, class: android.widget.RelativeLayout, position: (43, 284, 169, 454))
Widget(resource-id: com.simplemobiletools.smsmessenger:id/conversation_address, text: Alice, class: android.widget.TextView, position: (201, 284, 1048, 352))
Widget(resource-id: com.simplemobiletools.smsmessenger:id/draft_indicator, text: Draft, class: android.widget.TextView, position: (201, 352, 292, 403))
Widget(resource-id: com.simplemobiletools.smsmessenger:id/conversation_body_short, text: I-love-youI-love-you, class: android.widget.TextView, position: (292, 352, 1048, 403))
Widget(resource-id: com.simplemobiletools.smsmessenger:id/conversation_date, text: 01:25 PM, class: android.widget.TextView, position: (201, 408, 1048, 454))
Widget(resource-id: com.simplemobiletools.smsmessenger:id/conversation_frame, text: Bob, class: android.widget.FrameLayout, position: (0, 501, 1080, 755))
Widget(resource-id: com.simplemobiletools.smsmessenger:id/conversation_holder, class: android.widget.RelativeLayout, position: (0, 501, 1080, 755))
Widget(resource-id: com.simplemobiletools.smsmessenger:id/conversation_image, class: android.widget.ImageView, position: (43, 543, 169, 713))
Widget(resource-id: com.simplemobiletools.smsmessenger:id/pin_indicator_l, class: android.widget.RelativeLayout, position: (43, 543, 169, 713))
Widget(resource-id: com.simplemobiletools.smsmessenger:id/conversation_address, text: Bob, class: android.widget.TextView, position: (201, 543, 1048, 611))
Widget(resource-id: com.simplemobiletools.smsmessenger:id/conversation_body_short, text: Eee, class: android.widget.TextView, position: (201, 611, 1048, 662))
Widget(resource-id: com.simplemobiletools.smsmessenger:id/conversation_date, text: 11:29 AM, class: android.widget.TextView, position: (201, 667, 1048, 713))
Widget(resource-id: com.simplemobiletools.smsmessenger:id/trackView, class: android.widget.LinearLayout, position: (1012, 242, 1080, 2277))
Widget(resource-id: com.simplemobiletools.smsmessenger:id/conversations_fab, class: android.widget.ImageButton, position: (891, 2088, 1038, 2235))


        I would like to know which activity/fragment we are currently on.
        Please respond in the following JSON format:
        {
        "activity_or_fragment": "TestActivity",
        }
        or 
        {
        "activity_or_fragment": "TestFragment",
        }
        If can not determine the activity/fragment,just output{
        "activity_or_fragment": "Unknown"
        }
        Do not output anything else except json format result.
        
2025-01-17 21:48:40,679 - INFO - ------answer------
2025-01-17 21:48:40,680 - INFO - ```json
{
"activity_or_fragment": "Unknown"
}
```
2025-01-17 21:48:46,521 - INFO - ------query_instructions------
2025-01-17 21:48:46,521 - INFO - ```json
{
    "task": "call Alice",
    "activities_sequence": [
        {
            "activity": "MainActivity",
            "steps": [
                "1. Open the app and navigate to the main screen.",
                "2. Search for Alice in the conversation list or use the search bar to find her."
            ]
        },
        {
            "activity": "ThreadActivity",
            "steps": [
                "3. Open the conversation with Alice.",
                "4. Click on the 'Dial Number' option in the menu to initiate the call."
            ]
        }
    ],
    "explanation": "because the ThreadActivity has the functionality to dial a number directly from the conversation with Alice."
}
```
