2025-02-08 10:15:28,330 - INFO - This is a event:0
2025-02-08 10:16:09,259 - INFO - ------query_instructions------
2025-02-08 10:16:09,259 - INFO - ``````json
{
    "task": "sort app by title",
    "activities_sequence": [
        {
            "activity": "com.simplemobiletools.applauncher.activities.MainActivity",
            "steps": [
                "1. Open the app and navigate to the MainActivity.",
                "2. Click on the menu icon (three dots) in the top-right corner of the screen.",
                "3. Select the 'Sort' option from the menu.",
                "4. In the sorting dialog, select the 'Sort by title' radio button.",
                "5. Confirm the selection by clicking 'OK'."
            ]
        }
    ],
    "explanation": "because the MainActivity contains the 'Sort' option in the menu, which allows users to sort the apps by title."
}
```
2025-02-08 11:51:06,490 - INFO - This is a event:0
2025-02-08 11:51:44,614 - INFO - ------query_instructions------
2025-02-08 11:51:44,614 - INFO - {
{
    "task": "sort app by title",
    "activities_sequence": [
        {
            "activity": "MainActivity",
            "steps": [
                "1. Open the options menu by clicking on the menu icon.",
                "2. Select the 'Sort' option from the menu.",
                "3. In the sorting dialog, select the 'Sort by title' radio button.",
                "4. If desired, select the 'Descending' radio button to sort in descending order.",
                "5. Confirm the sorting selection by clicking the 'OK' button."
            ]
        }
    ],
    "explanation": "because the 'Sort by title' option is available in the sorting dialog within the MainActivity."
}
2025-02-08 11:54:08,359 - INFO - This is a event:0
2025-02-08 11:55:02,355 - INFO - ------query_instructions------
2025-02-08 11:55:02,356 - INFO - {
{
    "task": "sort app by title",
    "activities_sequence": [
        {
            "activity": "com.simplemobiletools.applauncher.activities.MainActivity",
            "steps": [
                "1. Open the options menu by tapping the menu icon.",
                "2. Select the 'Sort' menu item to open the sorting dialog.",
                "3. In the sorting dialog, select the 'Sort by title' radio button.",
                "4. Confirm the sorting selection by tapping the 'OK' button."
            ]        }
    ],
    "explanation": "because the MainActivity contains the sorting functionality and the 'Sort by title' option is available in the sorting dialog."
}
2025-02-08 17:05:35,332 - INFO - This is a event:0
2025-02-08 17:07:30,253 - INFO - ------query_instructions------
2025-02-08 17:07:30,253 - INFO - ``````json
{
    "task": "sort app by title",
    "activities_sequence": [
        {
            "activity": "com.simplemobiletools.applauncher.activities.MainActivity",
            "steps": [
                "1. Open the MainActivity where the list of apps is displayed.",
                "2. Access the options menu by tapping on the menu icon (three dots or similar).",
                "3. Select the 'Sort' option from the menu to open the sorting dialog.",
                "4. In the sorting dialog, select the 'Sort by title' radio button.",
                "5. Confirm the selection by tapping the 'OK' or 'Apply' button in the sorting dialog.",
                "6. The app list will now be sorted by title."
            ]
        }
    ],
    "explanation": "because the MainActivity contains the sorting functionality via the 'Sort' option in the menu, which allows the user to sort apps by title."}
```
2025-02-08 19:54:26,096 - INFO - This is a event:0
2025-02-08 19:55:38,028 - INFO - This is a event:0
2025-02-08 21:04:00,477 - INFO - This is a event:0
2025-02-08 21:05:24,639 - INFO - This is a event:0
2025-02-08 21:09:56,662 - INFO - This is a event:0
2025-02-08 21:16:15,732 - INFO - This is a event:0
