2024-12-31 15:53:31,912 - INFO - This is a event:0
2024-12-31 15:53:50,032 - INFO - -----query_current_activity start query------
2024-12-31 15:53:50,032 - INFO - To achieve the task of printing "Diary" as `diary.pdf`, you need to focus on the `MainActivity` and its associated fragments, particularly the `NoteFragment` or `TextFragment`, as these are likely where the diary content is displayed or edited.

Here¡¯s a step-by-step approach to implement this:

### 1. **Identify the Diary Content**
   - Determine where the diary content is stored or displayed. This is likely in the `NoteFragment` or `TextFragment`.
   - Check the layout files and the corresponding Java/Kotlin code to see how the content is managed.

### 2. **Add a Print Button**
   - In the `activity_main.xml` or the fragment layout where the diary is displayed, add a button for printing.
   ```xml
   <Button
       android:id="@+id/printButton"
       android:layout_width="wrap_content"
       android:layout_height="wrap_content"
       android:text="Print to PDF" />
   ```

### 3. **Implement the Print Functionality**
   - In the `MainActivity` or the relevant fragment, add an `OnClickListener` to the print button.
   - Use the `PrintManager` API to print the content to a PDF.

   ```java
   Button printButton = findViewById(R.id.printButton);
   printButton.setOnClickListener(v -> {
       printDiaryToPdf();
   });

   private void printDiaryToPdf() {
       PrintManager printManager = (PrintManager) getSystemService(Context.PRINT_SERVICE);
       String jobName = getString(R.string.app_name) + " Document";
       PrintDocumentAdapter printAdapter = new PrintDocumentAdapter() {
           @Override
           public void onWrite(PageRange[] pages, ParcelFileDescriptor destination, CancellationSignal cancellationSignal, WriteResultCallback callback) {
               // Write the diary content to the PDF file
               try (OutputStream output = new FileOutputStream(destination.getFileDescriptor())) {
                   String diaryContent = getDiaryContent(); // Implement this method to get the diary content
                   output.write(diaryContent.getBytes());
                   callback.onWriteFinished(new PageRange[]{PageRange.ALL_PAGES});
               } catch (IOException e) {
                   callback.onWriteFailed(e.getMessage());
               }
           }

           @Override
           public void onLayout(PrintAttributes oldAttributes, PrintAttributes newAttributes, CancellationSignal cancellationSignal, LayoutResultCallback callback, Bundle extras) {
               if (cancellationSignal.isCanceled()) {
                   callback.onLayoutCancelled();
               } else {
                   PrintDocumentInfo info = new PrintDocumentInfo.Builder("diary.pdf")
                           .setContentType(PrintDocumentInfo.CONTENT_TYPE_DOCUMENT)
                           .setPageCount(1)
                           .build();
                   callback.onLayoutFinished(info, true);
               }
           }
       };
       printManager.print(jobName, printAdapter, null);
   }

   private String getDiaryContent() {
       // Implement this method to retrieve the diary content
       return "Diary"; // Replace with actual diary content
   }
   ```

### 4. **Handle Permissions**
   - Ensure that the app has the necessary permissions to write to external storage if you¡¯re saving the PDF file externally.

### 5. **Test the Implementation**
   - Run the app, navigate to the diary, and click the print button to ensure that the PDF is generated correctly.

### 6. **Optional: Save the PDF**
   - If you want to save the PDF to a specific location, modify the `onWrite` method to save the file to the desired directory.

```java
File file = new File(Environment.getExternalStorageDirectory(), "diary.pdf");
try (OutputStream output = new FileOutputStream(file)) {
    String diaryContent = getDiaryContent();
    output.write(diaryContent.getBytes());
} catch (IOException e) {
    e.printStackTrace();
}
```

### 7. **Handle Edge Cases**
   - Ensure that the app handles cases where the diary content is empty or the user cancels the print operation.

By following these steps, you should be able to implement the functionality to print "Diary" as `diary.pdf` in your Android app.

 Here is the information about the screen we are currently on.
Widget(content-desc: More options, class: android.widget.ImageView, position: (975, 94, 1080, 220))
Widget(text: create a checklist named 'test' and sort the items by creating date, class: android.widget.TextView, position: (0, 245, 310, 320))
Widget(text: Diary, class: android.widget.TextView, position: (478, 245, 603, 320))
Widget(text: diaryevents, class: android.widget.TextView, position: (800, 245, 1080, 320))
Widget(content-desc: Security & privacy notification: Set a screen lock, class: android.widget.ImageView, position: (107, 1, 165, 74))
Widget(content-desc: ATX notification: UIAutomator, class: android.widget.ImageView, position: (165, 1, 223, 74))
Widget(content-desc: Settings notification: Virtual SD card, class: android.widget.ImageView, position: (223, 1, 281, 74))
Widget(content-desc: Android System notification: , class: android.widget.ImageView, position: (281, 1, 339, 74))


        I would like to know which activity/fragment we are currently on.
        Please respond in the following JSON format:
        {
        "activity_or_fragment": "TestActivity",
        }
        or 
        {
        "activity_or_fragment": "TestFragment",
        }
        If can not determine the activity/fragment,just output{
        "activity_or_fragment": "Unknown"
        }
        Do not output anything else except json format result.
        
2024-12-31 15:53:52,560 - INFO - ------answer------
2024-12-31 15:53:52,560 - INFO - ```json
{
"activity_or_fragment": "Unknown"
}
```
2024-12-31 15:54:01,196 - INFO - ------query_instructions------
2024-12-31 15:54:01,196 - INFO - ```json
{
    "task": "Print 'Diary' as diary.pdf",
    "activities_sequence": [
        {
            "activity": "com.simplemobiletools.notes.pro.activities.SplashActivity",
            "steps": [
                "1. Launch the app, which starts with SplashActivity.",
                "2. SplashActivity checks for any specific intents and then starts MainActivity."
            ]
        },
        {
            "activity": "com.simplemobiletools.notes.pro.activities.MainActivity",
            "steps": [
                "3. In MainActivity, ensure that the note titled 'Diary' is open or create it if it doesn't exist.",
                "4. Use the 'printText' method to initialize a WebView and load the content of the 'Diary' note.",
                "5. Once the WebView finishes loading, trigger the print job using the 'createWebPrintJob' method.",
                "6. Save the printed content as 'diary.pdf'."
            ]
        }
    ],
    "explanation": "because the MainActivity contains the necessary methods to handle printing and exporting notes as PDF."
}
```
