2025-01-17 11:28:14,838 - INFO - This is a event:0
2025-01-17 11:28:34,849 - INFO - -----query_current_activity start query------
2025-01-17 11:28:34,851 - INFO - To achieve the task of "turning on hide dialpad numbers," you need to locate the relevant UI element and the corresponding logic in the source code. Based on the provided layout information, the `hide dialpad numbers` setting is likely controlled by a checkbox in the `SettingsActivity`.

### Steps to Implement the Task:

1. **Identify the UI Element:**
   - In the `SettingsActivity` layout (`R.layout.activity_settings`), there is a checkbox with the ID `@+id/settings_hide_dialpad_numbers`. This checkbox is used to toggle the "hide dialpad numbers" setting.

   ```xml
   <RelativeLayout
       id="@+id/settings_hide_dialpad_numbers_holder"
       style="@style/SettingsHolderCheckboxStyle">
       <com.simplemobiletools.commons.views.MyAppCompatCheckbox
           id="@+id/settings_hide_dialpad_numbers"
           style="@style/SettingsCheckboxStyle"
           text="@string/hide_dialpad_numbers" />
   </RelativeLayout>
   ```

2. **Locate the Logic in the Code:**
   - Open the `SettingsActivity` Java/Kotlin file. Look for the initialization of the `settings_hide_dialpad_numbers` checkbox and the corresponding logic to handle its state changes.

   ```java
   // Example in Java
   MyAppCompatCheckbox hideDialpadNumbersCheckbox = findViewById(R.id.settings_hide_dialpad_numbers);
   hideDialpadNumbersCheckbox.setOnCheckedChangeListener((buttonView, isChecked) -> {
       // Save the state to SharedPreferences or another storage mechanism
       saveHideDialpadNumbersPreference(isChecked);
       // Optionally, update the UI or perform other actions
       updateDialpadVisibility(isChecked);
   });
   ```

3. **Save the Preference:**
   - The state of the checkbox should be saved in `SharedPreferences` or a similar storage mechanism so that the setting persists across app restarts.

   ```java
   private void saveHideDialpadNumbersPreference(boolean isChecked) {
       SharedPreferences preferences = PreferenceManager.getDefaultSharedPreferences(this);
       SharedPreferences.Editor editor = preferences.edit();
       editor.putBoolean("hide_dialpad_numbers", isChecked);
       editor.apply();
   }
   ```

4. **Update the Dialpad Visibility:**
   - Depending on the state of the checkbox, you need to update the visibility of the dialpad numbers in the `DialpadActivity` or wherever the dialpad is displayed.

   ```java
   private void updateDialpadVisibility(boolean hideNumbers) {
       // Assuming you have a reference to the dialpad numbers
       TextView dialpadNumber1 = findViewById(R.id.dialpad_1);
       TextView dialpadNumber2 = findViewById(R.id.dialpad_2);
       // Repeat for other numbers...

       if (hideNumbers) {
           dialpadNumber1.setVisibility(View.GONE);
           dialpadNumber2.setVisibility(View.GONE);
           // Repeat for other numbers...
       } else {
           dialpadNumber1.setVisibility(View.VISIBLE);
           dialpadNumber2.setVisibility(View.VISIBLE);
           // Repeat for other numbers...
       }
   }
   ```

5. **Load the Preference on App Start:**
   - When the app starts, load the saved preference and apply it to the UI.

   ```java
   private void loadHideDialpadNumbersPreference() {
       SharedPreferences preferences = PreferenceManager.getDefaultSharedPreferences(this);
       boolean hideNumbers = preferences.getBoolean("hide_dialpad_numbers", false);
       updateDialpadVisibility(hideNumbers);
   }
   ```

### Summary:
- **UI Element:** The checkbox with ID `settings_hide_dialpad_numbers` in `SettingsActivity` controls the "hide dialpad numbers" setting.
- **Logic:** The checkbox's state is saved in `SharedPreferences`, and the dialpad numbers' visibility is updated based on this state.
- **Implementation:** Ensure the preference is loaded on app start and applied to the dialpad UI.

By following these steps, you can implement the "turn on hide dialpad numbers" feature in your app.

 Here is the information about the screen we are currently on.
Widget(resource-id: com.simplemobiletools.dialer:id/action_bar_root, class: android.widget.FrameLayout, position: (0, 74, 1080, 2277))
Widget(resource-id: com.simplemobiletools.dialer:id/main_coordinator, class: android.view.ViewGroup, position: (0, 74, 1080, 2277))
Widget(resource-id: com.simplemobiletools.dialer:id/main_menu, class: android.widget.LinearLayout, position: (0, 74, 1080, 242))
Widget(resource-id: com.simplemobiletools.dialer:id/top_app_bar_layout, class: android.widget.LinearLayout, position: (42, 74, 1038, 242))
Widget(resource-id: com.simplemobiletools.dialer:id/top_toolbar_holder, class: android.widget.RelativeLayout, position: (42, 95, 1038, 221))
Widget(resource-id: com.simplemobiletools.dialer:id/top_toolbar_search_icon, content-desc: Search, class: android.widget.ImageView, position: (42, 95, 147, 221))
Widget(resource-id: com.simplemobiletools.dialer:id/top_toolbar_search, text: Search, class: android.widget.EditText, position: (147, 95, 626, 221))
Widget(resource-id: com.simplemobiletools.dialer:id/top_toolbar, class: android.view.ViewGroup, position: (626, 95, 1027, 221))
Widget(resource-id: com.simplemobiletools.dialer:id/sort, content-desc: Sort by, class: android.widget.Button, position: (668, 95, 795, 221))
Widget(resource-id: com.simplemobiletools.dialer:id/filter, content-desc: Filter, class: android.widget.Button, position: (795, 95, 922, 221))
Widget(content-desc: More options, class: android.widget.ImageView, position: (922, 95, 1027, 221))
Widget(resource-id: com.simplemobiletools.dialer:id/main_holder, class: android.view.ViewGroup, position: (0, 242, 1080, 2277))
Widget(resource-id: com.simplemobiletools.dialer:id/view_pager, class: r4.i, position: (0, 242, 1080, 2109))
Widget(resource-id: com.simplemobiletools.dialer:id/favorites_fragment, class: android.widget.RelativeLayout, position: (0, 242, 1080, 2109))
Widget(resource-id: com.simplemobiletools.dialer:id/fragment_wrapper, class: android.widget.RelativeLayout, position: (0, 242, 1080, 2109))
Widget(resource-id: com.simplemobiletools.dialer:id/fragment_list, class: androidx.recyclerview.widget.RecyclerView, position: (0, 242, 1080, 2109))
Widget(resource-id: com.simplemobiletools.dialer:id/item_contact_frame, text: Alice, class: android.view.ViewGroup, position: (0, 242, 1080, 410))
Widget(resource-id: com.simplemobiletools.dialer:id/item_contact_image, class: android.widget.ImageView, position: (43, 263, 169, 389))
Widget(resource-id: com.simplemobiletools.dialer:id/item_contact_name, text: Alice, class: android.widget.TextView, position: (169, 298, 1048, 355))
Widget(resource-id: com.simplemobiletools.dialer:id/letter_fastscroller_thumb, class: android.view.ViewGroup, position: (807, 242, 954, 431))
Widget(resource-id: com.simplemobiletools.dialer:id/letter_fastscroller, text: A, class: android.widget.LinearLayout, position: (996, 242, 1080, 431))
Widget(text: A, class: android.widget.TextView, position: (996, 305, 1080, 368))
Widget(resource-id: com.simplemobiletools.dialer:id/main_dialpad_button, content-desc: Dialpad, class: android.widget.ImageButton, position: (880, 1920, 1027, 2067))
Widget(resource-id: com.simplemobiletools.dialer:id/main_tabs_holder, class: android.widget.HorizontalScrollView, position: (0, 2109, 1080, 2277))
Widget(text: Contacts, class: android.widget.LinearLayout, position: (0, 2109, 360, 2277))
Widget(resource-id: com.simplemobiletools.dialer:id/tab_item_holder, class: android.widget.LinearLayout, position: (127, 2141, 232, 2277))
Widget(resource-id: com.simplemobiletools.dialer:id/tab_item_icon, class: android.widget.ImageView, position: (142, 2141, 216, 2215))
Widget(resource-id: com.simplemobiletools.dialer:id/tab_item_label, text: Contacts, class: android.widget.TextView, position: (127, 2215, 232, 2277))
Widget(resource-id: com.simplemobiletools.dialer:id/tab_item_holder, class: android.widget.LinearLayout, position: (486, 2141, 593, 2277))
Widget(resource-id: com.simplemobiletools.dialer:id/tab_item_icon, class: android.widget.ImageView, position: (502, 2141, 576, 2215))
Widget(resource-id: com.simplemobiletools.dialer:id/tab_item_label, text: Favorites, class: android.widget.TextView, position: (486, 2215, 593, 2277))
Widget(text: Call History, class: android.widget.LinearLayout, position: (720, 2109, 1080, 2277))
Widget(resource-id: com.simplemobiletools.dialer:id/tab_item_holder, class: android.widget.LinearLayout, position: (834, 2141, 966, 2277))
Widget(resource-id: com.simplemobiletools.dialer:id/tab_item_icon, class: android.widget.ImageView, position: (863, 2141, 937, 2215))
Widget(resource-id: com.simplemobiletools.dialer:id/tab_item_label, text: Call History, class: android.widget.TextView, position: (834, 2215, 966, 2277))
Widget(content-desc: Speakerphone enabled., class: android.widget.ImageView, position: (819, 8, 866, 66))


        I would like to know which activity/fragment we are currently on.
        Please respond in the following JSON format:
        {
        "activity_or_fragment": "TestActivity",
        }
        or 
        {
        "activity_or_fragment": "TestFragment",
        }
        If can not determine the activity/fragment,just output{
        "activity_or_fragment": "Unknown"
        }
        Do not output anything else except json format result.
        
2025-01-17 11:28:36,597 - INFO - ------answer------
2025-01-17 11:28:36,598 - INFO - ```json
{
"activity_or_fragment": "Unknown"
}
```
2025-01-17 11:28:52,844 - INFO - ------query_instructions------
2025-01-17 11:28:52,846 - INFO - ```json
{
    "task": "turn on hide dialpad numbers",
    "activities_sequence": [
        {
            "activity": "MainActivity",
            "steps": [
                "1. Open the app and navigate to the MainActivity.",
                "2. Click on the 'Settings' menu item in the toolbar."
            ]
        },
        {
            "activity": "SettingsActivity",
            "steps": [
                "3. Scroll down to find the 'Hide Dialpad Numbers' option.",
                "4. Toggle the checkbox next to 'Hide Dialpad Numbers' to enable it."
            ]
        }
    ],
    "explanation": "because the SettingsActivity contains the option to hide dialpad numbers, which can be toggled by the user."
}
```
