2025-01-18 19:55:05,887 - INFO - This is a event:0
2025-01-18 19:55:23,446 - INFO - -----query_current_activity start query------
2025-01-18 19:55:23,452 - INFO - To achieve the task of opening the file `Screenshot_20250117-103100.png` with the gallery and setting it to always open with the gallery, you need to follow these steps:

### 1. **Identify the Intent to Open the File**
   - The file `Screenshot_20250117-103100.png` is an image file, so you need to create an `Intent` to open it with an image viewer (gallery).
   - The `Intent` should have the action `ACTION_VIEW` and the MIME type set to `image/png`.

### 2. **Set the Default App for the File Type**
   - To set the gallery as the default app for opening `.png` files, you need to use the `Intent` with the `ACTION_VIEW` action and then use `Intent.createChooser` to allow the user to select the gallery app and set it as the default.

### 3. **Implement the Code**
   - Here¡¯s how you can implement this in your app:

```java
import android.content.Intent;
import android.net.Uri;
import android.os.Bundle;
import androidx.appcompat.app.AppCompatActivity;
import java.io.File;

public class MainActivity extends AppCompatActivity {

    @Override
    protected void onCreate(Bundle savedInstanceState) {
        super.onCreate(savedInstanceState);
        setContentView(R.layout.activity_main);

        // Path to the screenshot file
        File file = new File("/path/to/Screenshot_20250117-103100.png");
        Uri fileUri = Uri.fromFile(file);

        // Create an Intent to view the image
        Intent intent = new Intent(Intent.ACTION_VIEW);
        intent.setDataAndType(fileUri, "image/png");
        intent.addFlags(Intent.FLAG_GRANT_READ_URI_PERMISSION);

        // Create a chooser to allow the user to select the gallery app
        Intent chooser = Intent.createChooser(intent, "Open with");

        // Start the activity with the chooser
        startActivity(chooser);
    }
}
```

### 4. **Explanation**
   - **File Path**: Replace `"/path/to/Screenshot_20250117-103100.png"` with the actual path to your file.
   - **Intent**: The `Intent` is set to `ACTION_VIEW` with the MIME type `image/png`.
   - **Chooser**: The `Intent.createChooser` allows the user to select the gallery app and set it as the default for opening `.png` files.

### 5. **Permissions**
   - Ensure that your app has the necessary permissions to read the file. If the file is in external storage, you may need to request runtime permissions for `READ_EXTERNAL_STORAGE`.

### 6. **Testing**
   - Run the app and ensure that when the activity starts, it prompts the user to open the file with the gallery and allows them to set it as the default app.

### 7. **Handling Default App Selection**
   - Once the user selects the gallery app and sets it as the default, Android will remember this choice and automatically open `.png` files with the gallery in the future.

### 8. **Considerations**
   - If the file is stored in a location that requires special permissions (e.g., external storage), make sure to handle those permissions properly.
   - If the file is stored in a private directory, consider using a `FileProvider` to share the file securely.

This approach should allow you to open the `.png` file with the gallery and set it as the default app for opening such files in the future.

 Here is the information about the screen we are currently on.
Widget(content-desc: ATX notification: UIAutomator, class: android.widget.ImageView, position: (128, 1, 186, 74))
Widget(content-desc: Android System notification: , class: android.widget.ImageView, position: (186, 1, 244, 74))
Widget(resource-id: com.simplemobiletools.filemanager.pro:id/action_bar_root, class: android.widget.FrameLayout, position: (0, 74, 1080, 2277))
Widget(resource-id: com.simplemobiletools.filemanager.pro:id/main_coordinator, class: android.view.ViewGroup, position: (0, 74, 1080, 2277))
Widget(resource-id: com.simplemobiletools.filemanager.pro:id/main_menu, class: android.widget.LinearLayout, position: (0, 74, 1080, 242))
Widget(resource-id: com.simplemobiletools.filemanager.pro:id/top_app_bar_layout, class: android.widget.LinearLayout, position: (42, 74, 1038, 242))
Widget(resource-id: com.simplemobiletools.filemanager.pro:id/top_toolbar_holder, class: android.widget.RelativeLayout, position: (42, 95, 1038, 221))
Widget(resource-id: com.simplemobiletools.filemanager.pro:id/top_toolbar_search_icon, content-desc: Search, class: android.widget.ImageView, position: (42, 95, 147, 221))
Widget(resource-id: com.simplemobiletools.filemanager.pro:id/top_toolbar_search, text: Search, class: android.widget.EditText, position: (147, 95, 604, 221))
Widget(resource-id: com.simplemobiletools.filemanager.pro:id/top_toolbar, class: android.view.ViewGroup, position: (604, 95, 1027, 221))
Widget(resource-id: com.simplemobiletools.filemanager.pro:id/change_view_type, content-desc: Change view type, class: android.widget.Button, position: (646, 95, 773, 221))
Widget(resource-id: com.simplemobiletools.filemanager.pro:id/settings, content-desc: Settings, class: android.widget.Button, position: (773, 95, 900, 221))
Widget(resource-id: com.simplemobiletools.filemanager.pro:id/about, content-desc: About, class: android.widget.Button, position: (900, 95, 1027, 221))
Widget(resource-id: com.simplemobiletools.filemanager.pro:id/main_holder, class: android.widget.RelativeLayout, position: (0, 242, 1080, 2277))
Widget(resource-id: com.simplemobiletools.filemanager.pro:id/main_view_pager, class: androidx.viewpager.widget.m, position: (0, 242, 1080, 2109))
Widget(resource-id: com.simplemobiletools.filemanager.pro:id/recents_fragment, class: android.widget.RelativeLayout, position: (0, 242, 1080, 2109))
Widget(resource-id: com.simplemobiletools.filemanager.pro:id/recents_swipe_refresh, class: android.view.ViewGroup, position: (0, 242, 1080, 2109))
Widget(resource-id: com.simplemobiletools.filemanager.pro:id/recents_list, class: androidx.recyclerview.widget.RecyclerView, position: (0, 242, 1080, 2109))
Widget(resource-id: com.simplemobiletools.filemanager.pro:id/item_frame, text: video2.mp4, class: android.widget.FrameLayout, position: (0, 263, 1080, 415))
Widget(resource-id: com.simplemobiletools.filemanager.pro:id/item_holder, class: android.view.ViewGroup, position: (0, 268, 1080, 410))
Widget(resource-id: com.simplemobiletools.filemanager.pro:id/item_icon, class: android.widget.ImageView, position: (11, 268, 153, 410))
Widget(resource-id: com.simplemobiletools.filemanager.pro:id/item_name, text: video2.mp4, class: android.widget.TextView, position: (153, 276, 1027, 339))
Widget(resource-id: com.simplemobiletools.filemanager.pro:id/item_details, text: 669.2 kB, class: android.widget.TextView, position: (153, 339, 665, 402))
Widget(resource-id: com.simplemobiletools.filemanager.pro:id/item_date, text: 18.01.2025, 11:35 AM, class: android.widget.TextView, position: (665, 345, 1027, 396))
Widget(resource-id: com.simplemobiletools.filemanager.pro:id/item_frame, text: IMG_20250118_100554.jpg, class: android.widget.FrameLayout, position: (0, 420, 1080, 572))
Widget(resource-id: com.simplemobiletools.filemanager.pro:id/item_holder, class: android.view.ViewGroup, position: (0, 425, 1080, 567))
Widget(resource-id: com.simplemobiletools.filemanager.pro:id/item_icon, class: android.widget.ImageView, position: (11, 425, 153, 567))
Widget(resource-id: com.simplemobiletools.filemanager.pro:id/item_name, text: IMG_20250118_100554.jpg, class: android.widget.TextView, position: (153, 433, 1027, 496))
Widget(resource-id: com.simplemobiletools.filemanager.pro:id/item_details, text: 29.5 kB, class: android.widget.TextView, position: (153, 496, 665, 559))
Widget(resource-id: com.simplemobiletools.filemanager.pro:id/item_date, text: 18.01.2025, 10:05 AM, class: android.widget.TextView, position: (665, 502, 1027, 553))
Widget(resource-id: com.simplemobiletools.filemanager.pro:id/item_frame, text: IMG_20250118_075716.jpg, class: android.widget.FrameLayout, position: (0, 577, 1080, 729))
Widget(resource-id: com.simplemobiletools.filemanager.pro:id/item_holder, class: android.view.ViewGroup, position: (0, 582, 1080, 724))
Widget(resource-id: com.simplemobiletools.filemanager.pro:id/item_icon, class: android.widget.ImageView, position: (11, 582, 153, 724))
Widget(resource-id: com.simplemobiletools.filemanager.pro:id/item_name, text: IMG_20250118_075716.jpg, class: android.widget.TextView, position: (153, 590, 1027, 653))
Widget(resource-id: com.simplemobiletools.filemanager.pro:id/item_details, text: 29.6 kB, class: android.widget.TextView, position: (153, 653, 665, 716))
Widget(resource-id: com.simplemobiletools.filemanager.pro:id/item_date, text: 18.01.2025, 07:57 AM, class: android.widget.TextView, position: (665, 659, 1027, 710))
Widget(resource-id: com.simplemobiletools.filemanager.pro:id/item_frame, text: IMG_20250118_075658.jpg, class: android.widget.FrameLayout, position: (0, 734, 1080, 886))
Widget(resource-id: com.simplemobiletools.filemanager.pro:id/item_holder, class: android.view.ViewGroup, position: (0, 739, 1080, 881))
Widget(resource-id: com.simplemobiletools.filemanager.pro:id/item_icon, class: android.widget.ImageView, position: (11, 739, 153, 881))
Widget(resource-id: com.simplemobiletools.filemanager.pro:id/item_name, text: IMG_20250118_075658.jpg, class: android.widget.TextView, position: (153, 747, 1027, 810))
Widget(resource-id: com.simplemobiletools.filemanager.pro:id/item_details, text: 29.6 kB, class: android.widget.TextView, position: (153, 810, 665, 873))
Widget(resource-id: com.simplemobiletools.filemanager.pro:id/item_date, text: 18.01.2025, 07:56 AM, class: android.widget.TextView, position: (665, 816, 1027, 867))
Widget(resource-id: com.simplemobiletools.filemanager.pro:id/item_frame, text: IMG_20250118_072801.jpg, class: android.widget.FrameLayout, position: (0, 891, 1080, 1043))
Widget(resource-id: com.simplemobiletools.filemanager.pro:id/item_holder, class: android.view.ViewGroup, position: (0, 896, 1080, 1038))
Widget(resource-id: com.simplemobiletools.filemanager.pro:id/item_icon, class: android.widget.ImageView, position: (11, 896, 153, 1038))
Widget(resource-id: com.simplemobiletools.filemanager.pro:id/item_name, text: IMG_20250118_072801.jpg, class: android.widget.TextView, position: (153, 904, 1027, 967))
Widget(resource-id: com.simplemobiletools.filemanager.pro:id/item_details, text: 22.5 kB, class: android.widget.TextView, position: (153, 967, 665, 1030))
Widget(resource-id: com.simplemobiletools.filemanager.pro:id/item_date, text: 18.01.2025, 07:28 AM, class: android.widget.TextView, position: (665, 973, 1027, 1024))
Widget(resource-id: com.simplemobiletools.filemanager.pro:id/item_frame, text: IMG_20250118_064644.jpg, class: android.widget.FrameLayout, position: (0, 1048, 1080, 1200))
Widget(resource-id: com.simplemobiletools.filemanager.pro:id/item_holder, class: android.view.ViewGroup, position: (0, 1053, 1080, 1195))
Widget(resource-id: com.simplemobiletools.filemanager.pro:id/item_icon, class: android.widget.ImageView, position: (11, 1053, 153, 1195))
Widget(resource-id: com.simplemobiletools.filemanager.pro:id/item_name, text: IMG_20250118_064644.jpg, class: android.widget.TextView, position: (153, 1061, 1027, 1124))
Widget(resource-id: com.simplemobiletools.filemanager.pro:id/item_details, text: 22.5 kB, class: android.widget.TextView, position: (153, 1124, 665, 1187))
Widget(resource-id: com.simplemobiletools.filemanager.pro:id/item_date, text: 18.01.2025, 06:46 AM, class: android.widget.TextView, position: (665, 1130, 1027, 1181))
Widget(resource-id: com.simplemobiletools.filemanager.pro:id/item_frame, text: IMG_20250118_064631.jpg, class: android.widget.FrameLayout, position: (0, 1205, 1080, 1357))
Widget(resource-id: com.simplemobiletools.filemanager.pro:id/item_holder, class: android.view.ViewGroup, position: (0, 1210, 1080, 1352))
Widget(resource-id: com.simplemobiletools.filemanager.pro:id/item_icon, class: android.widget.ImageView, position: (11, 1210, 153, 1352))
Widget(resource-id: com.simplemobiletools.filemanager.pro:id/item_name, text: IMG_20250118_064631.jpg, class: android.widget.TextView, position: (153, 1218, 1027, 1281))
Widget(resource-id: com.simplemobiletools.filemanager.pro:id/item_details, text: 22.5 kB, class: android.widget.TextView, position: (153, 1281, 665, 1344))
Widget(resource-id: com.simplemobiletools.filemanager.pro:id/item_date, text: 18.01.2025, 06:46 AM, class: android.widget.TextView, position: (665, 1287, 1027, 1338))
Widget(resource-id: com.simplemobiletools.filemanager.pro:id/item_frame, text: IMG_20250118_025837.jpg, class: android.widget.FrameLayout, position: (0, 1362, 1080, 1514))
Widget(resource-id: com.simplemobiletools.filemanager.pro:id/item_holder, class: android.view.ViewGroup, position: (0, 1367, 1080, 1509))
Widget(resource-id: com.simplemobiletools.filemanager.pro:id/item_icon, class: android.widget.ImageView, position: (11, 1367, 153, 1509))
Widget(resource-id: com.simplemobiletools.filemanager.pro:id/item_name, text: IMG_20250118_025837.jpg, class: android.widget.TextView, position: (153, 1375, 1027, 1438))
Widget(resource-id: com.simplemobiletools.filemanager.pro:id/item_details, text: 22.1 kB, class: android.widget.TextView, position: (153, 1438, 665, 1501))
Widget(resource-id: com.simplemobiletools.filemanager.pro:id/item_date, text: 18.01.2025, 02:58 AM, class: android.widget.TextView, position: (665, 1444, 1027, 1495))
Widget(resource-id: com.simplemobiletools.filemanager.pro:id/item_frame, text: Screenshot_20250117-103100.png, class: android.widget.FrameLayout, position: (0, 1519, 1080, 1671))
Widget(resource-id: com.simplemobiletools.filemanager.pro:id/item_holder, class: android.view.ViewGroup, position: (0, 1524, 1080, 1666))
Widget(resource-id: com.simplemobiletools.filemanager.pro:id/item_icon, class: android.widget.ImageView, position: (11, 1524, 153, 1666))
Widget(resource-id: com.simplemobiletools.filemanager.pro:id/item_name, text: Screenshot_20250117-103100.png, class: android.widget.TextView, position: (153, 1532, 1027, 1595))
Widget(resource-id: com.simplemobiletools.filemanager.pro:id/item_details, text: 1.2 MB, class: android.widget.TextView, position: (153, 1595, 665, 1658))
Widget(resource-id: com.simplemobiletools.filemanager.pro:id/item_date, text: 17.01.2025, 10:31 AM, class: android.widget.TextView, position: (665, 1601, 1027, 1652))
Widget(resource-id: com.simplemobiletools.filemanager.pro:id/item_frame, text: atx-agent.log, class: android.widget.FrameLayout, position: (0, 1676, 1080, 1828))
Widget(resource-id: com.simplemobiletools.filemanager.pro:id/item_holder, class: android.view.ViewGroup, position: (0, 1681, 1080, 1823))
Widget(resource-id: com.simplemobiletools.filemanager.pro:id/item_icon, class: android.widget.ImageView, position: (11, 1681, 153, 1823))
Widget(resource-id: com.simplemobiletools.filemanager.pro:id/item_name, text: atx-agent.log, class: android.widget.TextView, position: (153, 1689, 1027, 1752))
Widget(resource-id: com.simplemobiletools.filemanager.pro:id/item_details, text: 700.9 kB, class: android.widget.TextView, position: (153, 1752, 666, 1815))
Widget(resource-id: com.simplemobiletools.filemanager.pro:id/item_date, text: 16.01.2025, 02:07 PM, class: android.widget.TextView, position: (666, 1758, 1027, 1809))
Widget(resource-id: com.simplemobiletools.filemanager.pro:id/item_frame, text: test1.m4a, class: android.widget.FrameLayout, position: (0, 1833, 1080, 1985))
Widget(resource-id: com.simplemobiletools.filemanager.pro:id/item_holder, class: android.view.ViewGroup, position: (0, 1838, 1080, 1980))
Widget(resource-id: com.simplemobiletools.filemanager.pro:id/item_icon, class: android.widget.ImageView, position: (11, 1838, 153, 1980))
Widget(resource-id: com.simplemobiletools.filemanager.pro:id/item_name, text: test1.m4a, class: android.widget.TextView, position: (153, 1846, 1027, 1909))
Widget(resource-id: com.simplemobiletools.filemanager.pro:id/item_details, text: 75.3 kB, class: android.widget.TextView, position: (153, 1909, 666, 1972))
Widget(resource-id: com.simplemobiletools.filemanager.pro:id/item_date, text: 16.01.2025, 01:14 PM, class: android.widget.TextView, position: (666, 1915, 1027, 1966))
Widget(resource-id: com.simplemobiletools.filemanager.pro:id/item_frame, text: test2.m4a, class: android.widget.FrameLayout, position: (0, 1990, 1080, 2109))
Widget(resource-id: com.simplemobiletools.filemanager.pro:id/item_holder, class: android.view.ViewGroup, position: (0, 1995, 1080, 2109))
Widget(resource-id: com.simplemobiletools.filemanager.pro:id/item_icon, class: android.widget.ImageView, position: (11, 1995, 153, 2109))
Widget(resource-id: com.simplemobiletools.filemanager.pro:id/item_name, text: test2.m4a, class: android.widget.TextView, position: (153, 2003, 1027, 2066))
Widget(resource-id: com.simplemobiletools.filemanager.pro:id/item_details, text: 70.4 kB, class: android.widget.TextView, position: (153, 2066, 666, 2109))
Widget(resource-id: com.simplemobiletools.filemanager.pro:id/item_date, text: 16.01.2025, 01:14 PM, class: android.widget.TextView, position: (666, 2072, 1027, 2109))
Widget(resource-id: com.simplemobiletools.filemanager.pro:id/main_tabs_holder, class: android.widget.HorizontalScrollView, position: (0, 2109, 1080, 2277))
Widget(text: Files, class: android.widget.LinearLayout, position: (0, 2109, 360, 2277))
Widget(resource-id: com.simplemobiletools.filemanager.pro:id/tab_item_holder, class: android.widget.LinearLayout, position: (143, 2141, 217, 2277))
Widget(resource-id: com.simplemobiletools.filemanager.pro:id/tab_item_icon, class: android.widget.ImageView, position: (143, 2141, 217, 2215))
Widget(resource-id: com.simplemobiletools.filemanager.pro:id/tab_item_label, text: Files, class: android.widget.TextView, position: (153, 2215, 206, 2277))
Widget(resource-id: com.simplemobiletools.filemanager.pro:id/tab_item_holder, class: android.widget.LinearLayout, position: (493, 2141, 587, 2277))
Widget(resource-id: com.simplemobiletools.filemanager.pro:id/tab_item_icon, class: android.widget.ImageView, position: (503, 2141, 577, 2215))
Widget(resource-id: com.simplemobiletools.filemanager.pro:id/tab_item_label, text: Recents, class: android.widget.TextView, position: (493, 2215, 587, 2277))
Widget(text: Storage, class: android.widget.LinearLayout, position: (720, 2109, 1080, 2277))
Widget(resource-id: com.simplemobiletools.filemanager.pro:id/tab_item_holder, class: android.widget.LinearLayout, position: (854, 2141, 945, 2277))
Widget(resource-id: com.simplemobiletools.filemanager.pro:id/tab_item_icon, class: android.widget.ImageView, position: (862, 2141, 936, 2215))
Widget(resource-id: com.simplemobiletools.filemanager.pro:id/tab_item_label, text: Storage, class: android.widget.TextView, position: (854, 2215, 945, 2277))


        I would like to know which activity/fragment we are currently on.
        Please respond in the following JSON format:
        {
        "activity_or_fragment": "TestActivity",
        }
        or 
        {
        "activity_or_fragment": "TestFragment",
        }
        If can not determine the activity/fragment,just output{
        "activity_or_fragment": "Unknown"
        }
        Do not output anything else except json format result.
        
2025-01-18 19:55:25,636 - INFO - ------answer------
2025-01-18 19:55:25,637 - INFO - ```json
{
  "activity_or_fragment": "Unknown"
}
```
2025-01-18 19:55:38,867 - INFO - ------query_instructions------
2025-01-18 19:55:38,869 - INFO - ```json
{
    "task": "open Screenshot_20250117-103100.png with gallery, Always open with gallery",
    "activities_sequence": [
        {
            "activity": "SplashActivity",
            "steps": [
                "1. The app starts and checks if the intent action is ACTION_VIEW and if the intent data is not null.",
                "2. If both conditions are met, it starts MainActivity with the same action and data."
            ]
        },
        {
            "activity": "MainActivity",
            "steps": [
                "3. The MainActivity receives the intent and checks if the data scheme is 'file'.",
                "4. If the data scheme is 'file', it opens the path directly.",
                "5. If the path is not a directory, it attempts to open the path with an intent.",
                "6. The app will prompt the user to select an app to open the file with.",
                "7. The user selects 'Gallery' and chooses 'Always' to set it as the default app for opening such files."
            ]
        }
    ],
    "explanation": "because the MainActivity handles the intent to open files and allows the user to select an app to open the file with, including setting a default app for future actions."
}
```
