2025-01-17 23:15:06,368 - INFO - This is a event:0
2025-01-17 23:15:31,072 - INFO - -----query_current_activity start query------
2025-01-17 23:15:31,078 - INFO - To enable delivery reports in the SMS Messenger app, you need to focus on the `SettingsActivity` and the corresponding layout file `R.layout.activity_settings`. Specifically, you need to locate the `settings_enable_delivery_reports` checkbox, which is already present in the layout.

Here¡¯s how you can proceed:

### 1. **Locate the `settings_enable_delivery_reports` Checkbox**
In the `R.layout.activity_settings` layout, you have the following element:

```xml
<RelativeLayout
    id="@+id/settings_enable_delivery_reports_holder"
    style="@style/SettingsHolderCheckboxStyle">
    <com.simplemobiletools.commons.views.MyAppCompatCheckbox
        id="@+id/settings_enable_delivery_reports"
        style="@style/SettingsCheckboxStyle"
        text="@string/enable_delivery_reports" />
</RelativeLayout>
```

This checkbox is already defined in the layout, so you don¡¯t need to add it. You just need to ensure that it is properly handled in the `SettingsActivity` code.

### 2. **Handle the Checkbox in `SettingsActivity`**
In the `SettingsActivity` class, you need to:

- **Initialize the Checkbox**: Find the checkbox by its ID and initialize it.
- **Set a Listener**: Add a listener to handle the checkbox state changes.
- **Save the Preference**: Save the checkbox state to SharedPreferences or another persistent storage mechanism.

Here¡¯s an example of how you might implement this:

```kotlin
class SettingsActivity : AppCompatActivity() {

    private lateinit var enableDeliveryReportsCheckbox: MyAppCompatCheckbox

    override fun onCreate(savedInstanceState: Bundle?) {
        super.onCreate(savedInstanceState)
        setContentView(R.layout.activity_settings)

        // Initialize the checkbox
        enableDeliveryReportsCheckbox = findViewById(R.id.settings_enable_delivery_reports)

        // Load the current preference
        val sharedPreferences = getSharedPreferences("sms_messenger_prefs", MODE_PRIVATE)
        val isDeliveryReportsEnabled = sharedPreferences.getBoolean("enable_delivery_reports", false)
        enableDeliveryReportsCheckbox.isChecked = isDeliveryReportsEnabled

        // Set a listener to handle changes
        enableDeliveryReportsCheckbox.setOnCheckedChangeListener { _, isChecked ->
            sharedPreferences.edit().putBoolean("enable_delivery_reports", isChecked).apply()
            // Optionally, you can trigger some action when the setting is changed
            if (isChecked) {
                // Enable delivery reports
            } else {
                // Disable delivery reports
            }
        }
    }
}
```

### 3. **Use the Preference in the SMS Sending Logic**
In the part of your app where SMS messages are sent, you need to check the value of the `enable_delivery_reports` preference and act accordingly. For example, if you are using the `SmsManager` API, you can enable delivery reports like this:

```kotlin
val smsManager = SmsManager.getDefault()
val sharedPreferences = getSharedPreferences("sms_messenger_prefs", MODE_PRIVATE)
val isDeliveryReportsEnabled = sharedPreferences.getBoolean("enable_delivery_reports", false)

val sentIntent = PendingIntent.getBroadcast(this, 0, Intent("SMS_SENT"), 0)
val deliveredIntent = if (isDeliveryReportsEnabled) {
    PendingIntent.getBroadcast(this, 0, Intent("SMS_DELIVERED"), 0)
} else {
    null
}

smsManager.sendTextMessage(phoneNumber, null, message, sentIntent, deliveredIntent)
```

### 4. **Update the UI if Necessary**
If enabling/disabling delivery reports affects the UI (e.g., showing a status message), make sure to update the UI accordingly in the `SettingsActivity` or wherever the setting is changed.

### 5. **Testing**
Finally, test the feature thoroughly to ensure that:

- The checkbox state is correctly saved and restored.
- Delivery reports are properly enabled/disabled based on the setting.
- The app behaves as expected when the setting is changed.

### Summary
- The `settings_enable_delivery_reports` checkbox is already present in the layout.
- You need to handle this checkbox in the `SettingsActivity` to save and load its state.
- Use the saved preference in the SMS sending logic to enable or disable delivery reports.
- Test the feature to ensure it works as expected.

This should allow you to successfully enable delivery reports in the SMS Messenger app.

 Here is the information about the screen we are currently on.
Widget(resource-id: com.simplemobiletools.smsmessenger:id/action_bar_root, class: android.widget.FrameLayout, position: (0, 0, 1080, 2277))
Widget(resource-id: com.simplemobiletools.smsmessenger:id/main_coordinator, class: android.widget.ScrollView, position: (0, 74, 1080, 2277))
Widget(resource-id: com.simplemobiletools.smsmessenger:id/main_menu, class: android.widget.LinearLayout, position: (0, 74, 1080, 242))
Widget(resource-id: com.simplemobiletools.smsmessenger:id/top_app_bar_layout, class: android.widget.LinearLayout, position: (42, 74, 1038, 242))
Widget(resource-id: com.simplemobiletools.smsmessenger:id/top_toolbar_holder, class: android.widget.RelativeLayout, position: (42, 95, 1038, 221))
Widget(resource-id: com.simplemobiletools.smsmessenger:id/top_toolbar_search_icon, content-desc: Search, class: android.widget.ImageView, position: (42, 95, 147, 221))
Widget(resource-id: com.simplemobiletools.smsmessenger:id/top_toolbar_search, text: Search, class: android.widget.EditText, position: (147, 95, 626, 221))
Widget(resource-id: com.simplemobiletools.smsmessenger:id/top_toolbar, class: android.view.ViewGroup, position: (626, 95, 1027, 221))
Widget(resource-id: com.simplemobiletools.smsmessenger:id/settings, content-desc: Settings, class: android.widget.Button, position: (668, 95, 795, 221))
Widget(resource-id: com.simplemobiletools.smsmessenger:id/about, content-desc: About, class: android.widget.Button, position: (795, 95, 922, 221))
Widget(content-desc: More options, class: android.widget.ImageView, position: (922, 95, 1027, 221))
Widget(resource-id: com.simplemobiletools.smsmessenger:id/main_nested_scrollview, class: android.widget.RelativeLayout, position: (0, 242, 1080, 2277))
Widget(resource-id: com.simplemobiletools.smsmessenger:id/main_coordinator_wrapper, class: android.view.ViewGroup, position: (0, 242, 1080, 2277))
Widget(resource-id: com.simplemobiletools.smsmessenger:id/main_holder, class: android.widget.RelativeLayout, position: (0, 242, 1080, 2277))
Widget(resource-id: com.simplemobiletools.smsmessenger:id/conversations_fastscroller, class: android.widget.RelativeLayout, position: (0, 242, 1080, 2277))
Widget(resource-id: com.simplemobiletools.smsmessenger:id/conversations_list, class: androidx.recyclerview.widget.RecyclerView, position: (0, 242, 1080, 2277))
Widget(resource-id: com.simplemobiletools.smsmessenger:id/conversation_frame, text: Alice, class: android.widget.FrameLayout, position: (0, 242, 1080, 496))
Widget(resource-id: com.simplemobiletools.smsmessenger:id/conversation_holder, class: android.widget.RelativeLayout, position: (0, 242, 1080, 496))
Widget(resource-id: com.simplemobiletools.smsmessenger:id/conversation_image, class: android.widget.ImageView, position: (43, 284, 169, 454))
Widget(resource-id: com.simplemobiletools.smsmessenger:id/pin_indicator_l, class: android.widget.RelativeLayout, position: (43, 284, 169, 454))
Widget(resource-id: com.simplemobiletools.smsmessenger:id/conversation_address, text: Alice, class: android.widget.TextView, position: (201, 284, 1048, 352))
Widget(resource-id: com.simplemobiletools.smsmessenger:id/draft_indicator, text: Draft, class: android.widget.TextView, position: (201, 352, 292, 403))
Widget(resource-id: com.simplemobiletools.smsmessenger:id/conversation_body_short, text: I-love-youI-love-you, class: android.widget.TextView, position: (292, 352, 1048, 403))
Widget(resource-id: com.simplemobiletools.smsmessenger:id/conversation_date, text: 02:31 PM, class: android.widget.TextView, position: (201, 408, 1048, 454))
Widget(resource-id: com.simplemobiletools.smsmessenger:id/conversation_frame, text: Bob, class: android.widget.FrameLayout, position: (0, 501, 1080, 755))
Widget(resource-id: com.simplemobiletools.smsmessenger:id/conversation_holder, class: android.widget.RelativeLayout, position: (0, 501, 1080, 755))
Widget(resource-id: com.simplemobiletools.smsmessenger:id/conversation_image, class: android.widget.ImageView, position: (43, 543, 169, 713))
Widget(resource-id: com.simplemobiletools.smsmessenger:id/pin_indicator_l, class: android.widget.RelativeLayout, position: (43, 543, 169, 713))
Widget(resource-id: com.simplemobiletools.smsmessenger:id/conversation_address, text: Bob, class: android.widget.TextView, position: (201, 543, 1048, 611))
Widget(resource-id: com.simplemobiletools.smsmessenger:id/conversation_body_short, text: Eee, class: android.widget.TextView, position: (201, 611, 1048, 662))
Widget(resource-id: com.simplemobiletools.smsmessenger:id/conversation_date, text: 11:29 AM, class: android.widget.TextView, position: (201, 667, 1048, 713))
Widget(resource-id: com.simplemobiletools.smsmessenger:id/trackView, class: android.widget.LinearLayout, position: (1012, 242, 1080, 2277))
Widget(resource-id: com.simplemobiletools.smsmessenger:id/conversations_fab, class: android.widget.ImageButton, position: (891, 2088, 1038, 2235))
Widget(content-desc: ATX notification: UIAutomator, class: android.widget.ImageView, position: (107, 1, 165, 74))
Widget(content-desc: Android System notification: , class: android.widget.ImageView, position: (165, 1, 223, 74))


        I would like to know which activity/fragment we are currently on.
        Please respond in the following JSON format:
        {
        "activity_or_fragment": "TestActivity",
        }
        or 
        {
        "activity_or_fragment": "TestFragment",
        }
        If can not determine the activity/fragment,just output{
        "activity_or_fragment": "Unknown"
        }
        Do not output anything else except json format result.
        
2025-01-17 23:15:33,113 - INFO - ------answer------
2025-01-17 23:15:33,113 - INFO - ```json
{
"activity_or_fragment": "Unknown"
}
```
2025-01-17 23:15:50,655 - INFO - ------query_instructions------
2025-01-17 23:15:50,655 - INFO - ```json
{
    "task": "Enable delivery reports",
    "activities_sequence": [
        {
            "activity": "MainActivity",
            "steps": [
                "1. Open the app and navigate to the main screen."
            ]
        },
        {
            "activity": "SettingsActivity",
            "steps": [
                "2. Tap on the 'Settings' option in the menu.",
                "3. Scroll down to the 'Outgoing Messages' section.",
                "4. Find the 'Enable Delivery Reports' option.",
                "5. Toggle the checkbox next to 'Enable Delivery Reports' to enable it."
            ]
        }
    ],
    "explanation": "because the 'Enable Delivery Reports' option is located in the SettingsActivity under the 'Outgoing Messages' section, where the user can toggle the setting to enable delivery reports."
}
```
