2025-01-17 11:50:28,395 - INFO - This is a event:0
2025-01-17 11:50:51,065 - INFO - -----query_current_activity start query------
2025-01-17 11:50:51,067 - INFO - To achieve the task of switching custom colors to light and saving it, you need to focus on the `SettingsActivity` and the `CustomizationActivity`. The `SettingsActivity` contains a section for color customization, and the `CustomizationActivity` (which comes from a third-party library) is likely responsible for handling the color customization logic.

### Steps to Implement the Task:

1. **Identify the Color Customization Section in `SettingsActivity`:**
   - In the `SettingsActivity` layout (`R.layout.activity_settings`), there is a section labeled "Color Customization" with a label `@string/color_customization` and a button labeled `@string/customize_colors`.
   - The button with ID `@+id/settings_color_customization_label` is likely the entry point to the color customization screen.

2. **Navigate to the `CustomizationActivity`:**
   - When the user clicks on the "Customize Colors" button, it should open the `CustomizationActivity`. This activity is responsible for allowing the user to customize the app's colors.

3. **Modify the `CustomizationActivity` to Switch to Light Colors:**
   - Since `CustomizationActivity` is from a third-party library, you may need to extend or modify it to add functionality for switching to light colors.
   - You can add a new option or button in the `CustomizationActivity` to switch to a light color scheme.

4. **Implement the Logic to Switch to Light Colors:**
   - In the `CustomizationActivity`, you need to implement the logic to switch the app's color scheme to light. This involves:
     - Changing the primary, secondary, and background colors to lighter shades.
     - Updating the theme of the app to use the light color scheme.
     - Saving the selected color scheme preference (e.g., using `SharedPreferences`).

5. **Save the Light Color Scheme:**
   - After switching to the light color scheme, save the user's preference so that the app retains the light theme even after restarting.
   - You can use `SharedPreferences` to store the selected color scheme.

6. **Apply the Light Color Scheme Across the App:**
   - Ensure that the light color scheme is applied consistently across all activities and views in the app.
   - You may need to update the theme in the `styles.xml` file and apply it programmatically in the activities.

### Example Code Snippets:

#### 1. **Navigate to `CustomizationActivity` from `SettingsActivity`:**
```java
View colorCustomizationButton = findViewById(R.id.settings_color_customization_label);
colorCustomizationButton.setOnClickListener(v -> {
    Intent intent = new Intent(SettingsActivity.this, CustomizationActivity.class);
    startActivity(intent);
});
```

#### 2. **Add a Button to Switch to Light Colors in `CustomizationActivity`:**
```java
Button lightColorButton = findViewById(R.id.light_color_button);
lightColorButton.setOnClickListener(v -> {
    switchToLightColors();
    saveColorSchemePreference("light");
});
```

#### 3. **Implement `switchToLightColors()` Method:**
```java
private void switchToLightColors() {
    // Update the app's theme to use light colors
    setTheme(R.style.AppTheme_Light);

    // Update specific colors if needed
    int lightPrimaryColor = ContextCompat.getColor(this, R.color.light_primary);
    int lightBackgroundColor = ContextCompat.getColor(this, R.color.light_background);

    // Apply the colors to views
    View mainView = findViewById(R.id.main_coordinator);
    mainView.setBackgroundColor(lightBackgroundColor);

    // You may need to update other views as well
}
```

#### 4. **Save the Color Scheme Preference:**
```java
private void saveColorSchemePreference(String scheme) {
    SharedPreferences preferences = getSharedPreferences("AppPreferences", MODE_PRIVATE);
    SharedPreferences.Editor editor = preferences.edit();
    editor.putString("color_scheme", scheme);
    editor.apply();
}
```

#### 5. **Apply the Saved Color Scheme on App Launch:**
```java
@Override
protected void onCreate(Bundle savedInstanceState) {
    SharedPreferences preferences = getSharedPreferences("AppPreferences", MODE_PRIVATE);
    String colorScheme = preferences.getString("color_scheme", "dark");

    if (colorScheme.equals("light")) {
        setTheme(R.style.AppTheme_Light);
    } else {
        setTheme(R.style.AppTheme_Dark);
    }

    super.onCreate(savedInstanceState);
    setContentView(R.layout.activity_main);

    // Apply the color scheme to views
    applyColorScheme(colorScheme);
}
```

### Conclusion:
By following these steps, you can implement the functionality to switch custom colors to light and save the preference. The key is to modify the `CustomizationActivity` to handle the light color scheme and ensure that the preference is saved and applied consistently across the app.

 Here is the information about the screen we are currently on.
Widget(resource-id: com.simplemobiletools.dialer:id/action_bar_root, class: android.widget.FrameLayout, position: (0, 74, 1080, 2277))
Widget(resource-id: com.simplemobiletools.dialer:id/main_coordinator, class: android.view.ViewGroup, position: (0, 74, 1080, 2277))
Widget(resource-id: com.simplemobiletools.dialer:id/main_menu, class: android.widget.LinearLayout, position: (0, 74, 1080, 242))
Widget(resource-id: com.simplemobiletools.dialer:id/top_app_bar_layout, class: android.widget.LinearLayout, position: (42, 74, 1038, 242))
Widget(resource-id: com.simplemobiletools.dialer:id/top_toolbar_holder, class: android.widget.RelativeLayout, position: (42, 95, 1038, 221))
Widget(resource-id: com.simplemobiletools.dialer:id/top_toolbar_search_icon, content-desc: Search, class: android.widget.ImageView, position: (42, 95, 147, 221))
Widget(resource-id: com.simplemobiletools.dialer:id/top_toolbar_search, text: Search, class: android.widget.EditText, position: (147, 95, 499, 221))
Widget(resource-id: com.simplemobiletools.dialer:id/top_toolbar, class: android.view.ViewGroup, position: (499, 95, 1027, 221))
Widget(resource-id: com.simplemobiletools.dialer:id/sort, content-desc: Sort by, class: android.widget.Button, position: (541, 95, 668, 221))
Widget(resource-id: com.simplemobiletools.dialer:id/filter, content-desc: Filter, class: android.widget.Button, position: (668, 95, 795, 221))
Widget(resource-id: com.simplemobiletools.dialer:id/create_new_contact, content-desc: Create new contact, class: android.widget.Button, position: (795, 95, 922, 221))
Widget(content-desc: More options, class: android.widget.ImageView, position: (922, 95, 1027, 221))
Widget(resource-id: com.simplemobiletools.dialer:id/main_holder, class: android.view.ViewGroup, position: (0, 242, 1080, 2277))
Widget(resource-id: com.simplemobiletools.dialer:id/view_pager, class: r4.i, position: (0, 242, 1080, 2109))
Widget(resource-id: com.simplemobiletools.dialer:id/contacts_fragment, class: android.widget.RelativeLayout, position: (0, 242, 1080, 2109))
Widget(resource-id: com.simplemobiletools.dialer:id/fragment_wrapper, class: android.widget.RelativeLayout, position: (0, 242, 1080, 2109))
Widget(resource-id: com.simplemobiletools.dialer:id/fragment_list, class: androidx.recyclerview.widget.RecyclerView, position: (0, 242, 1080, 2109))
Widget(resource-id: com.simplemobiletools.dialer:id/item_contact_frame, text: 12345678900, class: android.view.ViewGroup, position: (0, 242, 1080, 410))
Widget(resource-id: com.simplemobiletools.dialer:id/item_contact_image, class: android.widget.ImageView, position: (43, 263, 169, 389))
Widget(resource-id: com.simplemobiletools.dialer:id/item_contact_name, text: 12345678900, class: android.widget.TextView, position: (169, 298, 1048, 355))
Widget(resource-id: com.simplemobiletools.dialer:id/item_contact_frame, text: 12345678900123123456789001234567890045678900, class: android.view.ViewGroup, position: (0, 415, 1080, 583))
Widget(resource-id: com.simplemobiletools.dialer:id/item_contact_image, class: android.widget.ImageView, position: (43, 436, 169, 562))
Widget(resource-id: com.simplemobiletools.dialer:id/item_contact_name, text: 12345678900123123456789001234567890045678900, class: android.widget.TextView, position: (169, 471, 1048, 528))
Widget(resource-id: com.simplemobiletools.dialer:id/letter_fastscroller_thumb, class: android.view.ViewGroup, position: (807, 242, 954, 431))
Widget(resource-id: com.simplemobiletools.dialer:id/letter_fastscroller, text: 1, class: android.widget.LinearLayout, position: (996, 242, 1080, 431))
Widget(text: 1, class: android.widget.TextView, position: (996, 305, 1080, 368))
Widget(resource-id: com.simplemobiletools.dialer:id/main_dialpad_button, content-desc: Dialpad, class: android.widget.ImageButton, position: (880, 1920, 1027, 2067))
Widget(resource-id: com.simplemobiletools.dialer:id/main_tabs_holder, class: android.widget.HorizontalScrollView, position: (0, 2109, 1080, 2277))
Widget(resource-id: com.simplemobiletools.dialer:id/tab_item_holder, class: android.widget.LinearLayout, position: (127, 2141, 232, 2277))
Widget(resource-id: com.simplemobiletools.dialer:id/tab_item_icon, class: android.widget.ImageView, position: (142, 2141, 216, 2215))
Widget(resource-id: com.simplemobiletools.dialer:id/tab_item_label, text: Contacts, class: android.widget.TextView, position: (127, 2215, 232, 2277))
Widget(text: Favorites, class: android.widget.LinearLayout, position: (360, 2109, 720, 2277))
Widget(resource-id: com.simplemobiletools.dialer:id/tab_item_holder, class: android.widget.LinearLayout, position: (486, 2141, 593, 2277))
Widget(resource-id: com.simplemobiletools.dialer:id/tab_item_icon, class: android.widget.ImageView, position: (502, 2141, 576, 2215))
Widget(resource-id: com.simplemobiletools.dialer:id/tab_item_label, text: Favorites, class: android.widget.TextView, position: (486, 2215, 593, 2277))
Widget(text: Call History, class: android.widget.LinearLayout, position: (720, 2109, 1080, 2277))
Widget(resource-id: com.simplemobiletools.dialer:id/tab_item_holder, class: android.widget.LinearLayout, position: (834, 2141, 966, 2277))
Widget(resource-id: com.simplemobiletools.dialer:id/tab_item_icon, class: android.widget.ImageView, position: (863, 2141, 937, 2215))
Widget(resource-id: com.simplemobiletools.dialer:id/tab_item_label, text: Call History, class: android.widget.TextView, position: (834, 2215, 966, 2277))
Widget(content-desc: Speakerphone enabled., class: android.widget.ImageView, position: (819, 8, 866, 66))


        I would like to know which activity/fragment we are currently on.
        Please respond in the following JSON format:
        {
        "activity_or_fragment": "TestActivity",
        }
        or 
        {
        "activity_or_fragment": "TestFragment",
        }
        If can not determine the activity/fragment,just output{
        "activity_or_fragment": "Unknown"
        }
        Do not output anything else except json format result.
        
2025-01-17 11:50:52,888 - INFO - ------answer------
2025-01-17 11:50:52,888 - INFO - ```json
{
"activity_or_fragment": "Unknown"
}
```
2025-01-17 11:51:08,747 - INFO - ------query_instructions------
2025-01-17 11:51:08,747 - INFO - ```json
{
    "task": "Switch custom colors to light and save it",
    "activities_sequence": [
        {
            "activity": "MainActivity",
            "steps": [
                "1. Open the app and navigate to the MainActivity.",
                "2. Access the settings menu by clicking on the settings icon."
            ]
        },
        {
            "activity": "SettingsActivity",
            "steps": [
                "3. Scroll to the 'Color Customization' section.",
                "4. Click on the 'Customize Colors' option.",
                "5. Select the 'Light' theme from the available color options.",
                "6. Save the changes by clicking the 'Save' button."
            ]
        }
    ],
    "explanation": "because the SettingsActivity allows users to customize and save color themes, including switching to a light theme."
}
```
