2025-01-16 20:52:08,059 - INFO - This is a event:0
2025-01-16 20:52:22,315 - INFO - -----query_current_activity start query------
2025-01-16 20:52:22,317 - INFO - To achieve the target task of "set extension to mp3" in the given app, you should focus on the activities that are most likely to handle recording settings or file configurations. Based on the list of activities provided, the most relevant activities are:

1. **`com.simplemobiletools.voicerecorder.activities.MainActivity`**  
   This is likely the main screen of the app where recordings are managed. It might include options for configuring recording formats or extensions.

2. **`com.simplemobiletools.voicerecorder.activities.SettingsActivity`**  
   This activity is specifically for app settings, where you would expect to find options for configuring file extensions, such as setting the recording format to MP3.

3. **`com.simplemobiletools.voicerecorder.activities.CustomizationActivity`**  
   Although this activity comes from a third-party library, it might still include options for customizing the app's behavior, including file formats.

### Steps to Implement the Task:
1. **Analyze `SettingsActivity`**  
   Look for code related to file format settings. There might be a preference or configuration option to set the recording extension to MP3. Check for methods or UI elements that allow users to select the file format.

2. **Analyze `MainActivity`**  
   Check if there are any recording-related methods or UI elements that allow users to configure the recording format. This might include a dialog or menu option to set the extension.

3. **Analyze `CustomizationActivity`**  
   If the app allows customization of recording formats, this activity might include relevant settings. Look for code that handles file extensions or recording formats.

4. **Check for File Extension Logic**  
   Search the codebase for references to file extensions (e.g., `.mp3`, `.wav`, etc.). The logic for setting the extension might be in a utility class or a method that handles file creation.

5. **Modify the Code**  
   If the app currently uses a different file extension (e.g., `.wav`), locate the relevant code and change it to use `.mp3`. Ensure that the app supports MP3 encoding and that the necessary libraries are included.

### Example Code Snippet:
If you find a method that sets the file extension, it might look something like this:
```java
public void setFileExtension(String extension) {
    this.fileExtension = extension; // e.g., ".mp3"
}
```
You would modify this to ensure the extension is always set to `.mp3`.

### Testing:
After making changes, test the app to ensure that recordings are saved with the `.mp3` extension and that the app functions correctly.

Let me know if you need further assistance!

 Here is the information about the screen we are currently on.
Widget(content-desc: ATX notification: UIAutomator, class: android.widget.ImageView, position: (128, 1, 186, 74))
Widget(content-desc: Android System notification: , class: android.widget.ImageView, position: (186, 1, 244, 74))
Widget(resource-id: com.simplemobiletools.voicerecorder:id/action_bar_root, class: android.widget.FrameLayout, position: (0, 74, 1080, 2277))
Widget(resource-id: com.simplemobiletools.voicerecorder:id/main_coordinator, class: android.view.ViewGroup, position: (0, 74, 1080, 2277))
Widget(resource-id: com.simplemobiletools.voicerecorder:id/main_menu, class: android.widget.LinearLayout, position: (0, 74, 1080, 242))
Widget(resource-id: com.simplemobiletools.voicerecorder:id/top_app_bar_layout, class: android.widget.LinearLayout, position: (42, 74, 1038, 242))
Widget(resource-id: com.simplemobiletools.voicerecorder:id/top_toolbar_holder, class: android.widget.RelativeLayout, position: (42, 95, 1038, 221))
Widget(resource-id: com.simplemobiletools.voicerecorder:id/top_toolbar_search_icon, content-desc: Search, class: android.widget.ImageView, position: (42, 95, 147, 221))
Widget(resource-id: com.simplemobiletools.voicerecorder:id/top_toolbar_search, text: Search, class: android.widget.EditText, position: (147, 95, 731, 221))
Widget(resource-id: com.simplemobiletools.voicerecorder:id/top_toolbar, class: android.view.ViewGroup, position: (731, 95, 1027, 221))
Widget(resource-id: com.simplemobiletools.voicerecorder:id/settings, content-desc: Settings, class: android.widget.Button, position: (773, 95, 900, 221))
Widget(resource-id: com.simplemobiletools.voicerecorder:id/about, content-desc: About, class: android.widget.Button, position: (900, 95, 1027, 221))
Widget(resource-id: com.simplemobiletools.voicerecorder:id/main_holder, class: android.widget.RelativeLayout, position: (0, 242, 1080, 2277))
Widget(resource-id: com.simplemobiletools.voicerecorder:id/view_pager, class: f4.i, position: (0, 242, 1080, 2109))
Widget(resource-id: com.simplemobiletools.voicerecorder:id/trash_holder, class: android.view.ViewGroup, position: (0, 242, 1080, 2109))
Widget(resource-id: com.simplemobiletools.voicerecorder:id/trash_fastscroller, class: android.widget.RelativeLayout, position: (0, 242, 1080, 2109))
Widget(resource-id: com.simplemobiletools.voicerecorder:id/trash_list, class: androidx.recyclerview.widget.RecyclerView, position: (0, 242, 1080, 2109))
Widget(resource-id: com.simplemobiletools.voicerecorder:id/recording_frame, text: test1.mp3, class: android.widget.FrameLayout, position: (0, 242, 1080, 411))
Widget(resource-id: com.simplemobiletools.voicerecorder:id/item_holder, class: android.view.ViewGroup, position: (0, 242, 1080, 411))
Widget(resource-id: com.simplemobiletools.voicerecorder:id/recording_title, text: test1.mp3, class: android.widget.TextView, position: (42, 274, 840, 329))
Widget(resource-id: com.simplemobiletools.voicerecorder:id/recording_duration, text: 00:13, class: android.widget.TextView, position: (840, 276, 933, 327))
Widget(resource-id: com.simplemobiletools.voicerecorder:id/recording_date, text: 19.12.2024, 03:08 AM, class: android.widget.TextView, position: (42, 329, 788, 380))
Widget(resource-id: com.simplemobiletools.voicerecorder:id/recording_size, text: 157.3 kB, class: android.widget.TextView, position: (788, 329, 933, 380))
Widget(resource-id: com.simplemobiletools.voicerecorder:id/overflow_menu_icon, class: android.widget.ImageView, position: (933, 263, 1080, 390))
Widget(resource-id: com.simplemobiletools.voicerecorder:id/trackView, class: android.widget.LinearLayout, position: (1012, 242, 1080, 2109))
Widget(resource-id: com.simplemobiletools.voicerecorder:id/main_tabs_holder, class: android.widget.HorizontalScrollView, position: (0, 2109, 1080, 2277))
Widget(text: Recorder, class: android.widget.LinearLayout, position: (0, 2109, 360, 2277))
Widget(resource-id: com.simplemobiletools.voicerecorder:id/tab_item_holder, class: android.widget.LinearLayout, position: (127, 2141, 233, 2277))
Widget(resource-id: com.simplemobiletools.voicerecorder:id/tab_item_icon, class: android.widget.ImageView, position: (143, 2141, 217, 2215))
Widget(resource-id: com.simplemobiletools.voicerecorder:id/tab_item_label, text: Recorder, class: android.widget.TextView, position: (127, 2215, 233, 2277))
Widget(text: Player, class: android.widget.LinearLayout, position: (360, 2109, 720, 2277))
Widget(resource-id: com.simplemobiletools.voicerecorder:id/tab_item_holder, class: android.widget.LinearLayout, position: (503, 2141, 577, 2277))
Widget(resource-id: com.simplemobiletools.voicerecorder:id/tab_item_icon, class: android.widget.ImageView, position: (503, 2141, 577, 2215))
Widget(resource-id: com.simplemobiletools.voicerecorder:id/tab_item_label, text: Player, class: android.widget.TextView, position: (504, 2215, 575, 2277))
Widget(resource-id: com.simplemobiletools.voicerecorder:id/tab_item_holder, class: android.widget.LinearLayout, position: (834, 2141, 966, 2277))
Widget(resource-id: com.simplemobiletools.voicerecorder:id/tab_item_icon, class: android.widget.ImageView, position: (863, 2141, 937, 2215))
Widget(resource-id: com.simplemobiletools.voicerecorder:id/tab_item_label, text: Recycle Bin, class: android.widget.TextView, position: (834, 2215, 966, 2277))


        I would like to know which activity/fragment we are currently on.
        Please respond in the following JSON format:
        {
        "activity_or_fragment": "TestActivity",
        }
        or 
        {
        "activity_or_fragment": "TestFragment",
        }
        If can not determine the activity/fragment,just output{
        "activity_or_fragment": "Unknown"
        }
        Do not output anything else except json format result.
        
2025-01-16 20:52:24,108 - INFO - ------answer------
2025-01-16 20:52:24,108 - INFO - ```json
{
  "activity_or_fragment": "MainActivity"
}
```
2025-01-16 20:52:31,511 - INFO - ------query_instructions------
2025-01-16 20:52:31,511 - INFO - ```json
{
    "task": "set extension to mp3",
    "activities_sequence": [
        {
            "activity": "SplashActivity",
            "steps": [
                "1. The app starts and automatically transitions from SplashActivity to MainActivity."
            ]
        },
        {
            "activity": "MainActivity",
            "steps": [
                "2. Open the options menu by clicking on the menu icon in the toolbar.",
                "3. Select 'Settings' from the menu to launch the SettingsActivity."
            ]
        },
        {
            "activity": "SettingsActivity",
            "steps": [
                "4. Scroll down to the 'File Extension' section.",
                "5. Click on the 'File Extension' holder to open the file extension selection dialog.",
                "6. Select 'MP3' from the list of available file extensions.",
                "7. Confirm the selection to update the file extension setting to MP3."
            ]
        }
    ],
    "explanation": "because the SettingsActivity contains the functionality to change the file extension, including setting it to MP3."
}
```
