2025-01-16 23:57:54,930 - INFO - This is a event:0
2025-01-16 23:58:15,010 - INFO - -----query_current_activity start query------
2025-01-16 23:58:15,013 - INFO - To achieve the task of "Open dialpad and call 911" in the given app, we need to analyze the available activities and their layouts to determine the steps required to interact with the dialpad and initiate a call.

### Step-by-Step Analysis:

1. **Identify the Main Activity:**
   - The `MainActivity` (`com.simplemobiletools.contacts.pro.activities.MainActivity`) is the primary activity where the user interacts with the app. This activity contains the dialpad button.

2. **Locate the Dialpad Button:**
   - In the `MainActivity` layout (`R.layout.activity_main`), there is an `ImageView` with the ID `@+id/main_dialpad_button`. This button is likely used to open the dialpad.
     ```xml
     <ImageView
         android:id="@+id/main_dialpad_button"
         android:layout_marginBottom="@dimen/activity_margin"
         android:contentDescription="@string/dialpad"
         android:elevation="@dimen/medium_margin"
         android:layout_constraintBottom_toTopOf="@+id/main_tabs_holder"
         android:layout_constraintEnd_toEndOf="parent"
         android:layout_constraintStart_toStartOf="parent" />
     ```

3. **Simulate Click on Dialpad Button:**
   - To open the dialpad, we need to simulate a click on the `main_dialpad_button`. This can be done programmatically by finding the button using its ID and then performing a click action.
     ```java
     ImageView dialpadButton = findViewById(R.id.main_dialpad_button);
     dialpadButton.performClick();
     ```

4. **Enter the Number 911:**
   - After opening the dialpad, we need to enter the number `911`. This would typically involve interacting with the dialpad's input fields. However, the provided layout does not show the dialpad's input fields, so we assume that the dialpad is a standard Android dialpad or a custom implementation within the app.

5. **Initiate the Call:**
   - Once the number `911` is entered, the call can be initiated by clicking the call button. Again, the layout does not show the call button, but it is typically represented by an icon (e.g., a phone receiver icon).

### Implementation Steps:

1. **Open the Dialpad:**
   - Simulate a click on the `main_dialpad_button` to open the dialpad.
     ```java
     ImageView dialpadButton = findViewById(R.id.main_dialpad_button);
     dialpadButton.performClick();
     ```

2. **Enter the Number 911:**
   - If the dialpad is a standard Android dialpad, you can use the following code to enter the number `911`:
     ```java
     Intent intent = new Intent(Intent.ACTION_DIAL);
     intent.setData(Uri.parse("tel:911"));
     startActivity(intent);
     ```

3. **Initiate the Call:**
   - The above `ACTION_DIAL` intent will open the dialpad with the number `911` pre-filled. The user will need to manually press the call button to initiate the call.

### Summary:
- **Open Dialpad:** Simulate a click on the `main_dialpad_button` in `MainActivity`.
- **Enter Number 911:** Use an `ACTION_DIAL` intent to pre-fill the dialpad with `911`.
- **Initiate Call:** The user will need to manually press the call button.

### Full Code Example:
```java
// Open the dialpad
ImageView dialpadButton = findViewById(R.id.main_dialpad_button);
dialpadButton.performClick();

// Enter the number 911 and open the dialpad with the number pre-filled
Intent intent = new Intent(Intent.ACTION_DIAL);
intent.setData(Uri.parse("tel:911"));
startActivity(intent);
```

This code will open the dialpad and pre-fill it with `911`, allowing the user to initiate the call by pressing the call button. Note that the actual initiation of the call requires user interaction due to security and privacy restrictions on Android.

 Here is the information about the screen we are currently on.
Widget(resource-id: com.simplemobiletools.contacts.pro:id/action_bar_root, class: android.widget.FrameLayout, position: (0, 74, 1080, 2277))
Widget(resource-id: com.simplemobiletools.contacts.pro:id/main_coordinator, class: android.view.ViewGroup, position: (0, 74, 1080, 2277))
Widget(resource-id: com.simplemobiletools.contacts.pro:id/main_menu, class: android.widget.LinearLayout, position: (0, 74, 1080, 242))
Widget(resource-id: com.simplemobiletools.contacts.pro:id/top_app_bar_layout, class: android.widget.LinearLayout, position: (42, 74, 1038, 242))
Widget(resource-id: com.simplemobiletools.contacts.pro:id/top_toolbar_holder, class: android.widget.RelativeLayout, position: (42, 95, 1038, 221))
Widget(resource-id: com.simplemobiletools.contacts.pro:id/top_toolbar_search_icon, content-desc: Search, class: android.widget.ImageView, position: (42, 95, 147, 221))
Widget(resource-id: com.simplemobiletools.contacts.pro:id/top_toolbar_search, text: Search, class: android.widget.EditText, position: (147, 95, 626, 221))
Widget(resource-id: com.simplemobiletools.contacts.pro:id/top_toolbar, class: android.view.ViewGroup, position: (626, 95, 1027, 221))
Widget(resource-id: com.simplemobiletools.contacts.pro:id/sort, content-desc: Sort by, class: android.widget.Button, position: (668, 95, 795, 221))
Widget(resource-id: com.simplemobiletools.contacts.pro:id/filter, content-desc: Filter, class: android.widget.Button, position: (795, 95, 922, 221))
Widget(content-desc: More options, class: android.widget.ImageView, position: (922, 95, 1027, 221))
Widget(resource-id: com.simplemobiletools.contacts.pro:id/main_holder, class: android.view.ViewGroup, position: (0, 242, 1080, 2277))
Widget(resource-id: com.simplemobiletools.contacts.pro:id/view_pager, class: p4.i, position: (0, 242, 1080, 2109))
Widget(resource-id: com.simplemobiletools.contacts.pro:id/contacts_fragment, class: android.view.ViewGroup, position: (0, 242, 1080, 2109))
Widget(resource-id: com.simplemobiletools.contacts.pro:id/fragment_wrapper, class: android.widget.RelativeLayout, position: (0, 242, 1080, 2109))
Widget(resource-id: com.simplemobiletools.contacts.pro:id/fragment_list, class: androidx.recyclerview.widget.RecyclerView, position: (0, 242, 1080, 2109))
Widget(resource-id: com.simplemobiletools.contacts.pro:id/item_contact_frame, text: Alice, class: android.view.ViewGroup, position: (0, 242, 1080, 410))
Widget(resource-id: com.simplemobiletools.contacts.pro:id/item_contact_image, class: android.widget.ImageView, position: (43, 263, 169, 389))
Widget(resource-id: com.simplemobiletools.contacts.pro:id/item_contact_name, text: Alice, class: android.widget.TextView, position: (169, 298, 1048, 355))
Widget(resource-id: com.simplemobiletools.contacts.pro:id/item_contact_frame, text: Jack, class: android.view.ViewGroup, position: (0, 415, 1080, 583))
Widget(resource-id: com.simplemobiletools.contacts.pro:id/item_contact_image, class: android.widget.ImageView, position: (43, 436, 169, 562))
Widget(resource-id: com.simplemobiletools.contacts.pro:id/item_contact_name, text: Jack, class: android.widget.TextView, position: (169, 471, 1048, 528))
Widget(resource-id: com.simplemobiletools.contacts.pro:id/item_contact_frame, text: stephen.bob@example.com, class: android.view.ViewGroup, position: (0, 588, 1080, 756))
Widget(resource-id: com.simplemobiletools.contacts.pro:id/item_contact_image, class: android.widget.ImageView, position: (43, 609, 169, 735))
Widget(resource-id: com.simplemobiletools.contacts.pro:id/item_contact_name, text: stephen.bob@example.com, class: android.widget.TextView, position: (169, 644, 1048, 701))
Widget(resource-id: com.simplemobiletools.contacts.pro:id/item_contact_frame, text: 12345678900, class: android.view.ViewGroup, position: (0, 761, 1080, 929))
Widget(resource-id: com.simplemobiletools.contacts.pro:id/item_contact_image, class: android.widget.ImageView, position: (43, 782, 169, 908))
Widget(resource-id: com.simplemobiletools.contacts.pro:id/item_contact_name, text: 12345678900, class: android.widget.TextView, position: (169, 817, 1048, 874))
Widget(resource-id: com.simplemobiletools.contacts.pro:id/item_contact_frame, text: 12345678900123123456789001234567890045678900, class: android.view.ViewGroup, position: (0, 934, 1080, 1102))
Widget(resource-id: com.simplemobiletools.contacts.pro:id/item_contact_image, class: android.widget.ImageView, position: (43, 955, 169, 1081))
Widget(resource-id: com.simplemobiletools.contacts.pro:id/item_contact_name, text: 12345678900123123456789001234567890045678900, class: android.widget.TextView, position: (169, 990, 1048, 1047))
Widget(resource-id: com.simplemobiletools.contacts.pro:id/letter_fastscroller_thumb, class: android.view.ViewGroup, position: (807, 242, 954, 593))
Widget(resource-id: com.simplemobiletools.contacts.pro:id/letter_fastscroller, text: A
J
S
1, class: android.widget.LinearLayout, position: (996, 242, 1080, 593))
Widget(text: A
J
S
1, class: android.widget.TextView, position: (996, 305, 1080, 530))
Widget(resource-id: com.simplemobiletools.contacts.pro:id/fragment_fab, content-desc: Create new contact, class: android.widget.ImageButton, position: (891, 1920, 1038, 2067))
Widget(resource-id: com.simplemobiletools.contacts.pro:id/main_dialpad_button, content-desc: Dialpad, class: android.widget.ImageView, position: (461, 1909, 619, 2067))
Widget(resource-id: com.simplemobiletools.contacts.pro:id/main_tabs_holder, class: android.widget.HorizontalScrollView, position: (0, 2109, 1080, 2277))
Widget(resource-id: com.simplemobiletools.contacts.pro:id/tab_item_holder, class: android.widget.LinearLayout, position: (127, 2141, 232, 2277))
Widget(resource-id: com.simplemobiletools.contacts.pro:id/tab_item_icon, class: android.widget.ImageView, position: (142, 2141, 216, 2215))
Widget(resource-id: com.simplemobiletools.contacts.pro:id/tab_item_label, text: Contacts, class: android.widget.TextView, position: (127, 2215, 232, 2277))
Widget(text: Favorites, class: android.widget.LinearLayout, position: (360, 2109, 720, 2277))
Widget(resource-id: com.simplemobiletools.contacts.pro:id/tab_item_holder, class: android.widget.LinearLayout, position: (486, 2141, 593, 2277))
Widget(resource-id: com.simplemobiletools.contacts.pro:id/tab_item_icon, class: android.widget.ImageView, position: (502, 2141, 576, 2215))
Widget(resource-id: com.simplemobiletools.contacts.pro:id/tab_item_label, text: Favorites, class: android.widget.TextView, position: (486, 2215, 593, 2277))
Widget(text: Groups, class: android.widget.LinearLayout, position: (720, 2109, 1080, 2277))
Widget(resource-id: com.simplemobiletools.contacts.pro:id/tab_item_holder, class: android.widget.LinearLayout, position: (858, 2141, 942, 2277))
Widget(resource-id: com.simplemobiletools.contacts.pro:id/tab_item_icon, class: android.widget.ImageView, position: (863, 2141, 937, 2215))
Widget(resource-id: com.simplemobiletools.contacts.pro:id/tab_item_label, text: Groups, class: android.widget.TextView, position: (858, 2215, 942, 2277))
Widget(content-desc: ATX notification: UIAutomator, class: android.widget.ImageView, position: (107, 1, 165, 74))
Widget(content-desc: Android System notification: , class: android.widget.ImageView, position: (165, 1, 223, 74))


        I would like to know which activity/fragment we are currently on.
        Please respond in the following JSON format:
        {
        "activity_or_fragment": "TestActivity",
        }
        or 
        {
        "activity_or_fragment": "TestFragment",
        }
        If can not determine the activity/fragment,just output{
        "activity_or_fragment": "Unknown"
        }
        Do not output anything else except json format result.
        
2025-01-16 23:58:16,456 - INFO - ------answer------
2025-01-16 23:58:16,456 - INFO - ```json
{
  "activity_or_fragment": "MainActivity"
}
```
2025-01-16 23:58:42,618 - INFO - ------query_instructions------
2025-01-16 23:58:42,618 - INFO - ```json
{
    "task": "Open dialpad and call 911",
    "activities_sequence": [
        {
            "activity": "com.simplemobiletools.contacts.pro.activities.MainActivity",
            "steps": [
                "1. Open the app and navigate to the MainActivity.",
                "2. Click on the dialpad button (element_id: binding.mainDialpadButton) to open the device's dialpad."
            ]
        },
        {
            "activity": "Dialpad (System Activity)",
            "steps": [
                "3. Once the dialpad is open, input the number '911'.",
                "4. Press the call button to initiate the call to 911."
            ]
        }
    ],
    "explanation": "because the MainActivity has a dialpad button that launches the device's dialpad, where the user can input and call the number 911."
}
```
