2025-01-16 15:17:22,996 - INFO - This is a event:0
2025-01-16 15:17:23,080 - INFO - -----query_current_activity start query------
2025-01-16 15:17:23,081 - INFO - To achieve the target task of "opening the clock page," you need to navigate to the `MainActivity` of the app, as it is the primary activity that likely contains the clock functionality. Here's how you can approach this:

### Steps to Open the Clock Page:

1. **Identify the MainActivity**:
   - The `MainActivity` is the central activity in the app, and it is responsible for displaying the main clock interface. This is evident from the layout (`R.layout.activity_main`) which includes a `RtlViewPager` and a `TabLayout`, suggesting that it hosts multiple tabs or pages, one of which is likely the clock.

2. **Launch the MainActivity**:
   - To open the clock page, you need to launch the `MainActivity`. This can be done programmatically or through an intent.

### Programmatic Approach:

If you are writing code to open the clock page, you can use an `Intent` to start the `MainActivity`:

```java
Intent intent = new Intent(context, com.simplemobiletools.clock.activities.MainActivity.class);
startActivity(intent);
```

### Using ADB (Android Debug Bridge):

If you want to open the clock page from the command line using ADB, you can use the following command:

```bash
adb shell am start -n com.simplemobiletools.clock/.activities.MainActivity
```

### Navigating Within the App:

If you are already within the app and want to navigate to the clock page, you can do so by interacting with the UI elements:

1. **Check for Tabs**:
   - The `MainActivity` layout includes a `TabLayout` (`@+id/main_tabs_holder`). This suggests that the clock page might be one of the tabs. You can switch to the clock tab by clicking on the appropriate tab.

2. **Interact with the ViewPager**:
   - The `RtlViewPager` (`@+id/view_pager`) is likely used to swipe between different pages, including the clock page. You can swipe left or right to navigate to the clock page.

### Summary:

- **MainActivity** is the key activity for the clock functionality.
- You can launch it programmatically, via ADB, or by navigating within the app using the tabs or swiping gestures.
- The `RtlViewPager` and `TabLayout` in the `MainActivity` suggest that the clock page is part of a multi-tab interface.

By following these steps, you should be able to successfully open the clock page in the app.

 Here is the information about the screen we are currently on.
Widget(content-desc: ATX notification: UIAutomator, class: android.widget.ImageView, position: (107, 1, 165, 74))
Widget(content-desc: Android System notification: , class: android.widget.ImageView, position: (165, 1, 223, 74))
Widget(resource-id: com.simplemobiletools.clock:id/action_bar_root, class: android.widget.FrameLayout, position: (0, 74, 1080, 2277))
Widget(resource-id: com.simplemobiletools.clock:id/main_coordinator, class: android.view.ViewGroup, position: (0, 74, 1080, 2277))
Widget(resource-id: com.simplemobiletools.clock:id/main_toolbar, class: android.view.ViewGroup, position: (0, 74, 1080, 242))
Widget(resource-id: com.simplemobiletools.clock:id/settings, content-desc: Settings, class: android.widget.Button, position: (826, 94, 953, 220))
Widget(resource-id: com.simplemobiletools.clock:id/about, content-desc: About, class: android.widget.Button, position: (953, 94, 1080, 220))
Widget(resource-id: com.simplemobiletools.clock:id/main_holder, class: android.widget.RelativeLayout, position: (0, 242, 1080, 2277))
Widget(resource-id: com.simplemobiletools.clock:id/view_pager, class: t4.i, position: (0, 242, 1080, 2109))
Widget(resource-id: com.simplemobiletools.clock:id/clock_fragment, class: android.view.ViewGroup, position: (0, 242, 1080, 2109))
Widget(resource-id: com.simplemobiletools.clock:id/clock_holder, class: android.widget.RelativeLayout, position: (0, 242, 1080, 2109))
Widget(resource-id: com.simplemobiletools.clock:id/clock_time, content-desc: 7:17:22 AM, text: 7:17:22 AM, class: android.widget.TextView, position: (0, 284, 1080, 494))
Widget(resource-id: com.simplemobiletools.clock:id/clock_date, content-desc: Thu, 16 Jan, text: Thu, 16 Jan, class: android.widget.TextView, position: (0, 494, 1080, 557))
Widget(resource-id: com.simplemobiletools.clock:id/clock_fab, class: android.widget.ImageButton, position: (891, 1920, 1038, 2067))
Widget(resource-id: com.simplemobiletools.clock:id/main_tabs_holder, class: android.widget.HorizontalScrollView, position: (0, 2109, 1080, 2277))
Widget(resource-id: com.simplemobiletools.clock:id/tab_item_holder, class: android.widget.LinearLayout, position: (98, 2141, 172, 2277))
Widget(resource-id: com.simplemobiletools.clock:id/tab_item_icon, class: android.widget.ImageView, position: (98, 2141, 172, 2215))
Widget(resource-id: com.simplemobiletools.clock:id/tab_item_label, text: Clock, class: android.widget.TextView, position: (102, 2215, 167, 2277))
Widget(text: Alarm, class: android.widget.LinearLayout, position: (270, 2109, 540, 2277))
Widget(resource-id: com.simplemobiletools.clock:id/tab_item_holder, class: android.widget.LinearLayout, position: (368, 2141, 442, 2277))
Widget(resource-id: com.simplemobiletools.clock:id/tab_item_icon, class: android.widget.ImageView, position: (368, 2141, 442, 2215))
Widget(resource-id: com.simplemobiletools.clock:id/tab_item_label, text: Alarm, class: android.widget.TextView, position: (370, 2215, 439, 2277))
Widget(text: Stopwatch, class: android.widget.LinearLayout, position: (540, 2109, 810, 2277))
Widget(resource-id: com.simplemobiletools.clock:id/tab_item_holder, class: android.widget.LinearLayout, position: (612, 2141, 737, 2277))
Widget(resource-id: com.simplemobiletools.clock:id/tab_item_icon, class: android.widget.ImageView, position: (637, 2141, 711, 2215))
Widget(resource-id: com.simplemobiletools.clock:id/tab_item_label, text: Stopwatch, class: android.widget.TextView, position: (612, 2215, 737, 2277))
Widget(text: Timer, class: android.widget.LinearLayout, position: (810, 2109, 1080, 2277))
Widget(resource-id: com.simplemobiletools.clock:id/tab_item_holder, class: android.widget.LinearLayout, position: (908, 2141, 982, 2277))
Widget(resource-id: com.simplemobiletools.clock:id/tab_item_icon, class: android.widget.ImageView, position: (908, 2141, 982, 2215))
Widget(resource-id: com.simplemobiletools.clock:id/tab_item_label, text: Timer, class: android.widget.TextView, position: (911, 2215, 979, 2277))


        I would like to know which activity/fragment we are currently on.
        Please respond in the following JSON format:
        {
        "activity_or_fragment": "TestActivity",
        }
        or 
        {
        "activity_or_fragment": "TestFragment",
        }
        If can not determine the activity/fragment,just output{
        "activity_or_fragment": "Unknown"
        }
        Do not output anything else except json format result.
        
2025-01-16 15:17:24,720 - INFO - ------answer------
2025-01-16 15:17:24,720 - INFO - ```json
{
"activity_or_fragment": "MainActivity"
}
```
2025-01-16 15:17:31,860 - INFO - ------query_instructions------
2025-01-16 15:17:31,861 - INFO - ```json
{
    "task": "open the clock page",
    "activities_sequence": [
        {
            "activity": "com.simplemobiletools.clock.activities.SplashActivity",
            "steps": [
                "1. Launch the app, which starts with SplashActivity.",
                "2. The `initActivity` method in SplashActivity handles the intent and navigates to the appropriate activity based on the intent's action or extras."
            ]
        },
        {
            "activity": "com.simplemobiletools.clock.activities.MainActivity",
            "steps": [
                "3. The app navigates to MainActivity, which is the main clock page.",
                "4. The `onCreate` method in MainActivity initializes the UI, sets up the tabs, and displays the clock interface."
            ]
        }
    ],
    "explanation": "because the MainActivity is the main clock page where the clock functionality is displayed."
}
```
