2025-01-16 20:36:43,258 - INFO - This is a event:0
2025-01-16 20:37:05,667 - INFO - -----query_current_activity start query------
2025-01-16 20:37:05,674 - INFO - To hide the recording notification in your app, you will need to modify the code that handles the notification display during recording. Based on the list of activities provided, the most relevant activities for this task are likely `MainActivity` and `BackgroundRecordActivity`, as these are typically responsible for managing the recording process and its associated notifications.

Here¡¯s a step-by-step approach to achieve the task:

---

### 1. **Identify the Notification Code**
   - Look for code in `MainActivity` or `BackgroundRecordActivity` that creates or manages the recording notification.
   - Search for methods like `startForegroundService()`, `NotificationManager`, or `NotificationCompat.Builder` in these activities.
   - The notification is likely created using a `NotificationChannel` and displayed using `NotificationManager.notify()`.

---

### 2. **Disable or Remove the Notification**
   - If the notification is created in `MainActivity` or `BackgroundRecordActivity`, you can either:
     - **Remove the notification creation code** entirely.
     - **Comment out the code** that displays the notification.
     - **Add a condition** to skip the notification creation if a specific setting is enabled (e.g., a "hide notification" toggle in `SettingsActivity`).

---

### 3. **Modify the Background Recording Logic**
   - If the app uses a foreground service for background recording (common for recording apps), the notification might be required by the Android system. In this case:
     - You can **stop using a foreground service** and switch to a background service or a different approach.
     - Alternatively, you can **create a minimal notification** (e.g., an empty or invisible notification) to satisfy the system requirements.

---

### 4. **Update SettingsActivity (Optional)**
   - If you want to give users the option to hide the notification, you can add a toggle in `SettingsActivity` to control this behavior.
   - Store the user¡¯s preference in `SharedPreferences` and check this preference before displaying the notification.

---

### Example Code Snippets

#### **Disabling Notification in `BackgroundRecordActivity`**
```java
// Example: Comment out or remove the notification creation code
// NotificationManager notificationManager = (NotificationManager) getSystemService(Context.NOTIFICATION_SERVICE);
// NotificationCompat.Builder builder = new NotificationCompat.Builder(this, CHANNEL_ID)
//         .setSmallIcon(R.drawable.ic_record)
//         .setContentTitle("Recording")
//         .setContentText("Recording in progress")
//         .setPriority(NotificationCompat.PRIORITY_LOW);
// notificationManager.notify(NOTIFICATION_ID, builder.build());
```

#### **Adding a Toggle in `SettingsActivity`**
```java
// Add a preference in SettingsActivity
SwitchPreference hideNotificationPref = findPreference("hide_notification");
hideNotificationPref.setOnPreferenceChangeListener((preference, newValue) -> {
    boolean hideNotification = (boolean) newValue;
    // Save the preference to SharedPreferences
    SharedPreferences.Editor editor = getSharedPreferences("settings", MODE_PRIVATE).edit();
    editor.putBoolean("hide_notification", hideNotification);
    editor.apply();
    return true;
});
```

#### **Check Preference Before Displaying Notification**
```java
// In BackgroundRecordActivity or MainActivity
SharedPreferences prefs = getSharedPreferences("settings", MODE_PRIVATE);
boolean hideNotification = prefs.getBoolean("hide_notification", false);

if (!hideNotification) {
    // Display the notification
    NotificationManager notificationManager = (NotificationManager) getSystemService(Context.NOTIFICATION_SERVICE);
    NotificationCompat.Builder builder = new NotificationCompat.Builder(this, CHANNEL_ID)
            .setSmallIcon(R.drawable.ic_record)
            .setContentTitle("Recording")
            .setContentText("Recording in progress")
            .setPriority(NotificationCompat.PRIORITY_LOW);
    notificationManager.notify(NOTIFICATION_ID, builder.build());
}
```

---

### 5. **Test the Changes**
   - Test the app to ensure the notification is hidden as expected.
   - Verify that the recording functionality still works correctly, especially in the background.

---

### 6. **Consider System Requirements**
   - Android requires foreground services to display a notification. If you completely remove the notification, the app might crash or behave unexpectedly when recording in the background.
   - If you encounter issues, consider using a minimal or invisible notification to comply with system requirements.

---

By following these steps, you should be able to hide the recording notification in your app. Let me know if you need further assistance!

 Here is the information about the screen we are currently on.
Widget(resource-id: com.simplemobiletools.voicerecorder:id/action_bar_root, class: android.widget.FrameLayout, position: (0, 74, 1080, 2277))
Widget(resource-id: com.simplemobiletools.voicerecorder:id/main_coordinator, class: android.view.ViewGroup, position: (0, 74, 1080, 2277))
Widget(resource-id: com.simplemobiletools.voicerecorder:id/main_menu, class: android.widget.LinearLayout, position: (0, 74, 1080, 242))
Widget(resource-id: com.simplemobiletools.voicerecorder:id/top_app_bar_layout, class: android.widget.LinearLayout, position: (42, 74, 1038, 242))
Widget(resource-id: com.simplemobiletools.voicerecorder:id/top_toolbar_holder, class: android.widget.RelativeLayout, position: (42, 95, 1038, 221))
Widget(resource-id: com.simplemobiletools.voicerecorder:id/top_toolbar_search_icon, content-desc: Search, class: android.widget.ImageView, position: (42, 95, 147, 221))
Widget(resource-id: com.simplemobiletools.voicerecorder:id/top_toolbar_search, text: Search, class: android.widget.EditText, position: (147, 95, 731, 221))
Widget(resource-id: com.simplemobiletools.voicerecorder:id/top_toolbar, class: android.view.ViewGroup, position: (731, 95, 1027, 221))
Widget(resource-id: com.simplemobiletools.voicerecorder:id/settings, content-desc: Settings, class: android.widget.Button, position: (773, 95, 900, 221))
Widget(resource-id: com.simplemobiletools.voicerecorder:id/about, content-desc: About, class: android.widget.Button, position: (900, 95, 1027, 221))
Widget(resource-id: com.simplemobiletools.voicerecorder:id/main_holder, class: android.widget.RelativeLayout, position: (0, 242, 1080, 2277))
Widget(resource-id: com.simplemobiletools.voicerecorder:id/view_pager, class: f4.i, position: (0, 242, 1080, 2109))
Widget(resource-id: com.simplemobiletools.voicerecorder:id/trash_holder, class: android.view.ViewGroup, position: (0, 242, 1080, 2109))
Widget(resource-id: com.simplemobiletools.voicerecorder:id/trash_fastscroller, class: android.widget.RelativeLayout, position: (0, 242, 1080, 2109))
Widget(resource-id: com.simplemobiletools.voicerecorder:id/trash_list, class: androidx.recyclerview.widget.RecyclerView, position: (0, 242, 1080, 2109))
Widget(resource-id: com.simplemobiletools.voicerecorder:id/recording_frame, text: test1.mp3, class: android.widget.FrameLayout, position: (0, 242, 1080, 411))
Widget(resource-id: com.simplemobiletools.voicerecorder:id/item_holder, class: android.view.ViewGroup, position: (0, 242, 1080, 411))
Widget(resource-id: com.simplemobiletools.voicerecorder:id/recording_title, text: test1.mp3, class: android.widget.TextView, position: (42, 274, 840, 329))
Widget(resource-id: com.simplemobiletools.voicerecorder:id/recording_duration, text: 00:13, class: android.widget.TextView, position: (840, 276, 933, 327))
Widget(resource-id: com.simplemobiletools.voicerecorder:id/recording_date, text: 19.12.2024, 03:08 AM, class: android.widget.TextView, position: (42, 329, 788, 380))
Widget(resource-id: com.simplemobiletools.voicerecorder:id/recording_size, text: 157.3 kB, class: android.widget.TextView, position: (788, 329, 933, 380))
Widget(resource-id: com.simplemobiletools.voicerecorder:id/overflow_menu_icon, class: android.widget.ImageView, position: (933, 263, 1080, 390))
Widget(resource-id: com.simplemobiletools.voicerecorder:id/trackView, class: android.widget.LinearLayout, position: (1012, 242, 1080, 2109))
Widget(resource-id: com.simplemobiletools.voicerecorder:id/main_tabs_holder, class: android.widget.HorizontalScrollView, position: (0, 2109, 1080, 2277))
Widget(text: Recorder, class: android.widget.LinearLayout, position: (0, 2109, 360, 2277))
Widget(resource-id: com.simplemobiletools.voicerecorder:id/tab_item_holder, class: android.widget.LinearLayout, position: (127, 2141, 233, 2277))
Widget(resource-id: com.simplemobiletools.voicerecorder:id/tab_item_icon, class: android.widget.ImageView, position: (143, 2141, 217, 2215))
Widget(resource-id: com.simplemobiletools.voicerecorder:id/tab_item_label, text: Recorder, class: android.widget.TextView, position: (127, 2215, 233, 2277))
Widget(text: Player, class: android.widget.LinearLayout, position: (360, 2109, 720, 2277))
Widget(resource-id: com.simplemobiletools.voicerecorder:id/tab_item_holder, class: android.widget.LinearLayout, position: (503, 2141, 577, 2277))
Widget(resource-id: com.simplemobiletools.voicerecorder:id/tab_item_icon, class: android.widget.ImageView, position: (503, 2141, 577, 2215))
Widget(resource-id: com.simplemobiletools.voicerecorder:id/tab_item_label, text: Player, class: android.widget.TextView, position: (504, 2215, 575, 2277))
Widget(resource-id: com.simplemobiletools.voicerecorder:id/tab_item_holder, class: android.widget.LinearLayout, position: (834, 2141, 966, 2277))
Widget(resource-id: com.simplemobiletools.voicerecorder:id/tab_item_icon, class: android.widget.ImageView, position: (863, 2141, 937, 2215))
Widget(resource-id: com.simplemobiletools.voicerecorder:id/tab_item_label, text: Recycle Bin, class: android.widget.TextView, position: (834, 2215, 966, 2277))


        I would like to know which activity/fragment we are currently on.
        Please respond in the following JSON format:
        {
        "activity_or_fragment": "TestActivity",
        }
        or 
        {
        "activity_or_fragment": "TestFragment",
        }
        If can not determine the activity/fragment,just output{
        "activity_or_fragment": "Unknown"
        }
        Do not output anything else except json format result.
        
2025-01-16 20:37:07,430 - INFO - ------answer------
2025-01-16 20:37:07,430 - INFO - ```json
{
  "activity_or_fragment": "Unknown"
}
```
2025-01-16 20:37:13,702 - INFO - ------query_instructions------
2025-01-16 20:37:13,702 - INFO - ```json
{
    "task": "hide the recording notification",
    "activities_sequence": [
        {
            "activity": "MainActivity",
            "steps": [
                "1. Open the app and navigate to the MainActivity.",
                "2. Click on the 'Settings' menu item in the toolbar."
            ]
        },
        {
            "activity": "SettingsActivity",
            "steps": [
                "3. Scroll down to the 'Hide Notification' section.",
                "4. Click on the 'Hide Notification' checkbox to toggle it on.",
                "5. The recording notification will now be hidden."
            ]
        }
    ],
    "explanation": "because the SettingsActivity contains the 'Hide Notification' toggle that allows the user to hide the recording notification."
}
```
