2025-01-16 14:59:10,727 - INFO - This is a event:0
2025-01-16 14:59:30,330 - INFO - -----query_current_activity start query------
2025-01-16 14:59:30,331 - INFO - To disable the "Start week on Sunday" feature in the app, you need to focus on the `SettingsActivity` and the corresponding layout file `R.layout.activity_settings`. Specifically, you need to look for the `MyAppCompatCheckbox` with the ID `settings_sunday_first`.

### Steps to Disable "Start Week on Sunday":

1. **Identify the Checkbox in the Layout:**
   - In the `R.layout.activity_settings`, locate the `MyAppCompatCheckbox` with the ID `settings_sunday_first`. This checkbox is responsible for toggling the "Start week on Sunday" setting.

2. **Modify the Checkbox State:**
   - You need to ensure that the checkbox is unchecked by default or programmatically set it to unchecked when the activity is loaded.

3. **Update the Logic in `SettingsActivity`:**
   - In the `SettingsActivity`, find the code that handles the state of the `settings_sunday_first` checkbox. This is likely in the `onCreate` method or a similar initialization method.
   - Ensure that the checkbox is set to unchecked by default or modify the logic to prevent the week from starting on Sunday.

### Example Code:

Here¡¯s an example of how you might modify the `SettingsActivity` to disable the "Start week on Sunday" feature:

```java
public class SettingsActivity extends AppCompatActivity {

    private MyAppCompatCheckbox sundayFirstCheckbox;

    @Override
    protected void onCreate(Bundle savedInstanceState) {
        super.onCreate(savedInstanceState);
        setContentView(R.layout.activity_settings);

        sundayFirstCheckbox = findViewById(R.id.settings_sunday_first);

        // Ensure the checkbox is unchecked by default
        sundayFirstCheckbox.setChecked(false);

        // Optionally, disable the checkbox to prevent user interaction
        sundayFirstCheckbox.setEnabled(false);

        // If there's a method that handles the checkbox state, ensure it reflects the desired behavior
        sundayFirstCheckbox.setOnCheckedChangeListener((buttonView, isChecked) -> {
            if (isChecked) {
                // If the checkbox is checked, uncheck it immediately
                sundayFirstCheckbox.setChecked(false);
            }
        });
    }
}
```

### Explanation:
- **`sundayFirstCheckbox.setChecked(false);`**: This ensures that the checkbox is unchecked when the activity is created.
- **`sundayFirstCheckbox.setEnabled(false);`**: This disables the checkbox, preventing the user from changing its state.
- **`setOnCheckedChangeListener`**: This listener ensures that even if the checkbox is programmatically or accidentally checked, it will be immediately unchecked.

### Additional Considerations:
- **Persistence**: If the app saves the state of this checkbox (e.g., in SharedPreferences), you should also ensure that the saved state reflects the disabled setting. You might need to modify the code that saves and loads the checkbox state.
- **UI Feedback**: If you disable the checkbox, consider providing some UI feedback to the user, such as a toast message or a text label explaining why the option is disabled.

### Testing:
- After making these changes, thoroughly test the app to ensure that the week no longer starts on Sunday and that the checkbox remains unchecked and disabled.

By following these steps, you should be able to disable the "Start week on Sunday" feature in the app.

 Here is the information about the screen we are currently on.
Widget(content-desc: ATX notification: UIAutomator, class: android.widget.ImageView, position: (107, 1, 165, 74))
Widget(content-desc: Android System notification: , class: android.widget.ImageView, position: (165, 1, 223, 74))
Widget(resource-id: com.simplemobiletools.clock:id/action_bar_root, class: android.widget.FrameLayout, position: (0, 74, 1080, 2277))
Widget(resource-id: com.simplemobiletools.clock:id/main_coordinator, class: android.view.ViewGroup, position: (0, 74, 1080, 2277))
Widget(resource-id: com.simplemobiletools.clock:id/main_toolbar, class: android.view.ViewGroup, position: (0, 74, 1080, 242))
Widget(resource-id: com.simplemobiletools.clock:id/settings, content-desc: Settings, class: android.widget.Button, position: (826, 94, 953, 220))
Widget(resource-id: com.simplemobiletools.clock:id/about, content-desc: About, class: android.widget.Button, position: (953, 94, 1080, 220))
Widget(resource-id: com.simplemobiletools.clock:id/main_holder, class: android.widget.RelativeLayout, position: (0, 242, 1080, 2277))
Widget(resource-id: com.simplemobiletools.clock:id/view_pager, class: t4.i, position: (0, 242, 1080, 2109))
Widget(resource-id: com.simplemobiletools.clock:id/clock_fragment, class: android.view.ViewGroup, position: (0, 242, 1080, 2109))
Widget(resource-id: com.simplemobiletools.clock:id/clock_holder, class: android.widget.RelativeLayout, position: (0, 242, 1080, 2109))
Widget(resource-id: com.simplemobiletools.clock:id/clock_time, content-desc: 6:59:10 AM, text: 6:59:10 AM, class: android.widget.TextView, position: (0, 284, 1080, 494))
Widget(resource-id: com.simplemobiletools.clock:id/clock_date, content-desc: Thu, 16 Jan, text: Thu, 16 Jan, class: android.widget.TextView, position: (0, 494, 1080, 557))
Widget(resource-id: com.simplemobiletools.clock:id/clock_fab, class: android.widget.ImageButton, position: (891, 1920, 1038, 2067))
Widget(resource-id: com.simplemobiletools.clock:id/main_tabs_holder, class: android.widget.HorizontalScrollView, position: (0, 2109, 1080, 2277))
Widget(resource-id: com.simplemobiletools.clock:id/tab_item_holder, class: android.widget.LinearLayout, position: (98, 2141, 172, 2277))
Widget(resource-id: com.simplemobiletools.clock:id/tab_item_icon, class: android.widget.ImageView, position: (98, 2141, 172, 2215))
Widget(resource-id: com.simplemobiletools.clock:id/tab_item_label, text: Clock, class: android.widget.TextView, position: (102, 2215, 167, 2277))
Widget(text: Alarm, class: android.widget.LinearLayout, position: (270, 2109, 540, 2277))
Widget(resource-id: com.simplemobiletools.clock:id/tab_item_holder, class: android.widget.LinearLayout, position: (368, 2141, 442, 2277))
Widget(resource-id: com.simplemobiletools.clock:id/tab_item_icon, class: android.widget.ImageView, position: (368, 2141, 442, 2215))
Widget(resource-id: com.simplemobiletools.clock:id/tab_item_label, text: Alarm, class: android.widget.TextView, position: (370, 2215, 439, 2277))
Widget(text: Stopwatch, class: android.widget.LinearLayout, position: (540, 2109, 810, 2277))
Widget(resource-id: com.simplemobiletools.clock:id/tab_item_holder, class: android.widget.LinearLayout, position: (612, 2141, 737, 2277))
Widget(resource-id: com.simplemobiletools.clock:id/tab_item_icon, class: android.widget.ImageView, position: (637, 2141, 711, 2215))
Widget(resource-id: com.simplemobiletools.clock:id/tab_item_label, text: Stopwatch, class: android.widget.TextView, position: (612, 2215, 737, 2277))
Widget(text: Timer, class: android.widget.LinearLayout, position: (810, 2109, 1080, 2277))
Widget(resource-id: com.simplemobiletools.clock:id/tab_item_holder, class: android.widget.LinearLayout, position: (908, 2141, 982, 2277))
Widget(resource-id: com.simplemobiletools.clock:id/tab_item_icon, class: android.widget.ImageView, position: (908, 2141, 982, 2215))
Widget(resource-id: com.simplemobiletools.clock:id/tab_item_label, text: Timer, class: android.widget.TextView, position: (911, 2215, 979, 2277))


        I would like to know which activity/fragment we are currently on.
        Please respond in the following JSON format:
        {
        "activity_or_fragment": "TestActivity",
        }
        or 
        {
        "activity_or_fragment": "TestFragment",
        }
        If can not determine the activity/fragment,just output{
        "activity_or_fragment": "Unknown"
        }
        Do not output anything else except json format result.
        
2025-01-16 14:59:31,700 - INFO - ------answer------
2025-01-16 14:59:31,700 - INFO - ```json
{
"activity_or_fragment": "Unknown"
}
```
2025-01-16 14:59:41,320 - INFO - ------query_instructions------
2025-01-16 14:59:41,320 - INFO - ```json
{
    "task": "disable 'start week on sunday'",
    "activities_sequence": [
        {
            "activity": "com.simplemobiletools.clock.activities.MainActivity",
            "steps": [
                "1. Open the app and navigate to the 'MainActivity'.",
                "2. Click on the 'Settings' menu item in the toolbar."
            ]
        },
        {
            "activity": "com.simplemobiletools.clock.activities.SettingsActivity",
            "steps": [
                "3. Scroll down to the 'General Settings' section.",
                "4. Locate the 'Sunday First' checkbox.",
                "5. Click on the 'Sunday First' checkbox to uncheck it and disable the 'start week on Sunday' setting."
            ]
        }
    ],
    "explanation": "because the 'SettingsActivity' contains the 'Sunday First' checkbox, which controls whether the week starts on Sunday."
}
```
