2025-01-16 23:36:47,424 - INFO - This is a event:0
2025-01-16 23:37:05,010 - INFO - -----query_current_activity start query------
2025-01-16 23:37:05,012 - INFO - To achieve the task of creating a new contact named "Stephen Bob" with the mobile number "12345678900" in the given Android app, you need to interact with the `EditContactActivity` or `InsertOrEditContactActivity`. These activities are responsible for adding or editing contacts.

### Steps to Create a New Contact:

1. **Launch the App and Navigate to the Contact Creation Screen:**
   - Start by launching the app, which will open the `SplashActivity`.
   - The app will then transition to the `MainActivity`, where you can see the list of contacts or other tabs.
   - Look for a button or action that allows you to add a new contact. This could be a Floating Action Button (FAB) or an option in the menu.

2. **Enter Contact Details:**
   - Once you are in the `EditContactActivity` or `InsertOrEditContactActivity`, you will see fields to enter the contact's details.
   - Use the following IDs to locate the fields:
     - **First Name:** `contact_first_name`
     - **Surname:** `contact_surname`
     - **Mobile Number:** `contact_number` (inside `item_edit_phone_number` layout)

3. **Fill in the Contact Information:**
   - Set the text of `contact_first_name` to "Stephen".
   - Set the text of `contact_surname` to "Bob".
   - Add a new phone number field by interacting with `contact_numbers_add_new` and set the text of `contact_number` to "12345678900".

4. **Save the Contact:**
   - After filling in the details, look for a "Save" button or action in the toolbar or at the bottom of the screen. This will save the new contact.

### Example Code to Automate the Task:

If you are automating this task using a testing framework like Espresso, the code might look something like this:

```java
// Launch the app and navigate to the contact creation screen
onView(withId(R.id.main_dialpad_button)).perform(click()); // Assuming this button opens the contact creation screen

// Enter the first name
onView(withId(R.id.contact_first_name)).perform(typeText("Stephen"), closeSoftKeyboard());

// Enter the surname
onView(withId(R.id.contact_surname)).perform(typeText("Bob"), closeSoftKeyboard());

// Add a new phone number field
onView(withId(R.id.contact_numbers_add_new)).perform(click());

// Enter the mobile number
onView(withId(R.id.contact_number)).perform(typeText("12345678900"), closeSoftKeyboard());

// Save the contact
onView(withId(R.id.contact_toolbar)).perform(click()); // Assuming the save action is in the toolbar
```

### Notes:
- The exact IDs and actions might vary depending on the app's implementation.
- If the app uses a different layout or structure, you may need to adjust the selectors and actions accordingly.
- Ensure that the app has the necessary permissions to read and write contacts.

By following these steps, you should be able to create a new contact named "Stephen Bob" with the mobile number "12345678900" in the given Android app.

 Here is the information about the screen we are currently on.
Widget(resource-id: com.simplemobiletools.contacts.pro:id/action_bar_root, class: android.widget.FrameLayout, position: (0, 74, 1080, 2277))
Widget(resource-id: com.simplemobiletools.contacts.pro:id/main_coordinator, class: android.view.ViewGroup, position: (0, 74, 1080, 2277))
Widget(resource-id: com.simplemobiletools.contacts.pro:id/main_menu, class: android.widget.LinearLayout, position: (0, 74, 1080, 242))
Widget(resource-id: com.simplemobiletools.contacts.pro:id/top_app_bar_layout, class: android.widget.LinearLayout, position: (42, 74, 1038, 242))
Widget(resource-id: com.simplemobiletools.contacts.pro:id/top_toolbar_holder, class: android.widget.RelativeLayout, position: (42, 95, 1038, 221))
Widget(resource-id: com.simplemobiletools.contacts.pro:id/top_toolbar_search_icon, content-desc: Search, class: android.widget.ImageView, position: (42, 95, 147, 221))
Widget(resource-id: com.simplemobiletools.contacts.pro:id/top_toolbar_search, text: Search, class: android.widget.EditText, position: (147, 95, 626, 221))
Widget(resource-id: com.simplemobiletools.contacts.pro:id/top_toolbar, class: android.view.ViewGroup, position: (626, 95, 1027, 221))
Widget(resource-id: com.simplemobiletools.contacts.pro:id/sort, content-desc: Sort by, class: android.widget.Button, position: (668, 95, 795, 221))
Widget(resource-id: com.simplemobiletools.contacts.pro:id/filter, content-desc: Filter, class: android.widget.Button, position: (795, 95, 922, 221))
Widget(content-desc: More options, class: android.widget.ImageView, position: (922, 95, 1027, 221))
Widget(resource-id: com.simplemobiletools.contacts.pro:id/main_holder, class: android.view.ViewGroup, position: (0, 242, 1080, 2277))
Widget(resource-id: com.simplemobiletools.contacts.pro:id/view_pager, class: p4.i, position: (0, 242, 1080, 2109))
Widget(resource-id: com.simplemobiletools.contacts.pro:id/contacts_fragment, class: android.view.ViewGroup, position: (0, 242, 1080, 2109))
Widget(resource-id: com.simplemobiletools.contacts.pro:id/fragment_wrapper, class: android.widget.RelativeLayout, position: (0, 242, 1080, 2109))
Widget(resource-id: com.simplemobiletools.contacts.pro:id/fragment_list, class: androidx.recyclerview.widget.RecyclerView, position: (0, 242, 1080, 2109))
Widget(resource-id: com.simplemobiletools.contacts.pro:id/item_contact_frame, text: Alice, class: android.view.ViewGroup, position: (0, 242, 1080, 410))
Widget(resource-id: com.simplemobiletools.contacts.pro:id/item_contact_image, class: android.widget.ImageView, position: (43, 263, 169, 389))
Widget(resource-id: com.simplemobiletools.contacts.pro:id/item_contact_name, text: Alice, class: android.widget.TextView, position: (169, 298, 1048, 355))
Widget(resource-id: com.simplemobiletools.contacts.pro:id/item_contact_frame, text: Jack, class: android.view.ViewGroup, position: (0, 415, 1080, 583))
Widget(resource-id: com.simplemobiletools.contacts.pro:id/item_contact_image, class: android.widget.ImageView, position: (43, 436, 169, 562))
Widget(resource-id: com.simplemobiletools.contacts.pro:id/item_contact_name, text: Jack, class: android.widget.TextView, position: (169, 471, 1048, 528))
Widget(resource-id: com.simplemobiletools.contacts.pro:id/item_contact_frame, text: 12345678900, class: android.view.ViewGroup, position: (0, 588, 1080, 756))
Widget(resource-id: com.simplemobiletools.contacts.pro:id/item_contact_image, class: android.widget.ImageView, position: (43, 609, 169, 735))
Widget(resource-id: com.simplemobiletools.contacts.pro:id/item_contact_name, text: 12345678900, class: android.widget.TextView, position: (169, 644, 1048, 701))
Widget(resource-id: com.simplemobiletools.contacts.pro:id/item_contact_frame, text: 12345678900123123456789001234567890045678900, class: android.view.ViewGroup, position: (0, 761, 1080, 929))
Widget(resource-id: com.simplemobiletools.contacts.pro:id/item_contact_image, class: android.widget.ImageView, position: (43, 782, 169, 908))
Widget(resource-id: com.simplemobiletools.contacts.pro:id/item_contact_name, text: 12345678900123123456789001234567890045678900, class: android.widget.TextView, position: (169, 817, 1048, 874))
Widget(resource-id: com.simplemobiletools.contacts.pro:id/letter_fastscroller_thumb, class: android.view.ViewGroup, position: (807, 242, 954, 539))
Widget(resource-id: com.simplemobiletools.contacts.pro:id/letter_fastscroller, text: A
J
1, class: android.widget.LinearLayout, position: (996, 242, 1080, 539))
Widget(text: A
J
1, class: android.widget.TextView, position: (996, 305, 1080, 476))
Widget(resource-id: com.simplemobiletools.contacts.pro:id/fragment_fab, content-desc: Create new contact, class: android.widget.ImageButton, position: (891, 1920, 1038, 2067))
Widget(resource-id: com.simplemobiletools.contacts.pro:id/main_dialpad_button, content-desc: Dialpad, class: android.widget.ImageView, position: (461, 1909, 619, 2067))
Widget(resource-id: com.simplemobiletools.contacts.pro:id/main_tabs_holder, class: android.widget.HorizontalScrollView, position: (0, 2109, 1080, 2277))
Widget(resource-id: com.simplemobiletools.contacts.pro:id/tab_item_holder, class: android.widget.LinearLayout, position: (127, 2141, 232, 2277))
Widget(resource-id: com.simplemobiletools.contacts.pro:id/tab_item_icon, class: android.widget.ImageView, position: (142, 2141, 216, 2215))
Widget(resource-id: com.simplemobiletools.contacts.pro:id/tab_item_label, text: Contacts, class: android.widget.TextView, position: (127, 2215, 232, 2277))
Widget(text: Favorites, class: android.widget.LinearLayout, position: (360, 2109, 720, 2277))
Widget(resource-id: com.simplemobiletools.contacts.pro:id/tab_item_holder, class: android.widget.LinearLayout, position: (486, 2141, 593, 2277))
Widget(resource-id: com.simplemobiletools.contacts.pro:id/tab_item_icon, class: android.widget.ImageView, position: (502, 2141, 576, 2215))
Widget(resource-id: com.simplemobiletools.contacts.pro:id/tab_item_label, text: Favorites, class: android.widget.TextView, position: (486, 2215, 593, 2277))
Widget(text: Groups, class: android.widget.LinearLayout, position: (720, 2109, 1080, 2277))
Widget(resource-id: com.simplemobiletools.contacts.pro:id/tab_item_holder, class: android.widget.LinearLayout, position: (858, 2141, 942, 2277))
Widget(resource-id: com.simplemobiletools.contacts.pro:id/tab_item_icon, class: android.widget.ImageView, position: (863, 2141, 937, 2215))
Widget(resource-id: com.simplemobiletools.contacts.pro:id/tab_item_label, text: Groups, class: android.widget.TextView, position: (858, 2215, 942, 2277))
Widget(content-desc: ATX notification: UIAutomator, class: android.widget.ImageView, position: (107, 1, 165, 74))
Widget(content-desc: Android System notification: , class: android.widget.ImageView, position: (165, 1, 223, 74))


        I would like to know which activity/fragment we are currently on.
        Please respond in the following JSON format:
        {
        "activity_or_fragment": "TestActivity",
        }
        or 
        {
        "activity_or_fragment": "TestFragment",
        }
        If can not determine the activity/fragment,just output{
        "activity_or_fragment": "Unknown"
        }
        Do not output anything else except json format result.
        
2025-01-16 23:37:06,485 - INFO - ------answer------
2025-01-16 23:37:06,485 - INFO - ```json
{
"activity_or_fragment": "MainActivity"
}
```
2025-01-16 23:37:32,835 - INFO - ------query_instructions------
2025-01-16 23:37:32,835 - INFO - ```json
{
    "task": "Create a new contact Stephen Bob, mobile number 12345678900",
    "activities_sequence": [
        {
            "activity": "MainActivity",
            "steps": [
                "1. Open the app and navigate to the MainActivity.",
                "2. Click on the 'Add New Contact' button or the floating action button (FAB) to create a new contact."
            ]
        },
        {
            "activity": "EditContactActivity",
            "steps": [
                "3. In the EditContactActivity, enter the contact name as 'Stephen Bob' in the name fields.",
                "4. Add the mobile number '12345678900' in the phone number field.",
                "5. Optionally, add any additional details like email, address, or notes if needed.",
                "6. Click the 'Save' button to save the new contact."
            ]
        }
    ],
    "explanation": "because the EditContactActivity is responsible for creating and editing contact details, including adding a name and phone number."
}
```
