2025-01-10 14:17:19,175 - INFO - This is a event:0
2025-01-10 14:17:38,128 - INFO - -----query_current_activity start query------
2025-01-10 14:17:38,129 - INFO - To achieve the task of setting the sorting order for alarms by 'Day and Alarm time', you will need to modify the code in the `MainActivity` or `SettingsActivity` where the alarms are managed and displayed. Here¡¯s a step-by-step guide on how you can approach this:

### Step 1: Identify the Data Structure
First, you need to identify where the alarms are stored and how they are currently being sorted. This is likely in the `MainActivity` where the alarms are displayed.

### Step 2: Modify the Sorting Logic
You need to modify the sorting logic to sort the alarms by 'Day and Alarm time'. This involves:

1. **Sorting by Day**: Ensure that the alarms are sorted by the day of the week.
2. **Sorting by Alarm Time**: Within each day, sort the alarms by their time.

### Step 3: Implement the Sorting Logic
Here¡¯s a sample implementation in Kotlin:

```kotlin
// Assuming you have a list of alarms
data class Alarm(val day: Int, val time: Long) // day: 0=Sunday, 1=Monday, ..., 6=Saturday

val alarms: List<Alarm> = // fetch alarms from your data source

// Sort by day and then by time
val sortedAlarms = alarms.sortedWith(compareBy({ it.day }, { it.time }))

// Update your UI or data source with the sorted alarms
```

### Step 4: Update the UI
After sorting the alarms, you need to update the UI to reflect the new order. This might involve refreshing the list or adapter that displays the alarms.

### Step 5: Add a Setting (Optional)
If you want to allow users to toggle this sorting option, you can add a new setting in the `SettingsActivity`.

1. **Add a New Checkbox in `SettingsActivity`**:
   - Add a new `RelativeLayout` and `MyAppCompatCheckbox` in the `activity_settings.xml` layout file.
   - Example:
     ```xml
     <RelativeLayout
         android:id="@+id/settings_sort_alarms_by_day_and_time_holder"
         style="@style/SettingsHolderCheckboxStyle">
         <com.simplemobiletools.commons.views.MyAppCompatCheckbox
             android:id="@+id/settings_sort_alarms_by_day_and_time"
             style="@style/SettingsCheckboxStyle"
             android:text="@string/sort_alarms_by_day_and_time" />
     </RelativeLayout>
     ```

2. **Handle the Checkbox State**:
   - In `SettingsActivity`, handle the state of the new checkbox and save the preference.
   - Example:
     ```kotlin
     val sortAlarmsByDayAndTimeCheckbox = findViewById<MyAppCompatCheckbox>(R.id.settings_sort_alarms_by_day_and_time)
     sortAlarmsByDayAndTimeCheckbox.isChecked = // load from preferences
     sortAlarmsByDayAndTimeCheckbox.setOnCheckedChangeListener { _, isChecked ->
         // save to preferences
     }
     ```

3. **Apply the Sorting Preference**:
   - In `MainActivity`, read the preference and apply the sorting logic accordingly.
   - Example:
     ```kotlin
     val sortByDayAndTime = // load from preferences
     val alarms = if (sortByDayAndTime) {
         alarms.sortedWith(compareBy({ it.day }, { it.time }))
     } else {
         alarms.sortedBy { it.time }
     }
     ```

### Step 6: Test the Changes
Finally, test the changes thoroughly to ensure that the alarms are sorted correctly by 'Day and Alarm time' and that the new setting works as expected.

By following these steps, you should be able to implement the desired sorting order for alarms in your app.

 Here is the information about the screen we are currently on.
Widget(resource-id: com.simplemobiletools.clock:id/action_bar_root, class: android.widget.FrameLayout, position: (0, 74, 1080, 2277))
Widget(resource-id: com.simplemobiletools.clock:id/main_coordinator, class: android.view.ViewGroup, position: (0, 74, 1080, 2277))
Widget(resource-id: com.simplemobiletools.clock:id/main_toolbar, class: android.view.ViewGroup, position: (0, 74, 1080, 242))
Widget(resource-id: com.simplemobiletools.clock:id/settings, content-desc: Settings, class: android.widget.Button, position: (826, 94, 953, 220))
Widget(resource-id: com.simplemobiletools.clock:id/about, content-desc: About, class: android.widget.Button, position: (953, 94, 1080, 220))
Widget(resource-id: com.simplemobiletools.clock:id/main_holder, class: android.widget.RelativeLayout, position: (0, 242, 1080, 2277))
Widget(resource-id: com.simplemobiletools.clock:id/view_pager, class: t4.i, position: (0, 242, 1080, 2109))
Widget(resource-id: com.simplemobiletools.clock:id/clock_fragment, class: android.view.ViewGroup, position: (0, 242, 1080, 2109))
Widget(resource-id: com.simplemobiletools.clock:id/clock_holder, class: android.widget.RelativeLayout, position: (0, 242, 1080, 2109))
Widget(resource-id: com.simplemobiletools.clock:id/clock_time, content-desc: 6:17:16 AM, text: 6:17:16 AM, class: android.widget.TextView, position: (0, 284, 1080, 494))
Widget(resource-id: com.simplemobiletools.clock:id/clock_date, content-desc: Fri, 10 Jan, text: Fri, 10 Jan, class: android.widget.TextView, position: (0, 494, 1080, 557))
Widget(resource-id: com.simplemobiletools.clock:id/clock_fab, class: android.widget.ImageButton, position: (891, 1920, 1038, 2067))
Widget(resource-id: com.simplemobiletools.clock:id/main_tabs_holder, class: android.widget.HorizontalScrollView, position: (0, 2109, 1080, 2277))
Widget(resource-id: com.simplemobiletools.clock:id/tab_item_holder, class: android.widget.LinearLayout, position: (98, 2141, 172, 2277))
Widget(resource-id: com.simplemobiletools.clock:id/tab_item_icon, class: android.widget.ImageView, position: (98, 2141, 172, 2215))
Widget(resource-id: com.simplemobiletools.clock:id/tab_item_label, text: Clock, class: android.widget.TextView, position: (102, 2215, 167, 2277))
Widget(text: Alarm, class: android.widget.LinearLayout, position: (270, 2109, 540, 2277))
Widget(resource-id: com.simplemobiletools.clock:id/tab_item_holder, class: android.widget.LinearLayout, position: (368, 2141, 442, 2277))
Widget(resource-id: com.simplemobiletools.clock:id/tab_item_icon, class: android.widget.ImageView, position: (368, 2141, 442, 2215))
Widget(resource-id: com.simplemobiletools.clock:id/tab_item_label, text: Alarm, class: android.widget.TextView, position: (370, 2215, 439, 2277))
Widget(text: Stopwatch, class: android.widget.LinearLayout, position: (540, 2109, 810, 2277))
Widget(resource-id: com.simplemobiletools.clock:id/tab_item_holder, class: android.widget.LinearLayout, position: (612, 2141, 737, 2277))
Widget(resource-id: com.simplemobiletools.clock:id/tab_item_icon, class: android.widget.ImageView, position: (637, 2141, 711, 2215))
Widget(resource-id: com.simplemobiletools.clock:id/tab_item_label, text: Stopwatch, class: android.widget.TextView, position: (612, 2215, 737, 2277))
Widget(text: Timer, class: android.widget.LinearLayout, position: (810, 2109, 1080, 2277))
Widget(resource-id: com.simplemobiletools.clock:id/tab_item_holder, class: android.widget.LinearLayout, position: (908, 2141, 982, 2277))
Widget(resource-id: com.simplemobiletools.clock:id/tab_item_icon, class: android.widget.ImageView, position: (908, 2141, 982, 2215))
Widget(resource-id: com.simplemobiletools.clock:id/tab_item_label, text: Timer, class: android.widget.TextView, position: (911, 2215, 979, 2277))
Widget(content-desc: Security & privacy notification: Set a screen lock, class: android.widget.ImageView, position: (107, 1, 165, 74))
Widget(content-desc: ATX notification: UIAutomator, class: android.widget.ImageView, position: (165, 1, 223, 74))
Widget(content-desc: Settings notification: Virtual SD card, class: android.widget.ImageView, position: (223, 1, 281, 74))
Widget(content-desc: Android System notification: , class: android.widget.ImageView, position: (281, 1, 339, 74))


        I would like to know which activity/fragment we are currently on.
        Please respond in the following JSON format:
        {
        "activity_or_fragment": "TestActivity",
        }
        or 
        {
        "activity_or_fragment": "TestFragment",
        }
        If can not determine the activity/fragment,just output{
        "activity_or_fragment": "Unknown"
        }
        Do not output anything else except json format result.
        
2025-01-10 14:17:39,914 - INFO - ------answer------
2025-01-10 14:17:39,915 - INFO - ```json
{
"activity_or_fragment": "Unknown"
}
```
2025-01-10 14:18:12,763 - INFO - ------query_instructions------
2025-01-10 14:18:12,763 - INFO - ```json
{
    "task": "Set the sorting order for alarms by 'Day and Alarm time'",
    "activities_sequence": [
        {
            "activity": "com.simplemobiletools.clock.activities.MainActivity",
            "steps": [
                "1. Open the app and navigate to the 'Alarm' tab.",
                "2. Click on the 'Sort' menu item in the toolbar."
            ]
        },
        {
            "activity": "com.simplemobiletools.clock.activities.MainActivity",
            "steps": [
                "3. Select 'Day and Alarm time' from the sorting options in the dialog that appears."
            ]
        }
    ],
    "explanation": "because the 'Sort' menu item in the MainActivity allows the user to set the sorting order for alarms, and selecting 'Day and Alarm time' will sort the alarms accordingly."
}
```
2025-01-16 14:53:52,708 - INFO - This is a event:0
2025-01-16 14:53:52,800 - INFO - -----query_current_activity start query------
2025-01-16 14:53:52,802 - INFO - To achieve the task of setting the sorting order for alarms by 'Day and Alarm time', you will need to modify the code in the `MainActivity` or `SettingsActivity` where the alarms are managed and displayed. Here¡¯s a step-by-step guide on how you can approach this:

### Step 1: Identify the Data Structure
First, you need to identify where the alarms are stored and how they are currently being sorted. This is likely in the `MainActivity` where the alarms are displayed.

### Step 2: Modify the Sorting Logic
You need to modify the sorting logic to sort the alarms by 'Day and Alarm time'. This involves:

1. **Sorting by Day**: Ensure that the alarms are sorted by the day of the week.
2. **Sorting by Alarm Time**: Within each day, sort the alarms by their time.

### Step 3: Implement the Sorting Logic
Here¡¯s a sample implementation in Kotlin:

```kotlin
// Assuming you have a list of alarms
data class Alarm(val day: Int, val time: Long) // day: 0=Sunday, 1=Monday, ..., 6=Saturday

val alarms: List<Alarm> = // fetch alarms from your data source

// Sort by day and then by time
val sortedAlarms = alarms.sortedWith(compareBy({ it.day }, { it.time }))

// Update your UI or data source with the sorted alarms
```

### Step 4: Update the UI
After sorting the alarms, you need to update the UI to reflect the new order. This might involve refreshing the list or adapter that displays the alarms.

### Step 5: Add a Setting (Optional)
If you want to allow users to toggle this sorting option, you can add a new setting in the `SettingsActivity`.

1. **Add a New Checkbox in `SettingsActivity`**:
   - Add a new `RelativeLayout` and `MyAppCompatCheckbox` in the `activity_settings.xml` layout file.
   - Example:
     ```xml
     <RelativeLayout
         android:id="@+id/settings_sort_alarms_by_day_and_time_holder"
         style="@style/SettingsHolderCheckboxStyle">
         <com.simplemobiletools.commons.views.MyAppCompatCheckbox
             android:id="@+id/settings_sort_alarms_by_day_and_time"
             style="@style/SettingsCheckboxStyle"
             android:text="@string/sort_alarms_by_day_and_time" />
     </RelativeLayout>
     ```

2. **Handle the Checkbox State**:
   - In `SettingsActivity`, handle the state of the new checkbox and save the preference.
   - Example:
     ```kotlin
     val sortAlarmsByDayAndTimeCheckbox = findViewById<MyAppCompatCheckbox>(R.id.settings_sort_alarms_by_day_and_time)
     sortAlarmsByDayAndTimeCheckbox.isChecked = // load from preferences
     sortAlarmsByDayAndTimeCheckbox.setOnCheckedChangeListener { _, isChecked ->
         // save to preferences
     }
     ```

3. **Apply the Sorting Preference**:
   - In `MainActivity`, read the preference and apply the sorting logic accordingly.
   - Example:
     ```kotlin
     val sortByDayAndTime = // load from preferences
     val alarms = if (sortByDayAndTime) {
         alarms.sortedWith(compareBy({ it.day }, { it.time }))
     } else {
         alarms.sortedBy { it.time }
     }
     ```

### Step 6: Test the Changes
Finally, test the changes thoroughly to ensure that the alarms are sorted correctly by 'Day and Alarm time' and that the new setting works as expected.

By following these steps, you should be able to implement the desired sorting order for alarms in your app.

 Here is the information about the screen we are currently on.
Widget(content-desc: ATX notification: UIAutomator, class: android.widget.ImageView, position: (107, 1, 165, 74))
Widget(content-desc: Android System notification: , class: android.widget.ImageView, position: (165, 1, 223, 74))
Widget(resource-id: com.simplemobiletools.clock:id/action_bar_root, class: android.widget.FrameLayout, position: (0, 74, 1080, 2277))
Widget(resource-id: com.simplemobiletools.clock:id/main_coordinator, class: android.view.ViewGroup, position: (0, 74, 1080, 2277))
Widget(resource-id: com.simplemobiletools.clock:id/main_toolbar, class: android.view.ViewGroup, position: (0, 74, 1080, 242))
Widget(resource-id: com.simplemobiletools.clock:id/settings, content-desc: Settings, class: android.widget.Button, position: (826, 94, 953, 220))
Widget(resource-id: com.simplemobiletools.clock:id/about, content-desc: About, class: android.widget.Button, position: (953, 94, 1080, 220))
Widget(resource-id: com.simplemobiletools.clock:id/main_holder, class: android.widget.RelativeLayout, position: (0, 242, 1080, 2277))
Widget(resource-id: com.simplemobiletools.clock:id/view_pager, class: t4.i, position: (0, 242, 1080, 2109))
Widget(resource-id: com.simplemobiletools.clock:id/clock_fragment, class: android.view.ViewGroup, position: (0, 242, 1080, 2109))
Widget(resource-id: com.simplemobiletools.clock:id/clock_holder, class: android.widget.RelativeLayout, position: (0, 242, 1080, 2109))
Widget(resource-id: com.simplemobiletools.clock:id/clock_time, content-desc: 6:53:52 AM, text: 6:53:52 AM, class: android.widget.TextView, position: (0, 284, 1080, 494))
Widget(resource-id: com.simplemobiletools.clock:id/clock_date, content-desc: Thu, 16 Jan, text: Thu, 16 Jan, class: android.widget.TextView, position: (0, 494, 1080, 557))
Widget(resource-id: com.simplemobiletools.clock:id/clock_fab, class: android.widget.ImageButton, position: (891, 1920, 1038, 2067))
Widget(resource-id: com.simplemobiletools.clock:id/main_tabs_holder, class: android.widget.HorizontalScrollView, position: (0, 2109, 1080, 2277))
Widget(resource-id: com.simplemobiletools.clock:id/tab_item_holder, class: android.widget.LinearLayout, position: (98, 2141, 172, 2277))
Widget(resource-id: com.simplemobiletools.clock:id/tab_item_icon, class: android.widget.ImageView, position: (98, 2141, 172, 2215))
Widget(resource-id: com.simplemobiletools.clock:id/tab_item_label, text: Clock, class: android.widget.TextView, position: (102, 2215, 167, 2277))
Widget(text: Alarm, class: android.widget.LinearLayout, position: (270, 2109, 540, 2277))
Widget(resource-id: com.simplemobiletools.clock:id/tab_item_holder, class: android.widget.LinearLayout, position: (368, 2141, 442, 2277))
Widget(resource-id: com.simplemobiletools.clock:id/tab_item_icon, class: android.widget.ImageView, position: (368, 2141, 442, 2215))
Widget(resource-id: com.simplemobiletools.clock:id/tab_item_label, text: Alarm, class: android.widget.TextView, position: (370, 2215, 439, 2277))
Widget(text: Stopwatch, class: android.widget.LinearLayout, position: (540, 2109, 810, 2277))
Widget(resource-id: com.simplemobiletools.clock:id/tab_item_holder, class: android.widget.LinearLayout, position: (612, 2141, 737, 2277))
Widget(resource-id: com.simplemobiletools.clock:id/tab_item_icon, class: android.widget.ImageView, position: (637, 2141, 711, 2215))
Widget(resource-id: com.simplemobiletools.clock:id/tab_item_label, text: Stopwatch, class: android.widget.TextView, position: (612, 2215, 737, 2277))
Widget(text: Timer, class: android.widget.LinearLayout, position: (810, 2109, 1080, 2277))
Widget(resource-id: com.simplemobiletools.clock:id/tab_item_holder, class: android.widget.LinearLayout, position: (908, 2141, 982, 2277))
Widget(resource-id: com.simplemobiletools.clock:id/tab_item_icon, class: android.widget.ImageView, position: (908, 2141, 982, 2215))
Widget(resource-id: com.simplemobiletools.clock:id/tab_item_label, text: Timer, class: android.widget.TextView, position: (911, 2215, 979, 2277))


        I would like to know which activity/fragment we are currently on.
        Please respond in the following JSON format:
        {
        "activity_or_fragment": "TestActivity",
        }
        or 
        {
        "activity_or_fragment": "TestFragment",
        }
        If can not determine the activity/fragment,just output{
        "activity_or_fragment": "Unknown"
        }
        Do not output anything else except json format result.
        
2025-01-16 14:53:54,700 - INFO - ------answer------
2025-01-16 14:53:54,700 - INFO - ```json
{
"activity_or_fragment": "MainActivity"
}
```
2025-01-16 14:54:03,972 - INFO - ------query_instructions------
2025-01-16 14:54:03,973 - INFO - ```json
{
    "task": "Set the sorting order for alarms by 'Day and Alarm time'",
    "activities_sequence": [
        {
            "activity": "MainActivity",
            "steps": [
                "1. Open the app and navigate to the 'Alarm' tab.",
                "2. Click on the 'Sort' menu item in the toolbar."
            ]
        },
        {
            "activity": "MainActivity",
            "steps": [
                "3. Select 'Day and Alarm time' from the sorting options in the dialog that appears."
            ]
        }
    ],
    "explanation": "because the 'Sort' menu item in MainActivity allows the user to set the sorting order for alarms, and the dialog provides the option to sort by 'Day and Alarm time'."
}
```
