2025-01-17 00:30:14,918 - INFO - This is a event:0
2025-01-17 00:30:39,345 - INFO - -----query_current_activity start query------
2025-01-17 00:30:39,346 - INFO - To achieve the task of exporting contacts to a `.vcf` file named `classmate.vcf`, you need to navigate through the app's activities and identify the relevant UI elements and logic that handle contact export functionality. Based on the provided information, here's a step-by-step guide to accomplish this task:

### Step 1: Identify the Export Contacts Functionality
From the provided layout and activity details, the `SettingsActivity` contains a section for exporting contacts. Specifically, the `contacts_export` element in the `activity_settings` layout is responsible for exporting contacts to a `.vcf` file.

```xml
<RelativeLayout
    id="@+id/contacts_export_holder"
    style="@style/SettingsHolderTextViewOneLinerStyle">
    <com.simplemobiletools.commons.views.MyTextView
        id="@+id/contacts_export"
        style="@style/SettingsTextLabelStyle"
        text="@string/export_contacts_to_vcf" />
</RelativeLayout>
```

### Step 2: Navigate to the Export Contacts Option
1. **Launch the App**: Start the app, which will open the `SplashActivity` and then transition to the `MainActivity`.
2. **Open Settings**: From the `MainActivity`, navigate to the `SettingsActivity`. This is typically done by clicking on a settings icon or menu option in the `MainActivity`.
3. **Locate Export Option**: In the `SettingsActivity`, scroll down to find the "Export contacts to .vcf" option. This is represented by the `contacts_export` TextView.

### Step 3: Trigger the Export Process
1. **Click on Export Option**: Tap on the `contacts_export` TextView to trigger the export process.
2. **File Naming**: The app should prompt you to name the `.vcf` file. Enter `classmate.vcf` as the file name.
3. **Save Location**: Choose the desired location to save the `.vcf` file. This could be internal storage or an external SD card, depending on the app's implementation.

### Step 4: Verify the Export
1. **Check File System**: Navigate to the chosen save location and verify that the `classmate.vcf` file has been created.
2. **Verify Contents**: Open the `.vcf` file to ensure that all contacts have been exported correctly.

### Additional Considerations
- **Permissions**: Ensure that the app has the necessary permissions to read contacts and write to external storage.
- **Error Handling**: If the export fails, check for any error messages or logs that might indicate the cause of the failure.

### Code Implementation (if needed)
If you need to automate this process or implement it programmatically, you can use the following pseudo-code as a guide:

```java
// Assuming you are in the SettingsActivity
TextView exportContacts = findViewById(R.id.contacts_export);
exportContacts.setOnClickListener(new View.OnClickListener() {
    @Override
    public void onClick(View v) {
        // Trigger export logic
        exportContactsToVcf("classmate.vcf");
    }
});

private void exportContactsToVcf(String fileName) {
    // Implement the logic to export contacts to a .vcf file
    // This might involve querying the contacts database and writing to a file
    // Example:
    List<Contact> contacts = getContactsFromDatabase();
    String vcfContent = generateVcfContent(contacts);
    saveToFile(fileName, vcfContent);
}

private List<Contact> getContactsFromDatabase() {
    // Query the contacts database and return a list of Contact objects
    return new ArrayList<>();
}

private String generateVcfContent(List<Contact> contacts) {
    // Generate the .vcf content from the list of contacts
    StringBuilder vcfBuilder = new StringBuilder();
    for (Contact contact : contacts) {
        vcfBuilder.append("BEGIN:VCARD\n");
        vcfBuilder.append("VERSION:3.0\n");
        vcfBuilder.append("FN:").append(contact.getName()).append("\n");
        vcfBuilder.append("TEL:").append(contact.getPhoneNumber()).append("\n");
        vcfBuilder.append("END:VCARD\n");
    }
    return vcfBuilder.toString();
}

private void saveToFile(String fileName, String content) {
    // Save the content to a file with the given name
    try (FileOutputStream fos = new FileOutputStream(new File(getExternalFilesDir(null), fileName))) {
        fos.write(content.getBytes());
    } catch (IOException e) {
        e.printStackTrace();
    }
}
```

This pseudo-code provides a basic framework for exporting contacts to a `.vcf` file. You may need to adapt it based on the specific implementation details of the app and the Android version you are working with.

 Here is the information about the screen we are currently on.
Widget(resource-id: com.simplemobiletools.contacts.pro:id/action_bar_root, class: android.widget.FrameLayout, position: (0, 74, 1080, 2277))
Widget(resource-id: com.simplemobiletools.contacts.pro:id/main_coordinator, class: android.view.ViewGroup, position: (0, 74, 1080, 2277))
Widget(resource-id: com.simplemobiletools.contacts.pro:id/main_menu, class: android.widget.LinearLayout, position: (0, 74, 1080, 242))
Widget(resource-id: com.simplemobiletools.contacts.pro:id/top_app_bar_layout, class: android.widget.LinearLayout, position: (42, 74, 1038, 242))
Widget(resource-id: com.simplemobiletools.contacts.pro:id/top_toolbar_holder, class: android.widget.RelativeLayout, position: (42, 95, 1038, 221))
Widget(resource-id: com.simplemobiletools.contacts.pro:id/top_toolbar_search_icon, content-desc: Search, class: android.widget.ImageView, position: (42, 95, 147, 221))
Widget(resource-id: com.simplemobiletools.contacts.pro:id/top_toolbar_search, text: Search, class: android.widget.EditText, position: (147, 95, 626, 221))
Widget(resource-id: com.simplemobiletools.contacts.pro:id/top_toolbar, class: android.view.ViewGroup, position: (626, 95, 1027, 221))
Widget(resource-id: com.simplemobiletools.contacts.pro:id/sort, content-desc: Sort by, class: android.widget.Button, position: (668, 95, 795, 221))
Widget(resource-id: com.simplemobiletools.contacts.pro:id/filter, content-desc: Filter, class: android.widget.Button, position: (795, 95, 922, 221))
Widget(content-desc: More options, class: android.widget.ImageView, position: (922, 95, 1027, 221))
Widget(resource-id: com.simplemobiletools.contacts.pro:id/main_holder, class: android.view.ViewGroup, position: (0, 242, 1080, 2277))
Widget(resource-id: com.simplemobiletools.contacts.pro:id/view_pager, class: p4.i, position: (0, 242, 1080, 2109))
Widget(resource-id: com.simplemobiletools.contacts.pro:id/contacts_fragment, class: android.view.ViewGroup, position: (0, 242, 1080, 2109))
Widget(resource-id: com.simplemobiletools.contacts.pro:id/fragment_wrapper, class: android.widget.RelativeLayout, position: (0, 242, 1080, 2109))
Widget(resource-id: com.simplemobiletools.contacts.pro:id/fragment_list, class: androidx.recyclerview.widget.RecyclerView, position: (0, 242, 1080, 2109))
Widget(resource-id: com.simplemobiletools.contacts.pro:id/item_contact_frame, text: Alice, class: android.view.ViewGroup, position: (0, 242, 1080, 410))
Widget(resource-id: com.simplemobiletools.contacts.pro:id/item_contact_image, class: android.widget.ImageView, position: (43, 263, 169, 389))
Widget(resource-id: com.simplemobiletools.contacts.pro:id/item_contact_name, text: Alice, class: android.widget.TextView, position: (169, 298, 1048, 355))
Widget(resource-id: com.simplemobiletools.contacts.pro:id/item_contact_frame, text: Jack, class: android.view.ViewGroup, position: (0, 415, 1080, 583))
Widget(resource-id: com.simplemobiletools.contacts.pro:id/item_contact_image, class: android.widget.ImageView, position: (43, 436, 169, 562))
Widget(resource-id: com.simplemobiletools.contacts.pro:id/item_contact_name, text: Jack, class: android.widget.TextView, position: (169, 471, 1048, 528))
Widget(resource-id: com.simplemobiletools.contacts.pro:id/item_contact_frame, text: stephen.bob@example.com, class: android.view.ViewGroup, position: (0, 588, 1080, 756))
Widget(resource-id: com.simplemobiletools.contacts.pro:id/item_contact_image, class: android.widget.ImageView, position: (43, 609, 169, 735))
Widget(resource-id: com.simplemobiletools.contacts.pro:id/item_contact_name, text: stephen.bob@example.com, class: android.widget.TextView, position: (169, 644, 1048, 701))
Widget(resource-id: com.simplemobiletools.contacts.pro:id/item_contact_frame, text: 12345678900, class: android.view.ViewGroup, position: (0, 761, 1080, 929))
Widget(resource-id: com.simplemobiletools.contacts.pro:id/item_contact_image, class: android.widget.ImageView, position: (43, 782, 169, 908))
Widget(resource-id: com.simplemobiletools.contacts.pro:id/item_contact_name, text: 12345678900, class: android.widget.TextView, position: (169, 817, 1048, 874))
Widget(resource-id: com.simplemobiletools.contacts.pro:id/item_contact_frame, text: 12345678900123123456789001234567890045678900, class: android.view.ViewGroup, position: (0, 934, 1080, 1102))
Widget(resource-id: com.simplemobiletools.contacts.pro:id/item_contact_image, class: android.widget.ImageView, position: (43, 955, 169, 1081))
Widget(resource-id: com.simplemobiletools.contacts.pro:id/item_contact_name, text: 12345678900123123456789001234567890045678900, class: android.widget.TextView, position: (169, 990, 1048, 1047))
Widget(resource-id: com.simplemobiletools.contacts.pro:id/letter_fastscroller_thumb, class: android.view.ViewGroup, position: (807, 242, 954, 593))
Widget(resource-id: com.simplemobiletools.contacts.pro:id/letter_fastscroller, text: A
J
S
1, class: android.widget.LinearLayout, position: (996, 242, 1080, 593))
Widget(text: A
J
S
1, class: android.widget.TextView, position: (996, 305, 1080, 530))
Widget(resource-id: com.simplemobiletools.contacts.pro:id/fragment_fab, content-desc: Create new contact, class: android.widget.ImageButton, position: (891, 1920, 1038, 2067))
Widget(resource-id: com.simplemobiletools.contacts.pro:id/main_dialpad_button, content-desc: Dialpad, class: android.widget.ImageView, position: (461, 1909, 619, 2067))
Widget(resource-id: com.simplemobiletools.contacts.pro:id/main_tabs_holder, class: android.widget.HorizontalScrollView, position: (0, 2109, 1080, 2277))
Widget(resource-id: com.simplemobiletools.contacts.pro:id/tab_item_holder, class: android.widget.LinearLayout, position: (127, 2141, 232, 2277))
Widget(resource-id: com.simplemobiletools.contacts.pro:id/tab_item_icon, class: android.widget.ImageView, position: (142, 2141, 216, 2215))
Widget(resource-id: com.simplemobiletools.contacts.pro:id/tab_item_label, text: Contacts, class: android.widget.TextView, position: (127, 2215, 232, 2277))
Widget(text: Favorites, class: android.widget.LinearLayout, position: (360, 2109, 720, 2277))
Widget(resource-id: com.simplemobiletools.contacts.pro:id/tab_item_holder, class: android.widget.LinearLayout, position: (486, 2141, 593, 2277))
Widget(resource-id: com.simplemobiletools.contacts.pro:id/tab_item_icon, class: android.widget.ImageView, position: (502, 2141, 576, 2215))
Widget(resource-id: com.simplemobiletools.contacts.pro:id/tab_item_label, text: Favorites, class: android.widget.TextView, position: (486, 2215, 593, 2277))
Widget(text: Groups, class: android.widget.LinearLayout, position: (720, 2109, 1080, 2277))
Widget(resource-id: com.simplemobiletools.contacts.pro:id/tab_item_holder, class: android.widget.LinearLayout, position: (858, 2141, 942, 2277))
Widget(resource-id: com.simplemobiletools.contacts.pro:id/tab_item_icon, class: android.widget.ImageView, position: (863, 2141, 937, 2215))
Widget(resource-id: com.simplemobiletools.contacts.pro:id/tab_item_label, text: Groups, class: android.widget.TextView, position: (858, 2215, 942, 2277))
Widget(content-desc: Speakerphone enabled., class: android.widget.ImageView, position: (819, 8, 866, 66))


        I would like to know which activity/fragment we are currently on.
        Please respond in the following JSON format:
        {
        "activity_or_fragment": "TestActivity",
        }
        or 
        {
        "activity_or_fragment": "TestFragment",
        }
        If can not determine the activity/fragment,just output{
        "activity_or_fragment": "Unknown"
        }
        Do not output anything else except json format result.
        
2025-01-17 00:30:41,486 - INFO - ------answer------
2025-01-17 00:30:41,487 - INFO - ```json
{
"activity_or_fragment": "Unknown"
}
```
2025-01-17 00:31:09,640 - INFO - ------query_instructions------
2025-01-17 00:31:09,640 - INFO - ```json
{
    "task": "Export contacts to a .vcf file 'classmate.vcf'",
    "activities_sequence": [
        {
            "activity": "MainActivity",
            "steps": [
                "1. Open the app and navigate to the MainActivity.",
                "2. Click on the 'Settings' menu item to open the SettingsActivity."
            ]
        },
        {
            "activity": "SettingsActivity",
            "steps": [
                "3. Scroll down to the 'Backups' section.",
                "4. Click on the 'Export contacts to VCF' option.",
                "5. Choose the export location and specify the file name as 'classmate.vcf'.",
                "6. Confirm the export action."
            ]
        }
    ],
    "explanation": "because the SettingsActivity contains the functionality to export contacts to a VCF file, which is accessible from the MainActivity."
}
```
