2025-01-18 10:53:53,595 - INFO - This is a event:0
2025-01-18 10:54:19,891 - INFO - -----query_current_activity start query------
2025-01-18 10:54:19,894 - INFO - To achieve the task of "taking a selfie" in the given Android app, you need to interact with the `MainActivity` of the app, which is the primary activity responsible for handling the camera functionality. Here's a step-by-step breakdown of how to accomplish this:

---

### **Step 1: Launch the App**
The app starts with the `SplashActivity`, which likely transitions to the `MainActivity` after a brief delay or initialization. Ensure the app is launched and the `MainActivity` is active.

---

### **Step 2: Switch to Front Camera**
In the `MainActivity`, the camera preview is displayed in the `PreviewView` with the ID `@+id/preview_view`. To take a selfie, you need to switch to the front camera. This is typically done by interacting with the `ImageView` with the ID `@+id/toggle_camera`, which toggles between the front and rear cameras.

- **Action**: Click the `ImageView` with ID `@+id/toggle_camera`.

---

### **Step 3: Configure Camera Settings (Optional)**
Before taking the selfie, you may want to configure some settings:
1. **Flash**: The flash settings are controlled by the `MaterialButtonToggleGroup` with ID `@+id/flash_toggle_group` in the included layout `@layout/layout_flash`. You can select one of the following options:
   - `@+id/flash_off`: Flash off
   - `@+id/flash_auto`: Flash auto
   - `@+id/flash_on`: Flash on
   - `@+id/flash_always_on`: Flash always on

   For a selfie, you likely want the flash off (`@+id/flash_off`).

2. **Timer**: If you want to use a timer, interact with the `MaterialButtonToggleGroup` with ID `@+id/timer_toggle_group` in the included layout `@layout/layout_timer`. Options include:
   - `@+id/timer_off`: No timer
   - `@+id/timer_3s`: 3-second timer
   - `@+id/timer_5s`: 5-second timer
   - `@+id/timer_10_s`: 10-second timer

   For a selfie, you might want to set a short timer (e.g., `@+id/timer_3s`).

---

### **Step 4: Take the Photo**
The shutter button is represented by the `ImageView` with the ID `@+id/shutter`. Clicking this button will capture the photo.

- **Action**: Click the `ImageView` with ID `@+id/shutter`.

---

### **Step 5: Review the Photo (Optional)**
After taking the photo, you can review it by clicking the `ImageView` with the ID `@+id/last_photo_video_preview`. This will display the last captured photo or video.

---

### **Summary of Actions**
1. Launch the app and ensure `MainActivity` is active.
2. Switch to the front camera by clicking `@+id/toggle_camera`.
3. (Optional) Configure flash and timer settings using the respective toggle groups.
4. Capture the photo by clicking `@+id/shutter`.
5. (Optional) Review the photo by clicking `@+id/last_photo_video_preview`.

---

### **Code Example (UI Automation)**
If you're automating this process using a tool like **UI Automator** or **Appium**, here¡¯s a pseudocode example:

```java
// Launch the app and wait for MainActivity
launchApp("com.simplemobiletools.camera");
waitForActivity("com.simplemobiletools.camera.activities.MainActivity");

// Switch to front camera
clickElementById("com.simplemobiletools.camera:id/toggle_camera");

// (Optional) Set flash to off
clickElementById("com.simplemobiletools.camera:id/flash_off");

// (Optional) Set a 3-second timer
clickElementById("com.simplemobiletools.camera:id/timer_3s");

// Take the photo
clickElementById("com.simplemobiletools.camera:id/shutter");

// (Optional) Review the photo
clickElementById("com.simplemobiletools.camera:id/last_photo_video_preview");
```

---

### **Key IDs to Remember**
- `@+id/toggle_camera`: Toggle between front and rear cameras.
- `@+id/shutter`: Capture the photo.
- `@+id/flash_toggle_group`: Flash settings.
- `@+id/timer_toggle_group`: Timer settings.
- `@+id/last_photo_video_preview`: Review the last captured photo.

By following these steps, you should be able to successfully take a selfie using the app.

 Here is the information about the screen we are currently on.
Widget(resource-id: com.simplemobiletools.camera:id/action_bar_root, class: android.widget.FrameLayout, position: (0, 0, 1080, 2277))
Widget(resource-id: com.simplemobiletools.camera:id/view_holder, class: android.view.ViewGroup, position: (0, 0, 1080, 2277))
Widget(resource-id: com.simplemobiletools.camera:id/preview_view, class: android.widget.FrameLayout, position: (0, 0, 1080, 2277))
Widget(resource-id: com.simplemobiletools.camera:id/top_options, class: android.widget.FrameLayout, position: (0, 0, 1080, 147))
Widget(resource-id: com.simplemobiletools.camera:id/layout_top, class: android.widget.LinearLayout, position: (0, 0, 1080, 147))
Widget(resource-id: com.simplemobiletools.camera:id/toggle_timer, content-desc: Toggle the timer mode, class: android.widget.Button, position: (0, 0, 360, 147))
Widget(resource-id: com.simplemobiletools.camera:id/change_resolution, content-desc: Resolution, class: android.widget.Button, position: (360, 0, 720, 147))
Widget(resource-id: com.simplemobiletools.camera:id/settings, content-desc: Settings, class: android.widget.Button, position: (720, 0, 1080, 147))
Widget(resource-id: com.simplemobiletools.camera:id/bottom_overlay, class: android.view.View, position: (0, 1825, 1080, 2277))
Widget(resource-id: com.simplemobiletools.camera:id/camera_mode_holder, class: android.widget.RelativeLayout, position: (0, 1825, 1080, 2035))
Widget(resource-id: com.simplemobiletools.camera:id/camera_mode_tab, class: android.widget.HorizontalScrollView, position: (0, 1846, 1080, 1972))
Widget(content-desc: Video, text: Video, class: android.widget.LinearLayout, position: (351, 1846, 540, 1972))
Widget(text: Video, class: android.widget.TextView, position: (397, 1883, 494, 1934))
Widget(content-desc: Photo, class: android.widget.LinearLayout, position: (540, 1846, 729, 1972))
Widget(text: Photo, class: android.widget.TextView, position: (584, 1883, 684, 1934))
Widget(resource-id: com.simplemobiletools.camera:id/toggle_camera, content-desc: Toggle front/back camera, class: android.widget.ImageView, position: (150, 2056, 297, 2203))
Widget(resource-id: com.simplemobiletools.camera:id/shutter, content-desc: Shutter, class: android.widget.ImageView, position: (446, 2035, 635, 2224))
Widget(resource-id: com.simplemobiletools.camera:id/last_photo_video_preview, content-desc: View last captured media, class: android.widget.ImageView, position: (784, 2056, 931, 2203))


        I would like to know which activity/fragment we are currently on.
        Please respond in the following JSON format:
        {
        "activity_or_fragment": "TestActivity",
        }
        or 
        {
        "activity_or_fragment": "TestFragment",
        }
        If can not determine the activity/fragment,just output{
        "activity_or_fragment": "Unknown"
        }
        Do not output anything else except json format result.
        
2025-01-18 10:54:21,965 - INFO - ------answer------
2025-01-18 10:54:21,966 - INFO - ```json
{
  "activity_or_fragment": "MainActivity"
}
```
2025-01-18 10:54:31,952 - INFO - ------query_instructions------
2025-01-18 10:54:31,952 - INFO - ```json
{
    "task": "take a selfie",
    "activities_sequence": [
        {
            "activity": "com.simplemobiletools.camera.activities.SplashActivity",
            "steps": [
                "1. Launch the app, which starts with SplashActivity.",
                "2. The SplashActivity initializes and transitions to MainActivity."
            ]
        },
        {
            "activity": "com.simplemobiletools.camera.activities.MainActivity",
            "steps": [
                "3. Ensure the camera is in photo mode by checking the camera mode tab.",
                "4. Tap the 'toggle camera' button to switch to the front camera.",
                "5. Adjust the camera preview to frame yourself properly.",
                "6. Tap the 'shutter' button to take the selfie.",
                "7. View the captured selfie in the last photo preview."
            ]
        }
    ],
    "explanation": "because the MainActivity contains the camera functionality, including the ability to switch to the front camera and capture photos."
}
```
