2025-01-17 23:18:35,042 - INFO - This is a event:0
2025-01-17 23:18:55,357 - INFO - -----query_current_activity start query------
2025-01-17 23:18:55,366 - INFO - To achieve the task of deleting Bob's message records in the app, you need to navigate through the app's activities and interact with the relevant UI elements. Based on the provided layout and activity information, here's a step-by-step guide to accomplish this:

### Step 1: Open the Main Activity
- **Activity**: `com.simplemobiletools.smsmessenger.activities.MainActivity`
- **Purpose**: This is the main screen where you can view all conversations.

### Step 2: Locate Bob's Conversation
- **UI Element**: `com.simplemobiletools.commons.views.MyRecyclerView` with `id:@+id/conversations_list`
- **Action**: Scroll through the list of conversations in the `conversations_list` RecyclerView to find Bob's conversation.

### Step 3: Open Bob's Conversation
- **UI Element**: The specific item in the `conversations_list` that represents Bob's conversation.
- **Action**: Click on Bob's conversation to open the `ThreadActivity`.

### Step 4: Navigate to Thread Activity
- **Activity**: `com.simplemobiletools.smsmessenger.activities.ThreadActivity`
- **Purpose**: This activity displays the messages in the selected conversation.

### Step 5: Access the Menu Options
- **UI Element**: `com.google.android.material.appbar.MaterialToolbar` with `id:@+id/thread_toolbar`
- **Action**: Click on the menu icon (usually represented by three dots) in the toolbar to access additional options.

### Step 6: Select the Delete Option
- **UI Element**: The menu item that corresponds to deleting the conversation or messages.
- **Action**: Select the "Delete" option from the menu. This might open a confirmation dialog.

### Step 7: Confirm Deletion
- **UI Element**: Confirmation dialog (if any).
- **Action**: Confirm the deletion by clicking "OK" or "Delete" in the confirmation dialog.

### Step 8: Verify Deletion
- **Action**: Navigate back to the `MainActivity` and ensure that Bob's conversation is no longer listed in the `conversations_list`.

### Additional Notes:
- If the app has a recycle bin feature, deleted messages might be moved to the recycle bin instead of being permanently deleted. You can check the `RecycleBinConversationsActivity` to see if Bob's messages are there.
- If you need to delete individual messages within the conversation, you might need to long-press on a message in the `ThreadActivity` to select it and then choose the delete option from the context menu.

### Example Code Snippet (Pseudo-code):
```java
// Open MainActivity
startActivity(new Intent(this, MainActivity.class));

// Locate and click on Bob's conversation in the RecyclerView
RecyclerView conversationsList = findViewById(R.id.conversations_list);
conversationsList.findViewHolderForAdapterPosition(bobConversationPosition).itemView.performClick();

// Open ThreadActivity
startActivity(new Intent(this, ThreadActivity.class));

// Access the menu and select delete option
Toolbar toolbar = findViewById(R.id.thread_toolbar);
toolbar.getMenu().findItem(R.id.menu_delete).performClick();

// Confirm deletion
AlertDialog deleteDialog = ...; // Get the delete confirmation dialog
deleteDialog.getButton(DialogInterface.BUTTON_POSITIVE).performClick();

// Verify deletion
startActivity(new Intent(this, MainActivity.class));
assertFalse(conversationsList.getAdapter().contains(bobConversation));
```

This pseudo-code provides a high-level overview of the steps involved. The actual implementation will depend on the specific methods and UI interactions available in the app.

 Here is the information about the screen we are currently on.
Widget(content-desc: ATX notification: UIAutomator, class: android.widget.ImageView, position: (107, 1, 165, 74))
Widget(content-desc: Android System notification: , class: android.widget.ImageView, position: (165, 1, 223, 74))
Widget(resource-id: com.simplemobiletools.smsmessenger:id/action_bar_root, class: android.widget.FrameLayout, position: (0, 0, 1080, 2277))
Widget(resource-id: com.simplemobiletools.smsmessenger:id/main_coordinator, class: android.widget.ScrollView, position: (0, 74, 1080, 2277))
Widget(resource-id: com.simplemobiletools.smsmessenger:id/main_menu, class: android.widget.LinearLayout, position: (0, 74, 1080, 242))
Widget(resource-id: com.simplemobiletools.smsmessenger:id/top_app_bar_layout, class: android.widget.LinearLayout, position: (42, 74, 1038, 242))
Widget(resource-id: com.simplemobiletools.smsmessenger:id/top_toolbar_holder, class: android.widget.RelativeLayout, position: (42, 95, 1038, 221))
Widget(resource-id: com.simplemobiletools.smsmessenger:id/top_toolbar_search_icon, content-desc: Search, class: android.widget.ImageView, position: (42, 95, 147, 221))
Widget(resource-id: com.simplemobiletools.smsmessenger:id/top_toolbar_search, text: Search, class: android.widget.EditText, position: (147, 95, 626, 221))
Widget(resource-id: com.simplemobiletools.smsmessenger:id/top_toolbar, class: android.view.ViewGroup, position: (626, 95, 1027, 221))
Widget(resource-id: com.simplemobiletools.smsmessenger:id/settings, content-desc: Settings, class: android.widget.Button, position: (668, 95, 795, 221))
Widget(resource-id: com.simplemobiletools.smsmessenger:id/about, content-desc: About, class: android.widget.Button, position: (795, 95, 922, 221))
Widget(content-desc: More options, class: android.widget.ImageView, position: (922, 95, 1027, 221))
Widget(resource-id: com.simplemobiletools.smsmessenger:id/main_nested_scrollview, class: android.widget.RelativeLayout, position: (0, 242, 1080, 2277))
Widget(resource-id: com.simplemobiletools.smsmessenger:id/main_coordinator_wrapper, class: android.view.ViewGroup, position: (0, 242, 1080, 2277))
Widget(resource-id: com.simplemobiletools.smsmessenger:id/main_holder, class: android.widget.RelativeLayout, position: (0, 242, 1080, 2277))
Widget(resource-id: com.simplemobiletools.smsmessenger:id/conversations_fastscroller, class: android.widget.RelativeLayout, position: (0, 242, 1080, 2277))
Widget(resource-id: com.simplemobiletools.smsmessenger:id/conversations_list, class: androidx.recyclerview.widget.RecyclerView, position: (0, 242, 1080, 2277))
Widget(resource-id: com.simplemobiletools.smsmessenger:id/conversation_frame, text: Alice, class: android.widget.FrameLayout, position: (0, 242, 1080, 496))
Widget(resource-id: com.simplemobiletools.smsmessenger:id/conversation_holder, class: android.widget.RelativeLayout, position: (0, 242, 1080, 496))
Widget(resource-id: com.simplemobiletools.smsmessenger:id/conversation_image, class: android.widget.ImageView, position: (43, 284, 169, 454))
Widget(resource-id: com.simplemobiletools.smsmessenger:id/pin_indicator_l, class: android.widget.RelativeLayout, position: (43, 284, 169, 454))
Widget(resource-id: com.simplemobiletools.smsmessenger:id/conversation_address, text: Alice, class: android.widget.TextView, position: (201, 284, 1048, 352))
Widget(resource-id: com.simplemobiletools.smsmessenger:id/draft_indicator, text: Draft, class: android.widget.TextView, position: (201, 352, 292, 403))
Widget(resource-id: com.simplemobiletools.smsmessenger:id/conversation_body_short, text: I-love-youI-love-you, class: android.widget.TextView, position: (292, 352, 1048, 403))
Widget(resource-id: com.simplemobiletools.smsmessenger:id/conversation_date, text: 02:31 PM, class: android.widget.TextView, position: (201, 408, 1048, 454))
Widget(resource-id: com.simplemobiletools.smsmessenger:id/conversation_frame, text: Bob, class: android.widget.FrameLayout, position: (0, 501, 1080, 755))
Widget(resource-id: com.simplemobiletools.smsmessenger:id/conversation_holder, class: android.widget.RelativeLayout, position: (0, 501, 1080, 755))
Widget(resource-id: com.simplemobiletools.smsmessenger:id/conversation_image, class: android.widget.ImageView, position: (43, 543, 169, 713))
Widget(resource-id: com.simplemobiletools.smsmessenger:id/pin_indicator_l, class: android.widget.RelativeLayout, position: (43, 543, 169, 713))
Widget(resource-id: com.simplemobiletools.smsmessenger:id/conversation_address, text: Bob, class: android.widget.TextView, position: (201, 543, 1048, 611))
Widget(resource-id: com.simplemobiletools.smsmessenger:id/conversation_body_short, text: Eee, class: android.widget.TextView, position: (201, 611, 1048, 662))
Widget(resource-id: com.simplemobiletools.smsmessenger:id/conversation_date, text: 11:29 AM, class: android.widget.TextView, position: (201, 667, 1048, 713))
Widget(resource-id: com.simplemobiletools.smsmessenger:id/trackView, class: android.widget.LinearLayout, position: (1012, 242, 1080, 2277))
Widget(resource-id: com.simplemobiletools.smsmessenger:id/conversations_fab, class: android.widget.ImageButton, position: (891, 2088, 1038, 2235))


        I would like to know which activity/fragment we are currently on.
        Please respond in the following JSON format:
        {
        "activity_or_fragment": "TestActivity",
        }
        or 
        {
        "activity_or_fragment": "TestFragment",
        }
        If can not determine the activity/fragment,just output{
        "activity_or_fragment": "Unknown"
        }
        Do not output anything else except json format result.
        
2025-01-17 23:18:56,959 - INFO - ------answer------
2025-01-17 23:18:56,959 - INFO - ```json
{
"activity_or_fragment": "MainActivity"
}
```
2025-01-17 23:19:13,623 - INFO - ------query_instructions------
2025-01-17 23:19:13,624 - INFO - ```json
{
    "task": "Delete and Bob's message records",
    "activities_sequence": [
        {
            "activity": "MainActivity",
            "steps": [
                "1. Open the app and navigate to the conversation with Bob.",
                "2. Long press on the conversation to select it.",
                "3. Tap on the delete option in the menu."
            ]
        },
        {
            "activity": "RecycleBinConversationsActivity",
            "steps": [
                "4. Navigate to the Recycle Bin from the main menu.",
                "5. Locate Bob's conversation in the Recycle Bin.",
                "6. Long press on the conversation to select it.",
                "7. Tap on the delete option to permanently delete the conversation."
            ]
        }
    ],
    "explanation": "because the MainActivity allows you to delete conversations, and the RecycleBinConversationsActivity allows you to permanently delete conversations from the Recycle Bin."
}
```
