2025-01-16 19:11:24,338 - INFO - This is a event:0
2025-01-16 19:11:43,575 - INFO - -----query_current_activity start query------
2025-01-16 19:11:43,579 - INFO - To achieve the task of checking the total storage of your phone, you need to navigate through the app's activities and layouts to find a suitable place where storage information might be displayed or where you can trigger a storage check. Based on the provided activities and layouts, here¡¯s a step-by-step approach:

### Step 1: Identify Relevant Activities
From the list of activities, the most relevant ones for checking storage would likely be:
- **MainActivity**: This is typically the main screen where file management and storage information might be displayed.
- **SettingsActivity**: Sometimes, storage information or settings related to storage are found in the settings section.

### Step 2: Analyze MainActivity Layout
In the `MainActivity`, the layout `R.layout.activity_main` contains the following elements:
- `CoordinatorLayout` with id `@+id/main_coordinator`
- `MySearchMenu` with id `@+id/main_menu`
- `RelativeLayout` with id `@+id/main_holder`
- `MyViewPager` with id `@+id/main_view_pager`
- `TabLayout` with id `@+id/main_tabs_holder`

The `MyViewPager` suggests that there might be multiple tabs or fragments within the main activity, which could include a storage or file management section.

### Step 3: Analyze SettingsActivity Layout
In the `SettingsActivity`, the layout `R.layout.activity_settings` contains various settings options, but none directly related to storage. However, settings related to file operations and visibility might indirectly affect storage management.

### Step 4: Determine the Best Approach
Given the layouts, the best approach would be to:
1. **Navigate to MainActivity**: This is likely where storage information is displayed.
2. **Check for Storage Information**: Look for any UI elements that display storage usage, such as a progress bar, text view, or a dedicated section for storage.
3. **Use the Search Functionality**: If available, use the search menu (`@+id/main_menu`) to search for storage-related options or information.

### Step 5: Implement the Task
If you are writing code to automate this task, you would:
1. Launch the `MainActivity`.
2. Locate the `MyViewPager` and navigate through its tabs to find the storage section.
3. Extract the storage information from the relevant UI elements.

### Example Code (Pseudocode)
```java
// Launch MainActivity
launchActivity("com.simplemobiletools.filemanager.pro.activities.MainActivity");

// Locate the MyViewPager
MyViewPager viewPager = findViewByID("main_view_pager");

// Navigate through tabs to find the storage section
for (int i = 0; i < viewPager.getTabCount(); i++) {
    viewPager.setCurrentItem(i);
    // Check if the current tab contains storage information
    if (currentTabContainsStorageInfo()) {
        // Extract and display storage information
        displayStorageInfo();
        break;
    }
}

// Function to check if the current tab contains storage information
boolean currentTabContainsStorageInfo() {
    // Logic to check for storage-related UI elements
    return findViewByID("storage_info_text_view") != null;
}

// Function to display storage information
void displayStorageInfo() {
    TextView storageInfoTextView = findViewByID("storage_info_text_view");
    String storageInfo = storageInfoTextView.getText().toString();
    System.out.println("Storage Information: " + storageInfo);
}
```

### Conclusion
By navigating through the `MainActivity` and checking the `MyViewPager` tabs, you should be able to find and display the total storage information of your phone. If the storage information is not directly visible, you might need to explore further or use additional functionalities like search to locate it.

 Here is the information about the screen we are currently on.
Widget(content-desc: ATX notification: UIAutomator, class: android.widget.ImageView, position: (128, 1, 186, 74))
Widget(content-desc: Android System notification: , class: android.widget.ImageView, position: (186, 1, 244, 74))
Widget(resource-id: com.simplemobiletools.filemanager.pro:id/action_bar_root, class: android.widget.FrameLayout, position: (0, 74, 1080, 2277))
Widget(resource-id: com.simplemobiletools.filemanager.pro:id/main_coordinator, class: android.view.ViewGroup, position: (0, 74, 1080, 2277))
Widget(resource-id: com.simplemobiletools.filemanager.pro:id/main_menu, class: android.widget.LinearLayout, position: (0, 74, 1080, 242))
Widget(resource-id: com.simplemobiletools.filemanager.pro:id/top_app_bar_layout, class: android.widget.LinearLayout, position: (42, 74, 1038, 242))
Widget(resource-id: com.simplemobiletools.filemanager.pro:id/top_toolbar_holder, class: android.widget.RelativeLayout, position: (42, 95, 1038, 221))
Widget(resource-id: com.simplemobiletools.filemanager.pro:id/top_toolbar_search_icon, content-desc: Search, class: android.widget.ImageView, position: (42, 95, 147, 221))
Widget(resource-id: com.simplemobiletools.filemanager.pro:id/top_toolbar_search, text: Search, class: android.widget.EditText, position: (147, 95, 626, 221))
Widget(resource-id: com.simplemobiletools.filemanager.pro:id/top_toolbar, class: android.view.ViewGroup, position: (626, 95, 1027, 221))
Widget(resource-id: com.simplemobiletools.filemanager.pro:id/go_to_favorite, content-desc: Go to favorite, class: android.widget.Button, position: (668, 95, 795, 221))
Widget(resource-id: com.simplemobiletools.filemanager.pro:id/sort, content-desc: Sort by, class: android.widget.Button, position: (795, 95, 922, 221))
Widget(content-desc: More options, class: android.widget.ImageView, position: (922, 95, 1027, 221))
Widget(resource-id: com.simplemobiletools.filemanager.pro:id/main_holder, class: android.widget.RelativeLayout, position: (0, 242, 1080, 2277))
Widget(resource-id: com.simplemobiletools.filemanager.pro:id/main_view_pager, class: androidx.viewpager.widget.m, position: (0, 242, 1080, 2109))
Widget(resource-id: com.simplemobiletools.filemanager.pro:id/items_fragment, class: android.widget.RelativeLayout, position: (0, 242, 1080, 2109))
Widget(resource-id: com.simplemobiletools.filemanager.pro:id/items_coordinator, class: android.view.ViewGroup, position: (0, 242, 1080, 2109))
Widget(resource-id: com.simplemobiletools.filemanager.pro:id/items_wrapper, class: android.widget.RelativeLayout, position: (0, 242, 1080, 2109))
Widget(resource-id: com.simplemobiletools.filemanager.pro:id/breadcrumbs, class: android.widget.HorizontalScrollView, position: (0, 263, 1080, 411))
Widget(resource-id: com.simplemobiletools.filemanager.pro:id/breadcrumb_text, text: Internal, class: android.widget.TextView, position: (47, 274, 247, 400))
Widget(resource-id: com.simplemobiletools.filemanager.pro:id/items_swipe_refresh, class: android.view.ViewGroup, position: (0, 411, 1080, 2109))
Widget(resource-id: com.simplemobiletools.filemanager.pro:id/items_fastscroller, class: android.widget.RelativeLayout, position: (0, 411, 1080, 2109))
Widget(resource-id: com.simplemobiletools.filemanager.pro:id/items_list, class: androidx.recyclerview.widget.RecyclerView, position: (0, 411, 1080, 2109))
Widget(resource-id: com.simplemobiletools.filemanager.pro:id/item_frame, text: Alarms, class: android.widget.FrameLayout, position: (0, 411, 1080, 563))
Widget(resource-id: com.simplemobiletools.filemanager.pro:id/item_holder, class: android.view.ViewGroup, position: (0, 416, 1080, 558))
Widget(resource-id: com.simplemobiletools.filemanager.pro:id/item_icon, class: android.widget.ImageView, position: (11, 416, 153, 558))
Widget(resource-id: com.simplemobiletools.filemanager.pro:id/item_name, text: Alarms, class: android.widget.TextView, position: (153, 424, 1027, 487))
Widget(resource-id: com.simplemobiletools.filemanager.pro:id/item_details, text: 0 items, class: android.widget.TextView, position: (153, 487, 1027, 550))
Widget(resource-id: com.simplemobiletools.filemanager.pro:id/item_frame, text: Android, class: android.widget.FrameLayout, position: (0, 568, 1080, 720))
Widget(resource-id: com.simplemobiletools.filemanager.pro:id/item_holder, class: android.view.ViewGroup, position: (0, 573, 1080, 715))
Widget(resource-id: com.simplemobiletools.filemanager.pro:id/item_icon, class: android.widget.ImageView, position: (11, 573, 153, 715))
Widget(resource-id: com.simplemobiletools.filemanager.pro:id/item_name, text: Android, class: android.widget.TextView, position: (153, 581, 1027, 644))
Widget(resource-id: com.simplemobiletools.filemanager.pro:id/item_details, text: 3 items, class: android.widget.TextView, position: (153, 644, 1027, 707))
Widget(resource-id: com.simplemobiletools.filemanager.pro:id/item_frame, text: Audiobooks, class: android.widget.FrameLayout, position: (0, 725, 1080, 877))
Widget(resource-id: com.simplemobiletools.filemanager.pro:id/item_holder, class: android.view.ViewGroup, position: (0, 730, 1080, 872))
Widget(resource-id: com.simplemobiletools.filemanager.pro:id/item_icon, class: android.widget.ImageView, position: (11, 730, 153, 872))
Widget(resource-id: com.simplemobiletools.filemanager.pro:id/item_name, text: Audiobooks, class: android.widget.TextView, position: (153, 738, 1027, 801))
Widget(resource-id: com.simplemobiletools.filemanager.pro:id/item_details, text: 0 items, class: android.widget.TextView, position: (153, 801, 1027, 864))
Widget(resource-id: com.simplemobiletools.filemanager.pro:id/item_frame, text: DCIM, class: android.widget.FrameLayout, position: (0, 882, 1080, 1034))
Widget(resource-id: com.simplemobiletools.filemanager.pro:id/item_holder, class: android.view.ViewGroup, position: (0, 887, 1080, 1029))
Widget(resource-id: com.simplemobiletools.filemanager.pro:id/item_icon, class: android.widget.ImageView, position: (11, 887, 153, 1029))
Widget(resource-id: com.simplemobiletools.filemanager.pro:id/item_name, text: DCIM, class: android.widget.TextView, position: (153, 895, 1027, 958))
Widget(resource-id: com.simplemobiletools.filemanager.pro:id/item_details, text: 0 items, class: android.widget.TextView, position: (153, 958, 1027, 1021))
Widget(resource-id: com.simplemobiletools.filemanager.pro:id/item_frame, text: Documents, class: android.widget.FrameLayout, position: (0, 1039, 1080, 1191))
Widget(resource-id: com.simplemobiletools.filemanager.pro:id/item_holder, class: android.view.ViewGroup, position: (0, 1044, 1080, 1186))
Widget(resource-id: com.simplemobiletools.filemanager.pro:id/item_icon, class: android.widget.ImageView, position: (11, 1044, 153, 1186))
Widget(resource-id: com.simplemobiletools.filemanager.pro:id/item_name, text: Documents, class: android.widget.TextView, position: (153, 1052, 1027, 1115))
Widget(resource-id: com.simplemobiletools.filemanager.pro:id/item_details, text: 2 items, class: android.widget.TextView, position: (153, 1115, 1027, 1178))
Widget(resource-id: com.simplemobiletools.filemanager.pro:id/item_frame, text: Download, class: android.widget.FrameLayout, position: (0, 1196, 1080, 1348))
Widget(resource-id: com.simplemobiletools.filemanager.pro:id/item_holder, class: android.view.ViewGroup, position: (0, 1201, 1080, 1343))
Widget(resource-id: com.simplemobiletools.filemanager.pro:id/item_icon, class: android.widget.ImageView, position: (11, 1201, 153, 1343))
Widget(resource-id: com.simplemobiletools.filemanager.pro:id/item_name, text: Download, class: android.widget.TextView, position: (153, 1209, 1027, 1272))
Widget(resource-id: com.simplemobiletools.filemanager.pro:id/item_details, text: 2 items, class: android.widget.TextView, position: (153, 1272, 1027, 1335))
Widget(resource-id: com.simplemobiletools.filemanager.pro:id/item_frame, text: Movies, class: android.widget.FrameLayout, position: (0, 1353, 1080, 1505))
Widget(resource-id: com.simplemobiletools.filemanager.pro:id/item_holder, class: android.view.ViewGroup, position: (0, 1358, 1080, 1500))
Widget(resource-id: com.simplemobiletools.filemanager.pro:id/item_icon, class: android.widget.ImageView, position: (11, 1358, 153, 1500))
Widget(resource-id: com.simplemobiletools.filemanager.pro:id/item_name, text: Movies, class: android.widget.TextView, position: (153, 1366, 1027, 1429))
Widget(resource-id: com.simplemobiletools.filemanager.pro:id/item_details, text: 1 item, class: android.widget.TextView, position: (153, 1429, 1027, 1492))
Widget(resource-id: com.simplemobiletools.filemanager.pro:id/item_frame, text: Music, class: android.widget.FrameLayout, position: (0, 1510, 1080, 1662))
Widget(resource-id: com.simplemobiletools.filemanager.pro:id/item_holder, class: android.view.ViewGroup, position: (0, 1515, 1080, 1657))
Widget(resource-id: com.simplemobiletools.filemanager.pro:id/item_icon, class: android.widget.ImageView, position: (11, 1515, 153, 1657))
Widget(resource-id: com.simplemobiletools.filemanager.pro:id/item_name, text: Music, class: android.widget.TextView, position: (153, 1523, 1027, 1586))
Widget(resource-id: com.simplemobiletools.filemanager.pro:id/item_details, text: 2 items, class: android.widget.TextView, position: (153, 1586, 1027, 1649))
Widget(resource-id: com.simplemobiletools.filemanager.pro:id/item_frame, text: Notifications, class: android.widget.FrameLayout, position: (0, 1667, 1080, 1819))
Widget(resource-id: com.simplemobiletools.filemanager.pro:id/item_holder, class: android.view.ViewGroup, position: (0, 1672, 1080, 1814))
Widget(resource-id: com.simplemobiletools.filemanager.pro:id/item_icon, class: android.widget.ImageView, position: (11, 1672, 153, 1814))
Widget(resource-id: com.simplemobiletools.filemanager.pro:id/item_name, text: Notifications, class: android.widget.TextView, position: (153, 1680, 1027, 1743))
Widget(resource-id: com.simplemobiletools.filemanager.pro:id/item_details, text: 0 items, class: android.widget.TextView, position: (153, 1743, 1027, 1806))
Widget(resource-id: com.simplemobiletools.filemanager.pro:id/item_frame, text: Pictures, class: android.widget.FrameLayout, position: (0, 1824, 1080, 1976))
Widget(resource-id: com.simplemobiletools.filemanager.pro:id/item_holder, class: android.view.ViewGroup, position: (0, 1829, 1080, 1971))
Widget(resource-id: com.simplemobiletools.filemanager.pro:id/item_icon, class: android.widget.ImageView, position: (11, 1829, 153, 1971))
Widget(resource-id: com.simplemobiletools.filemanager.pro:id/item_name, text: Pictures, class: android.widget.TextView, position: (153, 1837, 1027, 1900))
Widget(resource-id: com.simplemobiletools.filemanager.pro:id/item_details, text: 1 item, class: android.widget.TextView, position: (153, 1900, 1027, 1963))
Widget(resource-id: com.simplemobiletools.filemanager.pro:id/item_frame, text: Podcasts, class: android.widget.FrameLayout, position: (0, 1981, 1080, 2109))
Widget(resource-id: com.simplemobiletools.filemanager.pro:id/item_holder, class: android.view.ViewGroup, position: (0, 1986, 1080, 2109))
Widget(resource-id: com.simplemobiletools.filemanager.pro:id/item_icon, class: android.widget.ImageView, position: (11, 1986, 153, 2109))
Widget(resource-id: com.simplemobiletools.filemanager.pro:id/item_name, text: Podcasts, class: android.widget.TextView, position: (153, 1994, 1027, 2057))
Widget(resource-id: com.simplemobiletools.filemanager.pro:id/item_details, text: 0 items, class: android.widget.TextView, position: (153, 2057, 1027, 2109))
Widget(resource-id: com.simplemobiletools.filemanager.pro:id/trackView, class: android.widget.LinearLayout, position: (1012, 411, 1080, 2109))
Widget(resource-id: com.simplemobiletools.filemanager.pro:id/items_fab, class: android.widget.ImageButton, position: (891, 1920, 1038, 2067))
Widget(resource-id: com.simplemobiletools.filemanager.pro:id/main_tabs_holder, class: android.widget.HorizontalScrollView, position: (0, 2109, 1080, 2277))
Widget(resource-id: com.simplemobiletools.filemanager.pro:id/tab_item_holder, class: android.widget.LinearLayout, position: (143, 2141, 217, 2277))
Widget(resource-id: com.simplemobiletools.filemanager.pro:id/tab_item_icon, class: android.widget.ImageView, position: (143, 2141, 217, 2215))
Widget(resource-id: com.simplemobiletools.filemanager.pro:id/tab_item_label, text: Files, class: android.widget.TextView, position: (153, 2215, 206, 2277))
Widget(text: Recents, class: android.widget.LinearLayout, position: (360, 2109, 720, 2277))
Widget(resource-id: com.simplemobiletools.filemanager.pro:id/tab_item_holder, class: android.widget.LinearLayout, position: (493, 2141, 587, 2277))
Widget(resource-id: com.simplemobiletools.filemanager.pro:id/tab_item_icon, class: android.widget.ImageView, position: (503, 2141, 577, 2215))
Widget(resource-id: com.simplemobiletools.filemanager.pro:id/tab_item_label, text: Recents, class: android.widget.TextView, position: (493, 2215, 587, 2277))
Widget(text: Storage, class: android.widget.LinearLayout, position: (720, 2109, 1080, 2277))
Widget(resource-id: com.simplemobiletools.filemanager.pro:id/tab_item_holder, class: android.widget.LinearLayout, position: (854, 2141, 945, 2277))
Widget(resource-id: com.simplemobiletools.filemanager.pro:id/tab_item_icon, class: android.widget.ImageView, position: (862, 2141, 936, 2215))
Widget(resource-id: com.simplemobiletools.filemanager.pro:id/tab_item_label, text: Storage, class: android.widget.TextView, position: (854, 2215, 945, 2277))


        I would like to know which activity/fragment we are currently on.
        Please respond in the following JSON format:
        {
        "activity_or_fragment": "TestActivity",
        }
        or 
        {
        "activity_or_fragment": "TestFragment",
        }
        If can not determine the activity/fragment,just output{
        "activity_or_fragment": "Unknown"
        }
        Do not output anything else except json format result.
        
2025-01-16 19:11:46,369 - INFO - ------answer------
2025-01-16 19:11:46,369 - INFO - ```json
{
  "activity_or_fragment": "MainActivity"
}
```
2025-01-16 19:11:59,405 - INFO - ------query_instructions------
2025-01-16 19:11:59,405 - INFO - ```json
{
    "task": "check the total storage of my phone",
    "activities_sequence": [
        {
            "activity": "com.simplemobiletools.filemanager.pro.activities.SplashActivity",
            "steps": [
                "1. Launch the app, which starts with SplashActivity.",
                "2. The app checks the intent action and data, then starts MainActivity."
            ]
        },
        {
            "activity": "com.simplemobiletools.filemanager.pro.activities.MainActivity",
            "steps": [
                "3. In MainActivity, navigate to the 'Storage' tab by selecting the storage icon (R.drawable.ic_storage_vector).",
                "4. The StorageFragment will display the total storage information of your phone."
            ]
        }
    ],
    "explanation": "because the StorageFragment in MainActivity is responsible for displaying storage-related information, including the total storage of the phone."
}
```
