2025-01-18 15:51:58,358 - INFO - This is a event:0
2025-01-18 15:51:58,504 - INFO - -----query_current_activity start query------
2025-01-18 15:51:58,506 - INFO - To achieve the task of "adding the last photo to favorites," we need to analyze the provided activities and layouts to identify the relevant components and interactions. Here's a step-by-step breakdown of how to approach this task:

### 1. **Identify the MainActivity Layout and Components**
   - The `MainActivity` is the primary activity where the camera functionality is handled.
   - The layout `R.layout.activity_main` contains several components, including:
     - `PreviewView` for the camera preview.
     - `ImageView` with `id="@+id/last_photo_video_preview"` which likely represents the last captured photo or video.
     - Other components like `shutter`, `toggle_camera`, etc., which are related to camera controls.

### 2. **Locate the Last Photo/Video Preview**
   - The `ImageView` with `id="@+id/last_photo_video_preview"` is the key component that displays the last captured photo or video.
   - This view is likely clickable, allowing the user to view or interact with the last captured media.

### 3. **Determine the Favorite Functionality**
   - The task requires adding the last photo to favorites. However, there is no direct mention of a "favorite" button or functionality in the provided layout.
   - This suggests that the favorite functionality might be implemented in one of the following ways:
     - **Context Menu:** Long-pressing the `last_photo_video_preview` might bring up a context menu with an option to add to favorites.
     - **Hidden Button:** There might be a hidden or dynamically added button that appears when interacting with the `last_photo_video_preview`.
     - **Settings or Additional Activities:** The favorite functionality might be part of the `SettingsActivity` or another activity not listed here.

### 4. **Check for Additional Layouts or Activities**
   - The `SettingsActivity` layout (`R.layout.activity_settings`) does not contain any direct reference to favorites.
   - The `AboutActivity` and `CustomizationActivity` are from a third-party library and are unlikely to contain the favorite functionality.

### 5. **Proposed Steps to Implement the Task**
   - **Step 1:** Interact with the `last_photo_video_preview` by clicking or long-pressing it to see if a context menu or additional options appear.
   - **Step 2:** If no direct option is available, check the `MainActivity` source code for any hidden or dynamically added buttons related to favorites.
   - **Step 3:** If the favorite functionality is not found in the `MainActivity`, consider adding a new button or menu option in the `MainActivity` layout to handle adding photos to favorites.
   - **Step 4:** Implement the logic to add the last photo to favorites, which might involve saving the photo's URI or path in a shared preference, database, or a dedicated favorites list.

### 6. **Potential Code Implementation**
   If you need to add the favorite functionality manually, here¡¯s a basic outline of how you might do it:

   ```java
   // In MainActivity.java
   ImageView lastPhotoPreview = findViewById(R.id.last_photo_video_preview);
   lastPhotoPreview.setOnClickListener(view -> {
       // Assuming you have a method to get the last photo's URI
       Uri lastPhotoUri = getLastPhotoUri();
       
       // Add the last photo to favorites
       addToFavorites(lastPhotoUri);
   });

   private void addToFavorites(Uri photoUri) {
       // Save the photo URI to a list of favorites
       // This could be in SharedPreferences, a database, or a simple list
       SharedPreferences preferences = getSharedPreferences("Favorites", MODE_PRIVATE);
       Set<String> favorites = preferences.getStringSet("favorite_photos", new HashSet<>());
       favorites.add(photoUri.toString());
       preferences.edit().putStringSet("favorite_photos", favorites).apply();
       
       // Notify the user
       Toast.makeText(this, "Added to favorites", Toast.LENGTH_SHORT).show();
   }
   ```

### 7. **Testing**
   - After implementing the functionality, test it by capturing a photo, clicking on the `last_photo_video_preview`, and verifying that the photo is added to favorites.

### Conclusion
The task involves identifying the correct component (`last_photo_video_preview`) and implementing the logic to add the last photo to favorites. If the functionality is not already present, you may need to extend the `MainActivity` to include this feature.

 Here is the information about the screen we are currently on.
Widget(text: IMG_20250118_072801.jpg, class: android.widget.TextView, position: (157, 189, 711, 267))
Widget(content-desc: More options, class: android.widget.ImageView, position: (975, 164, 1080, 290))
Widget(content-desc: Dialer notification: , class: android.widget.ImageView, position: (107, 1, 165, 74))
Widget(content-desc: ATX notification: UIAutomator, class: android.widget.ImageView, position: (165, 1, 223, 74))
Widget(content-desc: Android System notification: , class: android.widget.ImageView, position: (223, 1, 281, 74))
Widget(content-desc: Speakerphone enabled., class: android.widget.ImageView, position: (819, 8, 866, 66))


        I would like to know which activity/fragment we are currently on.
        Please respond in the following JSON format:
        {
        "activity_or_fragment": "TestActivity",
        }
        or 
        {
        "activity_or_fragment": "TestFragment",
        }
        If can not determine the activity/fragment,just output{
        "activity_or_fragment": "Unknown"
        }
        Do not output anything else except json format result.
        
2025-01-18 15:51:59,870 - INFO - ------answer------
2025-01-18 15:51:59,870 - INFO - ```json
{
"activity_or_fragment": "Unknown"
}
```
2025-01-18 15:52:05,806 - INFO - ------query_instructions------
2025-01-18 15:52:05,807 - INFO - ```json
{
    "task": "add the last photo to favorite",
    "activities_sequence": [
        {
            "activity": "com.simplemobiletools.camera.activities.MainActivity",
            "steps": [
                "1. Open the camera app.",
                "2. Take a photo using the shutter button.",
                "3. After taking the photo, locate the 'last photo/video preview' button (usually a small thumbnail of the last captured photo).",
                "4. Tap on the 'last photo/video preview' button to view the last captured photo.",
                "5. While viewing the last photo, look for a 'favorite' or 'star' icon.",
                "6. Tap the 'favorite' or 'star' icon to add the photo to your favorites."
            ]
        }
    ],
    "explanation": "because the MainActivity contains the functionality to take photos and view the last captured photo, where the user can mark it as a favorite."
}
```
2025-01-18 15:55:07,147 - INFO - This is a event:0
2025-01-18 15:55:07,283 - INFO - -----query_current_activity start query------
2025-01-18 15:55:07,286 - INFO - To achieve the task of "adding the last photo to favorites," we need to analyze the provided activities and layouts to identify the relevant components and interactions. Here's a step-by-step breakdown of how to approach this task:

### 1. **Identify the MainActivity Layout and Components**
   - The `MainActivity` is the primary activity where the camera functionality is handled.
   - The layout `R.layout.activity_main` contains several components, including:
     - `PreviewView` for the camera preview.
     - `ImageView` with `id="@+id/last_photo_video_preview"` which likely represents the last captured photo or video.
     - Other components like `shutter`, `toggle_camera`, etc., which are related to camera controls.

### 2. **Locate the Last Photo/Video Preview**
   - The `ImageView` with `id="@+id/last_photo_video_preview"` is the key component that displays the last captured photo or video.
   - This view is likely clickable, allowing the user to view or interact with the last captured media.

### 3. **Determine the Favorite Functionality**
   - The task requires adding the last photo to favorites. However, there is no direct mention of a "favorite" button or functionality in the provided layout.
   - This suggests that the favorite functionality might be implemented in one of the following ways:
     - **Context Menu:** Long-pressing the `last_photo_video_preview` might bring up a context menu with an option to add to favorites.
     - **Hidden Button:** There might be a hidden or dynamically added button that appears when interacting with the `last_photo_video_preview`.
     - **Settings or Additional Activities:** The favorite functionality might be part of the `SettingsActivity` or another activity not listed here.

### 4. **Check for Additional Layouts or Activities**
   - The `SettingsActivity` layout (`R.layout.activity_settings`) does not contain any direct reference to favorites.
   - The `AboutActivity` and `CustomizationActivity` are from a third-party library and are unlikely to contain the favorite functionality.

### 5. **Proposed Steps to Implement the Task**
   - **Step 1:** Interact with the `last_photo_video_preview` by clicking or long-pressing it to see if a context menu or additional options appear.
   - **Step 2:** If no direct option is available, check the `MainActivity` source code for any hidden or dynamically added buttons related to favorites.
   - **Step 3:** If the favorite functionality is not found in the `MainActivity`, consider adding a new button or menu option in the `MainActivity` layout to handle adding photos to favorites.
   - **Step 4:** Implement the logic to add the last photo to favorites, which might involve saving the photo's URI or path in a shared preference, database, or a dedicated favorites list.

### 6. **Potential Code Implementation**
   If you need to add the favorite functionality manually, here¡¯s a basic outline of how you might do it:

   ```java
   // In MainActivity.java
   ImageView lastPhotoPreview = findViewById(R.id.last_photo_video_preview);
   lastPhotoPreview.setOnClickListener(view -> {
       // Assuming you have a method to get the last photo's URI
       Uri lastPhotoUri = getLastPhotoUri();
       
       // Add the last photo to favorites
       addToFavorites(lastPhotoUri);
   });

   private void addToFavorites(Uri photoUri) {
       // Save the photo URI to a list of favorites
       // This could be in SharedPreferences, a database, or a simple list
       SharedPreferences preferences = getSharedPreferences("Favorites", MODE_PRIVATE);
       Set<String> favorites = preferences.getStringSet("favorite_photos", new HashSet<>());
       favorites.add(photoUri.toString());
       preferences.edit().putStringSet("favorite_photos", favorites).apply();
       
       // Notify the user
       Toast.makeText(this, "Added to favorites", Toast.LENGTH_SHORT).show();
   }
   ```

### 7. **Testing**
   - After implementing the functionality, test it by capturing a photo, clicking on the `last_photo_video_preview`, and verifying that the photo is added to favorites.

### Conclusion
The task involves identifying the correct component (`last_photo_video_preview`) and implementing the logic to add the last photo to favorites. If the functionality is not already present, you may need to extend the `MainActivity` to include this feature.

 Here is the information about the screen we are currently on.
Widget(resource-id: com.simplemobiletools.camera:id/action_bar_root, class: android.widget.FrameLayout, position: (0, 0, 1080, 2277))
Widget(resource-id: com.simplemobiletools.camera:id/view_holder, class: android.view.ViewGroup, position: (0, 0, 1080, 2277))
Widget(resource-id: com.simplemobiletools.camera:id/preview_view, class: android.widget.FrameLayout, position: (0, 0, 1080, 2277))
Widget(resource-id: com.simplemobiletools.camera:id/top_options, class: android.widget.FrameLayout, position: (0, 0, 1080, 147))
Widget(resource-id: com.simplemobiletools.camera:id/layout_top, class: android.widget.LinearLayout, position: (0, 0, 1080, 147))
Widget(resource-id: com.simplemobiletools.camera:id/toggle_timer, content-desc: Toggle the timer mode, class: android.widget.Button, position: (0, 0, 270, 147))
Widget(resource-id: com.simplemobiletools.camera:id/toggle_flash, content-desc: Toggle the flashlight mode, class: android.widget.Button, position: (270, 0, 540, 147))
Widget(resource-id: com.simplemobiletools.camera:id/change_resolution, content-desc: Resolution, class: android.widget.Button, position: (540, 0, 810, 147))
Widget(resource-id: com.simplemobiletools.camera:id/settings, content-desc: Settings, class: android.widget.Button, position: (810, 0, 1080, 147))
Widget(resource-id: com.simplemobiletools.camera:id/bottom_overlay, class: android.view.View, position: (0, 1825, 1080, 2277))
Widget(resource-id: com.simplemobiletools.camera:id/camera_mode_holder, class: android.widget.RelativeLayout, position: (0, 1825, 1080, 2035))
Widget(resource-id: com.simplemobiletools.camera:id/camera_mode_tab, class: android.widget.HorizontalScrollView, position: (0, 1846, 1080, 1972))
Widget(content-desc: Video, text: Video, class: android.widget.LinearLayout, position: (351, 1846, 540, 1972))
Widget(text: Video, class: android.widget.TextView, position: (397, 1883, 494, 1934))
Widget(content-desc: Photo, class: android.widget.LinearLayout, position: (540, 1846, 729, 1972))
Widget(text: Photo, class: android.widget.TextView, position: (584, 1883, 684, 1934))
Widget(resource-id: com.simplemobiletools.camera:id/toggle_camera, content-desc: Toggle front/back camera, class: android.widget.ImageView, position: (150, 2056, 297, 2203))
Widget(resource-id: com.simplemobiletools.camera:id/shutter, content-desc: Shutter, class: android.widget.ImageView, position: (446, 2035, 635, 2224))
Widget(resource-id: com.simplemobiletools.camera:id/last_photo_video_preview, content-desc: View last captured media, class: android.widget.ImageView, position: (784, 2056, 931, 2203))


        I would like to know which activity/fragment we are currently on.
        Please respond in the following JSON format:
        {
        "activity_or_fragment": "TestActivity",
        }
        or 
        {
        "activity_or_fragment": "TestFragment",
        }
        If can not determine the activity/fragment,just output{
        "activity_or_fragment": "Unknown"
        }
        Do not output anything else except json format result.
        
2025-01-18 15:55:08,881 - INFO - ------answer------
2025-01-18 15:55:08,881 - INFO - ```json
{
  "activity_or_fragment": "MainActivity"
}
```
2025-01-18 15:55:14,987 - INFO - ------query_instructions------
2025-01-18 15:55:14,987 - INFO - ```json
{
    "task": "add the last photo to favorite",
    "activities_sequence": [
        {
            "activity": "com.simplemobiletools.camera.activities.MainActivity",
            "steps": [
                "1. Open the app to access the MainActivity.",
                "2. Locate the 'last photo/video preview' button (element_id: R.id.lastPhotoVideoPreview) in the UI.",
                "3. Tap on the 'last photo/video preview' button to view the last captured photo.",
                "4. After viewing the photo, tap on the 'favorite' icon or option (if available) to add the photo to favorites."
            ]
        }
    ],
    "explanation": "because the MainActivity contains the 'last photo/video preview' button, which allows the user to view and interact with the last captured photo, including adding it to favorites."
}
```
