2025-01-18 10:48:22,846 - INFO - This is a event:0
2025-01-18 10:48:23,021 - INFO - -----query_current_activity start query------
2025-01-18 10:48:23,022 - INFO - To achieve the task of sending a text message to Bob with the content "Goodmorning", you need to navigate through the app's activities and interact with the appropriate UI elements. Based on the provided activities and their layouts, here's a step-by-step guide to accomplish this task:

### Step 1: Launch the App
- Start by launching the app, which will open the `SplashActivity`. This activity is typically a loading screen and will automatically transition to the `MainActivity`.

### Step 2: Navigate to the Contact List
- The `MainActivity` is the main screen of the app. It contains a `MyViewPager` (with id `@+id/view_pager`) and a `TabLayout` (with id `@+id/main_tabs_holder`). The `TabLayout` likely contains tabs for different sections, such as contacts, groups, etc.
- Navigate to the "Contacts" tab to view the list of contacts.

### Step 3: Search for Bob
- The `MainActivity` contains a `MySearchMenu` (with id `@+id/main_menu`). Use this search bar to search for "Bob" in the contact list.
- Once you find Bob in the list, tap on his name to open his contact details.

### Step 4: Open Bob's Contact Details
- Tapping on Bob's name will open the `ViewContactActivity`, which displays detailed information about Bob.
- In the `ViewContactActivity`, you will see various UI elements such as the contact's photo, name, phone numbers, emails, etc.

### Step 5: Send a Text Message to Bob
- In the `ViewContactActivity`, locate the `ImageView` with id `@+id/contact_send_sms`. This is the button to send an SMS to Bob.
- Tap on the `contact_send_sms` button. This action should open the default SMS app on the device with Bob's phone number pre-filled.
- In the SMS app, type the message "Goodmorning" and send it.

### Summary of Steps:
1. **Launch the App** ¡ú Opens `SplashActivity` ¡ú Automatically transitions to `MainActivity`.
2. **Navigate to Contacts** ¡ú Use the `TabLayout` to switch to the "Contacts" tab.
3. **Search for Bob** ¡ú Use the `MySearchMenu` to search for "Bob".
4. **Open Bob's Contact Details** ¡ú Tap on Bob's name to open `ViewContactActivity`.
5. **Send SMS** ¡ú Tap on the `contact_send_sms` button to open the SMS app and send "Goodmorning".

### Code Example (if you were to automate this with UI testing):
If you were to automate this process using a UI testing framework like Espresso, the code might look something like this:

```java
// Launch the app
onView(withId(R.id.main_coordinator)).check(matches(isDisplayed()));

// Navigate to the Contacts tab
onView(withId(R.id.main_tabs_holder)).perform(click());

// Search for Bob
onView(withId(R.id.main_menu)).perform(typeText("Bob"), closeSoftKeyboard());

// Open Bob's contact details
onView(withText("Bob")).perform(click());

// Send SMS
onView(withId(R.id.contact_send_sms)).perform(click());

// In the SMS app, type the message and send it
onView(withId(android.R.id.button1)).perform(click()); // Assuming the SMS app has a send button with this ID
```

This is a high-level overview of how you would navigate through the app to send a text message to Bob. The exact implementation details may vary depending on the app's behavior and the device's SMS app.

 Here is the information about the screen we are currently on.
Widget(content-desc: Dialer notification: , class: android.widget.ImageView, position: (107, 1, 165, 74))
Widget(content-desc: ATX notification: UIAutomator, class: android.widget.ImageView, position: (165, 1, 223, 74))
Widget(content-desc: Android System notification: , class: android.widget.ImageView, position: (223, 1, 281, 74))
Widget(content-desc: Speakerphone enabled., class: android.widget.ImageView, position: (819, 8, 866, 66))
Widget(resource-id: com.simplemobiletools.contacts.pro:id/action_bar_root, class: android.widget.FrameLayout, position: (0, 74, 1080, 2277))
Widget(resource-id: com.simplemobiletools.contacts.pro:id/main_coordinator, class: android.view.ViewGroup, position: (0, 74, 1080, 2277))
Widget(resource-id: com.simplemobiletools.contacts.pro:id/main_menu, class: android.widget.LinearLayout, position: (0, 74, 1080, 242))
Widget(resource-id: com.simplemobiletools.contacts.pro:id/top_app_bar_layout, class: android.widget.LinearLayout, position: (42, 74, 1038, 242))
Widget(resource-id: com.simplemobiletools.contacts.pro:id/top_toolbar_holder, class: android.widget.RelativeLayout, position: (42, 95, 1038, 221))
Widget(resource-id: com.simplemobiletools.contacts.pro:id/top_toolbar_search_icon, content-desc: Search, class: android.widget.ImageView, position: (42, 95, 147, 221))
Widget(resource-id: com.simplemobiletools.contacts.pro:id/top_toolbar_search, text: Search, class: android.widget.EditText, position: (147, 95, 626, 221))
Widget(resource-id: com.simplemobiletools.contacts.pro:id/top_toolbar, class: android.view.ViewGroup, position: (626, 95, 1027, 221))
Widget(resource-id: com.simplemobiletools.contacts.pro:id/sort, content-desc: Sort by, class: android.widget.Button, position: (668, 95, 795, 221))
Widget(resource-id: com.simplemobiletools.contacts.pro:id/filter, content-desc: Filter, class: android.widget.Button, position: (795, 95, 922, 221))
Widget(content-desc: More options, class: android.widget.ImageView, position: (922, 95, 1027, 221))
Widget(resource-id: com.simplemobiletools.contacts.pro:id/main_holder, class: android.view.ViewGroup, position: (0, 242, 1080, 2277))
Widget(resource-id: com.simplemobiletools.contacts.pro:id/view_pager, class: p4.i, position: (0, 242, 1080, 2109))
Widget(resource-id: com.simplemobiletools.contacts.pro:id/contacts_fragment, class: android.view.ViewGroup, position: (0, 242, 1080, 2109))
Widget(resource-id: com.simplemobiletools.contacts.pro:id/fragment_wrapper, class: android.widget.RelativeLayout, position: (0, 242, 1080, 2109))
Widget(resource-id: com.simplemobiletools.contacts.pro:id/fragment_list, class: androidx.recyclerview.widget.RecyclerView, position: (0, 242, 1080, 2109))
Widget(resource-id: com.simplemobiletools.contacts.pro:id/item_contact_frame, text: Alice, class: android.view.ViewGroup, position: (0, 242, 1080, 410))
Widget(resource-id: com.simplemobiletools.contacts.pro:id/item_contact_image, class: android.widget.ImageView, position: (43, 263, 169, 389))
Widget(resource-id: com.simplemobiletools.contacts.pro:id/item_contact_name, text: Alice, class: android.widget.TextView, position: (169, 269, 1048, 326))
Widget(resource-id: com.simplemobiletools.contacts.pro:id/item_contact_number, text: 12345678900, class: android.widget.TextView, position: (169, 326, 1048, 383))
Widget(resource-id: com.simplemobiletools.contacts.pro:id/item_contact_frame, text: Bob, class: android.view.ViewGroup, position: (0, 415, 1080, 583))
Widget(resource-id: com.simplemobiletools.contacts.pro:id/item_contact_image, class: android.widget.ImageView, position: (43, 436, 169, 562))
Widget(resource-id: com.simplemobiletools.contacts.pro:id/item_contact_name, text: Bob, class: android.widget.TextView, position: (169, 442, 1048, 499))
Widget(resource-id: com.simplemobiletools.contacts.pro:id/item_contact_number, text: 6565656565444, class: android.widget.TextView, position: (169, 499, 1048, 556))
Widget(resource-id: com.simplemobiletools.contacts.pro:id/item_contact_frame, text: Jack, class: android.view.ViewGroup, position: (0, 588, 1080, 756))
Widget(resource-id: com.simplemobiletools.contacts.pro:id/item_contact_image, class: android.widget.ImageView, position: (43, 609, 169, 735))
Widget(resource-id: com.simplemobiletools.contacts.pro:id/item_contact_name, text: Jack, class: android.widget.TextView, position: (169, 615, 1048, 672))
Widget(resource-id: com.simplemobiletools.contacts.pro:id/item_contact_number, class: android.widget.TextView, position: (169, 672, 1048, 729))
Widget(resource-id: com.simplemobiletools.contacts.pro:id/item_contact_frame, text: 12345678900, class: android.view.ViewGroup, position: (0, 761, 1080, 929))
Widget(resource-id: com.simplemobiletools.contacts.pro:id/item_contact_image, class: android.widget.ImageView, position: (43, 782, 169, 908))
Widget(resource-id: com.simplemobiletools.contacts.pro:id/item_contact_name, text: 12345678900, class: android.widget.TextView, position: (169, 788, 1048, 845))
Widget(resource-id: com.simplemobiletools.contacts.pro:id/item_contact_number, text: 12345678900, class: android.widget.TextView, position: (169, 845, 1048, 902))
Widget(resource-id: com.simplemobiletools.contacts.pro:id/item_contact_frame, text: 12345678900123123456789001234567890045678900, class: android.view.ViewGroup, position: (0, 934, 1080, 1102))
Widget(resource-id: com.simplemobiletools.contacts.pro:id/item_contact_image, class: android.widget.ImageView, position: (43, 955, 169, 1081))
Widget(resource-id: com.simplemobiletools.contacts.pro:id/item_contact_name, text: 12345678900123123456789001234567890045678900, class: android.widget.TextView, position: (169, 961, 1048, 1018))
Widget(resource-id: com.simplemobiletools.contacts.pro:id/item_contact_number, text: 12345678900123123456789001234567890045678900, class: android.widget.TextView, position: (169, 1018, 1048, 1075))
Widget(resource-id: com.simplemobiletools.contacts.pro:id/letter_fastscroller_thumb, class: android.view.ViewGroup, position: (807, 242, 954, 593))
Widget(resource-id: com.simplemobiletools.contacts.pro:id/letter_fastscroller, text: A
B
J
1, class: android.widget.LinearLayout, position: (996, 242, 1080, 593))
Widget(text: A
B
J
1, class: android.widget.TextView, position: (996, 305, 1080, 530))
Widget(resource-id: com.simplemobiletools.contacts.pro:id/fragment_fab, content-desc: Create new contact, class: android.widget.ImageButton, position: (891, 1920, 1038, 2067))
Widget(resource-id: com.simplemobiletools.contacts.pro:id/main_dialpad_button, content-desc: Dialpad, class: android.widget.ImageView, position: (461, 1909, 619, 2067))
Widget(resource-id: com.simplemobiletools.contacts.pro:id/main_tabs_holder, class: android.widget.HorizontalScrollView, position: (0, 2109, 1080, 2277))
Widget(resource-id: com.simplemobiletools.contacts.pro:id/tab_item_holder, class: android.widget.LinearLayout, position: (127, 2141, 232, 2277))
Widget(resource-id: com.simplemobiletools.contacts.pro:id/tab_item_icon, class: android.widget.ImageView, position: (142, 2141, 216, 2215))
Widget(resource-id: com.simplemobiletools.contacts.pro:id/tab_item_label, text: Contacts, class: android.widget.TextView, position: (127, 2215, 232, 2277))
Widget(text: Favorites, class: android.widget.LinearLayout, position: (360, 2109, 720, 2277))
Widget(resource-id: com.simplemobiletools.contacts.pro:id/tab_item_holder, class: android.widget.LinearLayout, position: (486, 2141, 593, 2277))
Widget(resource-id: com.simplemobiletools.contacts.pro:id/tab_item_icon, class: android.widget.ImageView, position: (502, 2141, 576, 2215))
Widget(resource-id: com.simplemobiletools.contacts.pro:id/tab_item_label, text: Favorites, class: android.widget.TextView, position: (486, 2215, 593, 2277))
Widget(text: Groups, class: android.widget.LinearLayout, position: (720, 2109, 1080, 2277))
Widget(resource-id: com.simplemobiletools.contacts.pro:id/tab_item_holder, class: android.widget.LinearLayout, position: (858, 2141, 942, 2277))
Widget(resource-id: com.simplemobiletools.contacts.pro:id/tab_item_icon, class: android.widget.ImageView, position: (863, 2141, 937, 2215))
Widget(resource-id: com.simplemobiletools.contacts.pro:id/tab_item_label, text: Groups, class: android.widget.TextView, position: (858, 2215, 942, 2277))


        I would like to know which activity/fragment we are currently on.
        Please respond in the following JSON format:
        {
        "activity_or_fragment": "TestActivity",
        }
        or 
        {
        "activity_or_fragment": "TestFragment",
        }
        If can not determine the activity/fragment,just output{
        "activity_or_fragment": "Unknown"
        }
        Do not output anything else except json format result.
        
2025-01-18 10:48:24,724 - INFO - ------answer------
2025-01-18 10:48:24,725 - INFO - ```json
{
"activity_or_fragment": "MainActivity"
}
```
2025-01-18 10:48:33,648 - INFO - ------query_instructions------
2025-01-18 10:48:33,649 - INFO - ```json
{
    "task": "Send a text message to Bob with the following content: 'Goodmorning'",
    "activities_sequence": [
        {
            "activity": "MainActivity",
            "steps": [
                "1. Open the app and navigate to the MainActivity.",
                "2. Use the search functionality to find the contact named 'Bob'.",
                "3. Click on the contact 'Bob' to view their details."
            ]
        },
        {
            "activity": "ViewContactActivity",
            "steps": [
                "4. In the ViewContactActivity, locate the 'Send SMS' button.",
                "5. Click the 'Send SMS' button to open the SMS sending interface.",
                "6. Enter the message content 'Goodmorning' in the message field.",
                "7. Click the send button to send the message to Bob."
            ]
        }
    ],
    "explanation": "because the ViewContactActivity has the functionality to send an SMS to a contact, and the MainActivity allows you to search and select the contact."
}
```
