2025-01-17 19:35:50,180 - INFO - This is a event:0
2025-01-17 19:35:50,306 - INFO - -----query_current_activity start query------
2025-01-17 19:35:50,307 - INFO - To achieve the task of exporting all messages to a JSON file named `Messages_2023_07_01_11_04_43.json`, you need to navigate through the app's activities and identify the relevant components and logic that handle message export functionality.

### Steps to Export Messages:

1. **Identify the Export Option:**
   - From the provided activities, the `SettingsActivity` contains a section for exporting messages. Specifically, there is a `RelativeLayout` with the ID `settings_export_messages_holder` and a `MyTextView` with the ID `settings_export_messages`. This is likely the entry point for exporting messages.

2. **Trigger the Export Action:**
   - You need to simulate a click on the `settings_export_messages` TextView to trigger the export process. This can be done programmatically or through UI automation tools like Espresso or UI Automator.

3. **Handle the Export Logic:**
   - Once the export option is triggered, the app should handle the logic to gather all messages, format them into JSON, and save them to a file. The file name should be `Messages_2023_07_01_11_04_43.json`.

4. **Verify the Export:**
   - After the export process, you should verify that the file has been created and contains the expected data. This can be done by checking the file system or reading the file content.

### Example Code to Trigger Export:

If you are writing an automated test or a script to trigger the export, here is an example using Espresso:

```java
// Assuming you are in the SettingsActivity
onView(withId(R.id.settings_export_messages)).perform(click());

// Wait for the export to complete (you might need to adjust the sleep time)
Thread.sleep(5000);

// Verify the file exists
File exportFile = new File(Environment.getExternalStorageDirectory(), "Messages_2023_07_01_11_04_43.json");
assertTrue(exportFile.exists());

// Optionally, read and verify the content of the file
String fileContent = new Scanner(exportFile).useDelimiter("\\Z").next();
assertTrue(fileContent.contains("expected_message_content"));
```

### Manual Steps:

If you are performing this manually:

1. Open the app and navigate to the **Settings** section.
2. Scroll down to find the **Export Messages** option.
3. Tap on **Export Messages**.
4. The app should prompt you to confirm the export and then save the file with the specified name.

### Notes:

- Ensure that the app has the necessary permissions to write to external storage.
- The exact file path and naming convention might differ based on the app's implementation.
- If the app does not provide an explicit export option, you might need to explore other activities like `ThreadActivity` or `MainActivity` for message handling and export functionality.

By following these steps, you should be able to export all messages to the specified JSON file.

 Here is the information about the screen we are currently on.
Widget(content-desc: ATX notification: UIAutomator, class: android.widget.ImageView, position: (128, 1, 186, 74))
Widget(content-desc: Android System notification: , class: android.widget.ImageView, position: (186, 1, 244, 74))
Widget(resource-id: com.simplemobiletools.smsmessenger:id/action_bar_root, class: android.widget.FrameLayout, position: (0, 0, 1080, 2277))
Widget(resource-id: com.simplemobiletools.smsmessenger:id/main_coordinator, class: android.widget.ScrollView, position: (0, 74, 1080, 2277))
Widget(resource-id: com.simplemobiletools.smsmessenger:id/main_menu, class: android.widget.LinearLayout, position: (0, 74, 1080, 242))
Widget(resource-id: com.simplemobiletools.smsmessenger:id/top_app_bar_layout, class: android.widget.LinearLayout, position: (42, 74, 1038, 242))
Widget(resource-id: com.simplemobiletools.smsmessenger:id/top_toolbar_holder, class: android.widget.RelativeLayout, position: (42, 95, 1038, 221))
Widget(resource-id: com.simplemobiletools.smsmessenger:id/top_toolbar_search_icon, content-desc: Search, class: android.widget.ImageView, position: (42, 95, 147, 221))
Widget(resource-id: com.simplemobiletools.smsmessenger:id/top_toolbar_search, text: Search, class: android.widget.EditText, position: (147, 95, 626, 221))
Widget(resource-id: com.simplemobiletools.smsmessenger:id/top_toolbar, class: android.view.ViewGroup, position: (626, 95, 1027, 221))
Widget(resource-id: com.simplemobiletools.smsmessenger:id/settings, content-desc: Settings, class: android.widget.Button, position: (668, 95, 795, 221))
Widget(resource-id: com.simplemobiletools.smsmessenger:id/about, content-desc: About, class: android.widget.Button, position: (795, 95, 922, 221))
Widget(content-desc: More options, class: android.widget.ImageView, position: (922, 95, 1027, 221))
Widget(resource-id: com.simplemobiletools.smsmessenger:id/main_nested_scrollview, class: android.widget.RelativeLayout, position: (0, 242, 1080, 2277))
Widget(resource-id: com.simplemobiletools.smsmessenger:id/main_coordinator_wrapper, class: android.view.ViewGroup, position: (0, 242, 1080, 2277))
Widget(resource-id: com.simplemobiletools.smsmessenger:id/main_holder, class: android.widget.RelativeLayout, position: (0, 242, 1080, 2277))
Widget(resource-id: com.simplemobiletools.smsmessenger:id/conversations_fastscroller, class: android.widget.RelativeLayout, position: (0, 242, 1080, 2277))
Widget(resource-id: com.simplemobiletools.smsmessenger:id/conversations_list, class: androidx.recyclerview.widget.RecyclerView, position: (0, 242, 1080, 2277))
Widget(resource-id: com.simplemobiletools.smsmessenger:id/conversation_frame, text: Alice, class: android.widget.FrameLayout, position: (0, 242, 1080, 496))
Widget(resource-id: com.simplemobiletools.smsmessenger:id/conversation_holder, class: android.widget.RelativeLayout, position: (0, 242, 1080, 496))
Widget(resource-id: com.simplemobiletools.smsmessenger:id/conversation_image, class: android.widget.ImageView, position: (43, 284, 169, 454))
Widget(resource-id: com.simplemobiletools.smsmessenger:id/pin_indicator_l, class: android.widget.RelativeLayout, position: (43, 284, 169, 454))
Widget(resource-id: com.simplemobiletools.smsmessenger:id/conversation_address, text: Alice, class: android.widget.TextView, position: (201, 284, 1048, 352))
Widget(resource-id: com.simplemobiletools.smsmessenger:id/draft_indicator, text: Draft, class: android.widget.TextView, position: (201, 352, 292, 403))
Widget(resource-id: com.simplemobiletools.smsmessenger:id/conversation_body_short, text: I-love-youI-love-you, class: android.widget.TextView, position: (292, 352, 1048, 403))
Widget(resource-id: com.simplemobiletools.smsmessenger:id/conversation_date, text: 11:34 AM, class: android.widget.TextView, position: (201, 408, 1048, 454))
Widget(resource-id: com.simplemobiletools.smsmessenger:id/conversation_frame, text: Bob, class: android.widget.FrameLayout, position: (0, 501, 1080, 755))
Widget(resource-id: com.simplemobiletools.smsmessenger:id/conversation_holder, class: android.widget.RelativeLayout, position: (0, 501, 1080, 755))
Widget(resource-id: com.simplemobiletools.smsmessenger:id/conversation_image, class: android.widget.ImageView, position: (43, 543, 169, 713))
Widget(resource-id: com.simplemobiletools.smsmessenger:id/pin_indicator_l, class: android.widget.RelativeLayout, position: (43, 543, 169, 713))
Widget(resource-id: com.simplemobiletools.smsmessenger:id/conversation_address, text: Bob, class: android.widget.TextView, position: (201, 543, 1048, 611))
Widget(resource-id: com.simplemobiletools.smsmessenger:id/conversation_body_short, text: Eee, class: android.widget.TextView, position: (201, 611, 1048, 662))
Widget(resource-id: com.simplemobiletools.smsmessenger:id/conversation_date, text: 11:29 AM, class: android.widget.TextView, position: (201, 667, 1048, 713))
Widget(resource-id: com.simplemobiletools.smsmessenger:id/trackView, class: android.widget.LinearLayout, position: (1012, 242, 1080, 2277))
Widget(resource-id: com.simplemobiletools.smsmessenger:id/conversations_fab, class: android.widget.ImageButton, position: (891, 2088, 1038, 2235))


        I would like to know which activity/fragment we are currently on.
        Please respond in the following JSON format:
        {
        "activity_or_fragment": "TestActivity",
        }
        or 
        {
        "activity_or_fragment": "TestFragment",
        }
        If can not determine the activity/fragment,just output{
        "activity_or_fragment": "Unknown"
        }
        Do not output anything else except json format result.
        
2025-01-17 19:35:51,877 - INFO - ------answer------
2025-01-17 19:35:51,877 - INFO - ```json
{
"activity_or_fragment": "Unknown"
}
```
2025-01-17 19:36:00,460 - INFO - ------query_instructions------
2025-01-17 19:36:00,460 - INFO - ```json
{
    "task": "Export all messages to 'Messages_2023_07_01_11_04_43.json'",
    "activities_sequence": [
        {
            "activity": "MainActivity",
            "steps": [
                "1. Open the app and navigate to the main screen."
            ]
        },
        {
            "activity": "SettingsActivity",
            "steps": [
                "2. Open the settings menu by clicking on the settings option.",
                "3. Scroll down to the 'Migrating' section.",
                "4. Click on the 'Export Messages' option.",
                "5. A dialog will appear, enter the file name 'Messages_2023_07_01_11_04_43.json' and confirm.",
                "6. Select the location where you want to save the file."
            ]
        }
    ],
    "explanation": "because the SettingsActivity contains the functionality to export messages to a JSON file."
}
```
