2025-01-16 22:22:05,068 - INFO - This is a event:0
2025-01-16 22:22:30,144 - INFO - -----query_current_activity start query------
2025-01-16 22:22:30,146 - INFO - To achieve the task of sorting by year in descending order, you need to identify where the data related to the year is stored and how it can be sorted. Based on the provided activities and layouts, it seems that the `TracksActivity` and `AlbumsActivity` are the most relevant activities for this task, as they likely handle lists of tracks and albums, which typically include metadata such as the year.

### Steps to Implement Sorting by Year in Descending Order:

1. **Identify the Data Source**:
   - The data for tracks or albums is likely stored in a `RecyclerView` (e.g., `albums_list` in `AlbumsActivity` or `tracks_list` in `TracksActivity`).
   - The data is probably fetched from a database or a list of objects (e.g., `Track` or `Album` objects) that contain a `year` field.

2. **Modify the Data Model**:
   - Ensure that the `Track` or `Album` model class has a `year` field. If it doesn't, you need to add it.
   - Example:
     ```java
     public class Track {
         private String title;
         private String artist;
         private int year; // Add this field
         // Other fields, getters, and setters
     }
     ```

3. **Sort the Data**:
   - Before setting the data to the `RecyclerView.Adapter`, sort the list by the `year` field in descending order.
   - Example:
     ```java
     List<Track> tracks = getTracks(); // Fetch tracks from the data source
     Collections.sort(tracks, (t1, t2) -> Integer.compare(t2.getYear(), t1.getYear())); // Sort by year in descending order
     adapter.setTracks(tracks); // Set the sorted list to the adapter
     ```

4. **Update the Adapter**:
   - Ensure that the `RecyclerView.Adapter` is updated to reflect the sorted list.
   - Example:
     ```java
     public class TrackAdapter extends RecyclerView.Adapter<TrackAdapter.ViewHolder> {
         private List<Track> tracks;

         public void setTracks(List<Track> tracks) {
             this.tracks = tracks;
             notifyDataSetChanged(); // Notify the adapter that the data has changed
         }

         // Other adapter methods
     }
     ```

5. **UI Interaction**:
   - If you want to allow the user to trigger the sorting, you can add a button or menu item in the activity that calls the sorting logic.
   - Example in `TracksActivity`:
     ```java
     @Override
     public boolean onCreateOptionsMenu(Menu menu) {
         getMenuInflater().inflate(R.menu.menu_tracks, menu);
         return true;
     }

     @Override
     public boolean onOptionsItemSelected(MenuItem item) {
         if (item.getItemId() == R.id.action_sort_by_year) {
             sortTracksByYear();
             return true;
         }
         return super.onOptionsItemSelected(item);
     }

     private void sortTracksByYear() {
         List<Track> tracks = trackAdapter.getTracks();
         Collections.sort(tracks, (t1, t2) -> Integer.compare(t2.getYear(), t1.getYear()));
         trackAdapter.setTracks(tracks);
     }
     ```

6. **Update the Layout (Optional)**:
   - If you want to add a UI element to trigger sorting, you can add a button or menu item in the layout file (e.g., `activity_tracks.xml` or `menu_tracks.xml`).
   - Example in `menu_tracks.xml`:
     ```xml
     <menu xmlns:android="http://schemas.android.com/apk/res/android">
         <item
             android:id="@+id/action_sort_by_year"
             android:title="Sort by Year"
             android:orderInCategory="100"
             android:showAsAction="never" />
     </menu>
     ```

### Example Implementation in `TracksActivity`:

```java
public class TracksActivity extends AppCompatActivity {
    private TrackAdapter trackAdapter;

    @Override
    protected void onCreate(Bundle savedInstanceState) {
        super.onCreate(savedInstanceState);
        setContentView(R.layout.activity_tracks);

        // Initialize RecyclerView and Adapter
        RecyclerView tracksList = findViewById(R.id.tracks_list);
        trackAdapter = new TrackAdapter();
        tracksList.setAdapter(trackAdapter);

        // Load tracks
        loadTracks();
    }

    private void loadTracks() {
        List<Track> tracks = getTracks(); // Fetch tracks from the data source
        trackAdapter.setTracks(tracks);
    }

    @Override
    public boolean onCreateOptionsMenu(Menu menu) {
        getMenuInflater().inflate(R.menu.menu_tracks, menu);
        return true;
    }

    @Override
    public boolean onOptionsItemSelected(MenuItem item) {
        if (item.getItemId() == R.id.action_sort_by_year) {
            sortTracksByYear();
            return true;
        }
        return super.onOptionsItemSelected(item);
    }

    private void sortTracksByYear() {
        List<Track> tracks = trackAdapter.getTracks();
        Collections.sort(tracks, (t1, t2) -> Integer.compare(t2.getYear(), t1.getYear()));
        trackAdapter.setTracks(tracks);
    }
}
```

### Conclusion:
By following these steps, you can implement sorting by year in descending order in your app. The key is to ensure that the data model includes a `year` field, sort the data before setting it to the adapter, and provide a way for the user to trigger the sorting if needed.

 Here is the information about the screen we are currently on.
Widget(resource-id: com.simplemobiletools.musicplayer:id/action_bar_root, class: android.widget.FrameLayout, position: (0, 74, 1080, 2277))
Widget(resource-id: com.simplemobiletools.musicplayer:id/main_coordinator, class: android.view.ViewGroup, position: (0, 74, 1080, 2277))
Widget(resource-id: com.simplemobiletools.musicplayer:id/main_menu, class: android.widget.LinearLayout, position: (0, 74, 1080, 242))
Widget(resource-id: com.simplemobiletools.musicplayer:id/top_app_bar_layout, class: android.widget.LinearLayout, position: (42, 74, 1038, 242))
Widget(resource-id: com.simplemobiletools.musicplayer:id/top_toolbar_holder, class: android.widget.RelativeLayout, position: (42, 95, 1038, 221))
Widget(resource-id: com.simplemobiletools.musicplayer:id/top_toolbar_search_icon, content-desc: Search, class: android.widget.ImageView, position: (42, 95, 147, 221))
Widget(resource-id: com.simplemobiletools.musicplayer:id/top_toolbar_search, text: Search, class: android.widget.EditText, position: (147, 95, 626, 221))
Widget(resource-id: com.simplemobiletools.musicplayer:id/top_toolbar, class: android.view.ViewGroup, position: (626, 95, 1027, 221))
Widget(resource-id: com.simplemobiletools.musicplayer:id/sort, content-desc: Sort by, class: android.widget.Button, position: (668, 95, 795, 221))
Widget(resource-id: com.simplemobiletools.musicplayer:id/equalizer, content-desc: Equalizer, class: android.widget.Button, position: (795, 95, 922, 221))
Widget(content-desc: More options, class: android.widget.ImageView, position: (922, 95, 1027, 221))
Widget(resource-id: com.simplemobiletools.musicplayer:id/main_nested_scrollview, class: android.widget.RelativeLayout, position: (0, 242, 1080, 2277))
Widget(resource-id: com.simplemobiletools.musicplayer:id/main_holder, class: android.view.ViewGroup, position: (0, 242, 1080, 2277))
Widget(resource-id: com.simplemobiletools.musicplayer:id/view_pager, class: t6.i, position: (0, 242, 1080, 1940))
Widget(resource-id: com.simplemobiletools.musicplayer:id/folders_fragment_holder, class: android.widget.RelativeLayout, position: (0, 242, 1080, 1940))
Widget(resource-id: com.simplemobiletools.musicplayer:id/folders_fastscroller, class: android.widget.RelativeLayout, position: (0, 242, 1080, 1940))
Widget(resource-id: com.simplemobiletools.musicplayer:id/folders_list, class: androidx.recyclerview.widget.RecyclerView, position: (0, 242, 1080, 1940))
Widget(resource-id: com.simplemobiletools.musicplayer:id/folder_frame, text: Recordings, class: android.view.ViewGroup, position: (0, 242, 1080, 440))
Widget(resource-id: com.simplemobiletools.musicplayer:id/folder_title, text: Recordings, class: android.widget.TextView, position: (21, 284, 1038, 347))
Widget(resource-id: com.simplemobiletools.musicplayer:id/folder_tracks, text: 5 Tracks, class: android.widget.TextView, position: (21, 347, 1038, 398))
Widget(resource-id: com.simplemobiletools.musicplayer:id/trackView, class: android.widget.LinearLayout, position: (1012, 242, 1080, 1940))
Widget(resource-id: com.simplemobiletools.musicplayer:id/current_track_bar, text: 2025_01_16_12_56_04, class: android.widget.RelativeLayout, position: (0, 1940, 1080, 2109))
Widget(resource-id: com.simplemobiletools.musicplayer:id/current_track_divider, class: android.widget.ImageView, position: (0, 1940, 1080, 1941))
Widget(resource-id: com.simplemobiletools.musicplayer:id/current_track_image, class: android.widget.ImageView, position: (32, 1972, 137, 2077))
Widget(resource-id: com.simplemobiletools.musicplayer:id/current_track_label, text: 2025_01_16_12_56_04, class: android.widget.TextView, position: (169, 1972, 953, 2077))
Widget(resource-id: com.simplemobiletools.musicplayer:id/current_track_play_pause, class: android.widget.ImageView, position: (953, 1972, 1048, 2077))
Widget(resource-id: com.simplemobiletools.musicplayer:id/main_tabs_holder, class: android.widget.HorizontalScrollView, position: (0, 2109, 1080, 2277))
Widget(text: Playlists, class: android.widget.LinearLayout, position: (0, 2109, 216, 2277))
Widget(resource-id: com.simplemobiletools.musicplayer:id/tab_item_holder, class: android.widget.LinearLayout, position: (60, 2141, 155, 2277))
Widget(resource-id: com.simplemobiletools.musicplayer:id/tab_item_icon, class: android.widget.ImageView, position: (70, 2141, 144, 2215))
Widget(resource-id: com.simplemobiletools.musicplayer:id/tab_item_label, text: Playlists, class: android.widget.TextView, position: (60, 2215, 155, 2277))
Widget(resource-id: com.simplemobiletools.musicplayer:id/tab_item_holder, class: android.widget.LinearLayout, position: (281, 2141, 367, 2277))
Widget(resource-id: com.simplemobiletools.musicplayer:id/tab_item_icon, class: android.widget.ImageView, position: (287, 2141, 361, 2215))
Widget(resource-id: com.simplemobiletools.musicplayer:id/tab_item_label, text: Folders, class: android.widget.TextView, position: (281, 2215, 367, 2277))
Widget(text: Artists, class: android.widget.LinearLayout, position: (432, 2109, 648, 2277))
Widget(resource-id: com.simplemobiletools.musicplayer:id/tab_item_holder, class: android.widget.LinearLayout, position: (501, 2141, 578, 2277))
Widget(resource-id: com.simplemobiletools.musicplayer:id/tab_item_icon, class: android.widget.ImageView, position: (502, 2141, 576, 2215))
Widget(resource-id: com.simplemobiletools.musicplayer:id/tab_item_label, text: Artists, class: android.widget.TextView, position: (501, 2215, 578, 2277))
Widget(text: Albums, class: android.widget.LinearLayout, position: (648, 2109, 864, 2277))
Widget(resource-id: com.simplemobiletools.musicplayer:id/tab_item_holder, class: android.widget.LinearLayout, position: (712, 2141, 800, 2277))
Widget(resource-id: com.simplemobiletools.musicplayer:id/tab_item_icon, class: android.widget.ImageView, position: (719, 2141, 793, 2215))
Widget(resource-id: com.simplemobiletools.musicplayer:id/tab_item_label, text: Albums, class: android.widget.TextView, position: (712, 2215, 800, 2277))
Widget(text: Tracks, class: android.widget.LinearLayout, position: (864, 2109, 1080, 2277))
Widget(resource-id: com.simplemobiletools.musicplayer:id/tab_item_holder, class: android.widget.LinearLayout, position: (933, 2141, 1011, 2277))
Widget(resource-id: com.simplemobiletools.musicplayer:id/tab_item_icon, class: android.widget.ImageView, position: (935, 2141, 1009, 2215))
Widget(resource-id: com.simplemobiletools.musicplayer:id/tab_item_label, text: Tracks, class: android.widget.TextView, position: (933, 2215, 1011, 2277))
Widget(content-desc: ATX notification: UIAutomator, class: android.widget.ImageView, position: (107, 1, 165, 74))
Widget(content-desc: Android System notification: , class: android.widget.ImageView, position: (165, 1, 223, 74))


        I would like to know which activity/fragment we are currently on.
        Please respond in the following JSON format:
        {
        "activity_or_fragment": "TestActivity",
        }
        or 
        {
        "activity_or_fragment": "TestFragment",
        }
        If can not determine the activity/fragment,just output{
        "activity_or_fragment": "Unknown"
        }
        Do not output anything else except json format result.
        
2025-01-16 22:22:31,285 - INFO - ------answer------
2025-01-16 22:22:31,286 - INFO - ```json
{
"activity_or_fragment": "Unknown"
}
```
2025-01-16 22:22:42,701 - INFO - ------query_instructions------
2025-01-16 22:22:42,701 - INFO - ```json
{
    "task": "sort by year in descending order",
    "activities_sequence": [
        {
            "activity": "MainActivity",
            "steps": [
                "1. Open the app and navigate to the MainActivity.",
                "2. Click on the sort menu item in the toolbar.",
                "3. Select the option to sort by year in descending order."
            ]
        }
    ],
    "explanation": "because the MainActivity contains the sorting functionality, which allows the user to sort items by year in descending order."
}
```
