2025-01-18 21:18:13,015 - INFO - This is a event:0
2025-01-18 21:18:36,191 - INFO - -----query_current_activity start query------
2025-01-18 21:18:36,192 - INFO - To achieve the task of playing the recording `'2025_01_16_12_56_04'` and setting the loop mode to `'loop the current song'`, you need to interact with the `MainActivity` and the `CurrentTrackBar` in the `com.simplemobiletools.musicplayer` app. Here's a step-by-step guide on how to accomplish this:

### Step 1: Launch the App and Navigate to the MainActivity
1. **Launch the App**: Start the app, which will typically open the `SplashActivity` and then transition to the `MainActivity`.
2. **Ensure MainActivity is Active**: Verify that the `MainActivity` is the current activity.

### Step 2: Locate and Play the Recording
1. **Search for the Recording**: Use the search functionality in the `MainActivity` to locate the recording `'2025_01_16_12_56_04'`. This can be done by interacting with the `MySearchMenu` (id: `@+id/main_menu`).
2. **Select the Recording**: Once the recording is found, select it to start playback.

### Step 3: Set the Loop Mode to 'Loop the Current Song'
1. **Access the CurrentTrackBar**: The `CurrentTrackBar` (id: `@+id/current_track_bar`) is visible at the bottom of the `MainActivity`. This bar contains controls for the currently playing track.
2. **Open Playback Settings**: Within the `CurrentTrackBar`, locate the playback settings. This is typically represented by an icon (e.g., a repeat icon) that allows you to change the loop mode.
3. **Set Loop Mode**: Change the loop mode to `'loop the current song'`. This might involve tapping the repeat icon until the desired loop mode is activated.

### Step 4: Verify the Loop Mode
1. **Check the Loop Mode**: Ensure that the loop mode has been successfully set to `'loop the current song'`. This can be verified by observing the repeat icon or by checking the playback behavior.

### Detailed Interaction with UI Elements
- **Search for Recording**:
  - **Element**: `MySearchMenu` (id: `@+id/main_menu`)
  - **Action**: Enter the recording name `'2025_01_16_12_56_04'` in the search bar and select the recording from the search results.

- **Play the Recording**:
  - **Element**: `CurrentTrackBar` (id: `@+id/current_track_bar`)
  - **Action**: Once the recording is selected, it should start playing automatically, and the `CurrentTrackBar` will display the current track information.

- **Set Loop Mode**:
  - **Element**: `LottieAnimationView` (id: `@+id/current_track_play_pause`) or a similar control within the `CurrentTrackBar`.
  - **Action**: Tap the repeat icon (if available) to cycle through the loop modes until `'loop the current song'` is activated.

### Example Code (Pseudocode)
```java
// Launch the app and navigate to MainActivity
launchApp("com.simplemobiletools.musicplayer");
waitForActivity("com.simplemobiletools.musicplayer.activities.MainActivity");

// Search for the recording
enterTextInSearchBar("@+id/main_menu", "2025_01_16_12_56_04");
selectSearchResult("2025_01_16_12_56_04");

// Verify playback has started
verifyPlaybackStarted("@+id/current_track_bar");

// Set loop mode to 'loop the current song'
setLoopMode("@+id/current_track_play_pause", "loop_current_song");

// Verify loop mode is set
verifyLoopMode("@+id/current_track_play_pause", "loop_current_song");
```

### Notes:
- The actual implementation might require specific interactions with the UI elements, which could vary based on the app's design and behavior.
- Ensure that the recording `'2025_01_16_12_56_04'` exists in the app's library before attempting to play it.
- The loop mode setting might be represented differently in the UI, so adjust the steps accordingly based on the app's interface.

By following these steps, you should be able to play the specified recording and set the loop mode to `'loop the current song'` in the `com.simplemobiletools.musicplayer` app.

 Here is the information about the screen we are currently on.
Widget(content-desc: ATX notification: UIAutomator, class: android.widget.ImageView, position: (107, 1, 165, 74))
Widget(content-desc: Android System notification: , class: android.widget.ImageView, position: (165, 1, 223, 74))
Widget(resource-id: com.simplemobiletools.musicplayer:id/action_bar_root, class: android.widget.FrameLayout, position: (0, 74, 1080, 2277))
Widget(resource-id: com.simplemobiletools.musicplayer:id/main_coordinator, class: android.view.ViewGroup, position: (0, 74, 1080, 2277))
Widget(resource-id: com.simplemobiletools.musicplayer:id/main_menu, class: android.widget.LinearLayout, position: (0, 74, 1080, 242))
Widget(resource-id: com.simplemobiletools.musicplayer:id/top_app_bar_layout, class: android.widget.LinearLayout, position: (42, 74, 1038, 242))
Widget(resource-id: com.simplemobiletools.musicplayer:id/top_toolbar_holder, class: android.widget.RelativeLayout, position: (42, 95, 1038, 221))
Widget(resource-id: com.simplemobiletools.musicplayer:id/top_toolbar_search_icon, content-desc: Search, class: android.widget.ImageView, position: (42, 95, 147, 221))
Widget(resource-id: com.simplemobiletools.musicplayer:id/top_toolbar_search, text: Search, class: android.widget.EditText, position: (147, 95, 626, 221))
Widget(resource-id: com.simplemobiletools.musicplayer:id/top_toolbar, class: android.view.ViewGroup, position: (626, 95, 1027, 221))
Widget(resource-id: com.simplemobiletools.musicplayer:id/sort, content-desc: Sort by, class: android.widget.Button, position: (668, 95, 795, 221))
Widget(resource-id: com.simplemobiletools.musicplayer:id/equalizer, content-desc: Equalizer, class: android.widget.Button, position: (795, 95, 922, 221))
Widget(content-desc: More options, class: android.widget.ImageView, position: (922, 95, 1027, 221))
Widget(resource-id: com.simplemobiletools.musicplayer:id/main_nested_scrollview, class: android.widget.RelativeLayout, position: (0, 242, 1080, 2277))
Widget(resource-id: com.simplemobiletools.musicplayer:id/main_holder, class: android.view.ViewGroup, position: (0, 242, 1080, 2277))
Widget(resource-id: com.simplemobiletools.musicplayer:id/view_pager, class: t6.i, position: (0, 242, 1080, 1940))
Widget(resource-id: com.simplemobiletools.musicplayer:id/folders_fragment_holder, class: android.widget.RelativeLayout, position: (0, 242, 1080, 1940))
Widget(resource-id: com.simplemobiletools.musicplayer:id/folders_fastscroller, class: android.widget.RelativeLayout, position: (0, 242, 1080, 1940))
Widget(resource-id: com.simplemobiletools.musicplayer:id/folders_list, class: androidx.recyclerview.widget.RecyclerView, position: (0, 242, 1080, 1940))
Widget(resource-id: com.simplemobiletools.musicplayer:id/folder_frame, text: Recordings, class: android.view.ViewGroup, position: (0, 242, 1080, 440))
Widget(resource-id: com.simplemobiletools.musicplayer:id/folder_title, text: Recordings, class: android.widget.TextView, position: (21, 284, 1038, 347))
Widget(resource-id: com.simplemobiletools.musicplayer:id/folder_tracks, text: 5 Tracks, class: android.widget.TextView, position: (21, 347, 1038, 398))
Widget(resource-id: com.simplemobiletools.musicplayer:id/trackView, class: android.widget.LinearLayout, position: (1012, 242, 1080, 1940))
Widget(resource-id: com.simplemobiletools.musicplayer:id/current_track_bar, text: 2025_01_16_13_12_22, class: android.widget.RelativeLayout, position: (0, 1940, 1080, 2109))
Widget(resource-id: com.simplemobiletools.musicplayer:id/current_track_divider, class: android.widget.ImageView, position: (0, 1940, 1080, 1941))
Widget(resource-id: com.simplemobiletools.musicplayer:id/current_track_image, class: android.widget.ImageView, position: (32, 1972, 137, 2077))
Widget(resource-id: com.simplemobiletools.musicplayer:id/current_track_label, text: 2025_01_16_13_12_22, class: android.widget.TextView, position: (169, 1972, 953, 2077))
Widget(resource-id: com.simplemobiletools.musicplayer:id/current_track_play_pause, class: android.widget.ImageView, position: (953, 1972, 1048, 2077))
Widget(resource-id: com.simplemobiletools.musicplayer:id/main_tabs_holder, class: android.widget.HorizontalScrollView, position: (0, 2109, 1080, 2277))
Widget(text: Playlists, class: android.widget.LinearLayout, position: (0, 2109, 216, 2277))
Widget(resource-id: com.simplemobiletools.musicplayer:id/tab_item_holder, class: android.widget.LinearLayout, position: (60, 2141, 155, 2277))
Widget(resource-id: com.simplemobiletools.musicplayer:id/tab_item_icon, class: android.widget.ImageView, position: (70, 2141, 144, 2215))
Widget(resource-id: com.simplemobiletools.musicplayer:id/tab_item_label, text: Playlists, class: android.widget.TextView, position: (60, 2215, 155, 2277))
Widget(resource-id: com.simplemobiletools.musicplayer:id/tab_item_holder, class: android.widget.LinearLayout, position: (281, 2141, 367, 2277))
Widget(resource-id: com.simplemobiletools.musicplayer:id/tab_item_icon, class: android.widget.ImageView, position: (287, 2141, 361, 2215))
Widget(resource-id: com.simplemobiletools.musicplayer:id/tab_item_label, text: Folders, class: android.widget.TextView, position: (281, 2215, 367, 2277))
Widget(text: Artists, class: android.widget.LinearLayout, position: (432, 2109, 648, 2277))
Widget(resource-id: com.simplemobiletools.musicplayer:id/tab_item_holder, class: android.widget.LinearLayout, position: (501, 2141, 578, 2277))
Widget(resource-id: com.simplemobiletools.musicplayer:id/tab_item_icon, class: android.widget.ImageView, position: (502, 2141, 576, 2215))
Widget(resource-id: com.simplemobiletools.musicplayer:id/tab_item_label, text: Artists, class: android.widget.TextView, position: (501, 2215, 578, 2277))
Widget(text: Albums, class: android.widget.LinearLayout, position: (648, 2109, 864, 2277))
Widget(resource-id: com.simplemobiletools.musicplayer:id/tab_item_holder, class: android.widget.LinearLayout, position: (712, 2141, 800, 2277))
Widget(resource-id: com.simplemobiletools.musicplayer:id/tab_item_icon, class: android.widget.ImageView, position: (719, 2141, 793, 2215))
Widget(resource-id: com.simplemobiletools.musicplayer:id/tab_item_label, text: Albums, class: android.widget.TextView, position: (712, 2215, 800, 2277))
Widget(text: Tracks, class: android.widget.LinearLayout, position: (864, 2109, 1080, 2277))
Widget(resource-id: com.simplemobiletools.musicplayer:id/tab_item_holder, class: android.widget.LinearLayout, position: (933, 2141, 1011, 2277))
Widget(resource-id: com.simplemobiletools.musicplayer:id/tab_item_icon, class: android.widget.ImageView, position: (935, 2141, 1009, 2215))
Widget(resource-id: com.simplemobiletools.musicplayer:id/tab_item_label, text: Tracks, class: android.widget.TextView, position: (933, 2215, 1011, 2277))


        I would like to know which activity/fragment we are currently on.
        Please respond in the following JSON format:
        {
        "activity_or_fragment": "TestActivity",
        }
        or 
        {
        "activity_or_fragment": "TestFragment",
        }
        If can not determine the activity/fragment,just output{
        "activity_or_fragment": "Unknown"
        }
        Do not output anything else except json format result.
        
2025-01-18 21:18:37,714 - INFO - ------answer------
2025-01-18 21:18:37,715 - INFO - ```json
{
"activity_or_fragment": "MainActivity"
}
```
2025-01-18 21:18:51,418 - INFO - ------query_instructions------
2025-01-18 21:18:51,418 - INFO - ```json
{
    "task": "play '2025_01_16_12_56_04' in recordings and set the loop mode to 'loop the current song'",
    "activities_sequence": [
        {
            "activity": "MainActivity",
            "steps": [
                "1. Open the app and navigate to the 'Recordings' section.",
                "2. Locate the recording titled '2025_01_16_12_56_04'.",
                "3. Tap on the recording to start playback."
            ]
        },
        {
            "activity": "TrackActivity",
            "steps": [
                "4. Once the recording is playing, tap on the playback settings button (usually represented by a gear or three dots).",
                "5. Select the 'Loop Mode' option from the playback settings menu.",
                "6. Choose 'Loop the Current Song' to enable looping for the recording."
            ]
        }
    ],
    "explanation": "because the MainActivity allows you to browse and play recordings, and the TrackActivity provides the playback settings to enable loop mode for the current song."
}
```
