2025-01-17 13:17:08,675 - INFO - This is a event:0
2025-01-17 13:17:08,823 - INFO - -----query_current_activity start query------
2025-01-17 13:17:08,825 - INFO - To implement the task of sorting contacts by first name, you need to focus on the `MainActivity` and its associated layout (`R.layout.activity_main`). The contacts are likely displayed in a `RecyclerView` or a similar component within the `MainActivity`. Here's a step-by-step guide to achieve this:

### Step 1: Identify the Contacts List
1. **Locate the RecyclerView**: In the `MainActivity`, identify the `RecyclerView` or any other component that displays the list of contacts. This is typically where the contacts are rendered.

2. **Adapter and Data Source**: Check the adapter class that is used to bind the data to the `RecyclerView`. The adapter will have a reference to the list of contacts.

### Step 2: Modify the Data Source
1. **Sort the Contacts**: Before setting the data to the adapter, sort the list of contacts by their first name. You can use the `Collections.sort()` method or any other sorting mechanism.

   ```java
   Collections.sort(contactsList, new Comparator<Contact>() {
       @Override
       public int compare(Contact c1, Contact c2) {
           return c1.getFirstName().compareToIgnoreCase(c2.getFirstName());
       }
   });
   ```

   Here, `contactsList` is the list of contacts, and `Contact` is the model class representing a contact.

2. **Update the Adapter**: After sorting the list, notify the adapter that the data has changed.

   ```java
   adapter.notifyDataSetChanged();
   ```

### Step 3: Implement Sorting in the UI
1. **Add a Sorting Option**: You can add a menu item or a button in the `MainActivity` to allow users to sort the contacts by first name.

   ```xml
   <item
       android:id="@+id/action_sort_by_first_name"
       android:title="Sort by First Name"
       app:showAsAction="ifRoom" />
   ```

2. **Handle the Sorting Action**: In the `MainActivity`, handle the click event for the sorting option.

   ```java
   @Override
   public boolean onOptionsItemSelected(MenuItem item) {
       switch (item.getItemId()) {
           case R.id.action_sort_by_first_name:
               sortContactsByFirstName();
               return true;
           default:
               return super.onOptionsItemSelected(item);
       }
   }

   private void sortContactsByFirstName() {
       Collections.sort(contactsList, new Comparator<Contact>() {
           @Override
           public int compare(Contact c1, Contact c2) {
               return c1.getFirstName().compareToIgnoreCase(c2.getFirstName());
           }
       });
       adapter.notifyDataSetChanged();
   }
   ```

### Step 4: Persist Sorting Preference (Optional)
1. **Save Sorting Preference**: If you want to persist the sorting preference, you can save it in `SharedPreferences`.

   ```java
   SharedPreferences sharedPreferences = getSharedPreferences("AppPreferences", MODE_PRIVATE);
   SharedPreferences.Editor editor = sharedPreferences.edit();
   editor.putBoolean("SortByFirstName", true);
   editor.apply();
   ```

2. **Load Sorting Preference**: When the `MainActivity` is created, load the sorting preference and sort the contacts accordingly.

   ```java
   SharedPreferences sharedPreferences = getSharedPreferences("AppPreferences", MODE_PRIVATE);
   boolean sortByFirstName = sharedPreferences.getBoolean("SortByFirstName", false);

   if (sortByFirstName) {
       sortContactsByFirstName();
   }
   ```

### Step 5: Testing
1. **Test the Sorting**: Run the app and verify that the contacts are sorted by first name when the sorting option is selected.

2. **Edge Cases**: Ensure that the sorting works correctly with edge cases, such as contacts with no first name, special characters, or different locales.

### Conclusion
By following these steps, you can implement the functionality to sort contacts by first name in the `MainActivity`. This involves modifying the data source, updating the adapter, and providing a user interface option to trigger the sorting. Optionally, you can persist the sorting preference to enhance the user experience.

 Here is the information about the screen we are currently on.
Widget(resource-id: com.simplemobiletools.dialer:id/action_bar_root, class: android.widget.FrameLayout, position: (0, 74, 1080, 2277))
Widget(resource-id: com.simplemobiletools.dialer:id/main_coordinator, class: android.view.ViewGroup, position: (0, 74, 1080, 2277))
Widget(resource-id: com.simplemobiletools.dialer:id/main_menu, class: android.widget.LinearLayout, position: (0, 74, 1080, 242))
Widget(resource-id: com.simplemobiletools.dialer:id/top_app_bar_layout, class: android.widget.LinearLayout, position: (42, 74, 1038, 242))
Widget(resource-id: com.simplemobiletools.dialer:id/top_toolbar_holder, class: android.widget.RelativeLayout, position: (42, 95, 1038, 221))
Widget(resource-id: com.simplemobiletools.dialer:id/top_toolbar_search_icon, content-desc: Search, class: android.widget.ImageView, position: (42, 95, 147, 221))
Widget(resource-id: com.simplemobiletools.dialer:id/top_toolbar_search, text: Search, class: android.widget.EditText, position: (147, 95, 626, 221))
Widget(resource-id: com.simplemobiletools.dialer:id/top_toolbar, class: android.view.ViewGroup, position: (626, 95, 1027, 221))
Widget(resource-id: com.simplemobiletools.dialer:id/filter, content-desc: Filter, class: android.widget.Button, position: (668, 95, 795, 221))
Widget(resource-id: com.simplemobiletools.dialer:id/clear_call_history, content-desc: Clear call history, class: android.widget.Button, position: (795, 95, 922, 221))
Widget(content-desc: More options, class: android.widget.ImageView, position: (922, 95, 1027, 221))
Widget(resource-id: com.simplemobiletools.dialer:id/main_holder, class: android.view.ViewGroup, position: (0, 242, 1080, 2277))
Widget(resource-id: com.simplemobiletools.dialer:id/view_pager, class: r4.i, position: (0, 242, 1080, 2109))
Widget(resource-id: com.simplemobiletools.dialer:id/recents_fragment, class: android.widget.RelativeLayout, position: (0, 242, 1080, 2109))
Widget(resource-id: com.simplemobiletools.dialer:id/recents_list, class: androidx.recyclerview.widget.RecyclerView, position: (0, 242, 1080, 2109))
Widget(resource-id: com.simplemobiletools.dialer:id/item_recents_holder, text: Alice - Mobile (4), class: android.view.ViewGroup, position: (0, 242, 1080, 411))
Widget(resource-id: com.simplemobiletools.dialer:id/item_recents_image, class: android.widget.ImageView, position: (32, 264, 158, 390))
Widget(resource-id: com.simplemobiletools.dialer:id/item_recents_name, text: Alice - Mobile (4), class: android.widget.TextView, position: (169, 263, 922, 326))
Widget(resource-id: com.simplemobiletools.dialer:id/item_recents_type, class: android.widget.ImageView, position: (163, 339, 214, 390))
Widget(resource-id: com.simplemobiletools.dialer:id/item_recents_date_time, text: 15.01, class: android.widget.TextView, position: (219, 339, 313, 390))
Widget(resource-id: com.simplemobiletools.dialer:id/overflow_menu_icon, class: android.widget.ImageView, position: (933, 263, 1080, 390))
Widget(resource-id: com.simplemobiletools.dialer:id/main_dialpad_button, content-desc: Dialpad, class: android.widget.ImageButton, position: (880, 1920, 1027, 2067))
Widget(resource-id: com.simplemobiletools.dialer:id/main_tabs_holder, class: android.widget.HorizontalScrollView, position: (0, 2109, 1080, 2277))
Widget(text: Contacts, class: android.widget.LinearLayout, position: (0, 2109, 360, 2277))
Widget(resource-id: com.simplemobiletools.dialer:id/tab_item_holder, class: android.widget.LinearLayout, position: (127, 2141, 232, 2277))
Widget(resource-id: com.simplemobiletools.dialer:id/tab_item_icon, class: android.widget.ImageView, position: (142, 2141, 216, 2215))
Widget(resource-id: com.simplemobiletools.dialer:id/tab_item_label, text: Contacts, class: android.widget.TextView, position: (127, 2215, 232, 2277))
Widget(text: Favorites, class: android.widget.LinearLayout, position: (360, 2109, 720, 2277))
Widget(resource-id: com.simplemobiletools.dialer:id/tab_item_holder, class: android.widget.LinearLayout, position: (486, 2141, 593, 2277))
Widget(resource-id: com.simplemobiletools.dialer:id/tab_item_icon, class: android.widget.ImageView, position: (502, 2141, 576, 2215))
Widget(resource-id: com.simplemobiletools.dialer:id/tab_item_label, text: Favorites, class: android.widget.TextView, position: (486, 2215, 593, 2277))
Widget(resource-id: com.simplemobiletools.dialer:id/tab_item_holder, class: android.widget.LinearLayout, position: (834, 2141, 966, 2277))
Widget(resource-id: com.simplemobiletools.dialer:id/tab_item_icon, class: android.widget.ImageView, position: (863, 2141, 937, 2215))
Widget(resource-id: com.simplemobiletools.dialer:id/tab_item_label, text: Call History, class: android.widget.TextView, position: (834, 2215, 966, 2277))
Widget(content-desc: ATX notification: UIAutomator, class: android.widget.ImageView, position: (107, 1, 165, 74))
Widget(content-desc: Android System notification: , class: android.widget.ImageView, position: (165, 1, 223, 74))


        I would like to know which activity/fragment we are currently on.
        Please respond in the following JSON format:
        {
        "activity_or_fragment": "TestActivity",
        }
        or 
        {
        "activity_or_fragment": "TestFragment",
        }
        If can not determine the activity/fragment,just output{
        "activity_or_fragment": "Unknown"
        }
        Do not output anything else except json format result.
        
2025-01-17 13:17:10,582 - INFO - ------answer------
2025-01-17 13:17:10,583 - INFO - ```json
{
"activity_or_fragment": "MainActivity"
}
```
2025-01-17 13:17:16,533 - INFO - ------query_instructions------
2025-01-17 13:17:16,533 - INFO - ```json
{
    "task": "Sort contacts by first name",
    "activities_sequence": [
        {
            "activity": "MainActivity",
            "steps": [
                "1. Open the app and navigate to the 'Contacts' tab.",
                "2. Click on the 'Sort' menu item in the toolbar.",
                "3. Select 'Sort by first name' from the sorting options."
            ]
        }
    ],
    "explanation": "because the MainActivity contains the 'Sort' menu item which allows sorting contacts by first name."
}
```
