2025-01-16 18:46:04,902 - INFO - This is a event:0
2025-01-16 18:46:21,462 - INFO - -----query_current_activity start query------
2025-01-16 18:46:21,464 - INFO - To change the font size of the File Manager app to "large," you need to modify the font size settings in the app's layout files or through the app's settings if it provides such an option. Based on the provided layout information, it seems that the app has a `SettingsActivity` where users can adjust various settings, including font size.

### Steps to Change Font Size to "Large":

1. **Identify the Font Size Setting in `SettingsActivity`:**
   - In the `SettingsActivity` layout (`R.layout.activity_settings`), there is a section for font size settings:
     ```xml
     <RelativeLayout
         id="@+id/settings_font_size_holder"
         style="@style/SettingsHolderTextViewStyle">
         <com.simplemobiletools.commons.views.MyTextView
             id="@+id/settings_font_size_label"
             style="@style/SettingsTextLabelStyle"
             text="@string/font_size" />
         <com.simplemobiletools.commons.views.MyTextView
             id="@+id/settings_font_size"
             style="@style/SettingsTextValueStyle"
             layout_below="@+id/settings_font_size_label"
             text="@string/medium" />
     </RelativeLayout>
     ```
   - The `settings_font_size` TextView displays the current font size setting, which is currently set to "medium."

2. **Modify the Font Size Setting:**
   - To change the font size to "large," you need to modify the `text` attribute of the `settings_font_size` TextView from `@string/medium` to `@string/large`.
   - This change can be made in the `activity_settings.xml` layout file:
     ```xml
     <com.simplemobiletools.commons.views.MyTextView
         id="@+id/settings_font_size"
         style="@style/SettingsTextValueStyle"
         layout_below="@+id/settings_font_size_label"
         text="@string/large" />
     ```

3. **Update the Font Size in the App:**
   - After changing the layout file, you need to ensure that the app logic applies the new font size across the app. This might involve modifying the app's code to apply the "large" font size to all relevant text views.

4. **Rebuild and Test the App:**
   - Rebuild the app and test it to ensure that the font size has been changed to "large" across all activities and views.

### Alternative Approach: Programmatically Change Font Size
If the app allows programmatic changes to the font size, you can modify the `SettingsActivity` code to set the font size to "large" when the user selects this option.

Here¡¯s an example of how you might do this in the `SettingsActivity`:

```java
TextView fontSizeTextView = findViewById(R.id.settings_font_size);
fontSizeTextView.setText(getString(R.string.large));

// Apply the large font size to all text views in the app
applyFontSizeToAllTextViews(getApplicationContext(), R.dimen.large_text_size);
```

You would need to define a method `applyFontSizeToAllTextViews` that iterates through all text views in the app and sets their text size to the large size defined in your `dimens.xml` file.

### Conclusion:
The most straightforward way to change the font size to "large" is by modifying the `activity_settings.xml` layout file and ensuring that the app logic applies this change across all activities. If the app supports dynamic font size changes, you can also implement this programmatically in the `SettingsActivity`.

 Here is the information about the screen we are currently on.
Widget(content-desc: ATX notification: UIAutomator, class: android.widget.ImageView, position: (128, 1, 186, 74))
Widget(content-desc: Android System notification: , class: android.widget.ImageView, position: (186, 1, 244, 74))
Widget(resource-id: com.simplemobiletools.filemanager.pro:id/action_bar_root, class: android.widget.FrameLayout, position: (0, 74, 1080, 2277))
Widget(resource-id: com.simplemobiletools.filemanager.pro:id/main_coordinator, class: android.view.ViewGroup, position: (0, 74, 1080, 2277))
Widget(resource-id: com.simplemobiletools.filemanager.pro:id/main_menu, class: android.widget.LinearLayout, position: (0, 74, 1080, 242))
Widget(resource-id: com.simplemobiletools.filemanager.pro:id/top_app_bar_layout, class: android.widget.LinearLayout, position: (42, 74, 1038, 242))
Widget(resource-id: com.simplemobiletools.filemanager.pro:id/top_toolbar_holder, class: android.widget.RelativeLayout, position: (42, 95, 1038, 221))
Widget(resource-id: com.simplemobiletools.filemanager.pro:id/top_toolbar_search_icon, content-desc: Search, class: android.widget.ImageView, position: (42, 95, 147, 221))
Widget(resource-id: com.simplemobiletools.filemanager.pro:id/top_toolbar_search, text: Search, class: android.widget.EditText, position: (147, 95, 731, 221))
Widget(resource-id: com.simplemobiletools.filemanager.pro:id/top_toolbar, class: android.view.ViewGroup, position: (731, 95, 1027, 221))
Widget(resource-id: com.simplemobiletools.filemanager.pro:id/settings, content-desc: Settings, class: android.widget.Button, position: (773, 95, 900, 221))
Widget(resource-id: com.simplemobiletools.filemanager.pro:id/about, content-desc: About, class: android.widget.Button, position: (900, 95, 1027, 221))
Widget(resource-id: com.simplemobiletools.filemanager.pro:id/main_holder, class: android.widget.RelativeLayout, position: (0, 242, 1080, 2277))
Widget(resource-id: com.simplemobiletools.filemanager.pro:id/main_view_pager, class: androidx.viewpager.widget.m, position: (0, 242, 1080, 2109))
Widget(resource-id: com.simplemobiletools.filemanager.pro:id/storage_fragment, class: android.widget.RelativeLayout, position: (0, 242, 1080, 2109))
Widget(resource-id: com.simplemobiletools.filemanager.pro:id/storage_nested_scrollview, class: android.widget.ScrollView, position: (0, 242, 1080, 1132))
Widget(resource-id: com.simplemobiletools.filemanager.pro:id/storage_volumes_holder, class: android.widget.LinearLayout, position: (0, 242, 1080, 1132))
Widget(resource-id: com.simplemobiletools.filemanager.pro:id/storage_holder, class: android.view.ViewGroup, position: (0, 242, 1080, 687))
Widget(resource-id: com.simplemobiletools.filemanager.pro:id/free_space_holder, text: Internal, class: android.widget.RelativeLayout, position: (0, 242, 1080, 687))
Widget(resource-id: com.simplemobiletools.filemanager.pro:id/storage_name, text: Internal, class: android.widget.TextView, position: (42, 284, 933, 347))
Widget(resource-id: com.simplemobiletools.filemanager.pro:id/free_space_value, text: 4.3 GB, class: android.widget.TextView, position: (42, 347, 397, 508))
Widget(resource-id: com.simplemobiletools.filemanager.pro:id/expand_button, class: android.widget.ImageView, position: (933, 284, 1038, 389))
Widget(resource-id: com.simplemobiletools.filemanager.pro:id/free_space_label, text: free, class: android.widget.TextView, position: (418, 425, 500, 488))
Widget(resource-id: com.simplemobiletools.filemanager.pro:id/main_storage_usage_progressbar, class: android.widget.ProgressBar, position: (42, 529, 1038, 540))
Widget(resource-id: com.simplemobiletools.filemanager.pro:id/total_space, text: Total storage: 8 GB, class: android.widget.TextView, position: (42, 561, 439, 624))
Widget(resource-id: com.simplemobiletools.filemanager.pro:id/storage_holder, class: android.view.ViewGroup, position: (0, 687, 1080, 1132))
Widget(resource-id: com.simplemobiletools.filemanager.pro:id/free_space_holder, text: SD Card, class: android.widget.RelativeLayout, position: (0, 687, 1080, 1132))
Widget(resource-id: com.simplemobiletools.filemanager.pro:id/storage_name, text: SD Card, class: android.widget.TextView, position: (42, 729, 933, 792))
Widget(resource-id: com.simplemobiletools.filemanager.pro:id/free_space_value, text: 534.6 MB, class: android.widget.TextView, position: (42, 792, 557, 953))
Widget(resource-id: com.simplemobiletools.filemanager.pro:id/expand_button, class: android.widget.ImageView, position: (933, 729, 1038, 834))
Widget(resource-id: com.simplemobiletools.filemanager.pro:id/free_space_label, text: free, class: android.widget.TextView, position: (578, 870, 660, 933))
Widget(resource-id: com.simplemobiletools.filemanager.pro:id/main_storage_usage_progressbar, class: android.widget.ProgressBar, position: (42, 974, 1038, 985))
Widget(resource-id: com.simplemobiletools.filemanager.pro:id/total_space, text: Total storage: 534.8 MB, class: android.widget.TextView, position: (42, 1006, 538, 1069))
Widget(resource-id: com.simplemobiletools.filemanager.pro:id/main_tabs_holder, class: android.widget.HorizontalScrollView, position: (0, 2109, 1080, 2277))
Widget(text: Files, class: android.widget.LinearLayout, position: (0, 2109, 360, 2277))
Widget(resource-id: com.simplemobiletools.filemanager.pro:id/tab_item_holder, class: android.widget.LinearLayout, position: (143, 2141, 217, 2277))
Widget(resource-id: com.simplemobiletools.filemanager.pro:id/tab_item_icon, class: android.widget.ImageView, position: (143, 2141, 217, 2215))
Widget(resource-id: com.simplemobiletools.filemanager.pro:id/tab_item_label, text: Files, class: android.widget.TextView, position: (153, 2215, 206, 2277))
Widget(text: Recents, class: android.widget.LinearLayout, position: (360, 2109, 720, 2277))
Widget(resource-id: com.simplemobiletools.filemanager.pro:id/tab_item_holder, class: android.widget.LinearLayout, position: (493, 2141, 587, 2277))
Widget(resource-id: com.simplemobiletools.filemanager.pro:id/tab_item_icon, class: android.widget.ImageView, position: (503, 2141, 577, 2215))
Widget(resource-id: com.simplemobiletools.filemanager.pro:id/tab_item_label, text: Recents, class: android.widget.TextView, position: (493, 2215, 587, 2277))
Widget(resource-id: com.simplemobiletools.filemanager.pro:id/tab_item_holder, class: android.widget.LinearLayout, position: (854, 2141, 945, 2277))
Widget(resource-id: com.simplemobiletools.filemanager.pro:id/tab_item_icon, class: android.widget.ImageView, position: (862, 2141, 936, 2215))
Widget(resource-id: com.simplemobiletools.filemanager.pro:id/tab_item_label, text: Storage, class: android.widget.TextView, position: (854, 2215, 945, 2277))


        I would like to know which activity/fragment we are currently on.
        Please respond in the following JSON format:
        {
        "activity_or_fragment": "TestActivity",
        }
        or 
        {
        "activity_or_fragment": "TestFragment",
        }
        If can not determine the activity/fragment,just output{
        "activity_or_fragment": "Unknown"
        }
        Do not output anything else except json format result.
        
2025-01-16 18:46:23,267 - INFO - ------answer------
2025-01-16 18:46:23,267 - INFO - ```json
{
"activity_or_fragment": "Unknown"
}
```
2025-01-16 18:46:34,476 - INFO - ------query_instructions------
2025-01-16 18:46:34,476 - INFO - ```json
{
    "task": "change font size of the File manager app to large",
    "activities_sequence": [
        {
            "activity": "SettingsActivity",
            "steps": [
                "1. Open the File Manager app.",
                "2. Navigate to the 'Settings' section.",
                "3. Scroll down to the 'General Settings' section.",
                "4. Tap on 'Font Size'.",
                "5. Select 'Large' from the font size options."
            ]
        }
    ],
    "explanation": "because the SettingsActivity contains the option to change the font size of the app."
}
```
