2025-01-17 22:21:04,819 - INFO - This is a event:0
2025-01-17 22:21:27,069 - INFO - -----query_current_activity start query------
2025-01-17 22:21:27,072 - INFO - To achieve the task of "view messages with Bob," you need to navigate through the app's activities and interact with the appropriate UI elements. Based on the provided activity and layout information, here's a step-by-step breakdown of how to accomplish this:

---

### **Step 1: Launch the App**
- The app starts with `SplashActivity`, which likely transitions to `MainActivity` automatically.

---

### **Step 2: Navigate to the Main Conversation List**
- The `MainActivity` (`R.layout.activity_main`) is the primary screen where conversations are listed.
- The `conversations_list` (`id:@+id/conversations_list`) is a `RecyclerView` that displays all conversations.
- Look for the conversation with "Bob" in this list.

---

### **Step 3: Open the Conversation with Bob**
- Tap on the conversation item in the `conversations_list` that corresponds to "Bob."
- This action should open the `ThreadActivity` (`R.layout.activity_thread`), which displays the messages in the conversation.

---

### **Step 4: View Messages in the ThreadActivity**
- In `ThreadActivity`, the `thread_messages_list` (`id:@+id/thread_messages_list`) is a `RecyclerView` that displays the messages between you and Bob.
- Scroll through the list to view all messages.

---

### **Key UI Elements to Interact With**
1. **MainActivity**:
   - `conversations_list` (`id:@+id/conversations_list`): List of conversations.
   - `conversations_fab` (`id:@+id/conversations_fab`): Floating action button to start a new conversation (not needed for this task).

2. **ThreadActivity**:
   - `thread_messages_list` (`id:@+id/thread_messages_list`): List of messages in the selected conversation.
   - `thread_type_message` (`id:@+id/thread_type_message`): Input field for typing a new message (not needed for this task).

---

### **Automation or Testing Script (Pseudocode)**
If you're automating this task (e.g., using UI testing frameworks like Espresso), here's a pseudocode outline:

```java
// Step 1: Launch the app (SplashActivity -> MainActivity)
launchApp();

// Step 2: Find the conversation with Bob in MainActivity
RecyclerView conversationsList = findView(R.id.conversations_list);
RecyclerViewMatcher matcher = new RecyclerViewMatcher(R.id.conversations_list);
ViewInteraction conversationItem = onView(matcher.atPosition(0)); // Replace 0 with the index of Bob's conversation
conversationItem.perform(click());

// Step 3: Verify that ThreadActivity is opened and messages are displayed
RecyclerView messagesList = findView(R.id.thread_messages_list);
assertTrue(messagesList.getChildCount() > 0); // Ensure messages are displayed
```

---

### **Notes**
- If "Bob" is not in the conversation list, you may need to create a new conversation with Bob using `NewConversationActivity`.
- If the app has a search feature (e.g., `main_menu` in `MainActivity`), you can use it to quickly find the conversation with Bob.
- Ensure that the app has the necessary permissions to access messages and contacts.

Let me know if you need further clarification or assistance!

 Here is the information about the screen we are currently on.
Widget(content-desc: ATX notification: UIAutomator, class: android.widget.ImageView, position: (107, 1, 165, 74))
Widget(content-desc: Android System notification: , class: android.widget.ImageView, position: (165, 1, 223, 74))
Widget(resource-id: com.simplemobiletools.smsmessenger:id/action_bar_root, class: android.widget.FrameLayout, position: (0, 0, 1080, 2277))
Widget(resource-id: com.simplemobiletools.smsmessenger:id/main_coordinator, class: android.widget.ScrollView, position: (0, 74, 1080, 2277))
Widget(resource-id: com.simplemobiletools.smsmessenger:id/main_menu, class: android.widget.LinearLayout, position: (0, 74, 1080, 242))
Widget(resource-id: com.simplemobiletools.smsmessenger:id/top_app_bar_layout, class: android.widget.LinearLayout, position: (42, 74, 1038, 242))
Widget(resource-id: com.simplemobiletools.smsmessenger:id/top_toolbar_holder, class: android.widget.RelativeLayout, position: (42, 95, 1038, 221))
Widget(resource-id: com.simplemobiletools.smsmessenger:id/top_toolbar_search_icon, content-desc: Search, class: android.widget.ImageView, position: (42, 95, 147, 221))
Widget(resource-id: com.simplemobiletools.smsmessenger:id/top_toolbar_search, text: Search, class: android.widget.EditText, position: (147, 95, 626, 221))
Widget(resource-id: com.simplemobiletools.smsmessenger:id/top_toolbar, class: android.view.ViewGroup, position: (626, 95, 1027, 221))
Widget(resource-id: com.simplemobiletools.smsmessenger:id/settings, content-desc: Settings, class: android.widget.Button, position: (668, 95, 795, 221))
Widget(resource-id: com.simplemobiletools.smsmessenger:id/about, content-desc: About, class: android.widget.Button, position: (795, 95, 922, 221))
Widget(content-desc: More options, class: android.widget.ImageView, position: (922, 95, 1027, 221))
Widget(resource-id: com.simplemobiletools.smsmessenger:id/main_nested_scrollview, class: android.widget.RelativeLayout, position: (0, 242, 1080, 2277))
Widget(resource-id: com.simplemobiletools.smsmessenger:id/main_coordinator_wrapper, class: android.view.ViewGroup, position: (0, 242, 1080, 2277))
Widget(resource-id: com.simplemobiletools.smsmessenger:id/main_holder, class: android.widget.RelativeLayout, position: (0, 242, 1080, 2277))
Widget(resource-id: com.simplemobiletools.smsmessenger:id/conversations_fastscroller, class: android.widget.RelativeLayout, position: (0, 242, 1080, 2277))
Widget(resource-id: com.simplemobiletools.smsmessenger:id/conversations_list, class: androidx.recyclerview.widget.RecyclerView, position: (0, 242, 1080, 2277))
Widget(resource-id: com.simplemobiletools.smsmessenger:id/conversation_frame, text: Alice, class: android.widget.FrameLayout, position: (0, 242, 1080, 496))
Widget(resource-id: com.simplemobiletools.smsmessenger:id/conversation_holder, class: android.widget.RelativeLayout, position: (0, 242, 1080, 496))
Widget(resource-id: com.simplemobiletools.smsmessenger:id/conversation_image, class: android.widget.ImageView, position: (43, 284, 169, 454))
Widget(resource-id: com.simplemobiletools.smsmessenger:id/pin_indicator_l, class: android.widget.RelativeLayout, position: (43, 284, 169, 454))
Widget(resource-id: com.simplemobiletools.smsmessenger:id/conversation_address, text: Alice, class: android.widget.TextView, position: (201, 284, 1048, 352))
Widget(resource-id: com.simplemobiletools.smsmessenger:id/draft_indicator, text: Draft, class: android.widget.TextView, position: (201, 352, 292, 403))
Widget(resource-id: com.simplemobiletools.smsmessenger:id/conversation_body_short, text: I-love-youI-love-you, class: android.widget.TextView, position: (292, 352, 1048, 403))
Widget(resource-id: com.simplemobiletools.smsmessenger:id/conversation_date, text: 01:49 PM, class: android.widget.TextView, position: (201, 408, 1048, 454))
Widget(resource-id: com.simplemobiletools.smsmessenger:id/conversation_frame, text: Bob, class: android.widget.FrameLayout, position: (0, 501, 1080, 755))
Widget(resource-id: com.simplemobiletools.smsmessenger:id/conversation_holder, class: android.widget.RelativeLayout, position: (0, 501, 1080, 755))
Widget(resource-id: com.simplemobiletools.smsmessenger:id/conversation_image, class: android.widget.ImageView, position: (43, 543, 169, 713))
Widget(resource-id: com.simplemobiletools.smsmessenger:id/pin_indicator_l, class: android.widget.RelativeLayout, position: (43, 543, 169, 713))
Widget(resource-id: com.simplemobiletools.smsmessenger:id/conversation_address, text: Bob, class: android.widget.TextView, position: (201, 543, 1048, 611))
Widget(resource-id: com.simplemobiletools.smsmessenger:id/conversation_body_short, text: Eee, class: android.widget.TextView, position: (201, 611, 1048, 662))
Widget(resource-id: com.simplemobiletools.smsmessenger:id/conversation_date, text: 11:29 AM, class: android.widget.TextView, position: (201, 667, 1048, 713))
Widget(resource-id: com.simplemobiletools.smsmessenger:id/trackView, class: android.widget.LinearLayout, position: (1012, 242, 1080, 2277))
Widget(resource-id: com.simplemobiletools.smsmessenger:id/conversations_fab, class: android.widget.ImageButton, position: (891, 2088, 1038, 2235))


        I would like to know which activity/fragment we are currently on.
        Please respond in the following JSON format:
        {
        "activity_or_fragment": "TestActivity",
        }
        or 
        {
        "activity_or_fragment": "TestFragment",
        }
        If can not determine the activity/fragment,just output{
        "activity_or_fragment": "Unknown"
        }
        Do not output anything else except json format result.
        
2025-01-17 22:21:28,402 - INFO - ------answer------
2025-01-17 22:21:28,402 - INFO - ```json
{
"activity_or_fragment": "MainActivity"
}
```
2025-01-17 22:21:48,140 - INFO - ------query_instructions------
2025-01-17 22:21:48,141 - INFO - ```json
{
    "task": "view messages with Bob",
    "activities_sequence": [
        {
            "activity": "SplashActivity",
            "steps": [
                "1. The app starts with SplashActivity, which initializes the app and transitions to MainActivity."
            ]
        },
        {
            "activity": "MainActivity",
            "steps": [
                "2. In MainActivity, use the search functionality to find the conversation with Bob.",
                "3. Click on the conversation with Bob to open the ThreadActivity."
            ]
        },
        {
            "activity": "ThreadActivity",
            "steps": [
                "4. In ThreadActivity, view the messages exchanged with Bob.",
                "5. Scroll through the conversation to read previous messages."
            ]
        }
    ],
    "explanation": "because ThreadActivity is responsible for displaying the conversation and messages with Bob."
}
```
