2025-01-16 14:42:53,219 - INFO - This is a event:0
2025-01-16 14:42:53,382 - INFO - -----query_current_activity start query------
2025-01-16 14:42:53,383 - INFO - To achieve the task of **"Disable closing this app when launching a different one"**, you need to analyze the `SettingsActivity` and its associated layout (`R.layout.activity_settings`). Specifically, you should focus on the `settings_close_app` checkbox, which appears to control whether the app closes when launching another app.

### Steps to Disable Closing the App When Launching a Different One:

1. **Locate the `settings_close_app` Checkbox:**
   - In the `SettingsActivity` layout (`R.layout.activity_settings`), there is a `MyAppCompatCheckbox` with the ID `@+id/settings_close_app`. This checkbox is likely tied to the functionality of closing the app when launching another app.

2. **Modify the Default Behavior:**
   - By default, the `settings_close_app` checkbox might be checked, meaning the app closes when launching another app. To disable this behavior, you need to ensure the checkbox is unchecked by default or programmatically set it to unchecked.

3. **Update the `SettingsActivity` Code:**
   - Open the `SettingsActivity` Java/Kotlin file.
   - Locate the code that initializes or interacts with the `settings_close_app` checkbox.
   - Ensure the checkbox is unchecked by default or modify the logic to prevent the app from closing when launching another app.

   Example (in Kotlin):
   ```kotlin
   val closeAppCheckbox = findViewById<MyAppCompatCheckbox>(R.id.settings_close_app)
   closeAppCheckbox.isChecked = false // Uncheck the checkbox by default
   ```

4. **Handle the Checkbox State:**
   - If the checkbox state is saved in shared preferences or a similar storage mechanism, ensure the default value is set to `false` (unchecked).
   - Example (in Kotlin):
     ```kotlin
     val sharedPreferences = getSharedPreferences("app_settings", MODE_PRIVATE)
     sharedPreferences.edit().putBoolean("close_app", false).apply()
     ```

5. **Test the Changes:**
   - Run the app and navigate to the settings.
   - Verify that the "Close App" checkbox is unchecked by default.
   - Launch another app from within your app and confirm that your app remains open in the background.

### Additional Considerations:
- If the `settings_close_app` checkbox is tied to a specific method or listener that handles app closure, you may need to modify that logic to prevent the app from closing.
- If the app's behavior is controlled by a third-party library (e.g., `com.simplemobiletools.commons`), you may need to override or extend the library's functionality to achieve the desired behavior.

### Summary:
To disable closing the app when launching a different one:
1. Locate the `settings_close_app` checkbox in `SettingsActivity`.
2. Ensure the checkbox is unchecked by default or programmatically set it to unchecked.
3. Update any related logic or shared preferences to reflect the new behavior.
4. Test the changes to confirm the app remains open when launching another app.

Let me know if you need further assistance!

 Here is the information about the screen we are currently on.
Widget(content-desc: ATX notification: UIAutomator, class: android.widget.ImageView, position: (107, 1, 165, 74))
Widget(content-desc: Android System notification: , class: android.widget.ImageView, position: (165, 1, 223, 74))
Widget(resource-id: com.simplemobiletools.applauncher:id/action_bar_root, class: android.widget.FrameLayout, position: (0, 0, 1080, 2277))
Widget(resource-id: com.simplemobiletools.applauncher:id/main_coordinator, class: android.view.ViewGroup, position: (0, 74, 1080, 2277))
Widget(resource-id: com.simplemobiletools.applauncher:id/main_menu, class: android.widget.LinearLayout, position: (0, 74, 1080, 242))
Widget(resource-id: com.simplemobiletools.applauncher:id/top_app_bar_layout, class: android.widget.LinearLayout, position: (42, 74, 1038, 242))
Widget(resource-id: com.simplemobiletools.applauncher:id/top_toolbar_holder, class: android.widget.RelativeLayout, position: (42, 95, 1038, 221))
Widget(resource-id: com.simplemobiletools.applauncher:id/top_toolbar_search_icon, content-desc: Search, class: android.widget.ImageView, position: (42, 95, 147, 221))
Widget(resource-id: com.simplemobiletools.applauncher:id/top_toolbar_search, text: Search, class: android.widget.EditText, position: (147, 95, 626, 221))
Widget(resource-id: com.simplemobiletools.applauncher:id/top_toolbar, class: android.view.ViewGroup, position: (626, 95, 1027, 221))
Widget(resource-id: com.simplemobiletools.applauncher:id/sort, content-desc: Sort by, class: android.widget.Button, position: (668, 95, 795, 221))
Widget(resource-id: com.simplemobiletools.applauncher:id/toggle_app_name, content-desc: Toggle app name visibility, class: android.widget.Button, position: (795, 95, 922, 221))
Widget(content-desc: More options, class: android.widget.ImageView, position: (922, 95, 1027, 221))
Widget(resource-id: com.simplemobiletools.applauncher:id/main_relative_layout, class: android.widget.RelativeLayout, position: (0, 242, 1080, 2277))
Widget(resource-id: com.simplemobiletools.applauncher:id/coordinator_layout, class: android.view.ViewGroup, position: (0, 242, 1080, 2277))
Widget(resource-id: com.simplemobiletools.applauncher:id/launchers_holder, class: android.widget.RelativeLayout, position: (0, 242, 1080, 2277))
Widget(resource-id: com.simplemobiletools.applauncher:id/launchers_fastscroller, class: android.widget.RelativeLayout, position: (0, 242, 1080, 2277))
Widget(resource-id: com.simplemobiletools.applauncher:id/launchers_grid, class: androidx.recyclerview.widget.RecyclerView, position: (0, 242, 1080, 2277))
Widget(resource-id: com.simplemobiletools.applauncher:id/launcher_holder, text: Clock, class: android.widget.RelativeLayout, position: (0, 242, 360, 655))
Widget(resource-id: com.simplemobiletools.applauncher:id/launcher_icon, class: android.widget.ImageView, position: (11, 263, 349, 601))
Widget(resource-id: com.simplemobiletools.applauncher:id/launcher_label, text: Clock, class: android.widget.TextView, position: (11, 601, 349, 644))
Widget(resource-id: com.simplemobiletools.applauncher:id/launcher_holder, text: Clock, class: android.widget.RelativeLayout, position: (360, 242, 720, 655))
Widget(resource-id: com.simplemobiletools.applauncher:id/launcher_icon, class: android.widget.ImageView, position: (371, 263, 709, 601))
Widget(resource-id: com.simplemobiletools.applauncher:id/launcher_label, text: Clock, class: android.widget.TextView, position: (371, 601, 709, 644))
Widget(resource-id: com.simplemobiletools.applauncher:id/launcher_holder, text: Chrome, class: android.widget.RelativeLayout, position: (720, 242, 1080, 655))
Widget(resource-id: com.simplemobiletools.applauncher:id/launcher_icon, class: android.widget.ImageView, position: (731, 263, 1069, 601))
Widget(resource-id: com.simplemobiletools.applauncher:id/launcher_label, text: Chrome, class: android.widget.TextView, position: (731, 601, 1069, 644))
Widget(resource-id: com.simplemobiletools.applauncher:id/launcher_holder, text: Camera, class: android.widget.RelativeLayout, position: (0, 655, 360, 1068))
Widget(resource-id: com.simplemobiletools.applauncher:id/launcher_icon, class: android.widget.ImageView, position: (11, 676, 349, 1014))
Widget(resource-id: com.simplemobiletools.applauncher:id/launcher_label, text: Camera, class: android.widget.TextView, position: (11, 1014, 349, 1057))
Widget(resource-id: com.simplemobiletools.applauncher:id/launcher_holder, text: Camera, class: android.widget.RelativeLayout, position: (360, 655, 720, 1068))
Widget(resource-id: com.simplemobiletools.applauncher:id/launcher_icon, class: android.widget.ImageView, position: (371, 676, 709, 1014))
Widget(resource-id: com.simplemobiletools.applauncher:id/launcher_label, text: Camera, class: android.widget.TextView, position: (371, 1014, 709, 1057))
Widget(resource-id: com.simplemobiletools.applauncher:id/launcher_holder, text: Calendar, class: android.widget.RelativeLayout, position: (720, 655, 1080, 1068))
Widget(resource-id: com.simplemobiletools.applauncher:id/launcher_icon, class: android.widget.ImageView, position: (731, 676, 1069, 1014))
Widget(resource-id: com.simplemobiletools.applauncher:id/launcher_label, text: Calendar, class: android.widget.TextView, position: (731, 1014, 1069, 1057))
Widget(resource-id: com.simplemobiletools.applauncher:id/launcher_holder, text: Calendar, class: android.widget.RelativeLayout, position: (0, 1068, 360, 1481))
Widget(resource-id: com.simplemobiletools.applauncher:id/launcher_icon, class: android.widget.ImageView, position: (11, 1089, 349, 1427))
Widget(resource-id: com.simplemobiletools.applauncher:id/launcher_label, text: Calendar, class: android.widget.TextView, position: (11, 1427, 349, 1470))
Widget(resource-id: com.simplemobiletools.applauncher:id/launcher_holder, text: ATX, class: android.widget.RelativeLayout, position: (360, 1068, 720, 1481))
Widget(resource-id: com.simplemobiletools.applauncher:id/launcher_icon, class: android.widget.ImageView, position: (371, 1089, 709, 1427))
Widget(resource-id: com.simplemobiletools.applauncher:id/launcher_label, text: ATX, class: android.widget.TextView, position: (371, 1427, 709, 1470))
Widget(resource-id: com.simplemobiletools.applauncher:id/launcher_holder, text: AOL, class: android.widget.RelativeLayout, position: (720, 1068, 1080, 1481))
Widget(resource-id: com.simplemobiletools.applauncher:id/launcher_icon, class: android.widget.ImageView, position: (731, 1089, 1069, 1427))
Widget(resource-id: com.simplemobiletools.applauncher:id/launcher_label, text: AOL, class: android.widget.TextView, position: (731, 1427, 1069, 1470))
Widget(resource-id: com.simplemobiletools.applauncher:id/launcher_holder, text: 5miles, class: android.widget.RelativeLayout, position: (0, 1481, 360, 1894))
Widget(resource-id: com.simplemobiletools.applauncher:id/launcher_icon, class: android.widget.ImageView, position: (11, 1502, 349, 1840))
Widget(resource-id: com.simplemobiletools.applauncher:id/launcher_label, text: 5miles, class: android.widget.TextView, position: (11, 1840, 349, 1883))
Widget(resource-id: com.simplemobiletools.applauncher:id/trackView, class: android.widget.LinearLayout, position: (1012, 242, 1080, 2277))
Widget(resource-id: com.simplemobiletools.applauncher:id/fab, class: android.widget.ImageButton, position: (891, 2088, 1038, 2235))


        I would like to know which activity/fragment we are currently on.
        Please respond in the following JSON format:
        {
        "activity_or_fragment": "TestActivity",
        }
        or 
        {
        "activity_or_fragment": "TestFragment",
        }
        If can not determine the activity/fragment,just output{
        "activity_or_fragment": "Unknown"
        }
        Do not output anything else except json format result.
        
2025-01-16 14:42:54,923 - INFO - ------answer------
2025-01-16 14:42:54,924 - INFO - ```json
{
"activity_or_fragment": "Unknown"
}
```
2025-01-16 14:43:02,009 - INFO - ------query_instructions------
2025-01-16 14:43:02,010 - INFO - ```json
{
    "task": "Disable closing this app when launching a different one",
    "activities_sequence": [
        {
            "activity": "MainActivity",
            "steps": [
                "1. Open the app and navigate to the MainActivity.",
                "2. Click on the menu icon (usually represented by three dots or lines) in the top-right corner of the screen.",
                "3. Select 'Settings' from the menu options."
            ]
        },
        {
            "activity": "SettingsActivity",
            "steps": [
                "4. In the SettingsActivity, scroll down to find the 'General Settings' section.",
                "5. Locate the option labeled 'Close app' or similar.",
                "6. Toggle the checkbox next to 'Close app' to disable the feature.",
                "7. Confirm the change by pressing the back button or navigating away from the settings screen."
            ]
        }
    ],
    "explanation": "because the SettingsActivity contains the option to disable closing the app when launching a different one."
}
```
