2025-01-10 14:15:49,834 - INFO - This is a event:0
2025-01-10 14:16:05,642 - INFO - -----query_current_activity start query------
2025-01-10 14:16:05,645 - INFO - To achieve the task of turning on the "7:00 am" alarm clock vibration function, you need to navigate through the app's activities and interact with the relevant UI elements. Based on the provided information, here's a step-by-step guide to accomplish this task:

### Step 1: Launch the App
- Start by launching the app, which will likely open the `SplashActivity` or `MainActivity`.

### Step 2: Navigate to the Alarm Settings
- From the `MainActivity`, you need to navigate to the alarm settings. This might involve interacting with the `RtlViewPager` or `TabLayout` to switch to the alarm tab.

### Step 3: Set the Alarm Time
- Once in the alarm section, you need to set the alarm time to "7:00 am". This might involve interacting with a time picker or directly inputting the time.

### Step 4: Enable Vibration
- After setting the alarm time, you need to enable the vibration function. This could be a checkbox or a toggle switch within the alarm settings.

### Step 5: Save the Alarm
- Finally, save the alarm settings to ensure the vibration function is activated for the "7:00 am" alarm.

### Detailed Steps Based on Provided Layouts

1. **MainActivity (R.layout.activity_main)**
   - Identify the `RtlViewPager` with ID `@+id/view_pager` to switch to the alarm tab.
   - Use the `TabLayout` with ID `@+id/main_tabs_holder` to ensure you are on the correct tab.

2. **Alarm Settings**
   - Look for any UI elements related to setting the alarm time. This might be a button or a text field where you can input "7:00 am".
   - Enable the vibration function by interacting with a checkbox or toggle switch. This might be labeled as "Vibration" or similar.

3. **Save the Alarm**
   - After setting the time and enabling vibration, look for a "Save" or "Done" button to confirm the settings.

### Example Code Snippet (Pseudocode)
```java
// Navigate to the alarm tab
RtlViewPager viewPager = findViewById(R.id.view_pager);
viewPager.setCurrentItem(ALARM_TAB_INDEX);

// Set the alarm time to 7:00 am
TimePicker timePicker = findViewById(R.id.alarm_time_picker);
timePicker.setHour(7);
timePicker.setMinute(0);

// Enable vibration
CheckBox vibrationCheckbox = findViewById(R.id.vibration_checkbox);
vibrationCheckbox.setChecked(true);

// Save the alarm settings
Button saveButton = findViewById(R.id.save_button);
saveButton.performClick();
```

### Notes
- The actual IDs and UI elements might differ based on the specific implementation of the app.
- Ensure you have the correct permissions to set alarms and use vibration in your app.

By following these steps, you should be able to turn on the "7:00 am" alarm clock vibration function in the app.

 Here is the information about the screen we are currently on.
Widget(content-desc: Security & privacy notification: Set a screen lock, class: android.widget.ImageView, position: (107, 1, 165, 74))
Widget(content-desc: ATX notification: UIAutomator, class: android.widget.ImageView, position: (165, 1, 223, 74))
Widget(content-desc: Settings notification: Virtual SD card, class: android.widget.ImageView, position: (223, 1, 281, 74))
Widget(content-desc: Android System notification: , class: android.widget.ImageView, position: (281, 1, 339, 74))
Widget(resource-id: com.simplemobiletools.clock:id/action_bar_root, class: android.widget.FrameLayout, position: (0, 74, 1080, 2277))
Widget(resource-id: com.simplemobiletools.clock:id/main_coordinator, class: android.view.ViewGroup, position: (0, 74, 1080, 2277))
Widget(resource-id: com.simplemobiletools.clock:id/main_toolbar, class: android.view.ViewGroup, position: (0, 74, 1080, 242))
Widget(resource-id: com.simplemobiletools.clock:id/settings, content-desc: Settings, class: android.widget.Button, position: (826, 94, 953, 220))
Widget(resource-id: com.simplemobiletools.clock:id/about, content-desc: About, class: android.widget.Button, position: (953, 94, 1080, 220))
Widget(resource-id: com.simplemobiletools.clock:id/main_holder, class: android.widget.RelativeLayout, position: (0, 242, 1080, 2277))
Widget(resource-id: com.simplemobiletools.clock:id/view_pager, class: t4.i, position: (0, 242, 1080, 2109))
Widget(resource-id: com.simplemobiletools.clock:id/clock_fragment, class: android.view.ViewGroup, position: (0, 242, 1080, 2109))
Widget(resource-id: com.simplemobiletools.clock:id/clock_holder, class: android.widget.RelativeLayout, position: (0, 242, 1080, 2109))
Widget(resource-id: com.simplemobiletools.clock:id/clock_time, content-desc: 6:15:47 AM, text: 6:15:47 AM, class: android.widget.TextView, position: (0, 284, 1080, 494))
Widget(resource-id: com.simplemobiletools.clock:id/clock_date, content-desc: Fri, 10 Jan, text: Fri, 10 Jan, class: android.widget.TextView, position: (0, 494, 1080, 557))
Widget(resource-id: com.simplemobiletools.clock:id/clock_fab, class: android.widget.ImageButton, position: (891, 1920, 1038, 2067))
Widget(resource-id: com.simplemobiletools.clock:id/main_tabs_holder, class: android.widget.HorizontalScrollView, position: (0, 2109, 1080, 2277))
Widget(resource-id: com.simplemobiletools.clock:id/tab_item_holder, class: android.widget.LinearLayout, position: (98, 2141, 172, 2277))
Widget(resource-id: com.simplemobiletools.clock:id/tab_item_icon, class: android.widget.ImageView, position: (98, 2141, 172, 2215))
Widget(resource-id: com.simplemobiletools.clock:id/tab_item_label, text: Clock, class: android.widget.TextView, position: (102, 2215, 167, 2277))
Widget(text: Alarm, class: android.widget.LinearLayout, position: (270, 2109, 540, 2277))
Widget(resource-id: com.simplemobiletools.clock:id/tab_item_holder, class: android.widget.LinearLayout, position: (368, 2141, 442, 2277))
Widget(resource-id: com.simplemobiletools.clock:id/tab_item_icon, class: android.widget.ImageView, position: (368, 2141, 442, 2215))
Widget(resource-id: com.simplemobiletools.clock:id/tab_item_label, text: Alarm, class: android.widget.TextView, position: (370, 2215, 439, 2277))
Widget(text: Stopwatch, class: android.widget.LinearLayout, position: (540, 2109, 810, 2277))
Widget(resource-id: com.simplemobiletools.clock:id/tab_item_holder, class: android.widget.LinearLayout, position: (612, 2141, 737, 2277))
Widget(resource-id: com.simplemobiletools.clock:id/tab_item_icon, class: android.widget.ImageView, position: (637, 2141, 711, 2215))
Widget(resource-id: com.simplemobiletools.clock:id/tab_item_label, text: Stopwatch, class: android.widget.TextView, position: (612, 2215, 737, 2277))
Widget(text: Timer, class: android.widget.LinearLayout, position: (810, 2109, 1080, 2277))
Widget(resource-id: com.simplemobiletools.clock:id/tab_item_holder, class: android.widget.LinearLayout, position: (908, 2141, 982, 2277))
Widget(resource-id: com.simplemobiletools.clock:id/tab_item_icon, class: android.widget.ImageView, position: (908, 2141, 982, 2215))
Widget(resource-id: com.simplemobiletools.clock:id/tab_item_label, text: Timer, class: android.widget.TextView, position: (911, 2215, 979, 2277))


        I would like to know which activity/fragment we are currently on.
        Please respond in the following JSON format:
        {
        "activity_or_fragment": "TestActivity",
        }
        or 
        {
        "activity_or_fragment": "TestFragment",
        }
        If can not determine the activity/fragment,just output{
        "activity_or_fragment": "Unknown"
        }
        Do not output anything else except json format result.
        
2025-01-10 14:16:06,951 - INFO - ------answer------
2025-01-10 14:16:06,951 - INFO - ```json
{
"activity_or_fragment": "MainActivity"
}
```
2025-01-10 14:16:19,398 - INFO - ------query_instructions------
2025-01-10 14:16:19,399 - INFO - ```json
{
    "task": "turn on the '7:00 am' alarm clock vibration function",
    "activities_sequence": [
        {
            "activity": "com.simplemobiletools.clock.activities.SplashActivity",
            "steps": [
                "1. Open the app, which starts with SplashActivity.",
                "2. The `initActivity` method in SplashActivity will handle the intent and navigate to the appropriate activity based on the action or extras."
            ]
        },
        {
            "activity": "com.simplemobiletools.clock.activities.IntentHandlerActivity",
            "steps": [
                "3. The `handleIntent` method in IntentHandlerActivity will process the intent to set a new alarm.",
                "4. The `setNewAlarm` method will be called to create a new alarm with the specified time (7:00 am) and vibration settings.",
                "5. The `openEditAlarm` method will open a dialog to confirm or edit the alarm settings.",
                "6. After confirming the alarm settings, the `startAlarm` method will schedule the alarm and enable the vibration function."
            ]
        },
        {
            "activity": "com.simplemobiletools.clock.activities.MainActivity",
            "steps": [
                "7. The MainActivity will display the list of alarms, including the newly created 7:00 am alarm with vibration enabled.",
                "8. The user can verify that the alarm is set and the vibration function is active."
            ]
        }
    ],
    "explanation": "because the IntentHandlerActivity handles the creation and configuration of alarms, including setting the vibration function, and the MainActivity displays the list of alarms for verification."
}
```
2025-01-16 14:51:39,699 - INFO - This is a event:0
2025-01-16 14:51:39,788 - INFO - -----query_current_activity start query------
2025-01-16 14:51:39,790 - INFO - To achieve the task of turning on the "7:00 am" alarm clock vibration function, you need to navigate through the app's activities and interact with the relevant UI elements. Based on the provided information, here's a step-by-step guide to accomplish this task:

### Step 1: Launch the App
- Start by launching the app, which will likely open the `SplashActivity` or `MainActivity`.

### Step 2: Navigate to the Alarm Settings
- From the `MainActivity`, you need to navigate to the alarm settings. This might involve interacting with the `RtlViewPager` or `TabLayout` to switch to the alarm tab.

### Step 3: Set the Alarm Time
- Once in the alarm section, you need to set the alarm time to "7:00 am". This might involve interacting with a time picker or directly inputting the time.

### Step 4: Enable Vibration
- After setting the alarm time, you need to enable the vibration function. This could be a checkbox or a toggle switch within the alarm settings.

### Step 5: Save the Alarm
- Finally, save the alarm settings to ensure the vibration function is activated for the "7:00 am" alarm.

### Detailed Steps Based on Provided Layouts

1. **MainActivity (R.layout.activity_main)**
   - Identify the `RtlViewPager` with ID `@+id/view_pager` to switch to the alarm tab.
   - Use the `TabLayout` with ID `@+id/main_tabs_holder` to ensure you are on the correct tab.

2. **Alarm Settings**
   - Look for any UI elements related to setting the alarm time. This might be a button or a text field where you can input "7:00 am".
   - Enable the vibration function by interacting with a checkbox or toggle switch. This might be labeled as "Vibration" or similar.

3. **Save the Alarm**
   - After setting the time and enabling vibration, look for a "Save" or "Done" button to confirm the settings.

### Example Code Snippet (Pseudocode)
```java
// Navigate to the alarm tab
RtlViewPager viewPager = findViewById(R.id.view_pager);
viewPager.setCurrentItem(ALARM_TAB_INDEX);

// Set the alarm time to 7:00 am
TimePicker timePicker = findViewById(R.id.alarm_time_picker);
timePicker.setHour(7);
timePicker.setMinute(0);

// Enable vibration
CheckBox vibrationCheckbox = findViewById(R.id.vibration_checkbox);
vibrationCheckbox.setChecked(true);

// Save the alarm settings
Button saveButton = findViewById(R.id.save_button);
saveButton.performClick();
```

### Notes
- The actual IDs and UI elements might differ based on the specific implementation of the app.
- Ensure you have the correct permissions to set alarms and use vibration in your app.

By following these steps, you should be able to turn on the "7:00 am" alarm clock vibration function in the app.

 Here is the information about the screen we are currently on.
Widget(content-desc: ATX notification: UIAutomator, class: android.widget.ImageView, position: (107, 1, 165, 74))
Widget(content-desc: Android System notification: , class: android.widget.ImageView, position: (165, 1, 223, 74))
Widget(resource-id: com.simplemobiletools.clock:id/action_bar_root, class: android.widget.FrameLayout, position: (0, 74, 1080, 2277))
Widget(resource-id: com.simplemobiletools.clock:id/main_coordinator, class: android.view.ViewGroup, position: (0, 74, 1080, 2277))
Widget(resource-id: com.simplemobiletools.clock:id/main_toolbar, class: android.view.ViewGroup, position: (0, 74, 1080, 242))
Widget(resource-id: com.simplemobiletools.clock:id/settings, content-desc: Settings, class: android.widget.Button, position: (826, 94, 953, 220))
Widget(resource-id: com.simplemobiletools.clock:id/about, content-desc: About, class: android.widget.Button, position: (953, 94, 1080, 220))
Widget(resource-id: com.simplemobiletools.clock:id/main_holder, class: android.widget.RelativeLayout, position: (0, 242, 1080, 2277))
Widget(resource-id: com.simplemobiletools.clock:id/view_pager, class: t4.i, position: (0, 242, 1080, 2109))
Widget(resource-id: com.simplemobiletools.clock:id/clock_fragment, class: android.view.ViewGroup, position: (0, 242, 1080, 2109))
Widget(resource-id: com.simplemobiletools.clock:id/clock_holder, class: android.widget.RelativeLayout, position: (0, 242, 1080, 2109))
Widget(resource-id: com.simplemobiletools.clock:id/clock_time, content-desc: 6:51:39 AM, text: 6:51:39 AM, class: android.widget.TextView, position: (0, 284, 1080, 494))
Widget(resource-id: com.simplemobiletools.clock:id/clock_date, content-desc: Thu, 16 Jan, text: Thu, 16 Jan, class: android.widget.TextView, position: (0, 494, 1080, 557))
Widget(resource-id: com.simplemobiletools.clock:id/clock_fab, class: android.widget.ImageButton, position: (891, 1920, 1038, 2067))
Widget(resource-id: com.simplemobiletools.clock:id/main_tabs_holder, class: android.widget.HorizontalScrollView, position: (0, 2109, 1080, 2277))
Widget(resource-id: com.simplemobiletools.clock:id/tab_item_holder, class: android.widget.LinearLayout, position: (98, 2141, 172, 2277))
Widget(resource-id: com.simplemobiletools.clock:id/tab_item_icon, class: android.widget.ImageView, position: (98, 2141, 172, 2215))
Widget(resource-id: com.simplemobiletools.clock:id/tab_item_label, text: Clock, class: android.widget.TextView, position: (102, 2215, 167, 2277))
Widget(text: Alarm, class: android.widget.LinearLayout, position: (270, 2109, 540, 2277))
Widget(resource-id: com.simplemobiletools.clock:id/tab_item_holder, class: android.widget.LinearLayout, position: (368, 2141, 442, 2277))
Widget(resource-id: com.simplemobiletools.clock:id/tab_item_icon, class: android.widget.ImageView, position: (368, 2141, 442, 2215))
Widget(resource-id: com.simplemobiletools.clock:id/tab_item_label, text: Alarm, class: android.widget.TextView, position: (370, 2215, 439, 2277))
Widget(text: Stopwatch, class: android.widget.LinearLayout, position: (540, 2109, 810, 2277))
Widget(resource-id: com.simplemobiletools.clock:id/tab_item_holder, class: android.widget.LinearLayout, position: (612, 2141, 737, 2277))
Widget(resource-id: com.simplemobiletools.clock:id/tab_item_icon, class: android.widget.ImageView, position: (637, 2141, 711, 2215))
Widget(resource-id: com.simplemobiletools.clock:id/tab_item_label, text: Stopwatch, class: android.widget.TextView, position: (612, 2215, 737, 2277))
Widget(text: Timer, class: android.widget.LinearLayout, position: (810, 2109, 1080, 2277))
Widget(resource-id: com.simplemobiletools.clock:id/tab_item_holder, class: android.widget.LinearLayout, position: (908, 2141, 982, 2277))
Widget(resource-id: com.simplemobiletools.clock:id/tab_item_icon, class: android.widget.ImageView, position: (908, 2141, 982, 2215))
Widget(resource-id: com.simplemobiletools.clock:id/tab_item_label, text: Timer, class: android.widget.TextView, position: (911, 2215, 979, 2277))


        I would like to know which activity/fragment we are currently on.
        Please respond in the following JSON format:
        {
        "activity_or_fragment": "TestActivity",
        }
        or 
        {
        "activity_or_fragment": "TestFragment",
        }
        If can not determine the activity/fragment,just output{
        "activity_or_fragment": "Unknown"
        }
        Do not output anything else except json format result.
        
2025-01-16 14:51:41,664 - INFO - ------answer------
2025-01-16 14:51:41,665 - INFO - ```json
{
"activity_or_fragment": "Unknown"
}
```
2025-01-16 14:51:54,781 - INFO - ------query_instructions------
2025-01-16 14:51:54,782 - INFO - ```json
{
    "task": "turn on the '7:00 am' alarm clock vibration function",
    "activities_sequence": [
        {
            "activity": "com.simplemobiletools.clock.activities.MainActivity",
            "steps": [
                "1. Open the app and navigate to the MainActivity.",
                "2. Locate the alarm tab in the MainActivity."
            ]
        },
        {
            "activity": "com.simplemobiletools.clock.activities.IntentHandlerActivity",
            "steps": [
                "3. Use the 'setNewAlarm' method to create a new alarm with the time set to 7:00 am.",
                "4. Ensure the 'vibrate' setting is enabled in the alarm configuration."
            ]
        },
        {
            "activity": "com.simplemobiletools.clock.activities.ReminderActivity",
            "steps": [
                "5. Confirm that the alarm is set and the vibration function is active by checking the ReminderActivity when the alarm triggers."
            ]
        }
    ],
    "explanation": "because the IntentHandlerActivity handles the creation and configuration of new alarms, including enabling the vibration function, and the ReminderActivity confirms the alarm's settings when it triggers."
}
```
