2025-01-16 15:00:57,016 - INFO - This is a event:0
2025-01-16 15:01:16,311 - INFO - -----query_current_activity start query------
2025-01-16 15:01:16,315 - INFO - To change the timer's maximum reminder duration to 5 minutes, you need to locate the relevant code in the `SettingsActivity` where the timer's maximum reminder duration is set. Based on the provided layout information, the `settings_timer_max_reminder` TextView in the `R.layout.activity_settings` layout file displays the current maximum reminder duration for the timer.

### Steps to Change the Timer Max Reminder Duration to 5 Minutes:

1. **Locate the `SettingsActivity` Source Code:**
   - Open the `SettingsActivity.java` or `SettingsActivity.kt` file in your project.

2. **Find the Code Handling the Timer Max Reminder Duration:**
   - Look for the code that initializes or updates the `settings_timer_max_reminder` TextView. This is likely where the maximum reminder duration is set.

3. **Update the Timer Max Reminder Duration:**
   - Change the value of the maximum reminder duration to 5 minutes. This might involve modifying a variable or a method that sets the text of the `settings_timer_max_reminder` TextView.

4. **Update the Layout File (if necessary):**
   - If the value is hardcoded in the layout file (`R.layout.activity_settings`), you can directly change the `text` attribute of the `settings_timer_max_reminder` TextView to `5 minutes`.

### Example Code Modification:

If the value is set programmatically in the `SettingsActivity`, you might find something like this:

```java
TextView timerMaxReminder = findViewById(R.id.settings_timer_max_reminder);
timerMaxReminder.setText("1 minute");
```

Change it to:

```java
TextView timerMaxReminder = findViewById(R.id.settings_timer_max_reminder);
timerMaxReminder.setText("5 minutes");
```

If the value is set in the layout file (`R.layout.activity_settings`), locate the `settings_timer_max_reminder` TextView and change its `text` attribute:

```xml
<com.simplemobiletools.commons.views.MyTextView
    android:id="@+id/settings_timer_max_reminder"
    style="@style/SettingsTextValueStyle"
    android:layout_below="@+id/settings_timer_max_reminder_label"
    android:text="1 minute" />
```

Change it to:

```xml
<com.simplemobiletools.commons.views.MyTextView
    android:id="@+id/settings_timer_max_reminder"
    style="@style/SettingsTextValueStyle"
    android:layout_below="@+id/settings_timer_max_reminder_label"
    android:text="5 minutes" />
```

### Additional Considerations:

- **SharedPreferences or Database:** If the maximum reminder duration is stored in `SharedPreferences` or a database, you will need to update the stored value as well.
- **Logic Handling:** Ensure that any logic that depends on the maximum reminder duration is updated to reflect the new value (e.g., validation, notifications, etc.).

### Testing:

After making the changes, rebuild and run the app to ensure that the timer's maximum reminder duration is correctly set to 5 minutes and that all related functionalities work as expected.

By following these steps, you should be able to successfully change the timer's maximum reminder duration to 5 minutes.

 Here is the information about the screen we are currently on.
Widget(content-desc: ATX notification: UIAutomator, class: android.widget.ImageView, position: (107, 1, 165, 74))
Widget(content-desc: Android System notification: , class: android.widget.ImageView, position: (165, 1, 223, 74))
Widget(resource-id: com.simplemobiletools.clock:id/action_bar_root, class: android.widget.FrameLayout, position: (0, 74, 1080, 2277))
Widget(resource-id: com.simplemobiletools.clock:id/main_coordinator, class: android.view.ViewGroup, position: (0, 74, 1080, 2277))
Widget(resource-id: com.simplemobiletools.clock:id/main_toolbar, class: android.view.ViewGroup, position: (0, 74, 1080, 242))
Widget(resource-id: com.simplemobiletools.clock:id/settings, content-desc: Settings, class: android.widget.Button, position: (826, 94, 953, 220))
Widget(resource-id: com.simplemobiletools.clock:id/about, content-desc: About, class: android.widget.Button, position: (953, 94, 1080, 220))
Widget(resource-id: com.simplemobiletools.clock:id/main_holder, class: android.widget.RelativeLayout, position: (0, 242, 1080, 2277))
Widget(resource-id: com.simplemobiletools.clock:id/view_pager, class: t4.i, position: (0, 242, 1080, 2109))
Widget(resource-id: com.simplemobiletools.clock:id/clock_fragment, class: android.view.ViewGroup, position: (0, 242, 1080, 2109))
Widget(resource-id: com.simplemobiletools.clock:id/clock_holder, class: android.widget.RelativeLayout, position: (0, 242, 1080, 2109))
Widget(resource-id: com.simplemobiletools.clock:id/clock_time, content-desc: 7:00:56 AM, text: 7:00:56 AM, class: android.widget.TextView, position: (0, 284, 1080, 494))
Widget(resource-id: com.simplemobiletools.clock:id/clock_date, content-desc: Thu, 16 Jan, text: Thu, 16 Jan, class: android.widget.TextView, position: (0, 494, 1080, 557))
Widget(resource-id: com.simplemobiletools.clock:id/clock_fab, class: android.widget.ImageButton, position: (891, 1920, 1038, 2067))
Widget(resource-id: com.simplemobiletools.clock:id/main_tabs_holder, class: android.widget.HorizontalScrollView, position: (0, 2109, 1080, 2277))
Widget(resource-id: com.simplemobiletools.clock:id/tab_item_holder, class: android.widget.LinearLayout, position: (98, 2141, 172, 2277))
Widget(resource-id: com.simplemobiletools.clock:id/tab_item_icon, class: android.widget.ImageView, position: (98, 2141, 172, 2215))
Widget(resource-id: com.simplemobiletools.clock:id/tab_item_label, text: Clock, class: android.widget.TextView, position: (102, 2215, 167, 2277))
Widget(text: Alarm, class: android.widget.LinearLayout, position: (270, 2109, 540, 2277))
Widget(resource-id: com.simplemobiletools.clock:id/tab_item_holder, class: android.widget.LinearLayout, position: (368, 2141, 442, 2277))
Widget(resource-id: com.simplemobiletools.clock:id/tab_item_icon, class: android.widget.ImageView, position: (368, 2141, 442, 2215))
Widget(resource-id: com.simplemobiletools.clock:id/tab_item_label, text: Alarm, class: android.widget.TextView, position: (370, 2215, 439, 2277))
Widget(text: Stopwatch, class: android.widget.LinearLayout, position: (540, 2109, 810, 2277))
Widget(resource-id: com.simplemobiletools.clock:id/tab_item_holder, class: android.widget.LinearLayout, position: (612, 2141, 737, 2277))
Widget(resource-id: com.simplemobiletools.clock:id/tab_item_icon, class: android.widget.ImageView, position: (637, 2141, 711, 2215))
Widget(resource-id: com.simplemobiletools.clock:id/tab_item_label, text: Stopwatch, class: android.widget.TextView, position: (612, 2215, 737, 2277))
Widget(text: Timer, class: android.widget.LinearLayout, position: (810, 2109, 1080, 2277))
Widget(resource-id: com.simplemobiletools.clock:id/tab_item_holder, class: android.widget.LinearLayout, position: (908, 2141, 982, 2277))
Widget(resource-id: com.simplemobiletools.clock:id/tab_item_icon, class: android.widget.ImageView, position: (908, 2141, 982, 2215))
Widget(resource-id: com.simplemobiletools.clock:id/tab_item_label, text: Timer, class: android.widget.TextView, position: (911, 2215, 979, 2277))


        I would like to know which activity/fragment we are currently on.
        Please respond in the following JSON format:
        {
        "activity_or_fragment": "TestActivity",
        }
        or 
        {
        "activity_or_fragment": "TestFragment",
        }
        If can not determine the activity/fragment,just output{
        "activity_or_fragment": "Unknown"
        }
        Do not output anything else except json format result.
        
2025-01-16 15:01:18,327 - INFO - ------answer------
2025-01-16 15:01:18,328 - INFO - ```json
{
"activity_or_fragment": "Unknown"
}
```
2025-01-16 15:01:27,547 - INFO - ------query_instructions------
2025-01-16 15:01:27,548 - INFO - ```json
{
    "task": "change timer max reminder duration to 5 minutes",
    "activities_sequence": [
        {
            "activity": "MainActivity",
            "steps": [
                "1. Open the app and navigate to the MainActivity.",
                "2. Click on the 'Settings' menu item in the toolbar."
            ]
        },
        {
            "activity": "SettingsActivity",
            "steps": [
                "3. Scroll down to the 'Timer Tab' section.",
                "4. Click on the 'Max Reminder Duration' option.",
                "5. In the dialog that appears, select '5 minutes' as the new duration.",
                "6. Confirm the selection by clicking 'OK' or a similar confirmation button."
            ]
        }
    ],
    "explanation": "because the SettingsActivity contains the option to change the timer's max reminder duration, and the user can select '5 minutes' from the dialog that appears after clicking the 'Max Reminder Duration' option."
}
```
