2024-12-31 15:09:33,851 - INFO - This is a event:0
2024-12-31 15:09:49,643 - INFO - -----query_current_activity start query------
2024-12-31 15:09:49,645 - INFO - To achieve the task of setting the app theme to light and saving it, you will need to interact with the `SettingsActivity` of the app. This activity is likely where the app's theme settings are managed. Here¡¯s a step-by-step guide on how to approach this:

### Step 1: Identify the Theme Setting in `SettingsActivity`
- Open the `activity_settings.xml` file to locate the UI elements related to theme settings.
- Look for a `RadioGroup`, `Spinner`, or `Switch` that allows the user to select between light, dark, or other theme options.

### Step 2: Locate the Corresponding Code in `SettingsActivity`
- Open the `SettingsActivity.java` or `SettingsActivity.kt` file.
- Search for the method that handles the theme selection. This method is likely triggered when the user changes the theme setting in the UI.

### Step 3: Set the Theme to Light
- In the method that handles theme selection, find the code that sets the theme.
- Modify the code to set the theme to light. This might involve setting a specific theme resource or updating a shared preference value.

### Step 4: Save the Theme Setting
- Ensure that the selected theme is saved persistently. This is typically done using `SharedPreferences`.
- Look for code that saves the theme setting to `SharedPreferences` and ensure it is updated with the light theme value.

### Example Code Snippet
Here¡¯s an example of what the code might look like in `SettingsActivity`:

```java
// In SettingsActivity.java

// Assuming you have a RadioGroup for theme selection
RadioGroup themeRadioGroup = findViewById(R.id.theme_radio_group);

themeRadioGroup.setOnCheckedChangeListener(new RadioGroup.OnCheckedChangeListener() {
    @Override
    public void onCheckedChanged(RadioGroup group, int checkedId) {
        if (checkedId == R.id.light_theme_radio_button) {
            // Set the theme to light
            AppCompatDelegate.setDefaultNightMode(AppCompatDelegate.MODE_NIGHT_NO);
            
            // Save the theme setting
            SharedPreferences sharedPreferences = PreferenceManager.getDefaultSharedPreferences(SettingsActivity.this);
            SharedPreferences.Editor editor = sharedPreferences.edit();
            editor.putString("theme_preference", "light");
            editor.apply();
        }
    }
});
```

### Step 5: Apply the Theme on App Launch
- Ensure that the app applies the saved theme when it launches. This is typically done in the `SplashActivity` or `MainActivity`.
- Retrieve the saved theme from `SharedPreferences` and apply it.

### Example Code Snippet for Applying Theme on Launch
```java
// In SplashActivity.java or MainActivity.java

SharedPreferences sharedPreferences = PreferenceManager.getDefaultSharedPreferences(this);
String themePreference = sharedPreferences.getString("theme_preference", "light");

if (themePreference.equals("light")) {
    AppCompatDelegate.setDefaultNightMode(AppCompatDelegate.MODE_NIGHT_NO);
} else {
    AppCompatDelegate.setDefaultNightMode(AppCompatDelegate.MODE_NIGHT_YES);
}
```

### Step 6: Test the Changes
- Run the app and navigate to the `SettingsActivity`.
- Select the light theme option and ensure that the theme changes immediately.
- Restart the app to verify that the light theme is applied on launch.

By following these steps, you should be able to set the app theme to light and save it persistently.

 Here is the information about the screen we are currently on.
Widget(content-desc: Security & privacy notification: Set a screen lock, class: android.widget.ImageView, position: (107, 1, 165, 74))
Widget(content-desc: ATX notification: UIAutomator, class: android.widget.ImageView, position: (165, 1, 223, 74))
Widget(content-desc: Settings notification: Virtual SD card, class: android.widget.ImageView, position: (223, 1, 281, 74))
Widget(content-desc: Android System notification: , class: android.widget.ImageView, position: (281, 1, 339, 74))
Widget(content-desc: More options, class: android.widget.ImageView, position: (975, 94, 1080, 220))
Widget(text: General note, class: android.widget.TextView, position: (0, 245, 197, 320))
Widget(text: NewCheckList, class: android.widget.TextView, position: (365, 245, 715, 320))
Widget(text: NewTextNote, class: android.widget.TextView, position: (883, 245, 1080, 320))


        I would like to know which activity/fragment we are currently on.
        Please respond in the following JSON format:
        {
        "activity_or_fragment": "TestActivity",
        }
        or 
        {
        "activity_or_fragment": "TestFragment",
        }
        If can not determine the activity/fragment,just output{
        "activity_or_fragment": "Unknown"
        }
        Do not output anything else except json format result.
        
2024-12-31 15:09:50,672 - INFO - ------answer------
2024-12-31 15:09:50,672 - INFO - ```json
{
"activity_or_fragment": "Unknown"
}
```
2024-12-31 15:09:58,939 - INFO - ------query_instructions------
2024-12-31 15:09:58,940 - INFO - ```json
{
    "task": "Set app theme to light and save it",
    "activities_sequence": [
        {
            "activity": "com.simplemobiletools.notes.pro.activities.MainActivity",
            "steps": [
                "1. Open the app to access the MainActivity."
            ]
        },
        {
            "activity": "com.simplemobiletools.notes.pro.activities.SettingsActivity",
            "steps": [
                "2. Navigate to the SettingsActivity by clicking on the settings option in the MainActivity.",
                "3. Locate the theme settings option within the SettingsActivity.",
                "4. Select the 'Light' theme from the available theme options.",
                "5. Save the changes to apply the light theme."
            ]
        }
    ],
    "explanation": "because the SettingsActivity contains the theme settings where the user can change and save the app theme."
}
```
