2025-01-16 15:49:47,570 - INFO - This is a event:0
2025-01-16 15:50:18,111 - INFO - -----query_current_activity start query------
2025-01-16 15:50:18,113 - INFO - To change the storage type to an SD card in your Android app, you need to modify the app's behavior to allow saving and reading files from the SD card. This involves several steps, including requesting the necessary permissions, modifying the file paths, and ensuring compatibility with Android's storage access framework (SAF).

Here¡¯s a step-by-step guide to achieve this:

---

### 1. **Request Permissions**
To access the SD card, you need to request the `WRITE_EXTERNAL_STORAGE` and `READ_EXTERNAL_STORAGE` permissions. Additionally, for Android 10 (API 29) and above, you need to use the **Storage Access Framework (SAF)** to access external storage.

- Add the following permissions to your `AndroidManifest.xml`:
  ```xml
  <uses-permission android:name="android.permission.WRITE_EXTERNAL_STORAGE" />
  <uses-permission android:name="android.permission.READ_EXTERNAL_STORAGE" />
  ```

- For Android 10 and above, you also need to request the `MANAGE_EXTERNAL_STORAGE` permission:
  ```xml
  <uses-permission android:name="android.permission.MANAGE_EXTERNAL_STORAGE" />
  ```

- Request runtime permissions in your app:
  ```java
  if (Build.VERSION.SDK_INT >= Build.VERSION_CODES.M) {
      if (checkSelfPermission(Manifest.permission.WRITE_EXTERNAL_STORAGE) != PackageManager.PERMISSION_GRANTED) {
          requestPermissions(new String[]{Manifest.permission.WRITE_EXTERNAL_STORAGE}, REQUEST_CODE_STORAGE_PERMISSION);
      }
  }
  ```

---

### 2. **Modify File Paths**
Update the file paths in your app to point to the SD card. You can use `Environment.getExternalStorageDirectory()` or `getExternalFilesDir()` to access the SD card.

- Example:
  ```java
  File sdCard = Environment.getExternalStorageDirectory();
  File file = new File(sdCard, "your_file_path");
  ```

- For Android 10 and above, use the **Storage Access Framework (SAF)** to access the SD card:
  ```java
  Intent intent = new Intent(Intent.ACTION_OPEN_DOCUMENT_TREE);
  startActivityForResult(intent, REQUEST_CODE_OPEN_DOCUMENT_TREE);
  ```

  Handle the result in `onActivityResult`:
  ```java
  @Override
  protected void onActivityResult(int requestCode, int resultCode, Intent data) {
      super.onActivityResult(requestCode, resultCode, data);
      if (requestCode == REQUEST_CODE_OPEN_DOCUMENT_TREE && resultCode == RESULT_OK) {
          Uri treeUri = data.getData();
          getContentResolver().takePersistableUriPermission(treeUri, Intent.FLAG_GRANT_READ_URI_PERMISSION | Intent.FLAG_GRANT_WRITE_URI_PERMISSION);
          // Save the URI for future use
      }
  }
  ```

---

### 3. **Update the Settings Activity**
Add an option in the `SettingsActivity` to allow users to choose between internal storage and SD card.

- Add a new preference in `res/xml/preferences.xml`:
  ```xml
  <ListPreference
      android:key="storage_location"
      android:title="Storage Location"
      android:summary="Choose where to save files"
      android:entries="@array/storage_location_entries"
      android:entryValues="@array/storage_location_values"
      android:defaultValue="internal" />
  ```

- Define the arrays in `res/values/arrays.xml`:
  ```xml
  <string-array name="storage_location_entries">
      <item>Internal Storage</item>
      <item>SD Card</item>
  </string-array>
  <string-array name="storage_location_values">
      <item>internal</item>
      <item>sd_card</item>
  </string-array>
  ```

- In `SettingsActivity`, handle the preference change:
  ```java
  Preference storagePreference = findPreference("storage_location");
  storagePreference.setOnPreferenceChangeListener((preference, newValue) -> {
      String storageLocation = (String) newValue;
      if (storageLocation.equals("sd_card")) {
          // Switch to SD card
      } else {
          // Switch to internal storage
      }
      return true;
  });
  ```

---

### 4. **Update File Operations**
Modify file operations (e.g., saving, reading, deleting) to use the selected storage location.

- Example:
  ```java
  String storageLocation = preferences.getString("storage_location", "internal");
  File baseDir;
  if (storageLocation.equals("sd_card")) {
      baseDir = Environment.getExternalStorageDirectory();
  } else {
      baseDir = getFilesDir();
  }
  File file = new File(baseDir, "your_file_path");
  ```

---

### 5. **Test on Different Android Versions**
Test your app on different Android versions to ensure compatibility:
- Android 9 and below: Use `Environment.getExternalStorageDirectory()`.
- Android 10 and above: Use the Storage Access Framework (SAF).

---

### 6. **Handle Edge Cases**
- Check if the SD card is available and writable.
- Handle cases where the user removes the SD card.
- Provide appropriate error messages if the SD card is not accessible.

---

By following these steps, you can implement the functionality to change the storage type to an SD card in your app. Let me know if you need further assistance!

 Here is the information about the screen we are currently on.
Widget(content-desc: ATX notification: UIAutomator, class: android.widget.ImageView, position: (107, 1, 165, 74))
Widget(content-desc: Android System notification: , class: android.widget.ImageView, position: (165, 1, 223, 74))


        I would like to know which activity/fragment we are currently on.
        Please respond in the following JSON format:
        {
        "activity_or_fragment": "TestActivity",
        }
        or 
        {
        "activity_or_fragment": "TestFragment",
        }
        If can not determine the activity/fragment,just output{
        "activity_or_fragment": "Unknown"
        }
        Do not output anything else except json format result.
        
2025-01-16 15:50:19,951 - INFO - ------answer------
2025-01-16 15:50:19,953 - INFO - ```json
{
  "activity_or_fragment": "Unknown"
}
```
2025-01-16 15:50:31,873 - INFO - ------query_instructions------
2025-01-16 15:50:31,873 - INFO - ```json
{
    "task": "change the storage type to sd card",
    "activities_sequence": [
        {
            "activity": "com.simplemobiletools.filemanager.pro.activities.MainActivity",
            "steps": [
                "1. Open the app and navigate to the MainActivity.",
                "2. Access the settings menu by clicking on the settings icon in the toolbar.",
                "3. In the settings menu, look for the option related to storage or file operations.",
                "4. Select the option to change the storage type.",
                "5. Choose the SD card as the new storage type.",
                "6. Confirm the change and exit the settings menu."
            ]
        }
    ],
    "explanation": "because the MainActivity contains the settings menu where the storage type can be changed, including the option to switch to SD card storage."
}
```
2025-01-16 16:25:29,431 - INFO - This is a event:0
2025-01-16 16:25:29,630 - INFO - -----query_current_activity start query------
2025-01-16 16:25:29,633 - INFO - To change the storage type to an SD card in your Android app, you need to modify the app's behavior to allow saving and reading files from the SD card. This involves several steps, including requesting the necessary permissions, modifying the file paths, and ensuring compatibility with Android's storage access framework (SAF).

Here¡¯s a step-by-step guide to achieve this:

---

### 1. **Request Permissions**
To access the SD card, you need to request the `WRITE_EXTERNAL_STORAGE` and `READ_EXTERNAL_STORAGE` permissions. Additionally, for Android 10 (API 29) and above, you need to use the **Storage Access Framework (SAF)** to access external storage.

- Add the following permissions to your `AndroidManifest.xml`:
  ```xml
  <uses-permission android:name="android.permission.WRITE_EXTERNAL_STORAGE" />
  <uses-permission android:name="android.permission.READ_EXTERNAL_STORAGE" />
  ```

- For Android 10 and above, you also need to request the `MANAGE_EXTERNAL_STORAGE` permission:
  ```xml
  <uses-permission android:name="android.permission.MANAGE_EXTERNAL_STORAGE" />
  ```

- Request runtime permissions in your app:
  ```java
  if (Build.VERSION.SDK_INT >= Build.VERSION_CODES.M) {
      if (checkSelfPermission(Manifest.permission.WRITE_EXTERNAL_STORAGE) != PackageManager.PERMISSION_GRANTED) {
          requestPermissions(new String[]{Manifest.permission.WRITE_EXTERNAL_STORAGE}, REQUEST_CODE_STORAGE_PERMISSION);
      }
  }
  ```

---

### 2. **Modify File Paths**
Update the file paths in your app to point to the SD card. You can use `Environment.getExternalStorageDirectory()` or `getExternalFilesDir()` to access the SD card.

- Example:
  ```java
  File sdCard = Environment.getExternalStorageDirectory();
  File file = new File(sdCard, "your_file_path");
  ```

- For Android 10 and above, use the **Storage Access Framework (SAF)** to access the SD card:
  ```java
  Intent intent = new Intent(Intent.ACTION_OPEN_DOCUMENT_TREE);
  startActivityForResult(intent, REQUEST_CODE_OPEN_DOCUMENT_TREE);
  ```

  Handle the result in `onActivityResult`:
  ```java
  @Override
  protected void onActivityResult(int requestCode, int resultCode, Intent data) {
      super.onActivityResult(requestCode, resultCode, data);
      if (requestCode == REQUEST_CODE_OPEN_DOCUMENT_TREE && resultCode == RESULT_OK) {
          Uri treeUri = data.getData();
          getContentResolver().takePersistableUriPermission(treeUri, Intent.FLAG_GRANT_READ_URI_PERMISSION | Intent.FLAG_GRANT_WRITE_URI_PERMISSION);
          // Save the URI for future use
      }
  }
  ```

---

### 3. **Update the Settings Activity**
Add an option in the `SettingsActivity` to allow users to choose between internal storage and SD card.

- Add a new preference in `res/xml/preferences.xml`:
  ```xml
  <ListPreference
      android:key="storage_location"
      android:title="Storage Location"
      android:summary="Choose where to save files"
      android:entries="@array/storage_location_entries"
      android:entryValues="@array/storage_location_values"
      android:defaultValue="internal" />
  ```

- Define the arrays in `res/values/arrays.xml`:
  ```xml
  <string-array name="storage_location_entries">
      <item>Internal Storage</item>
      <item>SD Card</item>
  </string-array>
  <string-array name="storage_location_values">
      <item>internal</item>
      <item>sd_card</item>
  </string-array>
  ```

- In `SettingsActivity`, handle the preference change:
  ```java
  Preference storagePreference = findPreference("storage_location");
  storagePreference.setOnPreferenceChangeListener((preference, newValue) -> {
      String storageLocation = (String) newValue;
      if (storageLocation.equals("sd_card")) {
          // Switch to SD card
      } else {
          // Switch to internal storage
      }
      return true;
  });
  ```

---

### 4. **Update File Operations**
Modify file operations (e.g., saving, reading, deleting) to use the selected storage location.

- Example:
  ```java
  String storageLocation = preferences.getString("storage_location", "internal");
  File baseDir;
  if (storageLocation.equals("sd_card")) {
      baseDir = Environment.getExternalStorageDirectory();
  } else {
      baseDir = getFilesDir();
  }
  File file = new File(baseDir, "your_file_path");
  ```

---

### 5. **Test on Different Android Versions**
Test your app on different Android versions to ensure compatibility:
- Android 9 and below: Use `Environment.getExternalStorageDirectory()`.
- Android 10 and above: Use the Storage Access Framework (SAF).

---

### 6. **Handle Edge Cases**
- Check if the SD card is available and writable.
- Handle cases where the user removes the SD card.
- Provide appropriate error messages if the SD card is not accessible.

---

By following these steps, you can implement the functionality to change the storage type to an SD card in your app. Let me know if you need further assistance!

 Here is the information about the screen we are currently on.
Widget(content-desc: ATX notification: UIAutomator, class: android.widget.ImageView, position: (107, 1, 165, 74))
Widget(content-desc: Android System notification: , class: android.widget.ImageView, position: (165, 1, 223, 74))
Widget(resource-id: com.simplemobiletools.filemanager.pro:id/action_bar_root, class: android.widget.FrameLayout, position: (0, 74, 1080, 2277))
Widget(resource-id: com.simplemobiletools.filemanager.pro:id/main_coordinator, class: android.view.ViewGroup, position: (0, 74, 1080, 2277))
Widget(resource-id: com.simplemobiletools.filemanager.pro:id/main_menu, class: android.widget.LinearLayout, position: (0, 74, 1080, 242))
Widget(resource-id: com.simplemobiletools.filemanager.pro:id/top_app_bar_layout, class: android.widget.LinearLayout, position: (42, 74, 1038, 242))
Widget(resource-id: com.simplemobiletools.filemanager.pro:id/top_toolbar_holder, class: android.widget.RelativeLayout, position: (42, 95, 1038, 221))
Widget(resource-id: com.simplemobiletools.filemanager.pro:id/top_toolbar_search_icon, content-desc: Search, class: android.widget.ImageView, position: (42, 95, 147, 221))
Widget(resource-id: com.simplemobiletools.filemanager.pro:id/top_toolbar_search, text: Search, class: android.widget.EditText, position: (147, 95, 731, 221))
Widget(resource-id: com.simplemobiletools.filemanager.pro:id/top_toolbar, class: android.view.ViewGroup, position: (731, 95, 1027, 221))
Widget(resource-id: com.simplemobiletools.filemanager.pro:id/settings, content-desc: Settings, class: android.widget.Button, position: (773, 95, 900, 221))
Widget(resource-id: com.simplemobiletools.filemanager.pro:id/about, content-desc: About, class: android.widget.Button, position: (900, 95, 1027, 221))
Widget(resource-id: com.simplemobiletools.filemanager.pro:id/main_holder, class: android.widget.RelativeLayout, position: (0, 242, 1080, 2277))
Widget(resource-id: com.simplemobiletools.filemanager.pro:id/main_view_pager, class: androidx.viewpager.widget.m, position: (0, 242, 1080, 2109))
Widget(resource-id: com.simplemobiletools.filemanager.pro:id/storage_fragment, class: android.widget.RelativeLayout, position: (0, 242, 1080, 2109))
Widget(resource-id: com.simplemobiletools.filemanager.pro:id/storage_nested_scrollview, class: android.widget.ScrollView, position: (0, 242, 1080, 1132))
Widget(resource-id: com.simplemobiletools.filemanager.pro:id/storage_volumes_holder, class: android.widget.LinearLayout, position: (0, 242, 1080, 1132))
Widget(resource-id: com.simplemobiletools.filemanager.pro:id/storage_holder, class: android.view.ViewGroup, position: (0, 242, 1080, 687))
Widget(resource-id: com.simplemobiletools.filemanager.pro:id/free_space_holder, text: Internal, class: android.widget.RelativeLayout, position: (0, 242, 1080, 687))
Widget(resource-id: com.simplemobiletools.filemanager.pro:id/storage_name, text: Internal, class: android.widget.TextView, position: (42, 284, 933, 347))
Widget(resource-id: com.simplemobiletools.filemanager.pro:id/free_space_value, text: 4.3 GB, class: android.widget.TextView, position: (42, 347, 397, 508))
Widget(resource-id: com.simplemobiletools.filemanager.pro:id/expand_button, class: android.widget.ImageView, position: (933, 284, 1038, 389))
Widget(resource-id: com.simplemobiletools.filemanager.pro:id/free_space_label, text: free, class: android.widget.TextView, position: (418, 425, 500, 488))
Widget(resource-id: com.simplemobiletools.filemanager.pro:id/main_storage_usage_progressbar, class: android.widget.ProgressBar, position: (42, 529, 1038, 540))
Widget(resource-id: com.simplemobiletools.filemanager.pro:id/total_space, text: Total storage: 8 GB, class: android.widget.TextView, position: (42, 561, 439, 624))
Widget(resource-id: com.simplemobiletools.filemanager.pro:id/storage_holder, class: android.view.ViewGroup, position: (0, 687, 1080, 1132))
Widget(resource-id: com.simplemobiletools.filemanager.pro:id/free_space_holder, text: SD Card, class: android.widget.RelativeLayout, position: (0, 687, 1080, 1132))
Widget(resource-id: com.simplemobiletools.filemanager.pro:id/storage_name, text: SD Card, class: android.widget.TextView, position: (42, 729, 933, 792))
Widget(resource-id: com.simplemobiletools.filemanager.pro:id/free_space_value, text: 534.6 MB, class: android.widget.TextView, position: (42, 792, 557, 953))
Widget(resource-id: com.simplemobiletools.filemanager.pro:id/expand_button, class: android.widget.ImageView, position: (933, 729, 1038, 834))
Widget(resource-id: com.simplemobiletools.filemanager.pro:id/free_space_label, text: free, class: android.widget.TextView, position: (578, 870, 660, 933))
Widget(resource-id: com.simplemobiletools.filemanager.pro:id/main_storage_usage_progressbar, class: android.widget.ProgressBar, position: (42, 974, 1038, 985))
Widget(resource-id: com.simplemobiletools.filemanager.pro:id/total_space, text: Total storage: 534.8 MB, class: android.widget.TextView, position: (42, 1006, 538, 1069))
Widget(resource-id: com.simplemobiletools.filemanager.pro:id/main_tabs_holder, class: android.widget.HorizontalScrollView, position: (0, 2109, 1080, 2277))
Widget(text: Files, class: android.widget.LinearLayout, position: (0, 2109, 360, 2277))
Widget(resource-id: com.simplemobiletools.filemanager.pro:id/tab_item_holder, class: android.widget.LinearLayout, position: (143, 2141, 217, 2277))
Widget(resource-id: com.simplemobiletools.filemanager.pro:id/tab_item_icon, class: android.widget.ImageView, position: (143, 2141, 217, 2215))
Widget(resource-id: com.simplemobiletools.filemanager.pro:id/tab_item_label, text: Files, class: android.widget.TextView, position: (153, 2215, 206, 2277))
Widget(text: Recents, class: android.widget.LinearLayout, position: (360, 2109, 720, 2277))
Widget(resource-id: com.simplemobiletools.filemanager.pro:id/tab_item_holder, class: android.widget.LinearLayout, position: (493, 2141, 587, 2277))
Widget(resource-id: com.simplemobiletools.filemanager.pro:id/tab_item_icon, class: android.widget.ImageView, position: (503, 2141, 577, 2215))
Widget(resource-id: com.simplemobiletools.filemanager.pro:id/tab_item_label, text: Recents, class: android.widget.TextView, position: (493, 2215, 587, 2277))
Widget(resource-id: com.simplemobiletools.filemanager.pro:id/tab_item_holder, class: android.widget.LinearLayout, position: (854, 2141, 945, 2277))
Widget(resource-id: com.simplemobiletools.filemanager.pro:id/tab_item_icon, class: android.widget.ImageView, position: (862, 2141, 936, 2215))
Widget(resource-id: com.simplemobiletools.filemanager.pro:id/tab_item_label, text: Storage, class: android.widget.TextView, position: (854, 2215, 945, 2277))


        I would like to know which activity/fragment we are currently on.
        Please respond in the following JSON format:
        {
        "activity_or_fragment": "TestActivity",
        }
        or 
        {
        "activity_or_fragment": "TestFragment",
        }
        If can not determine the activity/fragment,just output{
        "activity_or_fragment": "Unknown"
        }
        Do not output anything else except json format result.
        
2025-01-16 16:25:31,165 - INFO - ------answer------
2025-01-16 16:25:31,165 - INFO - ```json
{
  "activity_or_fragment": "Unknown"
}
```
2025-01-16 16:28:08,918 - INFO - ------query_instructions------
2025-01-16 16:28:08,919 - INFO - ```json
{
    "task": "change the storage type to sd card",
    "activities_sequence": [
        {
            "activity": "com.simplemobiletools.filemanager.pro.activities.MainActivity",
            "steps": [
                "1. Open the app and navigate to the MainActivity.",
                "2. Access the settings menu by clicking on the settings icon.",
                "3. Look for the storage settings option.",
                "4. Select the option to change the storage type.",
                "5. Choose 'SD Card' as the new storage type.",
                "6. Confirm the change and exit the settings menu."
            ]
        }
    ],
    "explanation": "because the MainActivity contains the settings menu where the storage type can be changed to SD card."
}
```
2025-01-16 20:05:21,953 - INFO - This is a event:0
2025-01-16 20:05:22,251 - INFO - -----query_current_activity start query------
2025-01-16 20:05:22,254 - INFO - To change the storage type to an SD card in your Android app, you need to modify the app's behavior to allow saving and reading files from the SD card. This involves several steps, including requesting the necessary permissions, modifying the file paths, and ensuring compatibility with Android's storage access framework (SAF).

Here¡¯s a step-by-step guide to achieve this:

---

### 1. **Request Permissions**
To access the SD card, you need to request the `WRITE_EXTERNAL_STORAGE` and `READ_EXTERNAL_STORAGE` permissions. Additionally, for Android 10 (API 29) and above, you need to use the **Storage Access Framework (SAF)** to access external storage.

- Add the following permissions to your `AndroidManifest.xml`:
  ```xml
  <uses-permission android:name="android.permission.WRITE_EXTERNAL_STORAGE" />
  <uses-permission android:name="android.permission.READ_EXTERNAL_STORAGE" />
  ```

- For Android 10 and above, you also need to request the `MANAGE_EXTERNAL_STORAGE` permission:
  ```xml
  <uses-permission android:name="android.permission.MANAGE_EXTERNAL_STORAGE" />
  ```

- Request runtime permissions in your app:
  ```java
  if (Build.VERSION.SDK_INT >= Build.VERSION_CODES.M) {
      if (checkSelfPermission(Manifest.permission.WRITE_EXTERNAL_STORAGE) != PackageManager.PERMISSION_GRANTED) {
          requestPermissions(new String[]{Manifest.permission.WRITE_EXTERNAL_STORAGE}, REQUEST_CODE_STORAGE_PERMISSION);
      }
  }
  ```

---

### 2. **Modify File Paths**
Update the file paths in your app to point to the SD card. You can use `Environment.getExternalStorageDirectory()` or `getExternalFilesDir()` to access the SD card.

- Example:
  ```java
  File sdCard = Environment.getExternalStorageDirectory();
  File file = new File(sdCard, "your_file_path");
  ```

- For Android 10 and above, use the **Storage Access Framework (SAF)** to access the SD card:
  ```java
  Intent intent = new Intent(Intent.ACTION_OPEN_DOCUMENT_TREE);
  startActivityForResult(intent, REQUEST_CODE_OPEN_DOCUMENT_TREE);
  ```

  Handle the result in `onActivityResult`:
  ```java
  @Override
  protected void onActivityResult(int requestCode, int resultCode, Intent data) {
      super.onActivityResult(requestCode, resultCode, data);
      if (requestCode == REQUEST_CODE_OPEN_DOCUMENT_TREE && resultCode == RESULT_OK) {
          Uri treeUri = data.getData();
          getContentResolver().takePersistableUriPermission(treeUri, Intent.FLAG_GRANT_READ_URI_PERMISSION | Intent.FLAG_GRANT_WRITE_URI_PERMISSION);
          // Save the URI for future use
      }
  }
  ```

---

### 3. **Update the Settings Activity**
Add an option in the `SettingsActivity` to allow users to choose between internal storage and SD card.

- Add a new preference in `res/xml/preferences.xml`:
  ```xml
  <ListPreference
      android:key="storage_location"
      android:title="Storage Location"
      android:summary="Choose where to save files"
      android:entries="@array/storage_location_entries"
      android:entryValues="@array/storage_location_values"
      android:defaultValue="internal" />
  ```

- Define the arrays in `res/values/arrays.xml`:
  ```xml
  <string-array name="storage_location_entries">
      <item>Internal Storage</item>
      <item>SD Card</item>
  </string-array>
  <string-array name="storage_location_values">
      <item>internal</item>
      <item>sd_card</item>
  </string-array>
  ```

- In `SettingsActivity`, handle the preference change:
  ```java
  Preference storagePreference = findPreference("storage_location");
  storagePreference.setOnPreferenceChangeListener((preference, newValue) -> {
      String storageLocation = (String) newValue;
      if (storageLocation.equals("sd_card")) {
          // Switch to SD card
      } else {
          // Switch to internal storage
      }
      return true;
  });
  ```

---

### 4. **Update File Operations**
Modify file operations (e.g., saving, reading, deleting) to use the selected storage location.

- Example:
  ```java
  String storageLocation = preferences.getString("storage_location", "internal");
  File baseDir;
  if (storageLocation.equals("sd_card")) {
      baseDir = Environment.getExternalStorageDirectory();
  } else {
      baseDir = getFilesDir();
  }
  File file = new File(baseDir, "your_file_path");
  ```

---

### 5. **Test on Different Android Versions**
Test your app on different Android versions to ensure compatibility:
- Android 9 and below: Use `Environment.getExternalStorageDirectory()`.
- Android 10 and above: Use the Storage Access Framework (SAF).

---

### 6. **Handle Edge Cases**
- Check if the SD card is available and writable.
- Handle cases where the user removes the SD card.
- Provide appropriate error messages if the SD card is not accessible.

---

By following these steps, you can implement the functionality to change the storage type to an SD card in your app. Let me know if you need further assistance!

 Here is the information about the screen we are currently on.
Widget(content-desc: ATX notification: UIAutomator, class: android.widget.ImageView, position: (128, 1, 186, 74))
Widget(content-desc: Android System notification: , class: android.widget.ImageView, position: (186, 1, 244, 74))
Widget(resource-id: com.simplemobiletools.filemanager.pro:id/action_bar_root, class: android.widget.FrameLayout, position: (0, 74, 1080, 2277))
Widget(resource-id: com.simplemobiletools.filemanager.pro:id/main_coordinator, class: android.view.ViewGroup, position: (0, 74, 1080, 2277))
Widget(resource-id: com.simplemobiletools.filemanager.pro:id/main_menu, class: android.widget.LinearLayout, position: (0, 74, 1080, 242))
Widget(resource-id: com.simplemobiletools.filemanager.pro:id/top_app_bar_layout, class: android.widget.LinearLayout, position: (42, 74, 1038, 242))
Widget(resource-id: com.simplemobiletools.filemanager.pro:id/top_toolbar_holder, class: android.widget.RelativeLayout, position: (42, 95, 1038, 221))
Widget(resource-id: com.simplemobiletools.filemanager.pro:id/top_toolbar_search_icon, content-desc: Search, class: android.widget.ImageView, position: (42, 95, 147, 221))
Widget(resource-id: com.simplemobiletools.filemanager.pro:id/top_toolbar_search, text: Search, class: android.widget.EditText, position: (147, 95, 604, 221))
Widget(resource-id: com.simplemobiletools.filemanager.pro:id/top_toolbar, class: android.view.ViewGroup, position: (604, 95, 1027, 221))
Widget(resource-id: com.simplemobiletools.filemanager.pro:id/change_view_type, content-desc: Change view type, class: android.widget.Button, position: (646, 95, 773, 221))
Widget(resource-id: com.simplemobiletools.filemanager.pro:id/settings, content-desc: Settings, class: android.widget.Button, position: (773, 95, 900, 221))
Widget(resource-id: com.simplemobiletools.filemanager.pro:id/about, content-desc: About, class: android.widget.Button, position: (900, 95, 1027, 221))
Widget(resource-id: com.simplemobiletools.filemanager.pro:id/main_holder, class: android.widget.RelativeLayout, position: (0, 242, 1080, 2277))
Widget(resource-id: com.simplemobiletools.filemanager.pro:id/main_view_pager, class: androidx.viewpager.widget.m, position: (0, 242, 1080, 2109))
Widget(resource-id: com.simplemobiletools.filemanager.pro:id/recents_fragment, class: android.widget.RelativeLayout, position: (0, 242, 1080, 2109))
Widget(resource-id: com.simplemobiletools.filemanager.pro:id/recents_swipe_refresh, class: android.view.ViewGroup, position: (0, 242, 1080, 2109))
Widget(resource-id: com.simplemobiletools.filemanager.pro:id/recents_list, class: androidx.recyclerview.widget.RecyclerView, position: (0, 242, 1080, 2109))
Widget(resource-id: com.simplemobiletools.filemanager.pro:id/item_frame, text: atx-agent.log, class: android.widget.FrameLayout, position: (0, 263, 1080, 415))
Widget(resource-id: com.simplemobiletools.filemanager.pro:id/item_holder, class: android.view.ViewGroup, position: (0, 268, 1080, 410))
Widget(resource-id: com.simplemobiletools.filemanager.pro:id/item_icon, class: android.widget.ImageView, position: (11, 268, 153, 410))
Widget(resource-id: com.simplemobiletools.filemanager.pro:id/item_name, text: atx-agent.log, class: android.widget.TextView, position: (153, 276, 1027, 339))
Widget(resource-id: com.simplemobiletools.filemanager.pro:id/item_details, text: 687.5 kB, class: android.widget.TextView, position: (153, 339, 665, 402))
Widget(resource-id: com.simplemobiletools.filemanager.pro:id/item_date, text: 16.01.2025, 04:43 AM, class: android.widget.TextView, position: (665, 345, 1027, 396))
Widget(resource-id: com.simplemobiletools.filemanager.pro:id/item_frame, text: atx-agent.daemon.log, class: android.widget.FrameLayout, position: (0, 420, 1080, 572))
Widget(resource-id: com.simplemobiletools.filemanager.pro:id/item_holder, class: android.view.ViewGroup, position: (0, 425, 1080, 567))
Widget(resource-id: com.simplemobiletools.filemanager.pro:id/item_icon, class: android.widget.ImageView, position: (11, 425, 153, 567))
Widget(resource-id: com.simplemobiletools.filemanager.pro:id/item_name, text: atx-agent.daemon.log, class: android.widget.TextView, position: (153, 433, 1027, 496))
Widget(resource-id: com.simplemobiletools.filemanager.pro:id/item_details, text: 1.3 kB, class: android.widget.TextView, position: (153, 496, 665, 559))
Widget(resource-id: com.simplemobiletools.filemanager.pro:id/item_date, text: 16.01.2025, 04:29 AM, class: android.widget.TextView, position: (665, 502, 1027, 553))
Widget(resource-id: com.simplemobiletools.filemanager.pro:id/item_frame, text: Diary.pdf, class: android.widget.FrameLayout, position: (0, 577, 1080, 729))
Widget(resource-id: com.simplemobiletools.filemanager.pro:id/item_holder, class: android.view.ViewGroup, position: (0, 582, 1080, 724))
Widget(resource-id: com.simplemobiletools.filemanager.pro:id/item_icon, class: android.widget.ImageView, position: (11, 582, 153, 724))
Widget(resource-id: com.simplemobiletools.filemanager.pro:id/item_name, text: Diary.pdf, class: android.widget.TextView, position: (153, 590, 1027, 653))
Widget(resource-id: com.simplemobiletools.filemanager.pro:id/item_details, text: 5.4 kB, class: android.widget.TextView, position: (153, 653, 665, 716))
Widget(resource-id: com.simplemobiletools.filemanager.pro:id/item_date, text: 15.01.2025, 10:36 AM, class: android.widget.TextView, position: (665, 659, 1027, 710))
Widget(resource-id: com.simplemobiletools.filemanager.pro:id/item_frame, text: 01_15_01_00.txt, class: android.widget.FrameLayout, position: (0, 734, 1080, 886))
Widget(resource-id: com.simplemobiletools.filemanager.pro:id/item_holder, class: android.view.ViewGroup, position: (0, 739, 1080, 881))
Widget(resource-id: com.simplemobiletools.filemanager.pro:id/item_icon, class: android.widget.ImageView, position: (11, 739, 153, 881))
Widget(resource-id: com.simplemobiletools.filemanager.pro:id/item_name, text: 01_15_01_00.txt, class: android.widget.TextView, position: (153, 747, 1027, 810))
Widget(resource-id: com.simplemobiletools.filemanager.pro:id/item_details, text: 891 B, class: android.widget.TextView, position: (153, 810, 665, 873))
Widget(resource-id: com.simplemobiletools.filemanager.pro:id/item_date, text: 15.01.2025, 01:37 AM, class: android.widget.TextView, position: (665, 816, 1027, 867))
Widget(resource-id: com.simplemobiletools.filemanager.pro:id/item_frame, text: 01_14_11_00.txt, class: android.widget.FrameLayout, position: (0, 891, 1080, 1043))
Widget(resource-id: com.simplemobiletools.filemanager.pro:id/item_holder, class: android.view.ViewGroup, position: (0, 896, 1080, 1038))
Widget(resource-id: com.simplemobiletools.filemanager.pro:id/item_icon, class: android.widget.ImageView, position: (11, 896, 153, 1038))
Widget(resource-id: com.simplemobiletools.filemanager.pro:id/item_name, text: 01_14_11_00.txt, class: android.widget.TextView, position: (153, 904, 1027, 967))
Widget(resource-id: com.simplemobiletools.filemanager.pro:id/item_details, text: 891 B, class: android.widget.TextView, position: (153, 967, 665, 1030))
Widget(resource-id: com.simplemobiletools.filemanager.pro:id/item_date, text: 14.01.2025, 11:44 AM, class: android.widget.TextView, position: (665, 973, 1027, 1024))
Widget(resource-id: com.simplemobiletools.filemanager.pro:id/item_frame, text: 01_07_13_00.txt, class: android.widget.FrameLayout, position: (0, 1048, 1080, 1200))
Widget(resource-id: com.simplemobiletools.filemanager.pro:id/item_holder, class: android.view.ViewGroup, position: (0, 1053, 1080, 1195))
Widget(resource-id: com.simplemobiletools.filemanager.pro:id/item_icon, class: android.widget.ImageView, position: (11, 1053, 153, 1195))
Widget(resource-id: com.simplemobiletools.filemanager.pro:id/item_name, text: 01_07_13_00.txt, class: android.widget.TextView, position: (153, 1061, 1027, 1124))
Widget(resource-id: com.simplemobiletools.filemanager.pro:id/item_details, text: 891 B, class: android.widget.TextView, position: (153, 1124, 666, 1187))
Widget(resource-id: com.simplemobiletools.filemanager.pro:id/item_date, text: 07.01.2025, 01:53 PM, class: android.widget.TextView, position: (666, 1130, 1027, 1181))
Widget(resource-id: com.simplemobiletools.filemanager.pro:id/item_frame, text: 12_30_12_00.txt, class: android.widget.FrameLayout, position: (0, 1205, 1080, 1357))
Widget(resource-id: com.simplemobiletools.filemanager.pro:id/item_holder, class: android.view.ViewGroup, position: (0, 1210, 1080, 1352))
Widget(resource-id: com.simplemobiletools.filemanager.pro:id/item_icon, class: android.widget.ImageView, position: (11, 1210, 153, 1352))
Widget(resource-id: com.simplemobiletools.filemanager.pro:id/item_name, text: 12_30_12_00.txt, class: android.widget.TextView, position: (153, 1218, 1027, 1281))
Widget(resource-id: com.simplemobiletools.filemanager.pro:id/item_details, text: 891 B, class: android.widget.TextView, position: (153, 1281, 666, 1344))
Widget(resource-id: com.simplemobiletools.filemanager.pro:id/item_date, text: 30.12.2024, 12:15 PM, class: android.widget.TextView, position: (666, 1287, 1027, 1338))
Widget(resource-id: com.simplemobiletools.filemanager.pro:id/item_frame, text: 12_28_12_00.txt, class: android.widget.FrameLayout, position: (0, 1362, 1080, 1514))
Widget(resource-id: com.simplemobiletools.filemanager.pro:id/item_holder, class: android.view.ViewGroup, position: (0, 1367, 1080, 1509))
Widget(resource-id: com.simplemobiletools.filemanager.pro:id/item_icon, class: android.widget.ImageView, position: (11, 1367, 153, 1509))
Widget(resource-id: com.simplemobiletools.filemanager.pro:id/item_name, text: 12_28_12_00.txt, class: android.widget.TextView, position: (153, 1375, 1027, 1438))
Widget(resource-id: com.simplemobiletools.filemanager.pro:id/item_details, text: 235 B, class: android.widget.TextView, position: (153, 1438, 666, 1501))
Widget(resource-id: com.simplemobiletools.filemanager.pro:id/item_date, text: 28.12.2024, 12:57 PM, class: android.widget.TextView, position: (666, 1444, 1027, 1495))
Widget(resource-id: com.simplemobiletools.filemanager.pro:id/item_frame, text: 12_28_06_00.txt, class: android.widget.FrameLayout, position: (0, 1519, 1080, 1671))
Widget(resource-id: com.simplemobiletools.filemanager.pro:id/item_holder, class: android.view.ViewGroup, position: (0, 1524, 1080, 1666))
Widget(resource-id: com.simplemobiletools.filemanager.pro:id/item_icon, class: android.widget.ImageView, position: (11, 1524, 153, 1666))
Widget(resource-id: com.simplemobiletools.filemanager.pro:id/item_name, text: 12_28_06_00.txt, class: android.widget.TextView, position: (153, 1532, 1027, 1595))
Widget(resource-id: com.simplemobiletools.filemanager.pro:id/item_details, text: 4.8 kB, class: android.widget.TextView, position: (153, 1595, 665, 1658))
Widget(resource-id: com.simplemobiletools.filemanager.pro:id/item_date, text: 28.12.2024, 06:28 AM, class: android.widget.TextView, position: (665, 1601, 1027, 1652))
Widget(resource-id: com.simplemobiletools.filemanager.pro:id/item_frame, text: General note.txt, class: android.widget.FrameLayout, position: (0, 1676, 1080, 1828))
Widget(resource-id: com.simplemobiletools.filemanager.pro:id/item_holder, class: android.view.ViewGroup, position: (0, 1681, 1080, 1823))
Widget(resource-id: com.simplemobiletools.filemanager.pro:id/item_icon, class: android.widget.ImageView, position: (11, 1681, 153, 1823))
Widget(resource-id: com.simplemobiletools.filemanager.pro:id/item_name, text: General note.txt, class: android.widget.TextView, position: (153, 1689, 1027, 1752))
Widget(resource-id: com.simplemobiletools.filemanager.pro:id/item_details, text: 0 B, class: android.widget.TextView, position: (153, 1752, 665, 1815))
Widget(resource-id: com.simplemobiletools.filemanager.pro:id/item_date, text: 19.12.2024, 06:27 AM, class: android.widget.TextView, position: (665, 1758, 1027, 1809))
Widget(resource-id: com.simplemobiletools.filemanager.pro:id/item_frame, text: 12_19_02_00.txt, class: android.widget.FrameLayout, position: (0, 1833, 1080, 1985))
Widget(resource-id: com.simplemobiletools.filemanager.pro:id/item_holder, class: android.view.ViewGroup, position: (0, 1838, 1080, 1980))
Widget(resource-id: com.simplemobiletools.filemanager.pro:id/item_icon, class: android.widget.ImageView, position: (11, 1838, 153, 1980))
Widget(resource-id: com.simplemobiletools.filemanager.pro:id/item_name, text: 12_19_02_00.txt, class: android.widget.TextView, position: (153, 1846, 1027, 1909))
Widget(resource-id: com.simplemobiletools.filemanager.pro:id/item_details, text: 891 B, class: android.widget.TextView, position: (153, 1909, 665, 1972))
Widget(resource-id: com.simplemobiletools.filemanager.pro:id/item_date, text: 19.12.2024, 02:42 AM, class: android.widget.TextView, position: (665, 1915, 1027, 1966))
Widget(resource-id: com.simplemobiletools.filemanager.pro:id/item_frame, text: 12_18_13_00.txt, class: android.widget.FrameLayout, position: (0, 1990, 1080, 2109))
Widget(resource-id: com.simplemobiletools.filemanager.pro:id/item_holder, class: android.view.ViewGroup, position: (0, 1995, 1080, 2109))
Widget(resource-id: com.simplemobiletools.filemanager.pro:id/item_icon, class: android.widget.ImageView, position: (11, 1995, 153, 2109))
Widget(resource-id: com.simplemobiletools.filemanager.pro:id/item_name, text: 12_18_13_00.txt, class: android.widget.TextView, position: (153, 2003, 1027, 2066))
Widget(resource-id: com.simplemobiletools.filemanager.pro:id/item_details, text: 2.1 kB, class: android.widget.TextView, position: (153, 2066, 666, 2109))
Widget(resource-id: com.simplemobiletools.filemanager.pro:id/item_date, text: 18.12.2024, 01:50 PM, class: android.widget.TextView, position: (666, 2072, 1027, 2109))
Widget(resource-id: com.simplemobiletools.filemanager.pro:id/main_tabs_holder, class: android.widget.HorizontalScrollView, position: (0, 2109, 1080, 2277))
Widget(text: Files, class: android.widget.LinearLayout, position: (0, 2109, 360, 2277))
Widget(resource-id: com.simplemobiletools.filemanager.pro:id/tab_item_holder, class: android.widget.LinearLayout, position: (143, 2141, 217, 2277))
Widget(resource-id: com.simplemobiletools.filemanager.pro:id/tab_item_icon, class: android.widget.ImageView, position: (143, 2141, 217, 2215))
Widget(resource-id: com.simplemobiletools.filemanager.pro:id/tab_item_label, text: Files, class: android.widget.TextView, position: (153, 2215, 206, 2277))
Widget(resource-id: com.simplemobiletools.filemanager.pro:id/tab_item_holder, class: android.widget.LinearLayout, position: (493, 2141, 587, 2277))
Widget(resource-id: com.simplemobiletools.filemanager.pro:id/tab_item_icon, class: android.widget.ImageView, position: (503, 2141, 577, 2215))
Widget(resource-id: com.simplemobiletools.filemanager.pro:id/tab_item_label, text: Recents, class: android.widget.TextView, position: (493, 2215, 587, 2277))
Widget(text: Storage, class: android.widget.LinearLayout, position: (720, 2109, 1080, 2277))
Widget(resource-id: com.simplemobiletools.filemanager.pro:id/tab_item_holder, class: android.widget.LinearLayout, position: (854, 2141, 945, 2277))
Widget(resource-id: com.simplemobiletools.filemanager.pro:id/tab_item_icon, class: android.widget.ImageView, position: (862, 2141, 936, 2215))
Widget(resource-id: com.simplemobiletools.filemanager.pro:id/tab_item_label, text: Storage, class: android.widget.TextView, position: (854, 2215, 945, 2277))


        I would like to know which activity/fragment we are currently on.
        Please respond in the following JSON format:
        {
        "activity_or_fragment": "TestActivity",
        }
        or 
        {
        "activity_or_fragment": "TestFragment",
        }
        If can not determine the activity/fragment,just output{
        "activity_or_fragment": "Unknown"
        }
        Do not output anything else except json format result.
        
2025-01-16 20:05:23,852 - INFO - ------answer------
2025-01-16 20:05:23,853 - INFO - ```json
{
  "activity_or_fragment": "Unknown"
}
```
2025-01-16 20:05:30,052 - INFO - ------query_instructions------
2025-01-16 20:05:30,052 - INFO - ```json
{
    "task": "change the storage type to sd card",
    "activities_sequence": [
        {
            "activity": "com.simplemobiletools.filemanager.pro.activities.MainActivity",
            "steps": [
                "1. Open the app and navigate to the 'MainActivity'.",
                "2. Access the 'Settings' menu from the toolbar.",
                "3. Look for the 'Storage' or 'Storage Settings' option.",
                "4. Select the option to change the storage type.",
                "5. Choose 'SD Card' as the preferred storage type.",
                "6. Confirm the change and exit the settings."
            ]
        }
    ],
    "explanation": "because the 'MainActivity' contains the settings and storage management options, allowing the user to change the storage type to SD card."
}
```
