2025-01-16 22:21:04,857 - INFO - This is a event:0
2025-01-16 22:21:27,116 - INFO - -----query_current_activity start query------
2025-01-16 22:21:27,118 - INFO - To achieve the task of checking the "Recordings" in the Folders, you need to navigate through the app's activities and layouts to identify where the recordings might be stored or displayed. Based on the provided information, here's a step-by-step approach to accomplish this:

### Step 1: Identify Relevant Activities
From the list of activities, the most relevant ones for managing folders and recordings are:
- **`com.simplemobiletools.musicplayer.activities.ExcludedFoldersActivity`**: This activity is specifically for managing excluded folders, which might include recordings.
- **`com.simplemobiletools.musicplayer.activities.TracksActivity`**: This activity displays tracks, which could include recordings.
- **`com.simplemobiletools.musicplayer.activities.AlbumsActivity`**: This activity displays albums, which might contain recordings.

### Step 2: Analyze the Layouts
#### 1. **ExcludedFoldersActivity**
- **Layout**: `R.layout.activity_excluded_folders`
- **Key Elements**:
  - `MyRecyclerView` with ID `excluded_folders_list`: This is likely where the list of excluded folders (including recordings) is displayed.
  - `MyTextView` with ID `excluded_folders_placeholder`: This might display a message if no folders are excluded.

#### 2. **TracksActivity**
- **Layout**: `R.layout.activity_tracks`
- **Key Elements**:
  - `MyRecyclerView` with ID `tracks_list`: This is where the list of tracks (including recordings) is displayed.
  - `MyTextView` with ID `tracks_placeholder`: This might display a message if no tracks are found.
  - `CurrentTrackBar` with ID `current_track_bar`: This might show the currently playing track.

#### 3. **AlbumsActivity**
- **Layout**: `R.layout.activity_albums`
- **Key Elements**:
  - `MyRecyclerView` with ID `albums_list`: This is where the list of albums (which might contain recordings) is displayed.
  - `CurrentTrackBar` with ID `current_track_bar`: This might show the currently playing track.

### Step 3: Navigate to the Relevant Activity
To check the recordings, you should navigate to the **`TracksActivity`** or **`AlbumsActivity`**, as these are more likely to contain the recordings.

#### Navigating to TracksActivity:
1. **From MainActivity**:
   - The `MainActivity` likely has a navigation menu or tabs that allow you to switch between different views (e.g., Tracks, Albums, Playlists).
   - Look for a tab or menu item labeled "Tracks" or "Songs" and click on it to navigate to the `TracksActivity`.

2. **From ExcludedFoldersActivity**:
   - If you are in the `ExcludedFoldersActivity`, you might need to go back to the `MainActivity` and then navigate to the `TracksActivity`.

#### Navigating to AlbumsActivity:
1. **From MainActivity**:
   - Similar to navigating to `TracksActivity`, look for a tab or menu item labeled "Albums" and click on it to navigate to the `AlbumsActivity`.

### Step 4: Check the Recordings
Once you are in the `TracksActivity` or `AlbumsActivity`:
- **In TracksActivity**:
  - Look at the `tracks_list` RecyclerView to see the list of tracks. If recordings are stored as tracks, they should be listed here.
  - If no tracks are found, the `tracks_placeholder` TextView will display a message like "No items found."

- **In AlbumsActivity**:
  - Look at the `albums_list` RecyclerView to see the list of albums. If recordings are stored within albums, they should be listed here.
  - If no albums are found, there might be a placeholder message displayed.

### Step 5: Manage Excluded Folders (Optional)
If you suspect that recordings are being excluded, you can navigate to the **`ExcludedFoldersActivity`**:
- **From MainActivity**:
  - Look for a settings or options menu that allows you to manage excluded folders.
  - Navigate to the `ExcludedFoldersActivity` to see which folders are excluded and adjust them if necessary.

### Conclusion
To check the recordings in the folders, navigate to the `TracksActivity` or `AlbumsActivity` and inspect the list of tracks or albums. If recordings are not visible, consider checking the `ExcludedFoldersActivity` to ensure that the folders containing recordings are not excluded.

If you need to interact with these activities programmatically, you can use the provided IDs and tags to locate and manipulate the relevant UI elements.

 Here is the information about the screen we are currently on.
Widget(resource-id: com.simplemobiletools.musicplayer:id/action_bar_root, class: android.widget.FrameLayout, position: (0, 74, 1080, 2277))
Widget(resource-id: com.simplemobiletools.musicplayer:id/main_coordinator, class: android.view.ViewGroup, position: (0, 74, 1080, 2277))
Widget(resource-id: com.simplemobiletools.musicplayer:id/main_menu, class: android.widget.LinearLayout, position: (0, 74, 1080, 242))
Widget(resource-id: com.simplemobiletools.musicplayer:id/top_app_bar_layout, class: android.widget.LinearLayout, position: (42, 74, 1038, 242))
Widget(resource-id: com.simplemobiletools.musicplayer:id/top_toolbar_holder, class: android.widget.RelativeLayout, position: (42, 95, 1038, 221))
Widget(resource-id: com.simplemobiletools.musicplayer:id/top_toolbar_search_icon, content-desc: Search, class: android.widget.ImageView, position: (42, 95, 147, 221))
Widget(resource-id: com.simplemobiletools.musicplayer:id/top_toolbar_search, text: Search, class: android.widget.EditText, position: (147, 95, 626, 221))
Widget(resource-id: com.simplemobiletools.musicplayer:id/top_toolbar, class: android.view.ViewGroup, position: (626, 95, 1027, 221))
Widget(resource-id: com.simplemobiletools.musicplayer:id/sort, content-desc: Sort by, class: android.widget.Button, position: (668, 95, 795, 221))
Widget(resource-id: com.simplemobiletools.musicplayer:id/equalizer, content-desc: Equalizer, class: android.widget.Button, position: (795, 95, 922, 221))
Widget(content-desc: More options, class: android.widget.ImageView, position: (922, 95, 1027, 221))
Widget(resource-id: com.simplemobiletools.musicplayer:id/main_nested_scrollview, class: android.widget.RelativeLayout, position: (0, 242, 1080, 2277))
Widget(resource-id: com.simplemobiletools.musicplayer:id/main_holder, class: android.view.ViewGroup, position: (0, 242, 1080, 2277))
Widget(resource-id: com.simplemobiletools.musicplayer:id/view_pager, class: t6.i, position: (0, 242, 1080, 1940))
Widget(resource-id: com.simplemobiletools.musicplayer:id/folders_fragment_holder, class: android.widget.RelativeLayout, position: (0, 242, 1080, 1940))
Widget(resource-id: com.simplemobiletools.musicplayer:id/folders_fastscroller, class: android.widget.RelativeLayout, position: (0, 242, 1080, 1940))
Widget(resource-id: com.simplemobiletools.musicplayer:id/folders_list, class: androidx.recyclerview.widget.RecyclerView, position: (0, 242, 1080, 1940))
Widget(resource-id: com.simplemobiletools.musicplayer:id/folder_frame, text: Recordings, class: android.view.ViewGroup, position: (0, 242, 1080, 440))
Widget(resource-id: com.simplemobiletools.musicplayer:id/folder_title, text: Recordings, class: android.widget.TextView, position: (21, 284, 1038, 347))
Widget(resource-id: com.simplemobiletools.musicplayer:id/folder_tracks, text: 5 Tracks, class: android.widget.TextView, position: (21, 347, 1038, 398))
Widget(resource-id: com.simplemobiletools.musicplayer:id/trackView, class: android.widget.LinearLayout, position: (1012, 242, 1080, 1940))
Widget(resource-id: com.simplemobiletools.musicplayer:id/current_track_bar, text: 2025_01_16_12_56_04, class: android.widget.RelativeLayout, position: (0, 1940, 1080, 2109))
Widget(resource-id: com.simplemobiletools.musicplayer:id/current_track_divider, class: android.widget.ImageView, position: (0, 1940, 1080, 1941))
Widget(resource-id: com.simplemobiletools.musicplayer:id/current_track_image, class: android.widget.ImageView, position: (32, 1972, 137, 2077))
Widget(resource-id: com.simplemobiletools.musicplayer:id/current_track_label, text: 2025_01_16_12_56_04, class: android.widget.TextView, position: (169, 1972, 953, 2077))
Widget(resource-id: com.simplemobiletools.musicplayer:id/current_track_play_pause, class: android.widget.ImageView, position: (953, 1972, 1048, 2077))
Widget(resource-id: com.simplemobiletools.musicplayer:id/main_tabs_holder, class: android.widget.HorizontalScrollView, position: (0, 2109, 1080, 2277))
Widget(text: Playlists, class: android.widget.LinearLayout, position: (0, 2109, 216, 2277))
Widget(resource-id: com.simplemobiletools.musicplayer:id/tab_item_holder, class: android.widget.LinearLayout, position: (60, 2141, 155, 2277))
Widget(resource-id: com.simplemobiletools.musicplayer:id/tab_item_icon, class: android.widget.ImageView, position: (70, 2141, 144, 2215))
Widget(resource-id: com.simplemobiletools.musicplayer:id/tab_item_label, text: Playlists, class: android.widget.TextView, position: (60, 2215, 155, 2277))
Widget(resource-id: com.simplemobiletools.musicplayer:id/tab_item_holder, class: android.widget.LinearLayout, position: (281, 2141, 367, 2277))
Widget(resource-id: com.simplemobiletools.musicplayer:id/tab_item_icon, class: android.widget.ImageView, position: (287, 2141, 361, 2215))
Widget(resource-id: com.simplemobiletools.musicplayer:id/tab_item_label, text: Folders, class: android.widget.TextView, position: (281, 2215, 367, 2277))
Widget(text: Artists, class: android.widget.LinearLayout, position: (432, 2109, 648, 2277))
Widget(resource-id: com.simplemobiletools.musicplayer:id/tab_item_holder, class: android.widget.LinearLayout, position: (501, 2141, 578, 2277))
Widget(resource-id: com.simplemobiletools.musicplayer:id/tab_item_icon, class: android.widget.ImageView, position: (502, 2141, 576, 2215))
Widget(resource-id: com.simplemobiletools.musicplayer:id/tab_item_label, text: Artists, class: android.widget.TextView, position: (501, 2215, 578, 2277))
Widget(text: Albums, class: android.widget.LinearLayout, position: (648, 2109, 864, 2277))
Widget(resource-id: com.simplemobiletools.musicplayer:id/tab_item_holder, class: android.widget.LinearLayout, position: (712, 2141, 800, 2277))
Widget(resource-id: com.simplemobiletools.musicplayer:id/tab_item_icon, class: android.widget.ImageView, position: (719, 2141, 793, 2215))
Widget(resource-id: com.simplemobiletools.musicplayer:id/tab_item_label, text: Albums, class: android.widget.TextView, position: (712, 2215, 800, 2277))
Widget(text: Tracks, class: android.widget.LinearLayout, position: (864, 2109, 1080, 2277))
Widget(resource-id: com.simplemobiletools.musicplayer:id/tab_item_holder, class: android.widget.LinearLayout, position: (933, 2141, 1011, 2277))
Widget(resource-id: com.simplemobiletools.musicplayer:id/tab_item_icon, class: android.widget.ImageView, position: (935, 2141, 1009, 2215))
Widget(resource-id: com.simplemobiletools.musicplayer:id/tab_item_label, text: Tracks, class: android.widget.TextView, position: (933, 2215, 1011, 2277))
Widget(content-desc: ATX notification: UIAutomator, class: android.widget.ImageView, position: (107, 1, 165, 74))
Widget(content-desc: Android System notification: , class: android.widget.ImageView, position: (165, 1, 223, 74))


        I would like to know which activity/fragment we are currently on.
        Please respond in the following JSON format:
        {
        "activity_or_fragment": "TestActivity",
        }
        or 
        {
        "activity_or_fragment": "TestFragment",
        }
        If can not determine the activity/fragment,just output{
        "activity_or_fragment": "Unknown"
        }
        Do not output anything else except json format result.
        
2025-01-16 22:21:28,806 - INFO - ------answer------
2025-01-16 22:21:28,806 - INFO - ```json
{
"activity_or_fragment": "FoldersFragment"
}
```
2025-01-16 22:21:41,602 - INFO - ------query_instructions------
2025-01-16 22:21:41,602 - INFO - ```json
{
    "task": "check the 'Recordings' in the Folders",
    "activities_sequence": [
        {
            "activity": "SplashActivity",
            "steps": [
                "1. Launch the app, which starts with SplashActivity.",
                "2. Wait for the app to initialize and transition to MainActivity."
            ]
        },
        {
            "activity": "MainActivity",
            "steps": [
                "3. Navigate to the 'Folders' section in the app.",
                "4. Locate and select the 'Recordings' folder to view its contents."
            ]
        }
    ],
    "explanation": "because the MainActivity contains the functionality to navigate and view folders, including the 'Recordings' folder."
}
```
