2025-01-17 01:15:43,202 - INFO - This is a event:0
2025-01-17 01:16:03,038 - INFO - -----query_current_activity start query------
2025-01-17 01:16:03,040 - INFO - To achieve the task of creating a new group named "Classmates," adding Alice, Bob, and Jack to the group, and sending a message "GatheringInTheOldPlace" to the group, you need to interact with the `GroupContactsActivity` and `EditContactActivity` in the app. Here's a step-by-step guide on how to accomplish this:

### Step 1: Create a New Group
1. **Navigate to `GroupContactsActivity`:**
   - From the `MainActivity`, you need to navigate to the `GroupContactsActivity` where you can manage groups.
   - This might involve clicking on a button or menu item that leads to the group management section.

2. **Create a New Group:**
   - In `GroupContactsActivity`, look for a button or option to create a new group. This could be a Floating Action Button (FAB) with an ID like `@+id/group_contacts_fab`.
   - Click on this button to open a dialog or new activity where you can input the group name.
   - Enter the group name as "Classmates" and confirm the creation.

### Step 2: Add Contacts to the Group
1. **Navigate to `EditContactActivity`:**
   - After creating the group, you need to add contacts to it. This involves editing the contact details of Alice, Bob, and Jack.
   - From the `MainActivity`, navigate to the contact list and select each contact (Alice, Bob, and Jack) one by one to open their details in `ViewContactActivity`.

2. **Edit Contact Details:**
   - In `ViewContactActivity`, look for an option to edit the contact. This might be an edit button or a menu item.
   - Clicking on this option will open `EditContactActivity` where you can modify the contact details.

3. **Add Contact to the Group:**
   - In `EditContactActivity`, look for the section related to groups. This might be a `LinearLayout` with an ID like `@+id/contact_groups_holder`.
   - Within this section, there should be an option to add the contact to a group. This could be a button or a dropdown menu.
   - Select the "Classmates" group from the list and save the changes.

### Step 3: Send a Message to the Group
1. **Navigate to the Group:**
   - After adding all three contacts to the "Classmates" group, navigate back to `GroupContactsActivity`.
   - Select the "Classmates" group from the list of groups.

2. **Send a Message:**
   - In the group details view, look for an option to send a message to the group. This might be a button labeled "Send Message" or similar.
   - Click on this button to open a messaging interface.
   - Enter the message "GatheringInTheOldPlace" and send it to the group.

### Summary of Actions:
1. **Create Group:**
   - Navigate to `GroupContactsActivity`.
   - Use the FAB to create a new group named "Classmates".

2. **Add Contacts:**
   - Navigate to `EditContactActivity` for Alice, Bob, and Jack.
   - Add each contact to the "Classmates" group.

3. **Send Message:**
   - Navigate back to `GroupContactsActivity`.
   - Select the "Classmates" group and send the message "GatheringInTheOldPlace".

This sequence of actions should help you achieve the task using the provided activities and layouts. If any specific IDs or elements are missing or unclear, you may need to refer to the app's documentation or source code for further details.

 Here is the information about the screen we are currently on.
Widget(resource-id: com.simplemobiletools.contacts.pro:id/action_bar_root, class: android.widget.FrameLayout, position: (0, 74, 1080, 2277))
Widget(resource-id: com.simplemobiletools.contacts.pro:id/main_coordinator, class: android.view.ViewGroup, position: (0, 74, 1080, 2277))
Widget(resource-id: com.simplemobiletools.contacts.pro:id/main_menu, class: android.widget.LinearLayout, position: (0, 74, 1080, 242))
Widget(resource-id: com.simplemobiletools.contacts.pro:id/top_app_bar_layout, class: android.widget.LinearLayout, position: (42, 74, 1038, 242))
Widget(resource-id: com.simplemobiletools.contacts.pro:id/top_toolbar_holder, class: android.widget.RelativeLayout, position: (42, 95, 1038, 221))
Widget(resource-id: com.simplemobiletools.contacts.pro:id/top_toolbar_search_icon, content-desc: Search, class: android.widget.ImageView, position: (42, 95, 147, 221))
Widget(resource-id: com.simplemobiletools.contacts.pro:id/top_toolbar_search, text: Search, class: android.widget.EditText, position: (147, 95, 626, 221))
Widget(resource-id: com.simplemobiletools.contacts.pro:id/top_toolbar, class: android.view.ViewGroup, position: (626, 95, 1027, 221))
Widget(resource-id: com.simplemobiletools.contacts.pro:id/sort, content-desc: Sort by, class: android.widget.Button, position: (668, 95, 795, 221))
Widget(resource-id: com.simplemobiletools.contacts.pro:id/filter, content-desc: Filter, class: android.widget.Button, position: (795, 95, 922, 221))
Widget(content-desc: More options, class: android.widget.ImageView, position: (922, 95, 1027, 221))
Widget(resource-id: com.simplemobiletools.contacts.pro:id/main_holder, class: android.view.ViewGroup, position: (0, 242, 1080, 2277))
Widget(resource-id: com.simplemobiletools.contacts.pro:id/view_pager, class: p4.i, position: (0, 242, 1080, 2109))
Widget(resource-id: com.simplemobiletools.contacts.pro:id/contacts_fragment, class: android.view.ViewGroup, position: (0, 242, 1080, 2109))
Widget(resource-id: com.simplemobiletools.contacts.pro:id/fragment_wrapper, class: android.widget.RelativeLayout, position: (0, 242, 1080, 2109))
Widget(resource-id: com.simplemobiletools.contacts.pro:id/fragment_list, class: androidx.recyclerview.widget.RecyclerView, position: (0, 242, 1080, 2109))
Widget(resource-id: com.simplemobiletools.contacts.pro:id/item_contact_frame, text: Alice, class: android.view.ViewGroup, position: (0, 242, 1080, 410))
Widget(resource-id: com.simplemobiletools.contacts.pro:id/item_contact_image, class: android.widget.ImageView, position: (43, 263, 169, 389))
Widget(resource-id: com.simplemobiletools.contacts.pro:id/item_contact_name, text: Alice, class: android.widget.TextView, position: (169, 298, 1048, 355))
Widget(resource-id: com.simplemobiletools.contacts.pro:id/item_contact_frame, text: Jack, class: android.view.ViewGroup, position: (0, 415, 1080, 583))
Widget(resource-id: com.simplemobiletools.contacts.pro:id/item_contact_image, class: android.widget.ImageView, position: (43, 436, 169, 562))
Widget(resource-id: com.simplemobiletools.contacts.pro:id/item_contact_name, text: Jack, class: android.widget.TextView, position: (169, 471, 1048, 528))
Widget(resource-id: com.simplemobiletools.contacts.pro:id/item_contact_frame, text: stephen.bob@example.com, class: android.view.ViewGroup, position: (0, 588, 1080, 756))
Widget(resource-id: com.simplemobiletools.contacts.pro:id/item_contact_image, class: android.widget.ImageView, position: (43, 609, 169, 735))
Widget(resource-id: com.simplemobiletools.contacts.pro:id/item_contact_name, text: stephen.bob@example.com, class: android.widget.TextView, position: (169, 644, 1048, 701))
Widget(resource-id: com.simplemobiletools.contacts.pro:id/item_contact_frame, text: 12345678900, class: android.view.ViewGroup, position: (0, 761, 1080, 929))
Widget(resource-id: com.simplemobiletools.contacts.pro:id/item_contact_image, class: android.widget.ImageView, position: (43, 782, 169, 908))
Widget(resource-id: com.simplemobiletools.contacts.pro:id/item_contact_name, text: 12345678900, class: android.widget.TextView, position: (169, 817, 1048, 874))
Widget(resource-id: com.simplemobiletools.contacts.pro:id/item_contact_frame, text: 12345678900123123456789001234567890045678900, class: android.view.ViewGroup, position: (0, 934, 1080, 1102))
Widget(resource-id: com.simplemobiletools.contacts.pro:id/item_contact_image, class: android.widget.ImageView, position: (43, 955, 169, 1081))
Widget(resource-id: com.simplemobiletools.contacts.pro:id/item_contact_name, text: 12345678900123123456789001234567890045678900, class: android.widget.TextView, position: (169, 990, 1048, 1047))
Widget(resource-id: com.simplemobiletools.contacts.pro:id/letter_fastscroller_thumb, class: android.view.ViewGroup, position: (807, 242, 954, 593))
Widget(resource-id: com.simplemobiletools.contacts.pro:id/letter_fastscroller, text: A
J
S
1, class: android.widget.LinearLayout, position: (996, 242, 1080, 593))
Widget(text: A
J
S
1, class: android.widget.TextView, position: (996, 305, 1080, 530))
Widget(resource-id: com.simplemobiletools.contacts.pro:id/fragment_fab, content-desc: Create new contact, class: android.widget.ImageButton, position: (891, 1920, 1038, 2067))
Widget(resource-id: com.simplemobiletools.contacts.pro:id/main_dialpad_button, content-desc: Dialpad, class: android.widget.ImageView, position: (461, 1909, 619, 2067))
Widget(resource-id: com.simplemobiletools.contacts.pro:id/main_tabs_holder, class: android.widget.HorizontalScrollView, position: (0, 2109, 1080, 2277))
Widget(resource-id: com.simplemobiletools.contacts.pro:id/tab_item_holder, class: android.widget.LinearLayout, position: (127, 2141, 232, 2277))
Widget(resource-id: com.simplemobiletools.contacts.pro:id/tab_item_icon, class: android.widget.ImageView, position: (142, 2141, 216, 2215))
Widget(resource-id: com.simplemobiletools.contacts.pro:id/tab_item_label, text: Contacts, class: android.widget.TextView, position: (127, 2215, 232, 2277))
Widget(text: Favorites, class: android.widget.LinearLayout, position: (360, 2109, 720, 2277))
Widget(resource-id: com.simplemobiletools.contacts.pro:id/tab_item_holder, class: android.widget.LinearLayout, position: (486, 2141, 593, 2277))
Widget(resource-id: com.simplemobiletools.contacts.pro:id/tab_item_icon, class: android.widget.ImageView, position: (502, 2141, 576, 2215))
Widget(resource-id: com.simplemobiletools.contacts.pro:id/tab_item_label, text: Favorites, class: android.widget.TextView, position: (486, 2215, 593, 2277))
Widget(text: Groups, class: android.widget.LinearLayout, position: (720, 2109, 1080, 2277))
Widget(resource-id: com.simplemobiletools.contacts.pro:id/tab_item_holder, class: android.widget.LinearLayout, position: (858, 2141, 942, 2277))
Widget(resource-id: com.simplemobiletools.contacts.pro:id/tab_item_icon, class: android.widget.ImageView, position: (863, 2141, 937, 2215))
Widget(resource-id: com.simplemobiletools.contacts.pro:id/tab_item_label, text: Groups, class: android.widget.TextView, position: (858, 2215, 942, 2277))
Widget(content-desc: Speakerphone enabled., class: android.widget.ImageView, position: (819, 8, 866, 66))


        I would like to know which activity/fragment we are currently on.
        Please respond in the following JSON format:
        {
        "activity_or_fragment": "TestActivity",
        }
        or 
        {
        "activity_or_fragment": "TestFragment",
        }
        If can not determine the activity/fragment,just output{
        "activity_or_fragment": "Unknown"
        }
        Do not output anything else except json format result.
        
2025-01-17 01:16:04,747 - INFO - ------answer------
2025-01-17 01:16:04,748 - INFO - ```json
{
"activity_or_fragment": "Unknown"
}
```
2025-01-17 01:16:33,435 - INFO - ------query_instructions------
2025-01-17 01:16:33,436 - INFO - ```json
{
    "task": "Create a new group 'Classmates', add Alice, Bob, and Jack to the new group, and text to the group 'GatheringInTheOldPlace'",
    "activities_sequence": [
        {
            "activity": "MainActivity",
            "steps": [
                "1. Open the app and navigate to the 'Groups' tab.",
                "2. Click on the 'Create New Group' button.",
                "3. Enter the group name as 'Classmates' and confirm."
            ]
        },
        {
            "activity": "GroupContactsActivity",
            "steps": [
                "4. After creating the group, click on the 'Add Contacts' button (Floating Action Button).",
                "5. Search for Alice, Bob, and Jack in the contact list.",
                "6. Select Alice, Bob, and Jack and add them to the 'Classmates' group."
            ]
        },
        {
            "activity": "GroupContactsActivity",
            "steps": [
                "7. Once the contacts are added, click on the 'Send SMS to Group' option in the menu.",
                "8. Type the message 'GatheringInTheOldPlace' and send it to the group."
            ]
        }
    ],
    "explanation": "because the GroupContactsActivity allows adding contacts to a group and sending messages to the group."
}
```
