2025-01-18 15:26:42,002 - INFO - This is a event:0
2025-01-18 15:26:42,113 - INFO - -----query_current_activity start query------
2025-01-18 15:26:42,114 - INFO - To achieve the task of **"close the shutter sound"**, you need to modify the settings related to the shutter sound in the app. Based on the provided layout and activity information, the shutter sound setting is located in the `SettingsActivity` under the `settings_shutter_holder` section.

Here¡¯s how you can approach this:

---

### **Step 1: Identify the Shutter Sound Setting**
From the `R.layout.activity_settings` layout, the shutter sound setting is represented by the following element:
```xml
<Tag:com.simplemobiletools.commons.views.MyAppCompatCheckbox },{ id:@+id/settings_sound }{ style:@style/SettingsCheckboxStyle }{ text:@string/shutter_sound }
```
- **ID**: `settings_sound`
- **Text**: "Shutter sound"

This checkbox controls whether the shutter sound is enabled or disabled.

---

### **Step 2: Modify the Shutter Sound Setting**
To disable the shutter sound, you need to ensure that the `settings_sound` checkbox is unchecked. This can be done programmatically or through the UI.

#### **Option 1: Programmatically Disable Shutter Sound**
If you have access to the source code, locate the `SettingsActivity` class and find the logic that handles the `settings_sound` checkbox. You can set the checkbox to unchecked by default.

For example:
```kotlin
val shutterSoundCheckbox = findViewById<MyAppCompatCheckbox>(R.id.settings_sound)
shutterSoundCheckbox.isChecked = false // Disable shutter sound
```

#### **Option 2: Modify the Layout XML**
If you want to disable the shutter sound by default in the layout, you can modify the `R.layout.activity_settings` XML file:
```xml
<com.simplemobiletools.commons.views.MyAppCompatCheckbox
    android:id="@+id/settings_sound"
    style="@style/SettingsCheckboxStyle"
    android:text="@string/shutter_sound"
    android:checked="false" /> <!-- Set checked to false -->
```

---

### **Step 3: Verify the Changes**
After making the changes, rebuild the app and test the following:
1. Open the app and navigate to the **Settings** screen.
2. Ensure the **Shutter sound** checkbox is unchecked.
3. Take a photo or record a video to confirm that the shutter sound is no longer played.

---

### **Step 4: Handle Edge Cases**
- **Device-Specific Behavior**: Some devices may override app-level settings and enforce shutter sounds due to regional regulations (e.g., Japan, South Korea). In such cases, you may need to handle device-specific logic.
- **User Preferences**: Ensure that the user can still toggle the shutter sound on/off if needed, even if it¡¯s disabled by default.

---

### **Summary**
To disable the shutter sound:
1. Locate the `settings_sound` checkbox in the `SettingsActivity`.
2. Programmatically set it to unchecked or modify the layout XML to disable it by default.
3. Test the changes to ensure the shutter sound is no longer played.

Let me know if you need further assistance!

 Here is the information about the screen we are currently on.
Widget(resource-id: com.simplemobiletools.camera:id/action_bar_root, class: android.widget.FrameLayout, position: (0, 0, 1080, 2277))
Widget(resource-id: com.simplemobiletools.camera:id/view_holder, class: android.view.ViewGroup, position: (0, 0, 1080, 2277))
Widget(resource-id: com.simplemobiletools.camera:id/preview_view, class: android.widget.FrameLayout, position: (0, 0, 1080, 2277))
Widget(resource-id: com.simplemobiletools.camera:id/top_options, class: android.widget.FrameLayout, position: (0, 0, 1080, 147))
Widget(resource-id: com.simplemobiletools.camera:id/layout_top, class: android.widget.LinearLayout, position: (0, 0, 1080, 147))
Widget(resource-id: com.simplemobiletools.camera:id/toggle_timer, content-desc: Toggle the timer mode, class: android.widget.Button, position: (0, 0, 270, 147))
Widget(resource-id: com.simplemobiletools.camera:id/toggle_flash, content-desc: Toggle the flashlight mode, class: android.widget.Button, position: (270, 0, 540, 147))
Widget(resource-id: com.simplemobiletools.camera:id/change_resolution, content-desc: Resolution, class: android.widget.Button, position: (540, 0, 810, 147))
Widget(resource-id: com.simplemobiletools.camera:id/settings, content-desc: Settings, class: android.widget.Button, position: (810, 0, 1080, 147))
Widget(resource-id: com.simplemobiletools.camera:id/bottom_overlay, class: android.view.View, position: (0, 1825, 1080, 2277))
Widget(resource-id: com.simplemobiletools.camera:id/camera_mode_holder, class: android.widget.RelativeLayout, position: (0, 1825, 1080, 2035))
Widget(resource-id: com.simplemobiletools.camera:id/camera_mode_tab, class: android.widget.HorizontalScrollView, position: (0, 1846, 1080, 1972))
Widget(content-desc: Video, text: Video, class: android.widget.LinearLayout, position: (351, 1846, 540, 1972))
Widget(text: Video, class: android.widget.TextView, position: (397, 1883, 494, 1934))
Widget(content-desc: Photo, class: android.widget.LinearLayout, position: (540, 1846, 729, 1972))
Widget(text: Photo, class: android.widget.TextView, position: (584, 1883, 684, 1934))
Widget(resource-id: com.simplemobiletools.camera:id/toggle_camera, content-desc: Toggle front/back camera, class: android.widget.ImageView, position: (150, 2056, 297, 2203))
Widget(resource-id: com.simplemobiletools.camera:id/shutter, content-desc: Shutter, class: android.widget.ImageView, position: (446, 2035, 635, 2224))
Widget(resource-id: com.simplemobiletools.camera:id/last_photo_video_preview, content-desc: View last captured media, class: android.widget.ImageView, position: (784, 2056, 931, 2203))


        I would like to know which activity/fragment we are currently on.
        Please respond in the following JSON format:
        {
        "activity_or_fragment": "TestActivity",
        }
        or 
        {
        "activity_or_fragment": "TestFragment",
        }
        If can not determine the activity/fragment,just output{
        "activity_or_fragment": "Unknown"
        }
        Do not output anything else except json format result.
        
2025-01-18 15:26:43,544 - INFO - ------answer------
2025-01-18 15:26:43,545 - INFO - ```json
{
"activity_or_fragment": "Unknown"
}
```
2025-01-18 15:26:48,943 - INFO - ------query_instructions------
2025-01-18 15:26:48,943 - INFO - ```json
{
    "task": "close the shutter sound",
    "activities_sequence": [
        {
            "activity": "MainActivity",
            "steps": [
                "1. Open the app and navigate to the main camera screen."
            ]
        },
        {
            "activity": "SettingsActivity",
            "steps": [
                "2. Tap on the settings icon (gear icon) in the top right corner of the screen.",
                "3. Scroll down to the 'Shutter' section.",
                "4. Locate the 'Shutter Sound' option.",
                "5. Toggle the 'Shutter Sound' checkbox to turn off the shutter sound."
            ]
        }
    ],
    "explanation": "because the SettingsActivity contains the option to toggle the shutter sound on or off."
}
```
