2025-01-18 11:20:13,127 - INFO - This is a event:0
2025-01-18 11:20:41,983 - INFO - -----query_current_activity start query------
2025-01-18 11:20:41,986 - INFO - To achieve the task of rotating the last picture taken and saving it as `pic4.jpg`, you will need to perform the following steps:

### 1. **Access the Last Picture Taken**
   - The last picture taken is likely stored in the device's gallery or a specific directory where the app saves photos. You need to access this file.

### 2. **Rotate the Image**
   - Once you have the file, you need to rotate it. In Android, you can use the `Bitmap` class to load the image, apply a rotation transformation, and then save it back.

### 3. **Save the Rotated Image as `pic4.jpg`**
   - After rotating the image, save it with the filename `pic4.jpg` in the desired directory.

### Implementation Steps:

#### Step 1: Access the Last Picture Taken
You can access the last picture taken by querying the MediaStore or by knowing the directory where the app saves the photos. If the app saves photos in a specific directory, you can list the files in that directory and get the most recent one.

```java
File directory = new File(Environment.getExternalStoragePublicDirectory(Environment.DIRECTORY_DCIM), "Camera");
File[] files = directory.listFiles();
File lastPhoto = files[files.length - 1]; // Assuming the last file is the most recent photo
```

#### Step 2: Rotate the Image
You can use the `Bitmap` class to load the image and apply a rotation transformation.

```java
Bitmap bitmap = BitmapFactory.decodeFile(lastPhoto.getAbsolutePath());
Matrix matrix = new Matrix();
matrix.postRotate(90); // Rotate 90 degrees to the right
Bitmap rotatedBitmap = Bitmap.createBitmap(bitmap, 0, 0, bitmap.getWidth(), bitmap.getHeight(), matrix, true);
```

#### Step 3: Save the Rotated Image as `pic4.jpg`
Save the rotated bitmap to a new file named `pic4.jpg`.

```java
File outputFile = new File(directory, "pic4.jpg");
try (FileOutputStream out = new FileOutputStream(outputFile)) {
    rotatedBitmap.compress(Bitmap.CompressFormat.JPEG, 100, out);
} catch (IOException e) {
    e.printStackTrace();
}
```

### Full Code Example:

```java
import android.graphics.Bitmap;
import android.graphics.BitmapFactory;
import android.graphics.Matrix;
import android.os.Environment;

import java.io.File;
import java.io.FileOutputStream;
import java.io.IOException;

public class ImageRotator {

    public static void rotateLastPhoto() {
        // Step 1: Access the last picture taken
        File directory = new File(Environment.getExternalStoragePublicDirectory(Environment.DIRECTORY_DCIM), "Camera");
        File[] files = directory.listFiles();
        if (files == null || files.length == 0) {
            return; // No photos found
        }
        File lastPhoto = files[files.length - 1];

        // Step 2: Rotate the image
        Bitmap bitmap = BitmapFactory.decodeFile(lastPhoto.getAbsolutePath());
        Matrix matrix = new Matrix();
        matrix.postRotate(90); // Rotate 90 degrees to the right
        Bitmap rotatedBitmap = Bitmap.createBitmap(bitmap, 0, 0, bitmap.getWidth(), bitmap.getHeight(), matrix, true);

        // Step 3: Save the rotated image as pic4.jpg
        File outputFile = new File(directory, "pic4.jpg");
        try (FileOutputStream out = new FileOutputStream(outputFile)) {
            rotatedBitmap.compress(Bitmap.CompressFormat.JPEG, 100, out);
        } catch (IOException e) {
            e.printStackTrace();
        }
    }
}
```

### Notes:
- **Permissions**: Ensure that your app has the necessary permissions to read and write to external storage.
- **File Handling**: The code assumes that the photos are stored in the `DCIM/Camera` directory. Adjust the directory path as needed.
- **Rotation Angle**: The rotation angle is set to 90 degrees. Adjust this value if you need a different rotation.

### Permissions in `AndroidManifest.xml`:
```xml
<uses-permission android:name="android.permission.READ_EXTERNAL_STORAGE"/>
<uses-permission android:name="android.permission.WRITE_EXTERNAL_STORAGE"/>
```

### Runtime Permissions:
If your app targets Android 6.0 (API level 23) or higher, you need to request these permissions at runtime.

```java
if (ContextCompat.checkSelfPermission(this, Manifest.permission.WRITE_EXTERNAL_STORAGE) != PackageManager.PERMISSION_GRANTED) {
    ActivityCompat.requestPermissions(this, new String[]{Manifest.permission.WRITE_EXTERNAL_STORAGE}, REQUEST_CODE);
}
```

This code should be placed in your `MainActivity` or wherever you initiate the rotation process.

### Conclusion:
By following these steps, you can rotate the last picture taken and save it as `pic4.jpg`. Make sure to handle permissions and file paths correctly to avoid any runtime errors.

 Here is the information about the screen we are currently on.
Widget(resource-id: com.simplemobiletools.camera:id/action_bar_root, class: android.widget.FrameLayout, position: (0, 0, 1080, 2277))
Widget(resource-id: com.simplemobiletools.camera:id/view_holder, class: android.view.ViewGroup, position: (0, 0, 1080, 2277))
Widget(resource-id: com.simplemobiletools.camera:id/preview_view, class: android.widget.FrameLayout, position: (0, 0, 1080, 2277))
Widget(resource-id: com.simplemobiletools.camera:id/top_options, class: android.widget.FrameLayout, position: (0, 0, 1080, 147))
Widget(resource-id: com.simplemobiletools.camera:id/layout_top, class: android.widget.LinearLayout, position: (0, 0, 1080, 147))
Widget(resource-id: com.simplemobiletools.camera:id/toggle_timer, content-desc: Toggle the timer mode, class: android.widget.Button, position: (0, 0, 270, 147))
Widget(resource-id: com.simplemobiletools.camera:id/toggle_flash, content-desc: Toggle the flashlight mode, class: android.widget.Button, position: (270, 0, 540, 147))
Widget(resource-id: com.simplemobiletools.camera:id/change_resolution, content-desc: Resolution, class: android.widget.Button, position: (540, 0, 810, 147))
Widget(resource-id: com.simplemobiletools.camera:id/settings, content-desc: Settings, class: android.widget.Button, position: (810, 0, 1080, 147))
Widget(resource-id: com.simplemobiletools.camera:id/bottom_overlay, class: android.view.View, position: (0, 1825, 1080, 2277))
Widget(resource-id: com.simplemobiletools.camera:id/camera_mode_holder, class: android.widget.RelativeLayout, position: (0, 1825, 1080, 2035))
Widget(resource-id: com.simplemobiletools.camera:id/camera_mode_tab, class: android.widget.HorizontalScrollView, position: (0, 1846, 1080, 1972))
Widget(content-desc: Video, text: Video, class: android.widget.LinearLayout, position: (351, 1846, 540, 1972))
Widget(text: Video, class: android.widget.TextView, position: (397, 1883, 494, 1934))
Widget(content-desc: Photo, class: android.widget.LinearLayout, position: (540, 1846, 729, 1972))
Widget(text: Photo, class: android.widget.TextView, position: (584, 1883, 684, 1934))
Widget(resource-id: com.simplemobiletools.camera:id/toggle_camera, content-desc: Toggle front/back camera, class: android.widget.ImageView, position: (150, 2056, 297, 2203))
Widget(resource-id: com.simplemobiletools.camera:id/shutter, content-desc: Shutter, class: android.widget.ImageView, position: (446, 2035, 635, 2224))
Widget(resource-id: com.simplemobiletools.camera:id/last_photo_video_preview, content-desc: View last captured media, class: android.widget.ImageView, position: (784, 2056, 931, 2203))


        I would like to know which activity/fragment we are currently on.
        Please respond in the following JSON format:
        {
        "activity_or_fragment": "TestActivity",
        }
        or 
        {
        "activity_or_fragment": "TestFragment",
        }
        If can not determine the activity/fragment,just output{
        "activity_or_fragment": "Unknown"
        }
        Do not output anything else except json format result.
        
2025-01-18 11:20:43,658 - INFO - ------answer------
2025-01-18 11:20:43,658 - INFO - ```json
{
"activity_or_fragment": "Unknown"
}
```
2025-01-18 11:20:53,040 - INFO - ------query_instructions------
2025-01-18 11:20:53,041 - INFO - ```json
{
    "task": "rotate right the last picture I took and save it as pic4.jpg",
    "activities_sequence": [
        {
            "activity": "com.simplemobiletools.camera.activities.MainActivity",
            "steps": [
                "1. Open the app to access the MainActivity.",
                "2. Navigate to the last photo/video preview by clicking on the 'last_photo_video_preview' ImageView.",
                "3. Use the 'rotate' method to rotate the last photo 90 degrees to the right.",
                "4. Save the rotated photo as 'pic4.jpg' by using the 'mediaSaved' method to trigger the save operation."
            ]
        }
    ],
    "explanation": "because the MainActivity contains the functionality to view, rotate, and save the last taken photo."
}
```
