2025-01-18 15:30:12,714 - INFO - This is a event:0
2025-01-18 15:30:12,854 - INFO - -----query_current_activity start query------
2025-01-18 15:30:12,861 - INFO - To achieve the task of moving the last photo taken to the folder `movies` on the SD card, you need to perform the following steps:

### 1. **Identify the Last Photo Taken**
   - The last photo taken is likely stored in the default photo directory, which is typically `Internal/DCIM` or a similar directory specified in the app's settings.
   - You can retrieve the last photo by querying the media store or by checking the most recent file in the directory where photos are saved.

### 2. **Check the Save Location in Settings**
   - From the provided layout, there is a setting for saving photos:
     ```xml
     <com.simplemobiletools.commons.views.MyTextView
         android:id="@+id/settings_save_photos"
         style="@style/SettingsTextValueStyle"
         android:layout_below="@+id/settings_save_photos_label"
         android:text="Internal/DCIM" />
     ```
   - This indicates that the photos are saved in the `Internal/DCIM` directory by default. You may need to change this setting to save photos directly to the SD card if desired.

### 3. **Move the Last Photo to the `movies` Folder**
   - To move the last photo, you need to:
     1. **Identify the file path** of the last photo.
     2. **Create the `movies` directory** on the SD card if it doesn't already exist.
     3. **Move the file** from the current location to the `movies` directory.

### 4. **Implement the Code**
   Here is a sample implementation in Kotlin:

   ```kotlin
   import android.content.Context
   import android.os.Environment
   import java.io.File
   import java.io.IOException

   fun moveLastPhotoToMoviesFolder(context: Context) {
       // Step 1: Get the last photo taken
       val photoDir = File(Environment.getExternalStoragePublicDirectory(Environment.DIRECTORY_DCIM), "Camera")
       val lastPhoto = photoDir.listFiles()?.maxByOrNull { it.lastModified() }

       if (lastPhoto != null) {
           // Step 2: Create the 'movies' directory on the SD card
           val moviesDir = File(Environment.getExternalStorageDirectory(), "movies")
           if (!moviesDir.exists()) {
               moviesDir.mkdirs()
           }

           // Step 3: Move the file
           val newFile = File(moviesDir, lastPhoto.name)
           try {
               if (lastPhoto.renameTo(newFile)) {
                   // Successfully moved the file
                   println("File moved successfully to ${newFile.absolutePath}")
               } else {
                   // Failed to move the file
                   println("Failed to move the file")
               }
           } catch (e: IOException) {
               e.printStackTrace()
           }
       } else {
           println("No photos found in the directory")
       }
   }
   ```

### 5. **Permissions**
   - Ensure that your app has the necessary permissions to read and write to external storage. You need to request the following permissions in your `AndroidManifest.xml`:
     ```xml
     <uses-permission android:name="android.permission.READ_EXTERNAL_STORAGE" />
     <uses-permission android:name="android.permission.WRITE_EXTERNAL_STORAGE" />
     ```
   - Additionally, you need to request these permissions at runtime if your app targets Android 6.0 (API level 23) or higher.

### 6. **Trigger the Function**
   - You can trigger this function from a button click or any other appropriate event in your app.

### 7. **Testing**
   - Test the functionality on a device with an SD card to ensure that the photo is correctly moved to the `movies` folder.

### 8. **Error Handling**
   - Add appropriate error handling to manage cases where the SD card is not available, the file cannot be moved, or other issues arise.

This approach should help you move the last photo taken to the `movies` folder on the SD card.

 Here is the information about the screen we are currently on.
Widget(resource-id: com.simplemobiletools.camera:id/action_bar_root, class: android.widget.FrameLayout, position: (0, 0, 1080, 2277))
Widget(resource-id: com.simplemobiletools.camera:id/view_holder, class: android.view.ViewGroup, position: (0, 0, 1080, 2277))
Widget(resource-id: com.simplemobiletools.camera:id/preview_view, class: android.widget.FrameLayout, position: (0, 0, 1080, 2277))
Widget(resource-id: com.simplemobiletools.camera:id/top_options, class: android.widget.FrameLayout, position: (0, 0, 1080, 147))
Widget(resource-id: com.simplemobiletools.camera:id/layout_top, class: android.widget.LinearLayout, position: (0, 0, 1080, 147))
Widget(resource-id: com.simplemobiletools.camera:id/toggle_timer, content-desc: Toggle the timer mode, class: android.widget.Button, position: (0, 0, 270, 147))
Widget(resource-id: com.simplemobiletools.camera:id/toggle_flash, content-desc: Toggle the flashlight mode, class: android.widget.Button, position: (270, 0, 540, 147))
Widget(resource-id: com.simplemobiletools.camera:id/change_resolution, content-desc: Resolution, class: android.widget.Button, position: (540, 0, 810, 147))
Widget(resource-id: com.simplemobiletools.camera:id/settings, content-desc: Settings, class: android.widget.Button, position: (810, 0, 1080, 147))
Widget(resource-id: com.simplemobiletools.camera:id/bottom_overlay, class: android.view.View, position: (0, 1825, 1080, 2277))
Widget(resource-id: com.simplemobiletools.camera:id/camera_mode_holder, class: android.widget.RelativeLayout, position: (0, 1825, 1080, 2035))
Widget(resource-id: com.simplemobiletools.camera:id/camera_mode_tab, class: android.widget.HorizontalScrollView, position: (0, 1846, 1080, 1972))
Widget(content-desc: Video, text: Video, class: android.widget.LinearLayout, position: (351, 1846, 540, 1972))
Widget(text: Video, class: android.widget.TextView, position: (397, 1883, 494, 1934))
Widget(content-desc: Photo, class: android.widget.LinearLayout, position: (540, 1846, 729, 1972))
Widget(text: Photo, class: android.widget.TextView, position: (584, 1883, 684, 1934))
Widget(resource-id: com.simplemobiletools.camera:id/toggle_camera, content-desc: Toggle front/back camera, class: android.widget.ImageView, position: (150, 2056, 297, 2203))
Widget(resource-id: com.simplemobiletools.camera:id/shutter, content-desc: Shutter, class: android.widget.ImageView, position: (446, 2035, 635, 2224))
Widget(resource-id: com.simplemobiletools.camera:id/last_photo_video_preview, content-desc: View last captured media, class: android.widget.ImageView, position: (784, 2056, 931, 2203))


        I would like to know which activity/fragment we are currently on.
        Please respond in the following JSON format:
        {
        "activity_or_fragment": "TestActivity",
        }
        or 
        {
        "activity_or_fragment": "TestFragment",
        }
        If can not determine the activity/fragment,just output{
        "activity_or_fragment": "Unknown"
        }
        Do not output anything else except json format result.
        
2025-01-18 15:30:14,451 - INFO - ------answer------
2025-01-18 15:30:14,452 - INFO - ```json
{
"activity_or_fragment": "Unknown"
}
```
2025-01-18 15:30:22,619 - INFO - ------query_instructions------
2025-01-18 15:30:22,619 - INFO - ```json
{
    "task": "move the last photo I took to folder 'movies' in SD card",
    "activities_sequence": [
        {
            "activity": "com.simplemobiletools.camera.activities.MainActivity",
            "steps": [
                "1. Open the camera app.",
                "2. Take a photo using the shutter button.",
                "3. After taking the photo, tap on the last photo preview (last_photo_video_preview) to view the photo."
            ]
        },
        {
            "activity": "com.simplemobiletools.camera.activities.SettingsActivity",
            "steps": [
                "4. Navigate to the settings by tapping on the settings button (settings).",
                "5. In the settings, find and tap on the 'Save Photos' option (settings_save_photos_holder).",
                "6. Select the 'movies' folder on the SD card as the new save location for photos."
            ]
        },
        {
            "activity": "com.simplemobiletools.camera.activities.MainActivity",
            "steps": [
                "7. Return to the main camera screen.",
                "8. The last photo taken will now be saved in the 'movies' folder on the SD card."
            ]
        }
    ],
    "explanation": "because the SettingsActivity allows the user to change the save location for photos, and the MainActivity is where the photo is taken and previewed."
}
```
