2025-01-17 11:10:45,230 - INFO - This is a event:0
2025-01-17 11:11:00,115 - INFO - -----query_current_activity start query------
2025-01-17 11:11:00,117 - INFO - To achieve the task of "calling Alice," you need to navigate through the app's activities and interact with the relevant UI elements. Based on the provided information, here's a step-by-step guide to accomplish this:

### Step 1: Launch the App
The app starts with `com.simplemobiletools.dialer.activities.SplashActivity`, which likely transitions to `com.simplemobiletools.dialer.activities.MainActivity`.

### Step 2: Navigate to the Dialpad
From `MainActivity`, you need to access the dialpad to input the phone number or contact name. The `MainActivity` layout (`R.layout.activity_main`) contains a `MyFloatingActionButton` with the ID `@+id/main_dialpad_button`. This button is likely used to open the dialpad.

- **Action**: Click on the `main_dialpad_button` to open the dialpad.

### Step 3: Input the Contact Name or Number
Once the dialpad is open, you will be in `com.simplemobiletools.dialer.activities.DialpadActivity`. The layout for this activity (`R.layout.activity_dialpad`) includes a `MyEditText` with the ID `@+id/dialpad_input` where you can input the contact name or number.

- **Action**: Input "Alice" into the `dialpad_input` field.

### Step 4: Search and Select the Contact
The `DialpadActivity` layout also includes a `MyRecyclerView` with the ID `@+id/dialpad_list` which likely displays the search results based on the input in `dialpad_input`.

- **Action**: Wait for the search results to populate in `dialpad_list` and select the contact "Alice" from the list.

### Step 5: Initiate the Call
After selecting the contact, you need to initiate the call. The `DialpadActivity` layout includes an `ImageView` with the ID `@+id/dialpad_call_button` which is likely the button to initiate the call.

- **Action**: Click on the `dialpad_call_button` to initiate the call to Alice.

### Summary of Actions:
1. **Launch the App**: Start from `SplashActivity` which transitions to `MainActivity`.
2. **Open Dialpad**: Click on `main_dialpad_button` in `MainActivity` to open `DialpadActivity`.
3. **Input Contact**: Enter "Alice" in the `dialpad_input` field in `DialpadActivity`.
4. **Select Contact**: Select "Alice" from the search results in `dialpad_list`.
5. **Initiate Call**: Click on `dialpad_call_button` to call Alice.

This sequence should allow you to successfully call Alice using the provided app structure.

 Here is the information about the screen we are currently on.
Widget(resource-id: com.simplemobiletools.dialer:id/action_bar_root, class: android.widget.FrameLayout, position: (0, 74, 1080, 2277))
Widget(resource-id: com.simplemobiletools.dialer:id/main_coordinator, class: android.view.ViewGroup, position: (0, 74, 1080, 2277))
Widget(resource-id: com.simplemobiletools.dialer:id/main_menu, class: android.widget.LinearLayout, position: (0, 74, 1080, 242))
Widget(resource-id: com.simplemobiletools.dialer:id/top_app_bar_layout, class: android.widget.LinearLayout, position: (42, 74, 1038, 242))
Widget(resource-id: com.simplemobiletools.dialer:id/top_toolbar_holder, class: android.widget.RelativeLayout, position: (42, 95, 1038, 221))
Widget(resource-id: com.simplemobiletools.dialer:id/top_toolbar_search_icon, content-desc: Search, class: android.widget.ImageView, position: (42, 95, 147, 221))
Widget(resource-id: com.simplemobiletools.dialer:id/top_toolbar_search, text: Search, class: android.widget.EditText, position: (147, 95, 499, 221))
Widget(resource-id: com.simplemobiletools.dialer:id/top_toolbar, class: android.view.ViewGroup, position: (499, 95, 1027, 221))
Widget(resource-id: com.simplemobiletools.dialer:id/sort, content-desc: Sort by, class: android.widget.Button, position: (541, 95, 668, 221))
Widget(resource-id: com.simplemobiletools.dialer:id/filter, content-desc: Filter, class: android.widget.Button, position: (668, 95, 795, 221))
Widget(resource-id: com.simplemobiletools.dialer:id/create_new_contact, content-desc: Create new contact, class: android.widget.Button, position: (795, 95, 922, 221))
Widget(content-desc: More options, class: android.widget.ImageView, position: (922, 95, 1027, 221))
Widget(resource-id: com.simplemobiletools.dialer:id/main_holder, class: android.view.ViewGroup, position: (0, 242, 1080, 2277))
Widget(resource-id: com.simplemobiletools.dialer:id/view_pager, class: r4.i, position: (0, 242, 1080, 2109))
Widget(resource-id: com.simplemobiletools.dialer:id/contacts_fragment, class: android.widget.RelativeLayout, position: (0, 242, 1080, 2109))
Widget(resource-id: com.simplemobiletools.dialer:id/fragment_wrapper, class: android.widget.RelativeLayout, position: (0, 242, 1080, 2109))
Widget(resource-id: com.simplemobiletools.dialer:id/fragment_list, class: androidx.recyclerview.widget.RecyclerView, position: (0, 242, 1080, 2109))
Widget(resource-id: com.simplemobiletools.dialer:id/item_contact_frame, text: Alice, class: android.view.ViewGroup, position: (0, 242, 1080, 410))
Widget(resource-id: com.simplemobiletools.dialer:id/item_contact_image, class: android.widget.ImageView, position: (43, 263, 169, 389))
Widget(resource-id: com.simplemobiletools.dialer:id/item_contact_name, text: Alice, class: android.widget.TextView, position: (169, 295, 1048, 358))
Widget(resource-id: com.simplemobiletools.dialer:id/item_contact_frame, text: 12345678900, class: android.view.ViewGroup, position: (0, 415, 1080, 583))
Widget(resource-id: com.simplemobiletools.dialer:id/item_contact_image, class: android.widget.ImageView, position: (43, 436, 169, 562))
Widget(resource-id: com.simplemobiletools.dialer:id/item_contact_name, text: 12345678900, class: android.widget.TextView, position: (169, 468, 1048, 531))
Widget(resource-id: com.simplemobiletools.dialer:id/item_contact_frame, text: 12345678900123123456789001234567890045678900, class: android.view.ViewGroup, position: (0, 588, 1080, 756))
Widget(resource-id: com.simplemobiletools.dialer:id/item_contact_image, class: android.widget.ImageView, position: (43, 609, 169, 735))
Widget(resource-id: com.simplemobiletools.dialer:id/item_contact_name, text: 12345678900123123456789001234567890045678900, class: android.widget.TextView, position: (169, 641, 1048, 704))
Widget(resource-id: com.simplemobiletools.dialer:id/letter_fastscroller_thumb, class: android.view.ViewGroup, position: (807, 242, 954, 485))
Widget(resource-id: com.simplemobiletools.dialer:id/letter_fastscroller, text: A
1, class: android.widget.LinearLayout, position: (996, 242, 1080, 485))
Widget(text: A
1, class: android.widget.TextView, position: (996, 305, 1080, 422))
Widget(resource-id: com.simplemobiletools.dialer:id/main_dialpad_button, content-desc: Dialpad, class: android.widget.ImageButton, position: (880, 1920, 1027, 2067))
Widget(resource-id: com.simplemobiletools.dialer:id/main_tabs_holder, class: android.widget.HorizontalScrollView, position: (0, 2109, 1080, 2277))
Widget(resource-id: com.simplemobiletools.dialer:id/tab_item_holder, class: android.widget.LinearLayout, position: (127, 2141, 232, 2277))
Widget(resource-id: com.simplemobiletools.dialer:id/tab_item_icon, class: android.widget.ImageView, position: (142, 2141, 216, 2215))
Widget(resource-id: com.simplemobiletools.dialer:id/tab_item_label, text: Contacts, class: android.widget.TextView, position: (127, 2215, 232, 2277))
Widget(text: Favorites, class: android.widget.LinearLayout, position: (360, 2109, 720, 2277))
Widget(resource-id: com.simplemobiletools.dialer:id/tab_item_holder, class: android.widget.LinearLayout, position: (486, 2141, 593, 2277))
Widget(resource-id: com.simplemobiletools.dialer:id/tab_item_icon, class: android.widget.ImageView, position: (502, 2141, 576, 2215))
Widget(resource-id: com.simplemobiletools.dialer:id/tab_item_label, text: Favorites, class: android.widget.TextView, position: (486, 2215, 593, 2277))
Widget(text: Call History, class: android.widget.LinearLayout, position: (720, 2109, 1080, 2277))
Widget(resource-id: com.simplemobiletools.dialer:id/tab_item_holder, class: android.widget.LinearLayout, position: (834, 2141, 966, 2277))
Widget(resource-id: com.simplemobiletools.dialer:id/tab_item_icon, class: android.widget.ImageView, position: (863, 2141, 937, 2215))
Widget(resource-id: com.simplemobiletools.dialer:id/tab_item_label, text: Call History, class: android.widget.TextView, position: (834, 2215, 966, 2277))
Widget(content-desc: Speakerphone enabled., class: android.widget.ImageView, position: (819, 8, 866, 66))


        I would like to know which activity/fragment we are currently on.
        Please respond in the following JSON format:
        {
        "activity_or_fragment": "TestActivity",
        }
        or 
        {
        "activity_or_fragment": "TestFragment",
        }
        If can not determine the activity/fragment,just output{
        "activity_or_fragment": "Unknown"
        }
        Do not output anything else except json format result.
        
2025-01-17 11:11:01,381 - INFO - ------answer------
2025-01-17 11:11:01,381 - INFO - ```json
{
"activity_or_fragment": "MainActivity"
}
```
2025-01-17 11:11:18,636 - INFO - ------query_instructions------
2025-01-17 11:11:18,637 - INFO - ```json
{
    "task": "call Alice",
    "activities_sequence": [
        {
            "activity": "MainActivity",
            "steps": [
                "1. Open the app and navigate to the 'Contacts' tab.",
                "2. Search for 'Alice' in the contacts list.",
                "3. Select 'Alice' from the search results."
            ]
        },
        {
            "activity": "DialpadActivity",
            "steps": [
                "4. The app will automatically open the dialpad with Alice's phone number pre-filled.",
                "5. Tap the call button to initiate the call to Alice."
            ]
        },
        {
            "activity": "CallActivity",
            "steps": [
                "6. The call screen will appear, showing the call status and options like mute, speaker, and end call.",
                "7. Wait for Alice to answer the call or end the call if needed."
            ]
        }
    ],
    "explanation": "because the MainActivity allows searching for contacts, the DialpadActivity handles initiating the call, and the CallActivity manages the ongoing call."
}
```
